{"/Users/ssentongoivan/CascadeProjects/trosyn-ai/src/frontend/src/App.jsx": {"path":"/Users/ssentongoivan/CascadeProjects/trosyn-ai/src/frontend/src/App.jsx","statementMap":{"0":{"start":{"line":18,"column":23},"end":{"line":36,"column":1}},"1":{"start":{"line":19,"column":45},"end":{"line":19,"column":53}},"2":{"start":{"line":21,"column":2},"end":{"line":24,"column":3}},"3":{"start":{"line":23,"column":4},"end":{"line":23,"column":33}},"4":{"start":{"line":26,"column":2},"end":{"line":28,"column":3}},"5":{"start":{"line":27,"column":4},"end":{"line":27,"column":44}},"6":{"start":{"line":30,"column":2},"end":{"line":33,"column":3}},"7":{"start":{"line":32,"column":4},"end":{"line":32,"column":51}},"8":{"start":{"line":35,"column":2},"end":{"line":35,"column":18}},"9":{"start":{"line":39,"column":25},"end":{"line":51,"column":1}},"10":{"start":{"line":40,"column":30},"end":{"line":40,"column":38}},"11":{"start":{"line":42,"column":2},"end":{"line":44,"column":3}},"12":{"start":{"line":43,"column":4},"end":{"line":43,"column":20}},"13":{"start":{"line":46,"column":2},"end":{"line":50,"column":4}},"14":{"start":{"line":54,"column":2},"end":{"line":106,"column":4}}},"fnMap":{"0":{"name":"(anonymous_0)","decl":{"start":{"line":18,"column":23},"end":{"line":18,"column":24}},"loc":{"start":{"line":18,"column":62},"end":{"line":36,"column":1}},"line":18},"1":{"name":"(anonymous_1)","decl":{"start":{"line":39,"column":25},"end":{"line":39,"column":26}},"loc":{"start":{"line":39,"column":43},"end":{"line":51,"column":1}},"line":39},"2":{"name":"App","decl":{"start":{"line":53,"column":9},"end":{"line":53,"column":12}},"loc":{"start":{"line":53,"column":15},"end":{"line":107,"column":1}},"line":53}},"branchMap":{"0":{"loc":{"start":{"line":18,"column":36},"end":{"line":18,"column":55}},"type":"default-arg","locations":[{"start":{"line":18,"column":51},"end":{"line":18,"column":55}}],"line":18},"1":{"loc":{"start":{"line":21,"column":2},"end":{"line":24,"column":3}},"type":"if","locations":[{"start":{"line":21,"column":2},"end":{"line":24,"column":3}},{"start":{},"end":{}}],"line":21},"2":{"loc":{"start":{"line":26,"column":2},"end":{"line":28,"column":3}},"type":"if","locations":[{"start":{"line":26,"column":2},"end":{"line":28,"column":3}},{"start":{},"end":{}}],"line":26},"3":{"loc":{"start":{"line":30,"column":2},"end":{"line":33,"column":3}},"type":"if","locations":[{"start":{"line":30,"column":2},"end":{"line":33,"column":3}},{"start":{},"end":{}}],"line":30},"4":{"loc":{"start":{"line":30,"column":6},"end":{"line":30,"column":49}},"type":"binary-expr","locations":[{"start":{"line":30,"column":6},"end":{"line":30,"column":18}},{"start":{"line":30,"column":22},"end":{"line":30,"column":49}}],"line":30},"5":{"loc":{"start":{"line":42,"column":2},"end":{"line":44,"column":3}},"type":"if","locations":[{"start":{"line":42,"column":2},"end":{"line":44,"column":3}},{"start":{},"end":{}}],"line":42}},"s":{"0":0,"1":0,"2":0,"3":0,"4":0,"5":0,"6":0,"7":0,"8":0,"9":0,"10":0,"11":0,"12":0,"13":0,"14":0},"f":{"0":0,"1":0,"2":0},"b":{"0":[0],"1":[0,0],"2":[0,0],"3":[0,0],"4":[0,0],"5":[0,0]}}
,"/Users/ssentongoivan/CascadeProjects/trosyn-ai/src/frontend/src/index.js": {"path":"/Users/ssentongoivan/CascadeProjects/trosyn-ai/src/frontend/src/index.js","statementMap":{"0":{"start":{"line":7,"column":18},"end":{"line":7,"column":49}},"1":{"start":{"line":8,"column":13},"end":{"line":8,"column":34}},"2":{"start":{"line":10,"column":0},"end":{"line":16,"column":2}}},"fnMap":{},"branchMap":{},"s":{"0":0,"1":0,"2":0},"f":{},"b":{}}
,"/Users/ssentongoivan/CascadeProjects/trosyn-ai/src/frontend/src/test-utils.js": {"path":"/Users/ssentongoivan/CascadeProjects/trosyn-ai/src/frontend/src/test-utils.js","statementMap":{"0":{"start":{"line":7,"column":0},"end":{"line":19,"column":4}},"1":{"start":{"line":7,"column":35},"end":{"line":19,"column":1}},"2":{"start":{"line":22,"column":0},"end":{"line":34,"column":3}},"3":{"start":{"line":23,"column":25},"end":{"line":23,"column":70}},"4":{"start":{"line":24,"column":2},"end":{"line":33,"column":4}},"5":{"start":{"line":28,"column":37},"end":{"line":28,"column":45}},"6":{"start":{"line":37,"column":21},"end":{"line":131,"column":1}},"7":{"start":{"line":57,"column":2},"end":{"line":69,"column":5}},"8":{"start":{"line":59,"column":50},"end":{"line":68,"column":5}},"9":{"start":{"line":72,"column":2},"end":{"line":78,"column":5}},"10":{"start":{"line":81,"column":27},"end":{"line":95,"column":6}},"11":{"start":{"line":82,"column":16},"end":{"line":82,"column":18}},"12":{"start":{"line":83,"column":4},"end":{"line":94,"column":6}},"13":{"start":{"line":84,"column":32},"end":{"line":84,"column":50}},"14":{"start":{"line":86,"column":8},"end":{"line":86,"column":38}},"15":{"start":{"line":89,"column":8},"end":{"line":89,"column":26}},"16":{"start":{"line":92,"column":8},"end":{"line":92,"column":19}},"17":{"start":{"line":97,"column":2},"end":{"line":99,"column":5}},"18":{"start":{"line":102,"column":24},"end":{"line":108,"column":3}},"19":{"start":{"line":103,"column":4},"end":{"line":107,"column":13}},"20":{"start":{"line":111,"column":17},"end":{"line":116,"column":3}},"21":{"start":{"line":119,"column":2},"end":{"line":130,"column":4}},"22":{"start":{"line":124,"column":6},"end":{"line":129,"column":7}},"23":{"start":{"line":140,"column":24},"end":{"line":149,"column":1}},"24":{"start":{"line":151,"column":27},"end":{"line":159,"column":1}},"25":{"start":{"line":161,"column":32},"end":{"line":168,"column":1}},"26":{"start":{"line":171,"column":28},"end":{"line":171,"column":80}},"27":{"start":{"line":171,"column":34},"end":{"line":171,"column":80}},"28":{"start":{"line":171,"column":57},"end":{"line":171,"column":79}}},"fnMap":{"0":{"name":"(anonymous_0)","decl":{"start":{"line":7,"column":28},"end":{"line":7,"column":29}},"loc":{"start":{"line":7,"column":35},"end":{"line":19,"column":1}},"line":7},"1":{"name":"(anonymous_1)","decl":{"start":{"line":22,"column":37},"end":{"line":22,"column":38}},"loc":{"start":{"line":22,"column":43},"end":{"line":34,"column":1}},"line":22},"2":{"name":"(anonymous_2)","decl":{"start":{"line":28,"column":23},"end":{"line":28,"column":24}},"loc":{"start":{"line":28,"column":37},"end":{"line":28,"column":45}},"line":28},"3":{"name":"(anonymous_3)","decl":{"start":{"line":28,"column":37},"end":{"line":28,"column":38}},"loc":{"start":{"line":28,"column":43},"end":{"line":28,"column":45}},"line":28},"4":{"name":"(anonymous_4)","decl":{"start":{"line":37,"column":21},"end":{"line":37,"column":22}},"loc":{"start":{"line":55,"column":5},"end":{"line":131,"column":1}},"line":55},"5":{"name":"(anonymous_5)","decl":{"start":{"line":59,"column":40},"end":{"line":59,"column":41}},"loc":{"start":{"line":59,"column":50},"end":{"line":68,"column":5}},"line":59},"6":{"name":"(anonymous_6)","decl":{"start":{"line":81,"column":28},"end":{"line":81,"column":29}},"loc":{"start":{"line":81,"column":34},"end":{"line":95,"column":3}},"line":81},"7":{"name":"(anonymous_7)","decl":{"start":{"line":84,"column":23},"end":{"line":84,"column":24}},"loc":{"start":{"line":84,"column":32},"end":{"line":84,"column":50}},"line":84},"8":{"name":"(anonymous_8)","decl":{"start":{"line":85,"column":23},"end":{"line":85,"column":24}},"loc":{"start":{"line":85,"column":39},"end":{"line":87,"column":7}},"line":85},"9":{"name":"(anonymous_9)","decl":{"start":{"line":88,"column":26},"end":{"line":88,"column":27}},"loc":{"start":{"line":88,"column":35},"end":{"line":90,"column":7}},"line":88},"10":{"name":"(anonymous_10)","decl":{"start":{"line":91,"column":21},"end":{"line":91,"column":22}},"loc":{"start":{"line":91,"column":27},"end":{"line":93,"column":7}},"line":91},"11":{"name":"(anonymous_11)","decl":{"start":{"line":102,"column":24},"end":{"line":102,"column":25}},"loc":{"start":{"line":103,"column":4},"end":{"line":107,"column":13}},"line":103},"12":{"name":"(anonymous_12)","decl":{"start":{"line":123,"column":14},"end":{"line":123,"column":15}},"loc":{"start":{"line":124,"column":6},"end":{"line":129,"column":7}},"line":124},"13":{"name":"(anonymous_13)","decl":{"start":{"line":171,"column":28},"end":{"line":171,"column":29}},"loc":{"start":{"line":171,"column":34},"end":{"line":171,"column":80}},"line":171},"14":{"name":"(anonymous_14)","decl":{"start":{"line":171,"column":46},"end":{"line":171,"column":47}},"loc":{"start":{"line":171,"column":57},"end":{"line":171,"column":79}},"line":171}},"branchMap":{"0":{"loc":{"start":{"line":39,"column":2},"end":{"line":54,"column":8}},"type":"default-arg","locations":[{"start":{"line":54,"column":6},"end":{"line":54,"column":8}}],"line":39},"1":{"loc":{"start":{"line":40,"column":4},"end":{"line":51,"column":5}},"type":"default-arg","locations":[{"start":{"line":40,"column":19},"end":{"line":51,"column":5}}],"line":40},"2":{"loc":{"start":{"line":52,"column":4},"end":{"line":52,"column":15}},"type":"default-arg","locations":[{"start":{"line":52,"column":12},"end":{"line":52,"column":15}}],"line":52},"3":{"loc":{"start":{"line":84,"column":32},"end":{"line":84,"column":50}},"type":"binary-expr","locations":[{"start":{"line":84,"column":32},"end":{"line":84,"column":42}},{"start":{"line":84,"column":46},"end":{"line":84,"column":50}}],"line":84}},"s":{"0":0,"1":0,"2":0,"3":0,"4":0,"5":0,"6":0,"7":0,"8":0,"9":0,"10":0,"11":0,"12":0,"13":0,"14":0,"15":0,"16":0,"17":0,"18":0,"19":0,"20":0,"21":0,"22":0,"23":0,"24":0,"25":0,"26":0,"27":0,"28":0},"f":{"0":0,"1":0,"2":0,"3":0,"4":0,"5":0,"6":0,"7":0,"8":0,"9":0,"10":0,"11":0,"12":0,"13":0,"14":0},"b":{"0":[0],"1":[0],"2":[0],"3":[0,0]}}
,"/Users/ssentongoivan/CascadeProjects/trosyn-ai/src/frontend/src/components/ActivityFeed.jsx": {"path":"/Users/ssentongoivan/CascadeProjects/trosyn-ai/src/frontend/src/components/ActivityFeed.jsx","statementMap":{"0":{"start":{"line":5,"column":21},"end":{"line":39,"column":1}},"1":{"start":{"line":6,"column":2},"end":{"line":13,"column":3}},"2":{"start":{"line":7,"column":4},"end":{"line":12,"column":6}},"3":{"start":{"line":15,"column":2},"end":{"line":38,"column":4}},"4":{"start":{"line":18,"column":8},"end":{"line":35,"column":14}},"5":{"start":{"line":41,"column":0},"end":{"line":54,"column":2}}},"fnMap":{"0":{"name":"(anonymous_0)","decl":{"start":{"line":5,"column":21},"end":{"line":5,"column":22}},"loc":{"start":{"line":5,"column":58},"end":{"line":39,"column":1}},"line":5},"1":{"name":"(anonymous_1)","decl":{"start":{"line":17,"column":22},"end":{"line":17,"column":23}},"loc":{"start":{"line":18,"column":8},"end":{"line":35,"column":14}},"line":18}},"branchMap":{"0":{"loc":{"start":{"line":6,"column":2},"end":{"line":13,"column":3}},"type":"if","locations":[{"start":{"line":6,"column":2},"end":{"line":13,"column":3}},{"start":{},"end":{}}],"line":6},"1":{"loc":{"start":{"line":6,"column":6},"end":{"line":6,"column":44}},"type":"binary-expr","locations":[{"start":{"line":6,"column":6},"end":{"line":6,"column":17}},{"start":{"line":6,"column":21},"end":{"line":6,"column":44}}],"line":6},"2":{"loc":{"start":{"line":27,"column":15},"end":{"line":29,"column":15}},"type":"binary-expr","locations":[{"start":{"line":27,"column":15},"end":{"line":27,"column":31}},{"start":{"line":28,"column":16},"end":{"line":28,"column":76}}],"line":27}},"s":{"0":0,"1":0,"2":0,"3":0,"4":0,"5":0},"f":{"0":0,"1":0},"b":{"0":[0,0],"1":[0,0],"2":[0,0]}}
,"/Users/ssentongoivan/CascadeProjects/trosyn-ai/src/frontend/src/components/CompaniesTable.jsx": {"path":"/Users/ssentongoivan/CascadeProjects/trosyn-ai/src/frontend/src/components/CompaniesTable.jsx","statementMap":{"0":{"start":{"line":6,"column":23},"end":{"line":14,"column":1}},"1":{"start":{"line":7,"column":20},"end":{"line":11,"column":3}},"2":{"start":{"line":12,"column":21},"end":{"line":12,"column":83}},"3":{"start":{"line":13,"column":2},"end":{"line":13,"column":87}},"4":{"start":{"line":16,"column":23},"end":{"line":85,"column":1}},"5":{"start":{"line":17,"column":19},"end":{"line":17,"column":32}},"6":{"start":{"line":19,"column":2},"end":{"line":21,"column":3}},"7":{"start":{"line":20,"column":4},"end":{"line":20,"column":38}},"8":{"start":{"line":23,"column":2},"end":{"line":84,"column":4}},"9":{"start":{"line":38,"column":12},"end":{"line":79,"column":17}},"10":{"start":{"line":58,"column":35},"end":{"line":58,"column":53}},"11":{"start":{"line":65,"column":35},"end":{"line":65,"column":69}},"12":{"start":{"line":72,"column":35},"end":{"line":72,"column":74}},"13":{"start":{"line":87,"column":0},"end":{"line":99,"column":2}}},"fnMap":{"0":{"name":"(anonymous_0)","decl":{"start":{"line":6,"column":23},"end":{"line":6,"column":24}},"loc":{"start":{"line":6,"column":35},"end":{"line":14,"column":1}},"line":6},"1":{"name":"(anonymous_1)","decl":{"start":{"line":16,"column":23},"end":{"line":16,"column":24}},"loc":{"start":{"line":16,"column":50},"end":{"line":85,"column":1}},"line":16},"2":{"name":"(anonymous_2)","decl":{"start":{"line":37,"column":25},"end":{"line":37,"column":26}},"loc":{"start":{"line":38,"column":12},"end":{"line":79,"column":17}},"line":38},"3":{"name":"(anonymous_3)","decl":{"start":{"line":58,"column":29},"end":{"line":58,"column":30}},"loc":{"start":{"line":58,"column":35},"end":{"line":58,"column":53}},"line":58},"4":{"name":"(anonymous_4)","decl":{"start":{"line":65,"column":29},"end":{"line":65,"column":30}},"loc":{"start":{"line":65,"column":35},"end":{"line":65,"column":69}},"line":65},"5":{"name":"(anonymous_5)","decl":{"start":{"line":72,"column":29},"end":{"line":72,"column":30}},"loc":{"start":{"line":72,"column":35},"end":{"line":72,"column":74}},"line":72}},"branchMap":{"0":{"loc":{"start":{"line":12,"column":21},"end":{"line":12,"column":83}},"type":"binary-expr","locations":[{"start":{"line":12,"column":21},"end":{"line":12,"column":38}},{"start":{"line":12,"column":42},"end":{"line":12,"column":83}}],"line":12},"1":{"loc":{"start":{"line":19,"column":2},"end":{"line":21,"column":3}},"type":"if","locations":[{"start":{"line":19,"column":2},"end":{"line":21,"column":3}},{"start":{},"end":{}}],"line":19},"2":{"loc":{"start":{"line":19,"column":6},"end":{"line":19,"column":42}},"type":"binary-expr","locations":[{"start":{"line":19,"column":6},"end":{"line":19,"column":16}},{"start":{"line":19,"column":20},"end":{"line":19,"column":42}}],"line":19},"3":{"loc":{"start":{"line":49,"column":17},"end":{"line":51,"column":17}},"type":"binary-expr","locations":[{"start":{"line":49,"column":17},"end":{"line":49,"column":62}},{"start":{"line":50,"column":18},"end":{"line":50,"column":64}}],"line":49}},"s":{"0":0,"1":0,"2":0,"3":0,"4":0,"5":0,"6":0,"7":0,"8":0,"9":0,"10":0,"11":0,"12":0,"13":0},"f":{"0":0,"1":0,"2":0,"3":0,"4":0,"5":0},"b":{"0":[0,0],"1":[0,0],"2":[0,0],"3":[0,0]}}
,"/Users/ssentongoivan/CascadeProjects/trosyn-ai/src/frontend/src/components/DashboardHeader.jsx": {"path":"/Users/ssentongoivan/CascadeProjects/trosyn-ai/src/frontend/src/components/DashboardHeader.jsx","statementMap":{"0":{"start":{"line":4,"column":24},"end":{"line":13,"column":1}},"1":{"start":{"line":5,"column":2},"end":{"line":12,"column":4}},"2":{"start":{"line":15,"column":0},"end":{"line":18,"column":2}}},"fnMap":{"0":{"name":"(anonymous_0)","decl":{"start":{"line":4,"column":24},"end":{"line":4,"column":25}},"loc":{"start":{"line":4,"column":52},"end":{"line":13,"column":1}},"line":4}},"branchMap":{},"s":{"0":0,"1":0,"2":0},"f":{"0":0},"b":{}}
,"/Users/ssentongoivan/CascadeProjects/trosyn-ai/src/frontend/src/components/QuickActions.jsx": {"path":"/Users/ssentongoivan/CascadeProjects/trosyn-ai/src/frontend/src/components/QuickActions.jsx","statementMap":{"0":{"start":{"line":5,"column":21},"end":{"line":61,"column":1}},"1":{"start":{"line":6,"column":19},"end":{"line":6,"column":32}},"2":{"start":{"line":8,"column":24},"end":{"line":13,"column":3}},"3":{"start":{"line":15,"column":23},"end":{"line":18,"column":3}},"4":{"start":{"line":20,"column":21},"end":{"line":24,"column":3}},"5":{"start":{"line":26,"column":2},"end":{"line":60,"column":4}},"6":{"start":{"line":34,"column":10},"end":{"line":37,"column":19}},"7":{"start":{"line":34,"column":74},"end":{"line":34,"column":92}},"8":{"start":{"line":40,"column":10},"end":{"line":43,"column":19}},"9":{"start":{"line":40,"column":74},"end":{"line":40,"column":92}},"10":{"start":{"line":51,"column":12},"end":{"line":55,"column":17}},"11":{"start":{"line":63,"column":0},"end":{"line":65,"column":2}},"12":{"start":{"line":67,"column":0},"end":{"line":69,"column":2}}},"fnMap":{"0":{"name":"(anonymous_0)","decl":{"start":{"line":5,"column":21},"end":{"line":5,"column":22}},"loc":{"start":{"line":5,"column":43},"end":{"line":61,"column":1}},"line":5},"1":{"name":"(anonymous_1)","decl":{"start":{"line":33,"column":27},"end":{"line":33,"column":28}},"loc":{"start":{"line":34,"column":10},"end":{"line":37,"column":19}},"line":34},"2":{"name":"(anonymous_2)","decl":{"start":{"line":34,"column":68},"end":{"line":34,"column":69}},"loc":{"start":{"line":34,"column":74},"end":{"line":34,"column":92}},"line":34},"3":{"name":"(anonymous_3)","decl":{"start":{"line":39,"column":42},"end":{"line":39,"column":43}},"loc":{"start":{"line":40,"column":10},"end":{"line":43,"column":19}},"line":40},"4":{"name":"(anonymous_4)","decl":{"start":{"line":40,"column":68},"end":{"line":40,"column":69}},"loc":{"start":{"line":40,"column":74},"end":{"line":40,"column":92}},"line":40},"5":{"name":"(anonymous_5)","decl":{"start":{"line":50,"column":26},"end":{"line":50,"column":27}},"loc":{"start":{"line":51,"column":12},"end":{"line":55,"column":17}},"line":51}},"branchMap":{"0":{"loc":{"start":{"line":39,"column":9},"end":{"line":44,"column":10}},"type":"binary-expr","locations":[{"start":{"line":39,"column":9},"end":{"line":39,"column":21}},{"start":{"line":39,"column":25},"end":{"line":44,"column":10}}],"line":39}},"s":{"0":0,"1":0,"2":0,"3":0,"4":0,"5":0,"6":0,"7":0,"8":0,"9":0,"10":0,"11":0,"12":0},"f":{"0":0,"1":0,"2":0,"3":0,"4":0,"5":0},"b":{"0":[0,0]}}
,"/Users/ssentongoivan/CascadeProjects/trosyn-ai/src/frontend/src/components/StatCard.jsx": {"path":"/Users/ssentongoivan/CascadeProjects/trosyn-ai/src/frontend/src/components/StatCard.jsx","statementMap":{"0":{"start":{"line":4,"column":17},"end":{"line":14,"column":1}},"1":{"start":{"line":5,"column":2},"end":{"line":13,"column":4}},"2":{"start":{"line":16,"column":0},"end":{"line":20,"column":2}}},"fnMap":{"0":{"name":"(anonymous_0)","decl":{"start":{"line":4,"column":17},"end":{"line":4,"column":18}},"loc":{"start":{"line":4,"column":45},"end":{"line":14,"column":1}},"line":4}},"branchMap":{},"s":{"0":0,"1":0,"2":0},"f":{"0":0},"b":{}}
,"/Users/ssentongoivan/CascadeProjects/trosyn-ai/src/frontend/src/components/StatsGrid.jsx": {"path":"/Users/ssentongoivan/CascadeProjects/trosyn-ai/src/frontend/src/components/StatsGrid.jsx","statementMap":{"0":{"start":{"line":5,"column":18},"end":{"line":18,"column":1}},"1":{"start":{"line":6,"column":2},"end":{"line":17,"column":4}},"2":{"start":{"line":9,"column":8},"end":{"line":14,"column":10}},"3":{"start":{"line":20,"column":0},"end":{"line":28,"column":2}}},"fnMap":{"0":{"name":"(anonymous_0)","decl":{"start":{"line":5,"column":18},"end":{"line":5,"column":19}},"loc":{"start":{"line":5,"column":33},"end":{"line":18,"column":1}},"line":5},"1":{"name":"(anonymous_1)","decl":{"start":{"line":8,"column":17},"end":{"line":8,"column":18}},"loc":{"start":{"line":9,"column":8},"end":{"line":14,"column":10}},"line":9}},"branchMap":{},"s":{"0":0,"1":0,"2":0,"3":0},"f":{"0":0,"1":0},"b":{}}
,"/Users/ssentongoivan/CascadeProjects/trosyn-ai/src/frontend/src/components/admin/AnalyticsDashboard.jsx": {"path":"/Users/ssentongoivan/CascadeProjects/trosyn-ai/src/frontend/src/components/admin/AnalyticsDashboard.jsx","statementMap":{"0":{"start":{"line":30,"column":17},"end":{"line":54,"column":1}},"1":{"start":{"line":31,"column":2},"end":{"line":53,"column":9}},"2":{"start":{"line":56,"column":23},"end":{"line":63,"column":1}},"3":{"start":{"line":57,"column":2},"end":{"line":62,"column":10}},"4":{"start":{"line":65,"column":19},"end":{"line":65,"column":63}},"5":{"start":{"line":69,"column":27},"end":{"line":192,"column":1}},"6":{"start":{"line":70,"column":32},"end":{"line":70,"column":46}},"7":{"start":{"line":71,"column":28},"end":{"line":71,"column":42}},"8":{"start":{"line":72,"column":26},"end":{"line":72,"column":40}},"9":{"start":{"line":73,"column":36},"end":{"line":73,"column":51}},"10":{"start":{"line":75,"column":2},"end":{"line":91,"column":18}},"11":{"start":{"line":76,"column":22},"end":{"line":88,"column":5}},"12":{"start":{"line":77,"column":6},"end":{"line":87,"column":7}},"13":{"start":{"line":78,"column":8},"end":{"line":78,"column":25}},"14":{"start":{"line":79,"column":23},"end":{"line":79,"column":75}},"15":{"start":{"line":80,"column":8},"end":{"line":80,"column":24}},"16":{"start":{"line":81,"column":8},"end":{"line":81,"column":23}},"17":{"start":{"line":83,"column":8},"end":{"line":83,"column":75}},"18":{"start":{"line":84,"column":8},"end":{"line":84,"column":56}},"19":{"start":{"line":86,"column":8},"end":{"line":86,"column":26}},"20":{"start":{"line":90,"column":4},"end":{"line":90,"column":16}},"21":{"start":{"line":93,"column":32},"end":{"line":97,"column":3}},"22":{"start":{"line":94,"column":4},"end":{"line":96,"column":5}},"23":{"start":{"line":95,"column":6},"end":{"line":95,"column":29}},"24":{"start":{"line":99,"column":2},"end":{"line":105,"column":3}},"25":{"start":{"line":100,"column":4},"end":{"line":104,"column":6}},"26":{"start":{"line":107,"column":2},"end":{"line":109,"column":3}},"27":{"start":{"line":108,"column":4},"end":{"line":108,"column":51}},"28":{"start":{"line":111,"column":2},"end":{"line":111,"column":25}},"29":{"start":{"line":111,"column":13},"end":{"line":111,"column":25}},"30":{"start":{"line":113,"column":65},"end":{"line":113,"column":69}},"31":{"start":{"line":115,"column":2},"end":{"line":191,"column":4}},"32":{"start":{"line":169,"column":18},"end":{"line":169,"column":93}}},"fnMap":{"0":{"name":"(anonymous_0)","decl":{"start":{"line":30,"column":17},"end":{"line":30,"column":18}},"loc":{"start":{"line":31,"column":2},"end":{"line":53,"column":9}},"line":31},"1":{"name":"(anonymous_1)","decl":{"start":{"line":56,"column":23},"end":{"line":56,"column":24}},"loc":{"start":{"line":57,"column":2},"end":{"line":62,"column":10}},"line":57},"2":{"name":"(anonymous_2)","decl":{"start":{"line":69,"column":27},"end":{"line":69,"column":28}},"loc":{"start":{"line":69,"column":33},"end":{"line":192,"column":1}},"line":69},"3":{"name":"(anonymous_3)","decl":{"start":{"line":75,"column":12},"end":{"line":75,"column":13}},"loc":{"start":{"line":75,"column":18},"end":{"line":91,"column":3}},"line":75},"4":{"name":"(anonymous_4)","decl":{"start":{"line":76,"column":22},"end":{"line":76,"column":23}},"loc":{"start":{"line":76,"column":34},"end":{"line":88,"column":5}},"line":76},"5":{"name":"(anonymous_5)","decl":{"start":{"line":93,"column":32},"end":{"line":93,"column":33}},"loc":{"start":{"line":93,"column":53},"end":{"line":97,"column":3}},"line":93},"6":{"name":"(anonymous_6)","decl":{"start":{"line":168,"column":38},"end":{"line":168,"column":39}},"loc":{"start":{"line":169,"column":18},"end":{"line":169,"column":93}},"line":169}},"branchMap":{"0":{"loc":{"start":{"line":44,"column":7},"end":{"line":51,"column":7}},"type":"binary-expr","locations":[{"start":{"line":44,"column":7},"end":{"line":44,"column":26}},{"start":{"line":45,"column":8},"end":{"line":50,"column":14}}],"line":44},"1":{"loc":{"start":{"line":45,"column":68},"end":{"line":45,"column":110}},"type":"cond-expr","locations":[{"start":{"line":45,"column":81},"end":{"line":45,"column":95}},{"start":{"line":45,"column":98},"end":{"line":45,"column":110}}],"line":45},"2":{"loc":{"start":{"line":46,"column":11},"end":{"line":46,"column":101}},"type":"cond-expr","locations":[{"start":{"line":46,"column":24},"end":{"line":46,"column":60}},{"start":{"line":46,"column":63},"end":{"line":46,"column":101}}],"line":46},"3":{"loc":{"start":{"line":94,"column":4},"end":{"line":96,"column":5}},"type":"if","locations":[{"start":{"line":94,"column":4},"end":{"line":96,"column":5}},{"start":{},"end":{}}],"line":94},"4":{"loc":{"start":{"line":99,"column":2},"end":{"line":105,"column":3}},"type":"if","locations":[{"start":{"line":99,"column":2},"end":{"line":105,"column":3}},{"start":{},"end":{}}],"line":99},"5":{"loc":{"start":{"line":107,"column":2},"end":{"line":109,"column":3}},"type":"if","locations":[{"start":{"line":107,"column":2},"end":{"line":109,"column":3}},{"start":{},"end":{}}],"line":107},"6":{"loc":{"start":{"line":111,"column":2},"end":{"line":111,"column":25}},"type":"if","locations":[{"start":{"line":111,"column":2},"end":{"line":111,"column":25}},{"start":{},"end":{}}],"line":111}},"s":{"0":0,"1":0,"2":0,"3":0,"4":0,"5":0,"6":0,"7":0,"8":0,"9":0,"10":0,"11":0,"12":0,"13":0,"14":0,"15":0,"16":0,"17":0,"18":0,"19":0,"20":0,"21":0,"22":0,"23":0,"24":0,"25":0,"26":0,"27":0,"28":0,"29":0,"30":0,"31":0,"32":0},"f":{"0":0,"1":0,"2":0,"3":0,"4":0,"5":0,"6":0},"b":{"0":[0,0],"1":[0,0],"2":[0,0],"3":[0,0],"4":[0,0],"5":[0,0],"6":[0,0]}}
,"/Users/ssentongoivan/CascadeProjects/trosyn-ai/src/frontend/src/components/admin/SystemSettings.jsx": {"path":"/Users/ssentongoivan/CascadeProjects/trosyn-ai/src/frontend/src/components/admin/SystemSettings.jsx","statementMap":{"0":{"start":{"line":25,"column":21},"end":{"line":47,"column":1}},"1":{"start":{"line":49,"column":18},"end":{"line":60,"column":1}},"2":{"start":{"line":62,"column":17},"end":{"line":76,"column":1}},"3":{"start":{"line":63,"column":47},"end":{"line":63,"column":52}},"4":{"start":{"line":65,"column":2},"end":{"line":75,"column":4}},"5":{"start":{"line":78,"column":23},"end":{"line":420,"column":1}},"6":{"start":{"line":79,"column":34},"end":{"line":79,"column":45}},"7":{"start":{"line":80,"column":34},"end":{"line":80,"column":56}},"8":{"start":{"line":81,"column":32},"end":{"line":81,"column":46}},"9":{"start":{"line":82,"column":30},"end":{"line":82,"column":45}},"10":{"start":{"line":83,"column":34},"end":{"line":87,"column":4}},"11":{"start":{"line":89,"column":2},"end":{"line":105,"column":9}},"12":{"start":{"line":90,"column":26},"end":{"line":102,"column":5}},"13":{"start":{"line":91,"column":6},"end":{"line":101,"column":7}},"14":{"start":{"line":92,"column":8},"end":{"line":92,"column":25}},"15":{"start":{"line":94,"column":8},"end":{"line":94,"column":66}},"16":{"start":{"line":94,"column":39},"end":{"line":94,"column":64}},"17":{"start":{"line":95,"column":8},"end":{"line":95,"column":34}},"18":{"start":{"line":97,"column":8},"end":{"line":97,"column":57}},"19":{"start":{"line":98,"column":8},"end":{"line":98,"column":55}},"20":{"start":{"line":100,"column":8},"end":{"line":100,"column":26}},"21":{"start":{"line":104,"column":4},"end":{"line":104,"column":20}},"22":{"start":{"line":107,"column":26},"end":{"line":109,"column":3}},"23":{"start":{"line":108,"column":4},"end":{"line":108,"column":26}},"24":{"start":{"line":111,"column":23},"end":{"line":119,"column":3}},"25":{"start":{"line":112,"column":4},"end":{"line":118,"column":8}},"26":{"start":{"line":112,"column":27},"end":{"line":118,"column":5}},"27":{"start":{"line":121,"column":23},"end":{"line":123,"column":3}},"28":{"start":{"line":121,"column":41},"end":{"line":123,"column":3}},"29":{"start":{"line":122,"column":4},"end":{"line":122,"column":53}},"30":{"start":{"line":125,"column":28},"end":{"line":127,"column":3}},"31":{"start":{"line":125,"column":46},"end":{"line":127,"column":3}},"32":{"start":{"line":126,"column":4},"end":{"line":126,"column":51}},"33":{"start":{"line":129,"column":23},"end":{"line":131,"column":3}},"34":{"start":{"line":130,"column":4},"end":{"line":130,"column":51}},"35":{"start":{"line":133,"column":30},"end":{"line":135,"column":3}},"36":{"start":{"line":134,"column":4},"end":{"line":134,"column":54}},"37":{"start":{"line":134,"column":27},"end":{"line":134,"column":51}},"38":{"start":{"line":137,"column":21},"end":{"line":149,"column":3}},"39":{"start":{"line":138,"column":4},"end":{"line":148,"column":5}},"40":{"start":{"line":139,"column":6},"end":{"line":139,"column":22}},"41":{"start":{"line":141,"column":6},"end":{"line":141,"column":64}},"42":{"start":{"line":141,"column":37},"end":{"line":141,"column":62}},"43":{"start":{"line":142,"column":6},"end":{"line":142,"column":50}},"44":{"start":{"line":144,"column":6},"end":{"line":144,"column":55}},"45":{"start":{"line":145,"column":6},"end":{"line":145,"column":51}},"46":{"start":{"line":147,"column":6},"end":{"line":147,"column":23}},"47":{"start":{"line":151,"column":22},"end":{"line":154,"column":3}},"48":{"start":{"line":152,"column":4},"end":{"line":152,"column":30}},"49":{"start":{"line":153,"column":4},"end":{"line":153,"column":46}},"50":{"start":{"line":156,"column":2},"end":{"line":162,"column":3}},"51":{"start":{"line":157,"column":4},"end":{"line":161,"column":6}},"52":{"start":{"line":164,"column":2},"end":{"line":419,"column":4}},"53":{"start":{"line":232,"column":20},"end":{"line":234,"column":31}}},"fnMap":{"0":{"name":"(anonymous_0)","decl":{"start":{"line":62,"column":17},"end":{"line":62,"column":18}},"loc":{"start":{"line":62,"column":28},"end":{"line":76,"column":1}},"line":62},"1":{"name":"(anonymous_1)","decl":{"start":{"line":78,"column":23},"end":{"line":78,"column":24}},"loc":{"start":{"line":78,"column":29},"end":{"line":420,"column":1}},"line":78},"2":{"name":"(anonymous_2)","decl":{"start":{"line":89,"column":12},"end":{"line":89,"column":13}},"loc":{"start":{"line":89,"column":18},"end":{"line":105,"column":3}},"line":89},"3":{"name":"(anonymous_3)","decl":{"start":{"line":90,"column":26},"end":{"line":90,"column":27}},"loc":{"start":{"line":90,"column":38},"end":{"line":102,"column":5}},"line":90},"4":{"name":"(anonymous_4)","decl":{"start":{"line":94,"column":26},"end":{"line":94,"column":27}},"loc":{"start":{"line":94,"column":39},"end":{"line":94,"column":64}},"line":94},"5":{"name":"(anonymous_5)","decl":{"start":{"line":107,"column":26},"end":{"line":107,"column":27}},"loc":{"start":{"line":107,"column":47},"end":{"line":109,"column":3}},"line":107},"6":{"name":"(anonymous_6)","decl":{"start":{"line":111,"column":23},"end":{"line":111,"column":24}},"loc":{"start":{"line":111,"column":48},"end":{"line":119,"column":3}},"line":111},"7":{"name":"(anonymous_7)","decl":{"start":{"line":112,"column":16},"end":{"line":112,"column":17}},"loc":{"start":{"line":112,"column":27},"end":{"line":118,"column":5}},"line":112},"8":{"name":"(anonymous_8)","decl":{"start":{"line":121,"column":23},"end":{"line":121,"column":24}},"loc":{"start":{"line":121,"column":41},"end":{"line":123,"column":3}},"line":121},"9":{"name":"(anonymous_9)","decl":{"start":{"line":121,"column":41},"end":{"line":121,"column":42}},"loc":{"start":{"line":121,"column":52},"end":{"line":123,"column":3}},"line":121},"10":{"name":"(anonymous_10)","decl":{"start":{"line":125,"column":28},"end":{"line":125,"column":29}},"loc":{"start":{"line":125,"column":46},"end":{"line":127,"column":3}},"line":125},"11":{"name":"(anonymous_11)","decl":{"start":{"line":125,"column":46},"end":{"line":125,"column":47}},"loc":{"start":{"line":125,"column":57},"end":{"line":127,"column":3}},"line":125},"12":{"name":"(anonymous_12)","decl":{"start":{"line":129,"column":23},"end":{"line":129,"column":24}},"loc":{"start":{"line":129,"column":58},"end":{"line":131,"column":3}},"line":129},"13":{"name":"(anonymous_13)","decl":{"start":{"line":133,"column":30},"end":{"line":133,"column":31}},"loc":{"start":{"line":133,"column":36},"end":{"line":135,"column":3}},"line":133},"14":{"name":"(anonymous_14)","decl":{"start":{"line":134,"column":16},"end":{"line":134,"column":17}},"loc":{"start":{"line":134,"column":27},"end":{"line":134,"column":51}},"line":134},"15":{"name":"(anonymous_15)","decl":{"start":{"line":137,"column":21},"end":{"line":137,"column":22}},"loc":{"start":{"line":137,"column":33},"end":{"line":149,"column":3}},"line":137},"16":{"name":"(anonymous_16)","decl":{"start":{"line":141,"column":24},"end":{"line":141,"column":25}},"loc":{"start":{"line":141,"column":37},"end":{"line":141,"column":62}},"line":141},"17":{"name":"(anonymous_17)","decl":{"start":{"line":151,"column":22},"end":{"line":151,"column":23}},"loc":{"start":{"line":151,"column":28},"end":{"line":154,"column":3}},"line":151},"18":{"name":"(anonymous_18)","decl":{"start":{"line":231,"column":33},"end":{"line":231,"column":34}},"loc":{"start":{"line":232,"column":20},"end":{"line":234,"column":31}},"line":232}},"branchMap":{"0":{"loc":{"start":{"line":73,"column":7},"end":{"line":73,"column":61}},"type":"binary-expr","locations":[{"start":{"line":73,"column":7},"end":{"line":73,"column":22}},{"start":{"line":73,"column":26},"end":{"line":73,"column":61}}],"line":73},"1":{"loc":{"start":{"line":129,"column":33},"end":{"line":129,"column":53}},"type":"default-arg","locations":[{"start":{"line":129,"column":44},"end":{"line":129,"column":53}}],"line":129},"2":{"loc":{"start":{"line":156,"column":2},"end":{"line":162,"column":3}},"type":"if","locations":[{"start":{"line":156,"column":2},"end":{"line":162,"column":3}},{"start":{},"end":{}}],"line":156},"3":{"loc":{"start":{"line":184,"column":23},"end":{"line":184,"column":73}},"type":"cond-expr","locations":[{"start":{"line":184,"column":32},"end":{"line":184,"column":62}},{"start":{"line":184,"column":65},"end":{"line":184,"column":73}}],"line":184},"4":{"loc":{"start":{"line":186,"column":13},"end":{"line":186,"column":50}},"type":"cond-expr","locations":[{"start":{"line":186,"column":22},"end":{"line":186,"column":33}},{"start":{"line":186,"column":36},"end":{"line":186,"column":50}}],"line":186},"5":{"loc":{"start":{"line":396,"column":26},"end":{"line":396,"column":83}},"type":"binary-expr","locations":[{"start":{"line":396,"column":26},"end":{"line":396,"column":55}},{"start":{"line":396,"column":59},"end":{"line":396,"column":83}}],"line":396}},"s":{"0":0,"1":0,"2":0,"3":0,"4":0,"5":0,"6":0,"7":0,"8":0,"9":0,"10":0,"11":0,"12":0,"13":0,"14":0,"15":0,"16":0,"17":0,"18":0,"19":0,"20":0,"21":0,"22":0,"23":0,"24":0,"25":0,"26":0,"27":0,"28":0,"29":0,"30":0,"31":0,"32":0,"33":0,"34":0,"35":0,"36":0,"37":0,"38":0,"39":0,"40":0,"41":0,"42":0,"43":0,"44":0,"45":0,"46":0,"47":0,"48":0,"49":0,"50":0,"51":0,"52":0,"53":0},"f":{"0":0,"1":0,"2":0,"3":0,"4":0,"5":0,"6":0,"7":0,"8":0,"9":0,"10":0,"11":0,"12":0,"13":0,"14":0,"15":0,"16":0,"17":0,"18":0},"b":{"0":[0,0],"1":[0],"2":[0,0],"3":[0,0],"4":[0,0],"5":[0,0]}}
,"/Users/ssentongoivan/CascadeProjects/trosyn-ai/src/frontend/src/components/admin/UserFilters.jsx": {"path":"/Users/ssentongoivan/CascadeProjects/trosyn-ai/src/frontend/src/components/admin/UserFilters.jsx","statementMap":{"0":{"start":{"line":31,"column":22},"end":{"line":37,"column":1}},"1":{"start":{"line":39,"column":25},"end":{"line":46,"column":1}},"2":{"start":{"line":48,"column":20},"end":{"line":309,"column":1}},"3":{"start":{"line":56,"column":29},"end":{"line":58,"column":3}},"4":{"start":{"line":57,"column":4},"end":{"line":57,"column":49}},"5":{"start":{"line":60,"column":27},"end":{"line":62,"column":3}},"6":{"start":{"line":61,"column":4},"end":{"line":61,"column":47}},"7":{"start":{"line":64,"column":32},"end":{"line":66,"column":3}},"8":{"start":{"line":65,"column":4},"end":{"line":65,"column":52}},"9":{"start":{"line":68,"column":29},"end":{"line":70,"column":3}},"10":{"start":{"line":69,"column":4},"end":{"line":69,"column":49}},"11":{"start":{"line":72,"column":31},"end":{"line":74,"column":3}},"12":{"start":{"line":73,"column":4},"end":{"line":73,"column":51}},"13":{"start":{"line":77,"column":26},"end":{"line":82,"column":3}},"14":{"start":{"line":78,"column":4},"end":{"line":78,"column":34}},"15":{"start":{"line":78,"column":24},"end":{"line":78,"column":34}},"16":{"start":{"line":79,"column":21},"end":{"line":79,"column":75}},"17":{"start":{"line":80,"column":19},"end":{"line":80,"column":69}},"18":{"start":{"line":81,"column":4},"end":{"line":81,"column":37}},"19":{"start":{"line":85,"column":31},"end":{"line":93,"column":3}},"20":{"start":{"line":86,"column":27},"end":{"line":86,"column":46}},"21":{"start":{"line":87,"column":4},"end":{"line":91,"column":5}},"22":{"start":{"line":88,"column":6},"end":{"line":88,"column":57}},"23":{"start":{"line":90,"column":6},"end":{"line":90,"column":47}},"24":{"start":{"line":92,"column":4},"end":{"line":92,"column":31}},"25":{"start":{"line":96,"column":36},"end":{"line":105,"column":3}},"26":{"start":{"line":97,"column":4},"end":{"line":97,"column":29}},"27":{"start":{"line":98,"column":4},"end":{"line":98,"column":46}},"28":{"start":{"line":101,"column":4},"end":{"line":104,"column":8}},"29":{"start":{"line":101,"column":30},"end":{"line":104,"column":5}},"30":{"start":{"line":108,"column":37},"end":{"line":110,"column":3}},"31":{"start":{"line":109,"column":4},"end":{"line":109,"column":31}},"32":{"start":{"line":113,"column":31},"end":{"line":115,"column":3}},"33":{"start":{"line":114,"column":4},"end":{"line":114,"column":45}},"34":{"start":{"line":118,"column":28},"end":{"line":126,"column":15}},"35":{"start":{"line":119,"column":4},"end":{"line":125,"column":10}},"36":{"start":{"line":120,"column":6},"end":{"line":120,"column":47}},"37":{"start":{"line":120,"column":34},"end":{"line":120,"column":47}},"38":{"start":{"line":121,"column":6},"end":{"line":123,"column":7}},"39":{"start":{"line":122,"column":8},"end":{"line":122,"column":41}},"40":{"start":{"line":124,"column":6},"end":{"line":124,"column":58}},"41":{"start":{"line":128,"column":2},"end":{"line":308,"column":4}},"42":{"start":{"line":192,"column":16},"end":{"line":197,"column":27}},"43":{"start":{"line":214,"column":16},"end":{"line":216,"column":27}},"44":{"start":{"line":233,"column":16},"end":{"line":235,"column":27}},"45":{"start":{"line":273,"column":14},"end":{"line":273,"column":83}},"46":{"start":{"line":273,"column":71},"end":{"line":273,"column":83}},"47":{"start":{"line":275,"column":26},"end":{"line":275,"column":31}},"48":{"start":{"line":276,"column":29},"end":{"line":276,"column":61}},"49":{"start":{"line":276,"column":35},"end":{"line":276,"column":61}},"50":{"start":{"line":279,"column":14},"end":{"line":292,"column":15}},"51":{"start":{"line":280,"column":31},"end":{"line":280,"column":77}},"52":{"start":{"line":280,"column":57},"end":{"line":280,"column":76}},"53":{"start":{"line":281,"column":16},"end":{"line":281,"column":54}},"54":{"start":{"line":282,"column":21},"end":{"line":292,"column":15}},"55":{"start":{"line":283,"column":29},"end":{"line":283,"column":69}},"56":{"start":{"line":283,"column":54},"end":{"line":283,"column":68}},"57":{"start":{"line":284,"column":16},"end":{"line":284,"column":71}},"58":{"start":{"line":285,"column":21},"end":{"line":292,"column":15}},"59":{"start":{"line":286,"column":30},"end":{"line":286,"column":79}},"60":{"start":{"line":286,"column":59},"end":{"line":286,"column":78}},"61":{"start":{"line":287,"column":16},"end":{"line":287,"column":63}},"62":{"start":{"line":288,"column":21},"end":{"line":292,"column":15}},"63":{"start":{"line":289,"column":16},"end":{"line":289,"column":73}},"64":{"start":{"line":290,"column":21},"end":{"line":292,"column":15}},"65":{"start":{"line":291,"column":16},"end":{"line":291,"column":45}},"66":{"start":{"line":294,"column":14},"end":{"line":302,"column":16}}},"fnMap":{"0":{"name":"(anonymous_0)","decl":{"start":{"line":48,"column":20},"end":{"line":48,"column":21}},"loc":{"start":{"line":55,"column":6},"end":{"line":309,"column":1}},"line":55},"1":{"name":"(anonymous_1)","decl":{"start":{"line":56,"column":29},"end":{"line":56,"column":30}},"loc":{"start":{"line":56,"column":40},"end":{"line":58,"column":3}},"line":56},"2":{"name":"(anonymous_2)","decl":{"start":{"line":60,"column":27},"end":{"line":60,"column":28}},"loc":{"start":{"line":60,"column":38},"end":{"line":62,"column":3}},"line":60},"3":{"name":"(anonymous_3)","decl":{"start":{"line":64,"column":32},"end":{"line":64,"column":33}},"loc":{"start":{"line":64,"column":43},"end":{"line":66,"column":3}},"line":64},"4":{"name":"(anonymous_4)","decl":{"start":{"line":68,"column":29},"end":{"line":68,"column":30}},"loc":{"start":{"line":68,"column":40},"end":{"line":70,"column":3}},"line":68},"5":{"name":"(anonymous_5)","decl":{"start":{"line":72,"column":31},"end":{"line":72,"column":32}},"loc":{"start":{"line":72,"column":42},"end":{"line":74,"column":3}},"line":72},"6":{"name":"(anonymous_6)","decl":{"start":{"line":77,"column":26},"end":{"line":77,"column":27}},"loc":{"start":{"line":77,"column":42},"end":{"line":82,"column":3}},"line":77},"7":{"name":"(anonymous_7)","decl":{"start":{"line":85,"column":31},"end":{"line":85,"column":32}},"loc":{"start":{"line":85,"column":41},"end":{"line":93,"column":3}},"line":85},"8":{"name":"(anonymous_8)","decl":{"start":{"line":96,"column":36},"end":{"line":96,"column":37}},"loc":{"start":{"line":96,"column":53},"end":{"line":105,"column":3}},"line":96},"9":{"name":"(anonymous_9)","decl":{"start":{"line":101,"column":21},"end":{"line":101,"column":22}},"loc":{"start":{"line":101,"column":30},"end":{"line":104,"column":5}},"line":101},"10":{"name":"(anonymous_10)","decl":{"start":{"line":108,"column":37},"end":{"line":108,"column":38}},"loc":{"start":{"line":108,"column":43},"end":{"line":110,"column":3}},"line":108},"11":{"name":"(anonymous_11)","decl":{"start":{"line":113,"column":31},"end":{"line":113,"column":32}},"loc":{"start":{"line":113,"column":41},"end":{"line":115,"column":3}},"line":113},"12":{"name":"(anonymous_12)","decl":{"start":{"line":118,"column":36},"end":{"line":118,"column":37}},"loc":{"start":{"line":118,"column":42},"end":{"line":126,"column":3}},"line":118},"13":{"name":"(anonymous_13)","decl":{"start":{"line":119,"column":42},"end":{"line":119,"column":43}},"loc":{"start":{"line":119,"column":67},"end":{"line":125,"column":5}},"line":119},"14":{"name":"(anonymous_14)","decl":{"start":{"line":191,"column":33},"end":{"line":191,"column":34}},"loc":{"start":{"line":192,"column":16},"end":{"line":197,"column":27}},"line":192},"15":{"name":"(anonymous_15)","decl":{"start":{"line":213,"column":34},"end":{"line":213,"column":35}},"loc":{"start":{"line":214,"column":16},"end":{"line":216,"column":27}},"line":214},"16":{"name":"(anonymous_16)","decl":{"start":{"line":232,"column":36},"end":{"line":232,"column":37}},"loc":{"start":{"line":233,"column":16},"end":{"line":235,"column":27}},"line":233},"17":{"name":"(anonymous_17)","decl":{"start":{"line":272,"column":41},"end":{"line":272,"column":42}},"loc":{"start":{"line":272,"column":59},"end":{"line":303,"column":13}},"line":272},"18":{"name":"(anonymous_18)","decl":{"start":{"line":276,"column":29},"end":{"line":276,"column":30}},"loc":{"start":{"line":276,"column":35},"end":{"line":276,"column":61}},"line":276},"19":{"name":"(anonymous_19)","decl":{"start":{"line":280,"column":50},"end":{"line":280,"column":51}},"loc":{"start":{"line":280,"column":57},"end":{"line":280,"column":76}},"line":280},"20":{"name":"(anonymous_20)","decl":{"start":{"line":283,"column":49},"end":{"line":283,"column":50}},"loc":{"start":{"line":283,"column":54},"end":{"line":283,"column":68}},"line":283},"21":{"name":"(anonymous_21)","decl":{"start":{"line":286,"column":52},"end":{"line":286,"column":53}},"loc":{"start":{"line":286,"column":59},"end":{"line":286,"column":78}},"line":286}},"branchMap":{"0":{"loc":{"start":{"line":52,"column":2},"end":{"line":52,"column":21}},"type":"default-arg","locations":[{"start":{"line":52,"column":19},"end":{"line":52,"column":21}}],"line":52},"1":{"loc":{"start":{"line":53,"column":2},"end":{"line":53,"column":22}},"type":"default-arg","locations":[{"start":{"line":53,"column":17},"end":{"line":53,"column":22}}],"line":53},"2":{"loc":{"start":{"line":78,"column":4},"end":{"line":78,"column":34}},"type":"if","locations":[{"start":{"line":78,"column":4},"end":{"line":78,"column":34}},{"start":{},"end":{}}],"line":78},"3":{"loc":{"start":{"line":78,"column":8},"end":{"line":78,"column":22}},"type":"binary-expr","locations":[{"start":{"line":78,"column":8},"end":{"line":78,"column":14}},{"start":{"line":78,"column":18},"end":{"line":78,"column":22}}],"line":78},"4":{"loc":{"start":{"line":79,"column":21},"end":{"line":79,"column":75}},"type":"cond-expr","locations":[{"start":{"line":79,"column":29},"end":{"line":79,"column":67}},{"start":{"line":79,"column":70},"end":{"line":79,"column":75}}],"line":79},"5":{"loc":{"start":{"line":80,"column":19},"end":{"line":80,"column":69}},"type":"cond-expr","locations":[{"start":{"line":80,"column":25},"end":{"line":80,"column":61}},{"start":{"line":80,"column":64},"end":{"line":80,"column":69}}],"line":80},"6":{"loc":{"start":{"line":87,"column":4},"end":{"line":91,"column":5}},"type":"if","locations":[{"start":{"line":87,"column":4},"end":{"line":91,"column":5}},{"start":{"line":89,"column":11},"end":{"line":91,"column":5}}],"line":87},"7":{"loc":{"start":{"line":87,"column":8},"end":{"line":87,"column":20}},"type":"binary-expr","locations":[{"start":{"line":87,"column":8},"end":{"line":87,"column":13}},{"start":{"line":87,"column":17},"end":{"line":87,"column":20}}],"line":87},"8":{"loc":{"start":{"line":103,"column":14},"end":{"line":103,"column":71}},"type":"binary-expr","locations":[{"start":{"line":103,"column":14},"end":{"line":103,"column":41}},{"start":{"line":103,"column":45},"end":{"line":103,"column":71}}],"line":103},"9":{"loc":{"start":{"line":120,"column":6},"end":{"line":120,"column":47}},"type":"if","locations":[{"start":{"line":120,"column":6},"end":{"line":120,"column":47}},{"start":{},"end":{}}],"line":120},"10":{"loc":{"start":{"line":121,"column":6},"end":{"line":123,"column":7}},"type":"if","locations":[{"start":{"line":121,"column":6},"end":{"line":123,"column":7}},{"start":{},"end":{}}],"line":121},"11":{"loc":{"start":{"line":122,"column":15},"end":{"line":122,"column":40}},"type":"cond-expr","locations":[{"start":{"line":122,"column":23},"end":{"line":122,"column":32}},{"start":{"line":122,"column":35},"end":{"line":122,"column":40}}],"line":122},"12":{"loc":{"start":{"line":124,"column":13},"end":{"line":124,"column":57}},"type":"cond-expr","locations":[{"start":{"line":124,"column":40},"end":{"line":124,"column":49}},{"start":{"line":124,"column":52},"end":{"line":124,"column":57}}],"line":124},"13":{"loc":{"start":{"line":124,"column":13},"end":{"line":124,"column":37}},"type":"binary-expr","locations":[{"start":{"line":124,"column":13},"end":{"line":124,"column":18}},{"start":{"line":124,"column":22},"end":{"line":124,"column":37}}],"line":124},"14":{"loc":{"start":{"line":149,"column":19},"end":{"line":149,"column":55}},"type":"cond-expr","locations":[{"start":{"line":149,"column":34},"end":{"line":149,"column":43}},{"start":{"line":149,"column":46},"end":{"line":149,"column":55}}],"line":149},"15":{"loc":{"start":{"line":150,"column":21},"end":{"line":150,"column":56}},"type":"cond-expr","locations":[{"start":{"line":150,"column":36},"end":{"line":150,"column":47}},{"start":{"line":150,"column":50},"end":{"line":150,"column":56}}],"line":150},"16":{"loc":{"start":{"line":153,"column":13},"end":{"line":153,"column":56}},"type":"cond-expr","locations":[{"start":{"line":153,"column":28},"end":{"line":153,"column":43}},{"start":{"line":153,"column":46},"end":{"line":153,"column":56}}],"line":153},"17":{"loc":{"start":{"line":154,"column":13},"end":{"line":161,"column":13}},"type":"binary-expr","locations":[{"start":{"line":154,"column":13},"end":{"line":154,"column":34}},{"start":{"line":155,"column":14},"end":{"line":160,"column":16}}],"line":154},"18":{"loc":{"start":{"line":174,"column":19},"end":{"line":174,"column":39}},"type":"binary-expr","locations":[{"start":{"line":174,"column":19},"end":{"line":174,"column":33}},{"start":{"line":174,"column":37},"end":{"line":174,"column":39}}],"line":174},"19":{"loc":{"start":{"line":187,"column":21},"end":{"line":187,"column":44}},"type":"binary-expr","locations":[{"start":{"line":187,"column":21},"end":{"line":187,"column":35}},{"start":{"line":187,"column":39},"end":{"line":187,"column":44}}],"line":187},"20":{"loc":{"start":{"line":194,"column":21},"end":{"line":194,"column":67}},"type":"binary-expr","locations":[{"start":{"line":194,"column":21},"end":{"line":194,"column":32}},{"start":{"line":194,"column":36},"end":{"line":194,"column":67}}],"line":194},"21":{"loc":{"start":{"line":208,"column":21},"end":{"line":208,"column":42}},"type":"binary-expr","locations":[{"start":{"line":208,"column":21},"end":{"line":208,"column":33}},{"start":{"line":208,"column":37},"end":{"line":208,"column":42}}],"line":208},"22":{"loc":{"start":{"line":227,"column":21},"end":{"line":227,"column":47}},"type":"binary-expr","locations":[{"start":{"line":227,"column":21},"end":{"line":227,"column":38}},{"start":{"line":227,"column":42},"end":{"line":227,"column":47}}],"line":227},"23":{"loc":{"start":{"line":243,"column":7},"end":{"line":266,"column":7}},"type":"binary-expr","locations":[{"start":{"line":243,"column":7},"end":{"line":243,"column":19}},{"start":{"line":244,"column":8},"end":{"line":265,"column":14}}],"line":243},"24":{"loc":{"start":{"line":253,"column":25},"end":{"line":253,"column":50}},"type":"binary-expr","locations":[{"start":{"line":253,"column":25},"end":{"line":253,"column":41}},{"start":{"line":253,"column":45},"end":{"line":253,"column":50}}],"line":253},"25":{"loc":{"start":{"line":269,"column":7},"end":{"line":306,"column":7}},"type":"binary-expr","locations":[{"start":{"line":269,"column":7},"end":{"line":269,"column":28}},{"start":{"line":270,"column":8},"end":{"line":305,"column":14}}],"line":269},"26":{"loc":{"start":{"line":273,"column":14},"end":{"line":273,"column":83}},"type":"if","locations":[{"start":{"line":273,"column":14},"end":{"line":273,"column":83}},{"start":{},"end":{}}],"line":273},"27":{"loc":{"start":{"line":273,"column":18},"end":{"line":273,"column":69}},"type":"binary-expr","locations":[{"start":{"line":273,"column":18},"end":{"line":273,"column":24}},{"start":{"line":273,"column":28},"end":{"line":273,"column":43}},{"start":{"line":273,"column":47},"end":{"line":273,"column":69}}],"line":273},"28":{"loc":{"start":{"line":279,"column":14},"end":{"line":292,"column":15}},"type":"if","locations":[{"start":{"line":279,"column":14},"end":{"line":292,"column":15}},{"start":{"line":282,"column":21},"end":{"line":292,"column":15}}],"line":279},"29":{"loc":{"start":{"line":281,"column":24},"end":{"line":281,"column":53}},"type":"cond-expr","locations":[{"start":{"line":281,"column":33},"end":{"line":281,"column":45}},{"start":{"line":281,"column":48},"end":{"line":281,"column":53}}],"line":281},"30":{"loc":{"start":{"line":282,"column":21},"end":{"line":292,"column":15}},"type":"if","locations":[{"start":{"line":282,"column":21},"end":{"line":292,"column":15}},{"start":{"line":285,"column":21},"end":{"line":292,"column":15}}],"line":282},"31":{"loc":{"start":{"line":284,"column":24},"end":{"line":284,"column":70}},"type":"cond-expr","locations":[{"start":{"line":284,"column":31},"end":{"line":284,"column":51}},{"start":{"line":284,"column":54},"end":{"line":284,"column":70}}],"line":284},"32":{"loc":{"start":{"line":285,"column":21},"end":{"line":292,"column":15}},"type":"if","locations":[{"start":{"line":285,"column":21},"end":{"line":292,"column":15}},{"start":{"line":288,"column":21},"end":{"line":292,"column":15}}],"line":285},"33":{"loc":{"start":{"line":287,"column":24},"end":{"line":287,"column":62}},"type":"cond-expr","locations":[{"start":{"line":287,"column":32},"end":{"line":287,"column":54}},{"start":{"line":287,"column":57},"end":{"line":287,"column":62}}],"line":287},"34":{"loc":{"start":{"line":288,"column":21},"end":{"line":292,"column":15}},"type":"if","locations":[{"start":{"line":288,"column":21},"end":{"line":292,"column":15}},{"start":{"line":290,"column":21},"end":{"line":292,"column":15}}],"line":288},"35":{"loc":{"start":{"line":289,"column":24},"end":{"line":289,"column":72}},"type":"cond-expr","locations":[{"start":{"line":289,"column":47},"end":{"line":289,"column":57}},{"start":{"line":289,"column":60},"end":{"line":289,"column":72}}],"line":289},"36":{"loc":{"start":{"line":290,"column":21},"end":{"line":292,"column":15}},"type":"if","locations":[{"start":{"line":290,"column":21},"end":{"line":292,"column":15}},{"start":{},"end":{}}],"line":290}},"s":{"0":0,"1":0,"2":0,"3":0,"4":0,"5":0,"6":0,"7":0,"8":0,"9":0,"10":0,"11":0,"12":0,"13":0,"14":0,"15":0,"16":0,"17":0,"18":0,"19":0,"20":0,"21":0,"22":0,"23":0,"24":0,"25":0,"26":0,"27":0,"28":0,"29":0,"30":0,"31":0,"32":0,"33":0,"34":0,"35":0,"36":0,"37":0,"38":0,"39":0,"40":0,"41":0,"42":0,"43":0,"44":0,"45":0,"46":0,"47":0,"48":0,"49":0,"50":0,"51":0,"52":0,"53":0,"54":0,"55":0,"56":0,"57":0,"58":0,"59":0,"60":0,"61":0,"62":0,"63":0,"64":0,"65":0,"66":0},"f":{"0":0,"1":0,"2":0,"3":0,"4":0,"5":0,"6":0,"7":0,"8":0,"9":0,"10":0,"11":0,"12":0,"13":0,"14":0,"15":0,"16":0,"17":0,"18":0,"19":0,"20":0,"21":0},"b":{"0":[0],"1":[0],"2":[0,0],"3":[0,0],"4":[0,0],"5":[0,0],"6":[0,0],"7":[0,0],"8":[0,0],"9":[0,0],"10":[0,0],"11":[0,0],"12":[0,0],"13":[0,0],"14":[0,0],"15":[0,0],"16":[0,0],"17":[0,0],"18":[0,0],"19":[0,0],"20":[0,0],"21":[0,0],"22":[0,0],"23":[0,0],"24":[0,0],"25":[0,0],"26":[0,0],"27":[0,0,0],"28":[0,0],"29":[0,0],"30":[0,0],"31":[0,0],"32":[0,0],"33":[0,0],"34":[0,0],"35":[0,0],"36":[0,0]}}
,"/Users/ssentongoivan/CascadeProjects/trosyn-ai/src/frontend/src/components/admin/UserManagement.jsx": {"path":"/Users/ssentongoivan/CascadeProjects/trosyn-ai/src/frontend/src/components/admin/UserManagement.jsx","statementMap":{"0":{"start":{"line":48,"column":14},"end":{"line":53,"column":1}},"1":{"start":{"line":55,"column":17},"end":{"line":60,"column":1}},"2":{"start":{"line":62,"column":26},"end":{"line":84,"column":1}},"3":{"start":{"line":63,"column":21},"end":{"line":63,"column":75}},"4":{"start":{"line":64,"column":20},"end":{"line":64,"column":80}},"5":{"start":{"line":66,"column":2},"end":{"line":83,"column":5}},"6":{"start":{"line":67,"column":22},"end":{"line":67,"column":79}},"7":{"start":{"line":68,"column":21},"end":{"line":68,"column":76}},"8":{"start":{"line":69,"column":18},"end":{"line":69,"column":84}},"9":{"start":{"line":70,"column":22},"end":{"line":70,"column":32}},"10":{"start":{"line":71,"column":4},"end":{"line":71,"column":76}},"11":{"start":{"line":73,"column":4},"end":{"line":82,"column":6}},"12":{"start":{"line":86,"column":29},"end":{"line":90,"column":1}},"13":{"start":{"line":87,"column":2},"end":{"line":87,"column":41}},"14":{"start":{"line":87,"column":31},"end":{"line":87,"column":41}},"15":{"start":{"line":88,"column":2},"end":{"line":88,"column":40}},"16":{"start":{"line":88,"column":31},"end":{"line":88,"column":40}},"17":{"start":{"line":89,"column":2},"end":{"line":89,"column":11}},"18":{"start":{"line":92,"column":22},"end":{"line":96,"column":1}},"19":{"start":{"line":93,"column":2},"end":{"line":95,"column":53}},"20":{"start":{"line":94,"column":16},"end":{"line":94,"column":51}},"21":{"start":{"line":95,"column":16},"end":{"line":95,"column":52}},"22":{"start":{"line":98,"column":19},"end":{"line":106,"column":1}},"23":{"start":{"line":99,"column":25},"end":{"line":99,"column":62}},"24":{"start":{"line":99,"column":50},"end":{"line":99,"column":61}},"25":{"start":{"line":100,"column":2},"end":{"line":104,"column":5}},"26":{"start":{"line":101,"column":18},"end":{"line":101,"column":40}},"27":{"start":{"line":102,"column":4},"end":{"line":102,"column":34}},"28":{"start":{"line":102,"column":21},"end":{"line":102,"column":34}},"29":{"start":{"line":103,"column":4},"end":{"line":103,"column":23}},"30":{"start":{"line":105,"column":2},"end":{"line":105,"column":43}},"31":{"start":{"line":105,"column":36},"end":{"line":105,"column":41}},"32":{"start":{"line":108,"column":18},"end":{"line":115,"column":1}},"33":{"start":{"line":120,"column":85},"end":{"line":120,"column":90}},"34":{"start":{"line":121,"column":28},"end":{"line":123,"column":3}},"35":{"start":{"line":121,"column":42},"end":{"line":123,"column":3}},"36":{"start":{"line":122,"column":4},"end":{"line":122,"column":35}},"37":{"start":{"line":125,"column":2},"end":{"line":159,"column":4}},"38":{"start":{"line":138,"column":10},"end":{"line":155,"column":22}},"39":{"start":{"line":162,"column":0},"end":{"line":169,"column":2}},"40":{"start":{"line":171,"column":29},"end":{"line":202,"column":1}},"41":{"start":{"line":172,"column":47},"end":{"line":172,"column":52}},"42":{"start":{"line":174,"column":2},"end":{"line":201,"column":4}},"43":{"start":{"line":204,"column":0},"end":{"line":208,"column":2}},"44":{"start":{"line":212,"column":23},"end":{"line":409,"column":1}},"45":{"start":{"line":213,"column":30},"end":{"line":213,"column":43}},"46":{"start":{"line":214,"column":28},"end":{"line":214,"column":40}},"47":{"start":{"line":215,"column":32},"end":{"line":215,"column":46}},"48":{"start":{"line":216,"column":28},"end":{"line":216,"column":42}},"49":{"start":{"line":217,"column":34},"end":{"line":217,"column":46}},"50":{"start":{"line":218,"column":26},"end":{"line":218,"column":37}},"51":{"start":{"line":219,"column":40},"end":{"line":219,"column":52}},"52":{"start":{"line":220,"column":28},"end":{"line":220,"column":43}},"53":{"start":{"line":221,"column":32},"end":{"line":221,"column":48}},"54":{"start":{"line":222,"column":28},"end":{"line":222,"column":43}},"55":{"start":{"line":223,"column":42},"end":{"line":223,"column":56}},"56":{"start":{"line":224,"column":42},"end":{"line":224,"column":56}},"57":{"start":{"line":225,"column":48},"end":{"line":225,"column":63}},"58":{"start":{"line":227,"column":21},"end":{"line":241,"column":23}},"59":{"start":{"line":228,"column":4},"end":{"line":228,"column":21}},"60":{"start":{"line":229,"column":4},"end":{"line":240,"column":13}},"61":{"start":{"line":230,"column":6},"end":{"line":239,"column":7}},"62":{"start":{"line":231,"column":26},"end":{"line":231,"column":47}},"63":{"start":{"line":232,"column":8},"end":{"line":232,"column":28}},"64":{"start":{"line":233,"column":8},"end":{"line":233,"column":23}},"65":{"start":{"line":235,"column":8},"end":{"line":235,"column":42}},"66":{"start":{"line":236,"column":8},"end":{"line":236,"column":71}},"67":{"start":{"line":238,"column":8},"end":{"line":238,"column":26}},"68":{"start":{"line":243,"column":2},"end":{"line":245,"column":19}},"69":{"start":{"line":244,"column":4},"end":{"line":244,"column":17}},"70":{"start":{"line":247,"column":28},"end":{"line":251,"column":3}},"71":{"start":{"line":248,"column":18},"end":{"line":248,"column":57}},"72":{"start":{"line":249,"column":4},"end":{"line":249,"column":37}},"73":{"start":{"line":250,"column":4},"end":{"line":250,"column":25}},"74":{"start":{"line":253,"column":31},"end":{"line":260,"column":3}},"75":{"start":{"line":254,"column":4},"end":{"line":258,"column":5}},"76":{"start":{"line":255,"column":27},"end":{"line":255,"column":49}},"77":{"start":{"line":255,"column":44},"end":{"line":255,"column":48}},"78":{"start":{"line":256,"column":6},"end":{"line":256,"column":32}},"79":{"start":{"line":257,"column":6},"end":{"line":257,"column":13}},"80":{"start":{"line":259,"column":4},"end":{"line":259,"column":20}},"81":{"start":{"line":262,"column":22},"end":{"line":279,"column":3}},"82":{"start":{"line":263,"column":26},"end":{"line":263,"column":46}},"83":{"start":{"line":264,"column":22},"end":{"line":264,"column":24}},"84":{"start":{"line":266,"column":4},"end":{"line":277,"column":5}},"85":{"start":{"line":267,"column":6},"end":{"line":267,"column":53}},"86":{"start":{"line":268,"column":11},"end":{"line":277,"column":5}},"87":{"start":{"line":269,"column":6},"end":{"line":269,"column":58}},"88":{"start":{"line":270,"column":11},"end":{"line":277,"column":5}},"89":{"start":{"line":271,"column":6},"end":{"line":271,"column":62}},"90":{"start":{"line":272,"column":11},"end":{"line":277,"column":5}},"91":{"start":{"line":273,"column":6},"end":{"line":276,"column":8}},"92":{"start":{"line":278,"column":4},"end":{"line":278,"column":29}},"93":{"start":{"line":281,"column":27},"end":{"line":281,"column":63}},"94":{"start":{"line":281,"column":47},"end":{"line":281,"column":63}},"95":{"start":{"line":282,"column":34},"end":{"line":285,"column":3}},"96":{"start":{"line":283,"column":4},"end":{"line":283,"column":53}},"97":{"start":{"line":284,"column":4},"end":{"line":284,"column":15}},"98":{"start":{"line":287,"column":29},"end":{"line":290,"column":3}},"99":{"start":{"line":288,"column":4},"end":{"line":288,"column":26}},"100":{"start":{"line":289,"column":4},"end":{"line":289,"column":41}},"101":{"start":{"line":292,"column":30},"end":{"line":294,"column":3}},"102":{"start":{"line":293,"column":4},"end":{"line":293,"column":26}},"103":{"start":{"line":296,"column":28},"end":{"line":299,"column":3}},"104":{"start":{"line":297,"column":4},"end":{"line":297,"column":29}},"105":{"start":{"line":298,"column":4},"end":{"line":298,"column":26}},"106":{"start":{"line":301,"column":30},"end":{"line":304,"column":3}},"107":{"start":{"line":302,"column":4},"end":{"line":302,"column":97}},"108":{"start":{"line":303,"column":4},"end":{"line":303,"column":26}},"109":{"start":{"line":306,"column":21},"end":{"line":306,"column":56}},"110":{"start":{"line":306,"column":29},"end":{"line":306,"column":56}},"111":{"start":{"line":308,"column":27},"end":{"line":308,"column":114}},"112":{"start":{"line":308,"column":38},"end":{"line":308,"column":113}},"113":{"start":{"line":309,"column":29},"end":{"line":309,"column":125}},"114":{"start":{"line":309,"column":42},"end":{"line":309,"column":124}},"115":{"start":{"line":310,"column":21},"end":{"line":317,"column":3}},"116":{"start":{"line":311,"column":4},"end":{"line":311,"column":34}},"117":{"start":{"line":311,"column":21},"end":{"line":311,"column":34}},"118":{"start":{"line":312,"column":4},"end":{"line":316,"column":5}},"119":{"start":{"line":313,"column":6},"end":{"line":313,"column":50}},"120":{"start":{"line":315,"column":6},"end":{"line":315,"column":28}},"121":{"start":{"line":318,"column":26},"end":{"line":318,"column":77}},"122":{"start":{"line":318,"column":36},"end":{"line":318,"column":77}},"123":{"start":{"line":320,"column":23},"end":{"line":323,"column":3}},"124":{"start":{"line":325,"column":20},"end":{"line":325,"column":87}},"125":{"start":{"line":327,"column":2},"end":{"line":327,"column":112}},"126":{"start":{"line":327,"column":15},"end":{"line":327,"column":112}},"127":{"start":{"line":328,"column":2},"end":{"line":328,"column":85}},"128":{"start":{"line":328,"column":13},"end":{"line":328,"column":85}},"129":{"start":{"line":330,"column":2},"end":{"line":408,"column":4}},"130":{"start":{"line":346,"column":39},"end":{"line":346,"column":57}},"131":{"start":{"line":347,"column":32},"end":{"line":347,"column":67}},"132":{"start":{"line":348,"column":16},"end":{"line":367,"column":18}},"133":{"start":{"line":351,"column":93},"end":{"line":351,"column":119}},"134":{"start":{"line":364,"column":50},"end":{"line":364,"column":76}},"135":{"start":{"line":383,"column":78},"end":{"line":383,"column":108}},"136":{"start":{"line":390,"column":52},"end":{"line":390,"column":77}},"137":{"start":{"line":404,"column":33},"end":{"line":404,"column":58}}},"fnMap":{"0":{"name":"(anonymous_0)","decl":{"start":{"line":62,"column":26},"end":{"line":62,"column":27}},"loc":{"start":{"line":62,"column":42},"end":{"line":84,"column":1}},"line":62},"1":{"name":"(anonymous_1)","decl":{"start":{"line":66,"column":39},"end":{"line":66,"column":40}},"loc":{"start":{"line":66,"column":49},"end":{"line":83,"column":3}},"line":66},"2":{"name":"(anonymous_2)","decl":{"start":{"line":86,"column":29},"end":{"line":86,"column":30}},"loc":{"start":{"line":86,"column":48},"end":{"line":90,"column":1}},"line":86},"3":{"name":"(anonymous_3)","decl":{"start":{"line":92,"column":22},"end":{"line":92,"column":23}},"loc":{"start":{"line":92,"column":42},"end":{"line":96,"column":1}},"line":92},"4":{"name":"(anonymous_4)","decl":{"start":{"line":94,"column":6},"end":{"line":94,"column":7}},"loc":{"start":{"line":94,"column":16},"end":{"line":94,"column":51}},"line":94},"5":{"name":"(anonymous_5)","decl":{"start":{"line":95,"column":6},"end":{"line":95,"column":7}},"loc":{"start":{"line":95,"column":16},"end":{"line":95,"column":52}},"line":95},"6":{"name":"(anonymous_6)","decl":{"start":{"line":98,"column":19},"end":{"line":98,"column":20}},"loc":{"start":{"line":98,"column":42},"end":{"line":106,"column":1}},"line":98},"7":{"name":"(anonymous_7)","decl":{"start":{"line":99,"column":35},"end":{"line":99,"column":36}},"loc":{"start":{"line":99,"column":50},"end":{"line":99,"column":61}},"line":99},"8":{"name":"(anonymous_8)","decl":{"start":{"line":100,"column":22},"end":{"line":100,"column":23}},"loc":{"start":{"line":100,"column":32},"end":{"line":104,"column":3}},"line":100},"9":{"name":"(anonymous_9)","decl":{"start":{"line":105,"column":28},"end":{"line":105,"column":29}},"loc":{"start":{"line":105,"column":36},"end":{"line":105,"column":41}},"line":105},"10":{"name":"EnhancedTableHead","decl":{"start":{"line":119,"column":9},"end":{"line":119,"column":26}},"loc":{"start":{"line":119,"column":34},"end":{"line":160,"column":1}},"line":119},"11":{"name":"(anonymous_11)","decl":{"start":{"line":121,"column":28},"end":{"line":121,"column":29}},"loc":{"start":{"line":121,"column":42},"end":{"line":123,"column":3}},"line":121},"12":{"name":"(anonymous_12)","decl":{"start":{"line":121,"column":42},"end":{"line":121,"column":43}},"loc":{"start":{"line":121,"column":53},"end":{"line":123,"column":3}},"line":121},"13":{"name":"(anonymous_13)","decl":{"start":{"line":137,"column":23},"end":{"line":137,"column":24}},"loc":{"start":{"line":138,"column":10},"end":{"line":155,"column":22}},"line":138},"14":{"name":"(anonymous_14)","decl":{"start":{"line":171,"column":29},"end":{"line":171,"column":30}},"loc":{"start":{"line":171,"column":40},"end":{"line":202,"column":1}},"line":171},"15":{"name":"(anonymous_15)","decl":{"start":{"line":212,"column":23},"end":{"line":212,"column":24}},"loc":{"start":{"line":212,"column":29},"end":{"line":409,"column":1}},"line":212},"16":{"name":"(anonymous_16)","decl":{"start":{"line":227,"column":33},"end":{"line":227,"column":34}},"loc":{"start":{"line":227,"column":39},"end":{"line":241,"column":3}},"line":227},"17":{"name":"(anonymous_17)","decl":{"start":{"line":229,"column":15},"end":{"line":229,"column":16}},"loc":{"start":{"line":229,"column":21},"end":{"line":240,"column":5}},"line":229},"18":{"name":"(anonymous_18)","decl":{"start":{"line":243,"column":12},"end":{"line":243,"column":13}},"loc":{"start":{"line":243,"column":18},"end":{"line":245,"column":3}},"line":243},"19":{"name":"(anonymous_19)","decl":{"start":{"line":247,"column":28},"end":{"line":247,"column":29}},"loc":{"start":{"line":247,"column":49},"end":{"line":251,"column":3}},"line":247},"20":{"name":"(anonymous_20)","decl":{"start":{"line":253,"column":31},"end":{"line":253,"column":32}},"loc":{"start":{"line":253,"column":42},"end":{"line":260,"column":3}},"line":253},"21":{"name":"(anonymous_21)","decl":{"start":{"line":255,"column":37},"end":{"line":255,"column":38}},"loc":{"start":{"line":255,"column":44},"end":{"line":255,"column":48}},"line":255},"22":{"name":"(anonymous_22)","decl":{"start":{"line":262,"column":22},"end":{"line":262,"column":23}},"loc":{"start":{"line":262,"column":37},"end":{"line":279,"column":3}},"line":262},"23":{"name":"(anonymous_23)","decl":{"start":{"line":281,"column":27},"end":{"line":281,"column":28}},"loc":{"start":{"line":281,"column":47},"end":{"line":281,"column":63}},"line":281},"24":{"name":"(anonymous_24)","decl":{"start":{"line":282,"column":34},"end":{"line":282,"column":35}},"loc":{"start":{"line":282,"column":45},"end":{"line":285,"column":3}},"line":282},"25":{"name":"(anonymous_25)","decl":{"start":{"line":287,"column":29},"end":{"line":287,"column":30}},"loc":{"start":{"line":287,"column":46},"end":{"line":290,"column":3}},"line":287},"26":{"name":"(anonymous_26)","decl":{"start":{"line":292,"column":30},"end":{"line":292,"column":31}},"loc":{"start":{"line":292,"column":36},"end":{"line":294,"column":3}},"line":292},"27":{"name":"(anonymous_27)","decl":{"start":{"line":296,"column":28},"end":{"line":296,"column":29}},"loc":{"start":{"line":296,"column":34},"end":{"line":299,"column":3}},"line":296},"28":{"name":"(anonymous_28)","decl":{"start":{"line":301,"column":30},"end":{"line":301,"column":31}},"loc":{"start":{"line":301,"column":36},"end":{"line":304,"column":3}},"line":301},"29":{"name":"(anonymous_29)","decl":{"start":{"line":306,"column":21},"end":{"line":306,"column":22}},"loc":{"start":{"line":306,"column":29},"end":{"line":306,"column":56}},"line":306},"30":{"name":"(anonymous_30)","decl":{"start":{"line":308,"column":27},"end":{"line":308,"column":28}},"loc":{"start":{"line":308,"column":38},"end":{"line":308,"column":113}},"line":308},"31":{"name":"(anonymous_31)","decl":{"start":{"line":309,"column":29},"end":{"line":309,"column":30}},"loc":{"start":{"line":309,"column":42},"end":{"line":309,"column":124}},"line":309},"32":{"name":"(anonymous_32)","decl":{"start":{"line":310,"column":21},"end":{"line":310,"column":22}},"loc":{"start":{"line":310,"column":37},"end":{"line":317,"column":3}},"line":310},"33":{"name":"(anonymous_33)","decl":{"start":{"line":318,"column":26},"end":{"line":318,"column":27}},"loc":{"start":{"line":318,"column":36},"end":{"line":318,"column":77}},"line":318},"34":{"name":"(anonymous_34)","decl":{"start":{"line":333,"column":93},"end":{"line":333,"column":94}},"loc":{"start":{"line":333,"column":99},"end":{"line":333,"column":101}},"line":333},"35":{"name":"(anonymous_35)","decl":{"start":{"line":345,"column":32},"end":{"line":345,"column":33}},"loc":{"start":{"line":345,"column":41},"end":{"line":368,"column":15}},"line":345},"36":{"name":"(anonymous_36)","decl":{"start":{"line":351,"column":82},"end":{"line":351,"column":83}},"loc":{"start":{"line":351,"column":93},"end":{"line":351,"column":119}},"line":351},"37":{"name":"(anonymous_37)","decl":{"start":{"line":364,"column":43},"end":{"line":364,"column":44}},"loc":{"start":{"line":364,"column":50},"end":{"line":364,"column":76}},"line":364},"38":{"name":"(anonymous_38)","decl":{"start":{"line":383,"column":67},"end":{"line":383,"column":68}},"loc":{"start":{"line":383,"column":78},"end":{"line":383,"column":108}},"line":383},"39":{"name":"(anonymous_39)","decl":{"start":{"line":390,"column":46},"end":{"line":390,"column":47}},"loc":{"start":{"line":390,"column":52},"end":{"line":390,"column":77}},"line":390},"40":{"name":"(anonymous_40)","decl":{"start":{"line":404,"column":27},"end":{"line":404,"column":28}},"loc":{"start":{"line":404,"column":33},"end":{"line":404,"column":58}},"line":404}},"branchMap":{"0":{"loc":{"start":{"line":62,"column":27},"end":{"line":62,"column":37}},"type":"default-arg","locations":[{"start":{"line":62,"column":35},"end":{"line":62,"column":37}}],"line":62},"1":{"loc":{"start":{"line":87,"column":2},"end":{"line":87,"column":41}},"type":"if","locations":[{"start":{"line":87,"column":2},"end":{"line":87,"column":41}},{"start":{},"end":{}}],"line":87},"2":{"loc":{"start":{"line":88,"column":2},"end":{"line":88,"column":40}},"type":"if","locations":[{"start":{"line":88,"column":2},"end":{"line":88,"column":40}},{"start":{},"end":{}}],"line":88},"3":{"loc":{"start":{"line":93,"column":9},"end":{"line":95,"column":52}},"type":"cond-expr","locations":[{"start":{"line":94,"column":6},"end":{"line":94,"column":51}},{"start":{"line":95,"column":6},"end":{"line":95,"column":52}}],"line":93},"4":{"loc":{"start":{"line":102,"column":4},"end":{"line":102,"column":34}},"type":"if","locations":[{"start":{"line":102,"column":4},"end":{"line":102,"column":34}},{"start":{},"end":{}}],"line":102},"5":{"loc":{"start":{"line":131,"column":27},"end":{"line":131,"column":68}},"type":"binary-expr","locations":[{"start":{"line":131,"column":27},"end":{"line":131,"column":42}},{"start":{"line":131,"column":46},"end":{"line":131,"column":68}}],"line":131},"6":{"loc":{"start":{"line":132,"column":21},"end":{"line":132,"column":61}},"type":"binary-expr","locations":[{"start":{"line":132,"column":21},"end":{"line":132,"column":33}},{"start":{"line":132,"column":37},"end":{"line":132,"column":61}}],"line":132},"7":{"loc":{"start":{"line":140,"column":19},"end":{"line":140,"column":54}},"type":"cond-expr","locations":[{"start":{"line":140,"column":38},"end":{"line":140,"column":45}},{"start":{"line":140,"column":48},"end":{"line":140,"column":54}}],"line":140},"8":{"loc":{"start":{"line":141,"column":21},"end":{"line":141,"column":64}},"type":"cond-expr","locations":[{"start":{"line":141,"column":47},"end":{"line":141,"column":53}},{"start":{"line":141,"column":56},"end":{"line":141,"column":64}}],"line":141},"9":{"loc":{"start":{"line":142,"column":27},"end":{"line":142,"column":66}},"type":"cond-expr","locations":[{"start":{"line":142,"column":53},"end":{"line":142,"column":58}},{"start":{"line":142,"column":61},"end":{"line":142,"column":66}}],"line":142},"10":{"loc":{"start":{"line":144,"column":13},"end":{"line":154,"column":13}},"type":"cond-expr","locations":[{"start":{"line":145,"column":14},"end":{"line":145,"column":28}},{"start":{"line":147,"column":14},"end":{"line":153,"column":31}}],"line":144},"11":{"loc":{"start":{"line":149,"column":27},"end":{"line":149,"column":66}},"type":"cond-expr","locations":[{"start":{"line":149,"column":53},"end":{"line":149,"column":58}},{"start":{"line":149,"column":61},"end":{"line":149,"column":66}}],"line":149},"12":{"loc":{"start":{"line":180,"column":7},"end":{"line":199,"column":7}},"type":"cond-expr","locations":[{"start":{"line":181,"column":8},"end":{"line":185,"column":18}},{"start":{"line":187,"column":8},"end":{"line":198,"column":11}}],"line":180},"13":{"loc":{"start":{"line":248,"column":18},"end":{"line":248,"column":57}},"type":"binary-expr","locations":[{"start":{"line":248,"column":18},"end":{"line":248,"column":38}},{"start":{"line":248,"column":42},"end":{"line":248,"column":57}}],"line":248},"14":{"loc":{"start":{"line":249,"column":13},"end":{"line":249,"column":35}},"type":"cond-expr","locations":[{"start":{"line":249,"column":21},"end":{"line":249,"column":27}},{"start":{"line":249,"column":30},"end":{"line":249,"column":35}}],"line":249},"15":{"loc":{"start":{"line":254,"column":4},"end":{"line":258,"column":5}},"type":"if","locations":[{"start":{"line":254,"column":4},"end":{"line":258,"column":5}},{"start":{},"end":{}}],"line":254},"16":{"loc":{"start":{"line":266,"column":4},"end":{"line":277,"column":5}},"type":"if","locations":[{"start":{"line":266,"column":4},"end":{"line":277,"column":5}},{"start":{"line":268,"column":11},"end":{"line":277,"column":5}}],"line":266},"17":{"loc":{"start":{"line":268,"column":11},"end":{"line":277,"column":5}},"type":"if","locations":[{"start":{"line":268,"column":11},"end":{"line":277,"column":5}},{"start":{"line":270,"column":11},"end":{"line":277,"column":5}}],"line":268},"18":{"loc":{"start":{"line":270,"column":11},"end":{"line":277,"column":5}},"type":"if","locations":[{"start":{"line":270,"column":11},"end":{"line":277,"column":5}},{"start":{"line":272,"column":11},"end":{"line":277,"column":5}}],"line":270},"19":{"loc":{"start":{"line":272,"column":11},"end":{"line":277,"column":5}},"type":"if","locations":[{"start":{"line":272,"column":11},"end":{"line":277,"column":5}},{"start":{},"end":{}}],"line":272},"20":{"loc":{"start":{"line":308,"column":38},"end":{"line":308,"column":113}},"type":"binary-expr","locations":[{"start":{"line":308,"column":38},"end":{"line":308,"column":100}},{"start":{"line":308,"column":104},"end":{"line":308,"column":113}}],"line":308},"21":{"loc":{"start":{"line":309,"column":42},"end":{"line":309,"column":124}},"type":"binary-expr","locations":[{"start":{"line":309,"column":42},"end":{"line":309,"column":111}},{"start":{"line":309,"column":115},"end":{"line":309,"column":124}}],"line":309},"22":{"loc":{"start":{"line":311,"column":4},"end":{"line":311,"column":34}},"type":"if","locations":[{"start":{"line":311,"column":4},"end":{"line":311,"column":34}},{"start":{},"end":{}}],"line":311},"23":{"loc":{"start":{"line":325,"column":20},"end":{"line":325,"column":87}},"type":"cond-expr","locations":[{"start":{"line":325,"column":31},"end":{"line":325,"column":83}},{"start":{"line":325,"column":86},"end":{"line":325,"column":87}}],"line":325},"24":{"loc":{"start":{"line":327,"column":2},"end":{"line":327,"column":112}},"type":"if","locations":[{"start":{"line":327,"column":2},"end":{"line":327,"column":112}},{"start":{},"end":{}}],"line":327},"25":{"loc":{"start":{"line":328,"column":2},"end":{"line":328,"column":85}},"type":"if","locations":[{"start":{"line":328,"column":2},"end":{"line":328,"column":85}},{"start":{},"end":{}}],"line":328},"26":{"loc":{"start":{"line":335,"column":46},"end":{"line":335,"column":72}},"type":"cond-expr","locations":[{"start":{"line":335,"column":54},"end":{"line":335,"column":61}},{"start":{"line":335,"column":64},"end":{"line":335,"column":72}}],"line":335},"27":{"loc":{"start":{"line":369,"column":15},"end":{"line":369,"column":130}},"type":"binary-expr","locations":[{"start":{"line":369,"column":15},"end":{"line":369,"column":28}},{"start":{"line":369,"column":33},"end":{"line":369,"column":129}}],"line":369},"28":{"loc":{"start":{"line":369,"column":61},"end":{"line":369,"column":76}},"type":"cond-expr","locations":[{"start":{"line":369,"column":69},"end":{"line":369,"column":71}},{"start":{"line":369,"column":74},"end":{"line":369,"column":76}}],"line":369},"29":{"loc":{"start":{"line":393,"column":11},"end":{"line":401,"column":11}},"type":"binary-expr","locations":[{"start":{"line":393,"column":11},"end":{"line":393,"column":23}},{"start":{"line":394,"column":12},"end":{"line":400,"column":18}}],"line":393}},"s":{"0":1,"1":1,"2":1,"3":6,"4":6,"5":6,"6":300,"7":300,"8":300,"9":300,"10":300,"11":300,"12":1,"13":637,"14":0,"15":637,"16":0,"17":637,"18":1,"19":19,"20":49,"21":588,"22":1,"23":19,"24":650,"25":19,"26":637,"27":637,"28":0,"29":637,"30":19,"31":650,"32":1,"33":13,"34":13,"35":65,"36":1,"37":13,"38":78,"39":1,"40":1,"41":13,"42":13,"43":1,"44":1,"45":19,"46":19,"47":19,"48":19,"49":19,"50":19,"51":19,"52":19,"53":19,"54":19,"55":19,"56":19,"57":19,"58":19,"59":6,"60":6,"61":6,"62":6,"63":6,"64":6,"65":0,"66":0,"67":6,"68":19,"69":6,"70":19,"71":1,"72":1,"73":1,"74":19,"75":0,"76":0,"77":0,"78":0,"79":0,"80":0,"81":19,"82":0,"83":0,"84":0,"85":0,"86":0,"87":0,"88":0,"89":0,"90":0,"91":0,"92":0,"93":19,"94":0,"95":19,"96":1,"97":1,"98":19,"99":2,"100":2,"101":19,"102":2,"103":19,"104":1,"105":1,"106":19,"107":1,"108":1,"109":19,"110":145,"111":19,"112":145,"113":19,"114":145,"115":19,"116":150,"117":0,"118":150,"119":150,"120":0,"121":19,"122":145,"123":19,"124":19,"125":19,"126":6,"127":13,"128":0,"129":13,"130":145,"131":145,"132":145,"133":0,"134":2,"135":0,"136":0,"137":1},"f":{"0":6,"1":300,"2":637,"3":19,"4":49,"5":588,"6":19,"7":650,"8":637,"9":650,"10":13,"11":65,"12":1,"13":78,"14":13,"15":19,"16":6,"17":6,"18":6,"19":1,"20":0,"21":0,"22":0,"23":0,"24":1,"25":2,"26":2,"27":1,"28":1,"29":145,"30":145,"31":145,"32":150,"33":145,"34":0,"35":145,"36":0,"37":2,"38":0,"39":0,"40":1},"b":{"0":[0],"1":[0,637],"2":[0,637],"3":[1,18],"4":[0,637],"5":[13,0],"6":[13,13],"7":[0,78],"8":[13,65],"9":[13,65],"10":[13,65],"11":[13,52],"12":[0,13],"13":[1,1],"14":[1,0],"15":[0,0],"16":[0,0],"17":[0,0],"18":[0,0],"19":[0,0],"20":[145,39],"21":[145,44],"22":[0,150],"23":[0,19],"2
[...]
umn":21},"end":{"line":15,"column":78}},"18":{"start":{"line":16,"column":2},"end":{"line":16,"column":40}},"19":{"start":{"line":17,"column":2},"end":{"line":17,"column":79}},"20":{"start":{"line":17,"column":21},"end":{"line":17,"column":79}},"21":{"start":{"line":18,"column":2},"end":{"line":18,"column":38}},"22":{"start":{"line":19,"column":2},"end":{"line":19,"column":81}},"23":{"start":{"line":19,"column":21},"end":{"line":19,"column":81}},"24":{"start":{"line":20,"column":2},"end":{"line":20,"column":20}},"25":{"start":{"line":23,"column":31},"end":{"line":34,"column":1}},"26":{"start":{"line":24,"column":2},"end":{"line":24,"column":32}},"27":{"start":{"line":24,"column":19},"end":{"line":24,"column":32}},"28":{"start":{"line":25,"column":15},"end":{"line":25,"column":35}},"29":{"start":{"line":26,"column":18},"end":{"line":26,"column":56}},"30":{"start":{"line":27,"column":2},"end":{"line":27,"column":33}},"31":{"start":{"line":27,"column":20},"end":{"line":27,"column":33}},"32":{"start":{"line":28,"column":16},"end":{"line":28,"column":42}},"33":{"start":{"line":29,"column":18},"end":{"line":29,"column":51}},"34":{"start":{"line":30,"column":2},"end":{"line":32,"column":3}},"35":{"start":{"line":31,"column":4},"end":{"line":31,"column":38}},"36":{"start":{"line":33,"column":2},"end":{"line":33,"column":33}}},"fnMap":{"0":{"name":"(anonymous_0)","decl":{"start":{"line":1,"column":26},"end":{"line":1,"column":27}},"loc":{"start":{"line":1,"column":42},"end":{"line":4,"column":1}},"line":1},"1":{"name":"(anonymous_1)","decl":{"start":{"line":6,"column":29},"end":{"line":6,"column":30}},"loc":{"start":{"line":6,"column":45},"end":{"line":21,"column":1}},"line":6},"2":{"name":"(anonymous_2)","decl":{"start":{"line":23,"column":31},"end":{"line":23,"column":32}},"loc":{"start":{"line":23,"column":47},"end":{"line":34,"column":1}},"line":23}},"branchMap":{"0":{"loc":{"start":{"line":2,"column":2},"end":{"line":2,"column":34}},"type":"if","locations":[{"start":{"line":2,"column":2},"end":{"line":2,"column":34}},{"start":{},"end":{}}],"line":2},"1":{"loc":{"start":{"line":7,"column":2},"end":{"line":7,"column":34}},"type":"if","locations":[{"start":{"line":7,"column":2},"end":{"line":7,"column":34}},{"start":{},"end":{}}],"line":7},"2":{"loc":{"start":{"line":11,"column":2},"end":{"line":11,"column":79}},"type":"if","locations":[{"start":{"line":11,"column":2},"end":{"line":11,"column":79}},{"start":{},"end":{}}],"line":11},"3":{"loc":{"start":{"line":11,"column":47},"end":{"line":11,"column":72}},"type":"cond-expr","locations":[{"start":{"line":11,"column":64},"end":{"line":11,"column":66}},{"start":{"line":11,"column":69},"end":{"line":11,"column":72}}],"line":11},"4":{"loc":{"start":{"line":13,"column":2},"end":{"line":13,"column":80}},"type":"if","locations":[{"start":{"line":13,"column":2},"end":{"line":13,"column":80}},{"start":{},"end":{}}],"line":13},"5":{"loc":{"start":{"line":13,"column":48},"end":{"line":13,"column":73}},"type":"cond-expr","locations":[{"start":{"line":13,"column":65},"end":{"line":13,"column":67}},{"start":{"line":13,"column":70},"end":{"line":13,"column":73}}],"line":13},"6":{"loc":{"start":{"line":15,"column":2},"end":{"line":15,"column":78}},"type":"if","locations":[{"start":{"line":15,"column":2},"end":{"line":15,"column":78}},{"start":{},"end":{}}],"line":15},"7":{"loc":{"start":{"line":15,"column":46},"end":{"line":15,"column":71}},"type":"cond-expr","locations":[{"start":{"line":15,"column":63},"end":{"line":15,"column":65}},{"start":{"line":15,"column":68},"end":{"line":15,"column":71}}],"line":15},"8":{"loc":{"start":{"line":17,"column":2},"end":{"line":17,"column":79}},"type":"if","locations":[{"start":{"line":17,"column":2},"end":{"line":17,"column":79}},{"start":{},"end":{}}],"line":17},"9":{"loc":{"start":{"line":17,"column":47},"end":{"line":17,"column":72}},"type":"cond-expr","locations":[{"start":{"line":17,"column":64},"end":{"line":17,"column":66}},{"start":{"line":17,"column":69},"end":{"line":17,"column":72}}],"line":17},"10":{"loc":{"start":{"line":19,"column":2},"end":{"line":19,"column":81}},"type":"if","locations":[{"start":{"line":19,"column":2},"end":{"line":19,"column":81}},{"start":{},"end":{}}],"line":19},"11":{"loc":{"start":{"line":19,"column":49},"end":{"line":19,"column":74}},"type":"cond-expr","locations":[{"start":{"line":19,"column":66},"end":{"line":19,"column":68}},{"start":{"line":19,"column":71},"end":{"line":19,"column":74}}],"line":19},"12":{"loc":{"start":{"line":24,"column":2},"end":{"line":24,"column":32}},"type":"if","locations":[{"start":{"line":24,"column":2},"end":{"line":24,"column":32}},{"start":{},"end":{}}],"line":24},"13":{"loc":{"start":{"line":27,"column":2},"end":{"line":27,"column":33}},"type":"if","locations":[{"start":{"line":27,"column":2},"end":{"line":27,"column":33}},{"start":{},"end":{}}],"line":27},"14":{"loc":{"start":{"line":30,"column":2},"end":{"line":32,"column":3}},"type":"if","locations":[{"start":{"line":30,"column":2},"end":{"line":32,"column":3}},{"start":{},"end":{}}],"line":30}},"s":{"0":0,"1":0,"2":0,"3":0,"4":0,"5":0,"6":0,"7":0,"8":0,"9":0,"10":0,"11":0,"12":0,"13":0,"14":0,"15":0,"16":0,"17":0,"18":0,"19":0,"20":0,"21":0,"22":0,"23":0,"24":0,"25":0,"26":0,"27":0,"28":0,"29":0,"30":0,"31":0,"32":0,"33":0,"34":0,"35":0,"36":0},"f":{"0":0,"1":0,"2":0},"b":{"0":[0,0],"1":[0,0],"2":[0,0],"3":[0,0],"4":[0,0],"5":[0,0],"6":[0,0],"7":[0,0],"8":[0,0],"9":[0,0],"10":[0,0],"11":[0,0],"12":[0,0],"13":[0,0],"14":[0,0]}}
,"/Users/ssentongoivan/CascadeProjects/trosyn-ai/src/frontend/src/utils/exportUtils.js": {"path":"/Users/ssentongoivan/CascadeProjects/trosyn-ai/src/frontend/src/utils/exportUtils.js","statementMap":{"0":{"start":{"line":7,"column":20},"end":{"line":32,"column":1}},"1":{"start":{"line":8,"column":2},"end":{"line":8,"column":41}},"2":{"start":{"line":8,"column":34},"end":{"line":8,"column":41}},"3":{"start":{"line":11,"column":18},"end":{"line":11,"column":38}},"4":{"start":{"line":14,"column":21},"end":{"line":27,"column":14}},"5":{"start":{"line":17,"column":6},"end":{"line":25,"column":18}},"6":{"start":{"line":19,"column":22},"end":{"line":20,"column":63}},"7":{"start":{"line":20,"column":10},"end":{"line":20,"column":57}},"8":{"start":{"line":23,"column":24},"end":{"line":23,"column":63}},"9":{"start":{"line":24,"column":8},"end":{"line":24,"column":30}},"10":{"start":{"line":30,"column":15},"end":{"line":30,"column":85}},"11":{"start":{"line":31,"column":2},"end":{"line":31,"column":34}},"12":{"start":{"line":35,"column":22},"end":{"line":49,"column":1}},"13":{"start":{"line":36,"column":2},"end":{"line":36,"column":41}},"14":{"start":{"line":36,"column":34},"end":{"line":36,"column":41}},"15":{"start":{"line":39,"column":13},"end":{"line":39,"column":38}},"16":{"start":{"line":42,"column":13},"end":{"line":42,"column":29}},"17":{"start":{"line":43,"column":2},"end":{"line":43,"column":44}},"18":{"start":{"line":46,"column":22},"end":{"line":46,"column":68}},"19":{"start":{"line":47,"column":15},"end":{"line":47,"column":117}},"20":{"start":{"line":48,"column":2},"end":{"line":48,"column":35}},"21":{"start":{"line":52,"column":20},"end":{"line":105,"column":1}},"22":{"start":{"line":53,"column":2},"end":{"line":53,"column":41}},"23":{"start":{"line":53,"column":34},"end":{"line":53,"column":41}},"24":{"start":{"line":56,"column":18},"end":{"line":56,"column":38}},"25":{"start":{"line":59,"column":15},"end":{"line":66,"column":3}},"26":{"start":{"line":60,"column":4},"end":{"line":65,"column":6}},"27":{"start":{"line":62,"column":20},"end":{"line":63,"column":61}},"28":{"start":{"line":63,"column":8},"end":{"line":63,"column":55}},"29":{"start":{"line":64,"column":6},"end":{"line":64,"column":33}},"30":{"start":{"line":69,"column":14},"end":{"line":69,"column":25}},"31":{"start":{"line":72,"column":2},"end":{"line":72,"column":22}},"32":{"start":{"line":73,"column":2},"end":{"line":73,"column":26}},"33":{"start":{"line":74,"column":2},"end":{"line":74,"column":22}},"34":{"start":{"line":75,"column":2},"end":{"line":75,"column":24}},"35":{"start":{"line":78,"column":2},"end":{"line":78,"column":67}},"36":{"start":{"line":81,"column":2},"end":{"line":101,"column":5}},"37":{"start":{"line":82,"column":28},"end":{"line":82,"column":66}},"38":{"start":{"line":104,"column":2},"end":{"line":104,"column":30}},"39":{"start":{"line":108,"column":32},"end":{"line":122,"column":1}},"40":{"start":{"line":109,"column":2},"end":{"line":121,"column":6}},"41":{"start":{"line":109,"column":28},"end":{"line":121,"column":3}},"42":{"start":{"line":125,"column":19},"end":{"line":140,"column":1}},"43":{"start":{"line":126,"column":57},"end":{"line":126,"column":64}},"44":{"start":{"line":127,"column":24},"end":{"line":127,"column":53}},"45":{"start":{"line":129,"column":2},"end":{"line":139,"column":3}},"46":{"start":{"line":131,"column":6},"end":{"line":131,"column":50}},"47":{"start":{"line":134,"column":6},"end":{"line":134,"column":52}},"48":{"start":{"line":136,"column":6},"end":{"line":136,"column":57}},"49":{"start":{"line":138,"column":6},"end":{"line":138,"column":49}}},"fnMap":{"0":{"name":"(anonymous_0)","decl":{"start":{"line":7,"column":20},"end":{"line":7,"column":21}},"loc":{"start":{"line":7,"column":51},"end":{"line":32,"column":1}},"line":7},"1":{"name":"(anonymous_1)","decl":{"start":{"line":16,"column":16},"end":{"line":16,"column":17}},"loc":{"start":{"line":17,"column":6},"end":{"line":25,"column":18}},"line":17},"2":{"name":"(anonymous_2)","decl":{"start":{"line":17,"column":18},"end":{"line":17,"column":19}},"loc":{"start":{"line":17,"column":31},"end":{"line":25,"column":7}},"line":17},"3":{"name":"(anonymous_3)","decl":{"start":{"line":19,"column":50},"end":{"line":19,"column":51}},"loc":{"start":{"line":20,"column":10},"end":{"line":20,"column":57}},"line":20},"4":{"name":"(anonymous_4)","decl":{"start":{"line":35,"column":22},"end":{"line":35,"column":23}},"loc":{"start":{"line":35,"column":53},"end":{"line":49,"column":1}},"line":35},"5":{"name":"(anonymous_5)","decl":{"start":{"line":52,"column":20},"end":{"line":52,"column":21}},"loc":{"start":{"line":52,"column":74},"end":{"line":105,"column":1}},"line":52},"6":{"name":"(anonymous_6)","decl":{"start":{"line":59,"column":24},"end":{"line":59,"column":25}},"loc":{"start":{"line":60,"column":4},"end":{"line":65,"column":6}},"line":60},"7":{"name":"(anonymous_7)","decl":{"start":{"line":60,"column":16},"end":{"line":60,"column":17}},"loc":{"start":{"line":60,"column":29},"end":{"line":65,"column":5}},"line":60},"8":{"name":"(anonymous_8)","decl":{"start":{"line":62,"column":48},"end":{"line":62,"column":49}},"loc":{"start":{"line":63,"column":8},"end":{"line":63,"column":55}},"line":63},"9":{"name":"(anonymous_9)","decl":{"start":{"line":82,"column":23},"end":{"line":82,"column":24}},"loc":{"start":{"line":82,"column":28},"end":{"line":82,"column":66}},"line":82},"10":{"name":"(anonymous_10)","decl":{"start":{"line":108,"column":32},"end":{"line":108,"column":33}},"loc":{"start":{"line":108,"column":43},"end":{"line":122,"column":1}},"line":108},"11":{"name":"(anonymous_11)","decl":{"start":{"line":109,"column":19},"end":{"line":109,"column":20}},"loc":{"start":{"line":109,"column":28},"end":{"line":121,"column":3}},"line":109},"12":{"name":"(anonymous_12)","decl":{"start":{"line":125,"column":19},"end":{"line":125,"column":20}},"loc":{"start":{"line":125,"column":51},"end":{"line":140,"column":1}},"line":125}},"branchMap":{"0":{"loc":{"start":{"line":7,"column":27},"end":{"line":7,"column":46}},"type":"default-arg","locations":[{"start":{"line":7,"column":38},"end":{"line":7,"column":46}}],"line":7},"1":{"loc":{"start":{"line":8,"column":2},"end":{"line":8,"column":41}},"type":"if","locations":[{"start":{"line":8,"column":2},"end":{"line":8,"column":41}},{"start":{},"end":{}}],"line":8},"2":{"loc":{"start":{"line":8,"column":6},"end":{"line":8,"column":32}},"type":"binary-expr","locations":[{"start":{"line":8,"column":6},"end":{"line":8,"column":11}},{"start":{"line":8,"column":15},"end":{"line":8,"column":32}}],"line":8},"3":{"loc":{"start":{"line":20,"column":10},"end":{"line":20,"column":57}},"type":"cond-expr","locations":[{"start":{"line":20,"column":44},"end":{"line":20,"column":52}},{"start":{"line":20,"column":55},"end":{"line":20,"column":57}}],"line":20},"4":{"loc":{"start":{"line":20,"column":11},"end":{"line":20,"column":40}},"type":"binary-expr","locations":[{"start":{"line":20,"column":11},"end":{"line":20,"column":14}},{"start":{"line":20,"column":18},"end":{"line":20,"column":40}}],"line":20},"5":{"loc":{"start":{"line":23,"column":31},"end":{"line":23,"column":42}},"type":"binary-expr","locations":[{"start":{"line":23,"column":31},"end":{"line":23,"column":36}},{"start":{"line":23,"column":40},"end":{"line":23,"column":42}}],"line":23},"6":{"loc":{"start":{"line":35,"column":29},"end":{"line":35,"column":48}},"type":"default-arg","locations":[{"start":{"line":35,"column":40},"end":{"line":35,"column":48}}],"line":35},"7":{"loc":{"start":{"line":36,"column":2},"end":{"line":36,"column":41}},"type":"if","locations":[{"start":{"line":36,"column":2},"end":{"line":36,"column":41}},{"start":{},"end":{}}],"line":36},"8":{"loc":{"start":{"line":36,"column":6},"end":{"line":36,"column":32}},"type":"binary-expr","locations":[{"start":{"line":36,"column":6},"end":{"line":36,"column":11}},{"start":{"line":36,"column":15},"end":{"line":36,"column":32}}],"line":36},"9":{"loc":{"start":{"line":52,"column":27},"end":{"line":52,"column":46}},"type":"default-arg","locations":[{"start":{"line":52,"column":38},"end":{"line":52,"column":46}}],"line":52},"10":{"loc":{"start":{"line":52,"column":48},"end":{"line":52,"column":69}},"type":"default-arg","locations":[{"start":{"line":52,"column":56},"end":{"line":52,"column":69}}],"line":52},"11":{"loc":{"start":{"line":53,"column":2},"end":{"line":53,"column":41}},"type":"if","locations":[{"start":{"line":53,"column":2},"end":{"line":53,"column":41}},{"start":{},"end":{}}],"line":53},"12":{"loc":{"start":{"line":53,"column":6},"end":{"line":53,"column":32}},"type":"binary-expr","locations":[{"start":{"line":53,"column":6},"end":{"line":53,"column":11}},{"start":{"line":53,"column":15},"end":{"line":53,"column":32}}],"line":53},"13":{"loc":{"start":{"line":63,"column":8},"end":{"line":63,"column":55}},"type":"cond-expr","locations":[{"start":{"line":63,"column":42},"end":{"line":63,"column":50}},{"start":{"line":63,"column":53},"end":{"line":63,"column":55}}],"line":63},"14":{"loc":{"start":{"line":63,"column":9},"end":{"line":63,"column":38}},"type":"binary-expr","locations":[{"start":{"line":63,"column":9},"end":{"line":63,"column":12}},{"start":{"line":63,"column":16},"end":{"line":63,"column":38}}],"line":63},"15":{"loc":{"start":{"line":64,"column":20},"end":{"line":64,"column":31}},"type":"binary-expr","locations":[{"start":{"line":64,"column":20},"end":{"line":64,"column":25}},{"start":{"line":64,"column":29},"end":{"line":64,"column":31}}],"line":64},"16":{"loc":{"start":{"line":110,"column":10},"end":{"line":110,"column":23}},"type":"binary-expr","locations":[{"start":{"line":110,"column":10},"end":{"line":110,"column":17}},{"start":{"line":110,"column":21},"end":{"line":110,"column":23}}],"line":110},"17":{"loc":{"start":{"line":111,"column":15},"end":{"line":111,"column":35}},"type":"binary-expr","locations":[{"start":{"line":111,"column":15},"end":{"line":111,"column":29}},{"start":{"line":111,"column":33},"end":{"line":111,"column":35}}],"line":111},"18":{"loc":{"start":{"line":111,"column":39},"end":{"line":111,"column":58}},"type":"binary-expr","locations":[{"start":{"line":111,"column":39},"end":{"line":111,"column":52}},{"start":{"line":111,"column":56},"end":{"line":111,"column":58}}],"line":111},"19":{"loc":{"start":{"line":112,"column":13},"end":{"line":112,"column":29}},"type":"binary-expr","locations":[{"start":{"line":112,"column":13},"end":{"line":112,"column":23}},{"start":{"line":112,"column":27},"end":{"line":112,"column":29}}],"line":112},"20":{"loc":{"start":{"line":113,"column":12},"end":{"line":113,"column":46}},"type":"binary-expr","locations":[{"start":{"line":113,"column":12},"end":{"line":113,"column":27}},{"start":{"line":113,"column":31},"end":{"line":113,"column":40}},{"start":{"line":113,"column":44},"end":{"line":113,"column":46}}],"line":113},"21":{"loc":{"start":{"line":114,"column":14},"end":{"line":114,"column":31}},"type":"binary-expr","locations":[{"start":{"line":114,"column":14},"end":{"line":114,"column":25}},{"start":{"line":114,"column":29},"end":{"line":114,"column":31}}],"line":114},"22":{"loc":{"start":{"line":115,"column":16},"end":{"line":115,"column":49}},"type":"cond-expr","locations":[{"start":{"line":115,"column":37},"end":{"line":115,"column":42}},{"start":{"line":115,"column":45},"end":{"line":115,"column":49}}],"line":115},"23":{"loc":{"start":{"line":116,"column":18},"end":{"line":116,"column":86}},"type":"cond-expr","locations":[{"start":{"line":116,"column":35},"end":{"line":116,"column":76}},{"start":{"line":116,"column":79},"end":{"line":116,"column":86}}],"line":116},"24":{"loc":{"start":{"line":117,"column":25},"end":{"line":117,"column":92}},"type":"cond-expr","locations":[{"start":{"line":117,"column":42},"end":{"line":117,"column":87}},{"start":{"line":117,"column":90},"end":{"line":117,"column":92}}],"line":117},"25":{"loc":{"start":{"line":118,"column":13},"end":{"line":118,"column":29}},"type":"binary-expr","locations":[{"start":{"line":118,"column":13},"end":{"line":118,"column":23}},{"start":{"line":118,"column":27},"end":{"line":118,"column":29}}],"line":118},"26":{"loc":{"start":{"line":119,"column":18},"end":{"line":119,"column":39}},"type":"binary-expr","locations":[{"start":{"line":119,"column":18},"end":{"line":119,"column":33}},{"start":{"line":119,"column":37},"end":{"line":119,"column":39}}],"line":119},"27":{"loc":{"start":{"line":120,"column":19},"end":{"line":120,"column":55}},"type":"cond-expr","locations":[{"start":{"line":120,"column":43},"end":{"line":120,"column":48}},{"start":{"line":120,"column":51},"end":{"line":120,"column":55}}],"line":120},"28":{"loc":{"start":{"line":125,"column":34},"end":{"line":125,"column":46}},"type":"default-arg","locations":[{"start":{"line":125,"column":44},"end":{"line":125,"column":46}}],"line":125},"29":{"loc":{"start":{"line":126,"column":10},"end":{"line":126,"column":29}},"type":"default-arg","locations":[{"start":{"line":126,"column":21},"end":{"line":126,"column":29}}],"line":126},"30":{"loc":{"start":{"line":126,"column":31},"end":{"line":126,"column":52}},"type":"default-arg","locations":[{"start":{"line":126,"column":39},"end":{"line":126,"column":52}}],"line":126},"31":{"loc":{"start":{"line":129,"column":2},"end":{"line":139,"column":3}},"type":"switch","locations":[{"start":{"line":130,"column":4},"end":{"line":131,"column":50}},{"start":{"line":132,"column":4},"end":{"line":132,"column":17}},{"start":{"line":133,"column":4},"end":{"line":134,"column":52}},{"start":{"line":135,"column":4},"end":{"line":136,"column":57}},{"start":{"line":137,"column":4},"end":{"line":138,"column":49}}],"line":129}},"s":{"0":0,"1":0,"2":0,"3":0,"4":0,"5":0,"6":0,"7":0,"8":0,"9":0,"10":0,"11":0,"12":0,"13":0,"14":0,"15":0,"16":0,"17":0,"18":0,"19":0,"20":0,"21":0,"22":0,"23":0,"24":0,"25":0,"26":0,"27":0,"28":0,"29":0,"30":0,"31":0,"32":0,"33":0,"34":0,"35":0,"36":0,"37":0,"38":0,"39":0,"40":0,"41":0,"42":0,"43":0,"44":0,"45":0,"46":0,"47":0,"48":0,"49":0},"f":{"0":0,"1":0,"2":0,"3":0,"4":0,"5":0,"6":0,"7":0,"8":0,"9":0,"10":0,"11":0,"12":0},"b":{"0":[0],"1":[0,0],"2":[0,0],"3":[0,0],"4":[0,0],"5":[0,0],"6":[0],"7":[0,0],"8":[0,0],"9":[0],"10":[0],"11":[0,0],"12":[0,0],"13":[0,0],"14":[0,0],"15":[0,0],"16":[0,0],"17":[0,0],"18":[0,0],"19":[0,0],"20":[0,0,0],"21":[0,0],"22":[0,0],"23":[0,0],"24":[0,0],"25":[0,0],"26":[0,0],"27":[0,0],"28":[0],"29":[0],"30":[0],"31":[0,0,0,0,0]}}
}
