TN:
SF:src/App.jsx
FN:18,(anonymous_0)
FN:39,(anonymous_1)
FN:53,App
FNF:3
FNH:0
FNDA:0,(anonymous_0)
FNDA:0,(anonymous_1)
FNDA:0,App
DA:18,0
DA:19,0
DA:21,0
DA:23,0
DA:26,0
DA:27,0
DA:30,0
DA:32,0
DA:35,0
DA:39,0
DA:40,0
DA:42,0
DA:43,0
DA:46,0
DA:54,0
LF:15
LH:0
BRDA:18,0,0,0
BRDA:21,1,0,0
BRDA:21,1,1,0
BRDA:26,2,0,0
BRDA:26,2,1,0
BRDA:30,3,0,0
BRDA:30,3,1,0
BRDA:30,4,0,0
BRDA:30,4,1,0
BRDA:42,5,0,0
BRDA:42,5,1,0
BRF:11
BRH:0
end_of_record
TN:
SF:src/index.js
FNF:0
FNH:0
DA:7,0
DA:8,0
DA:10,0
LF:3
LH:0
BRF:0
BRH:0
end_of_record
TN:
SF:src/test-utils.js
FN:7,(anonymous_0)
FN:22,(anonymous_1)
FN:28,(anonymous_2)
FN:28,(anonymous_3)
FN:37,(anonymous_4)
FN:59,(anonymous_5)
FN:81,(anonymous_6)
FN:84,(anonymous_7)
FN:85,(anonymous_8)
FN:88,(anonymous_9)
FN:91,(anonymous_10)
FN:102,(anonymous_11)
FN:123,(anonymous_12)
FN:171,(anonymous_13)
FN:171,(anonymous_14)
FNF:15
FNH:0
FNDA:0,(anonymous_0)
FNDA:0,(anonymous_1)
FNDA:0,(anonymous_2)
FNDA:0,(anonymous_3)
FNDA:0,(anonymous_4)
FNDA:0,(anonymous_5)
FNDA:0,(anonymous_6)
FNDA:0,(anonymous_7)
FNDA:0,(anonymous_8)
FNDA:0,(anonymous_9)
FNDA:0,(anonymous_10)
FNDA:0,(anonymous_11)
FNDA:0,(anonymous_12)
FNDA:0,(anonymous_13)
FNDA:0,(anonymous_14)
DA:7,0
DA:22,0
DA:23,0
DA:24,0
DA:28,0
DA:37,0
DA:57,0
DA:59,0
DA:72,0
DA:81,0
DA:82,0
DA:83,0
DA:84,0
DA:86,0
DA:89,0
DA:92,0
DA:97,0
DA:102,0
DA:103,0
DA:111,0
DA:119,0
DA:124,0
DA:140,0
DA:151,0
DA:161,0
DA:171,0
LF:26
LH:0
BRDA:39,0,0,0
BRDA:40,1,0,0
BRDA:52,2,0,0
BRDA:84,3,0,0
BRDA:84,3,1,0
BRF:5
BRH:0
end_of_record
TN:
SF:src/components/ActivityFeed.jsx
FN:5,(anonymous_0)
FN:17,(anonymous_1)
FNF:2
FNH:0
FNDA:0,(anonymous_0)
FNDA:0,(anonymous_1)
DA:5,0
DA:6,0
DA:7,0
DA:15,0
DA:18,0
DA:41,0
LF:6
LH:0
BRDA:6,0,0,0
BRDA:6,0,1,0
BRDA:6,1,0,0
BRDA:6,1,1,0
BRDA:27,2,0,0
BRDA:27,2,1,0
BRF:6
BRH:0
end_of_record
TN:
SF:src/components/CompaniesTable.jsx
FN:6,(anonymous_0)
FN:16,(anonymous_1)
FN:37,(anonymous_2)
FN:58,(anonymous_3)
FN:65,(anonymous_4)
FN:72,(anonymous_5)
FNF:6
FNH:0
FNDA:0,(anonymous_0)
FNDA:0,(anonymous_1)
FNDA:0,(anonymous_2)
FNDA:0,(anonymous_3)
FNDA:0,(anonymous_4)
FNDA:0,(anonymous_5)
DA:6,0
DA:7,0
DA:12,0
DA:13,0
DA:16,0
DA:17,0
DA:19,0
DA:20,0
DA:23,0
DA:38,0
DA:58,0
DA:65,0
DA:72,0
DA:87,0
LF:14
LH:0
BRDA:12,0,0,0
BRDA:12,0,1,0
BRDA:19,1,0,0
BRDA:19,1,1,0
BRDA:19,2,0,0
BRDA:19,2,1,0
BRDA:49,3,0,0
BRDA:49,3,1,0
BRF:8
BRH:0
end_of_record
TN:
SF:src/components/DashboardHeader.jsx
FN:4,(anonymous_0)
FNF:1
FNH:0
FNDA:0,(anonymous_0)
DA:4,0
DA:5,0
DA:15,0
LF:3
LH:0
BRF:0
BRH:0
end_of_record
TN:
SF:src/components/QuickActions.jsx
FN:5,(anonymous_0)
FN:33,(anonymous_1)
FN:34,(anonymous_2)
FN:39,(anonymous_3)
FN:40,(anonymous_4)
FN:50,(anonymous_5)
FNF:6
FNH:0
FNDA:0,(anonymous_0)
FNDA:0,(anonymous_1)
FNDA:0,(anonymous_2)
FNDA:0,(anonymous_3)
FNDA:0,(anonymous_4)
FNDA:0,(anonymous_5)
DA:5,0
DA:6,0
DA:8,0
DA:15,0
DA:20,0
DA:26,0
DA:34,0
DA:40,0
DA:51,0
DA:63,0
DA:67,0
LF:11
LH:0
BRDA:39,0,0,0
BRDA:39,0,1,0
BRF:2
BRH:0
end_of_record
TN:
SF:src/components/StatCard.jsx
FN:4,(anonymous_0)
FNF:1
FNH:0
FNDA:0,(anonymous_0)
DA:4,0
DA:5,0
DA:16,0
LF:3
LH:0
BRF:0
BRH:0
end_of_record
TN:
SF:src/components/StatsGrid.jsx
FN:5,(anonymous_0)
FN:8,(anonymous_1)
FNF:2
FNH:0
FNDA:0,(anonymous_0)
FNDA:0,(anonymous_1)
DA:5,0
DA:6,0
DA:9,0
DA:20,0
LF:4
LH:0
BRF:0
BRH:0
end_of_record
TN:
SF:src/components/admin/AnalyticsDashboard.jsx
FN:30,(anonymous_0)
FN:56,(anonymous_1)
FN:69,(anonymous_2)
FN:75,(anonymous_3)
FN:76,(anonymous_4)
FN:93,(anonymous_5)
FN:168,(anonymous_6)
FNF:7
FNH:0
FNDA:0,(anonymous_0)
FNDA:0,(anonymous_1)
FNDA:0,(anonymous_2)
FNDA:0,(anonymous_3)
FNDA:0,(anonymous_4)
FNDA:0,(anonymous_5)
FNDA:0,(anonymous_6)
DA:30,0
DA:31,0
DA:56,0
DA:57,0
DA:65,0
DA:69,0
DA:70,0
DA:71,0
DA:72,0
DA:73,0
DA:75,0
DA:76,0
DA:77,0
DA:78,0
DA:79,0
DA:80,0
DA:81,0
DA:83,0
DA:84,0
DA:86,0
DA:90,0
DA:93,0
DA:94,0
DA:95,0
DA:99,0
DA:100,0
DA:107,0
DA:108,0
DA:111,0
DA:113,0
DA:115,0
DA:169,0
LF:32
LH:0
BRDA:44,0,0,0
BRDA:44,0,1,0
BRDA:45,1,0,0
BRDA:45,1,1,0
BRDA:46,2,0,0
BRDA:46,2,1,0
BRDA:94,3,0,0
BRDA:94,3,1,0
BRDA:99,4,0,0
BRDA:99,4,1,0
BRDA:107,5,0,0
BRDA:107,5,1,0
BRDA:111,6,0,0
BRDA:111,6,1,0
BRF:14
BRH:0
end_of_record
TN:
SF:src/components/admin/SystemSettings.jsx
FN:62,(anonymous_0)
FN:78,(anonymous_1)
FN:89,(anonymous_2)
FN:90,(anonymous_3)
FN:94,(anonymous_4)
FN:107,(anonymous_5)
FN:111,(anonymous_6)
FN:112,(anonymous_7)
FN:121,(anonymous_8)
FN:121,(anonymous_9)
FN:125,(anonymous_10)
FN:125,(anonymous_11)
FN:129,(anonymous_12)
FN:133,(anonymous_13)
FN:134,(anonymous_14)
FN:137,(anonymous_15)
FN:141,(anonymous_16)
FN:151,(anonymous_17)
FN:231,(anonymous_18)
FNF:19
FNH:0
FNDA:0,(anonymous_0)
FNDA:0,(anonymous_1)
FNDA:0,(anonymous_2)
FNDA:0,(anonymous_3)
FNDA:0,(anonymous_4)
FNDA:0,(anonymous_5)
FNDA:0,(anonymous_6)
FNDA:0,(anonymous_7)
FNDA:0,(anonymous_8)
FNDA:0,(anonymous_9)
FNDA:0,(anonymous_10)
FNDA:0,(anonymous_11)
FNDA:0,(anonymous_12)
FNDA:0,(anonymous_13)
FNDA:0,(anonymous_14)
FNDA:0,(anonymous_15)
FNDA:0,(anonymous_16)
FNDA:0,(anonymous_17)
FNDA:0,(anonymous_18)
DA:25,0
DA:49,0
DA:62,0
DA:63,0
DA:65,0
DA:78,0
DA:79,0
DA:80,0
DA:81,0
DA:82,0
DA:83,0
DA:89,0
DA:90,0
DA:91,0
DA:92,0
DA:94,0
DA:95,0
DA:97,0
DA:98,0
DA:100,0
DA:104,0
DA:107,0
DA:108,0
DA:111,0
DA:112,0
DA:121,0
DA:122,0
DA:125,0
DA:126,0
DA:129,0
DA:130,0
DA:133,0
DA:134,0
DA:137,0
DA:138,0
DA:139,0
DA:141,0
DA:142,0
DA:144,0
DA:145,0
DA:147,0
DA:151,0
DA:152,0
DA:153,0
DA:156,0
DA:157,0
DA:164,0
DA:232,0
LF:48
LH:0
BRDA:73,0,0,0
BRDA:73,0,1,0
BRDA:129,1,0,0
BRDA:156,2,0,0
BRDA:156,2,1,0
BRDA:184,3,0,0
BRDA:184,3,1,0
BRDA:186,4,0,0
BRDA:186,4,1,0
BRDA:396,5,0,0
BRDA:396,5,1,0
BRF:11
BRH:0
end_of_record
TN:
SF:src/components/admin/UserFilters.jsx
FN:48,(anonymous_0)
FN:56,(anonymous_1)
FN:60,(anonymous_2)
FN:64,(anonymous_3)
FN:68,(anonymous_4)
FN:72,(anonymous_5)
FN:77,(anonymous_6)
FN:85,(anonymous_7)
FN:96,(anonymous_8)
FN:101,(anonymous_9)
FN:108,(anonymous_10)
FN:113,(anonymous_11)
FN:118,(anonymous_12)
FN:119,(anonymous_13)
FN:191,(anonymous_14)
FN:213,(anonymous_15)
FN:232,(anonymous_16)
FN:272,(anonymous_17)
FN:276,(anonymous_18)
FN:280,(anonymous_19)
FN:283,(anonymous_20)
FN:286,(anonymous_21)
FNF:22
FNH:0
FNDA:0,(anonymous_0)
FNDA:0,(anonymous_1)
FNDA:0,(anonymous_2)
FNDA:0,(anonymous_3)
FNDA:0,(anonymous_4)
FNDA:0,(anonymous_5)
FNDA:0,(anonymous_6)
FNDA:0,(anonymous_7)
FNDA:0,(anonymous_8)
FNDA:0,(anonymous_9)
FNDA:0,(anonymous_10)
FNDA:0,(anonymous_11)
FNDA:0,(anonymous_12)
FNDA:0,(anonymous_13)
FNDA:0,(anonymous_14)
FNDA:0,(anonymous_15)
FNDA:0,(anonymous_16)
FNDA:0,(anonymous_17)
FNDA:0,(anonymous_18)
FNDA:0,(anonymous_19)
FNDA:0,(anonymous_20)
FNDA:0,(anonymous_21)
DA:31,0
DA:39,0
DA:48,0
DA:56,0
DA:57,0
DA:60,0
DA:61,0
DA:64,0
DA:65,0
DA:68,0
DA:69,0
DA:72,0
DA:73,0
DA:77,0
DA:78,0
DA:79,0
DA:80,0
DA:81,0
DA:85,0
DA:86,0
DA:87,0
DA:88,0
DA:90,0
DA:92,0
DA:96,0
DA:97,0
DA:98,0
DA:101,0
DA:108,0
DA:109,0
DA:113,0
DA:114,0
DA:118,0
DA:119,0
DA:120,0
DA:121,0
DA:122,0
DA:124,0
DA:128,0
DA:192,0
DA:214,0
DA:233,0
DA:273,0
DA:275,0
DA:276,0
DA:279,0
DA:280,0
DA:281,0
DA:282,0
DA:283,0
DA:284,0
DA:285,0
DA:286,0
DA:287,0
DA:288,0
DA:289,0
DA:290,0
DA:291,0
DA:294,0
LF:59
LH:0
BRDA:52,0,0,0
BRDA:53,1,0,0
BRDA:78,2,0,0
BRDA:78,2,1,0
BRDA:78,3,0,0
BRDA:78,3,1,0
BRDA:79,4,0,0
BRDA:79,4,1,0
BRDA:80,5,0,0
BRDA:80,5,1,0
BRDA:87,6,0,0
BRDA:87,6,1,0
BRDA:87,7,0,0
BRDA:87,7,1,0
BRDA:103,8,0,0
BRDA:103,8,1,0
BRDA:120,9,0,0
BRDA:120,9,1,0
BRDA:121,10,0,0
BRDA:121,10,1,0
BRDA:122,11,0,0
BRDA:122,11,1,0
BRDA:124,12,0,0
BRDA:124,12,1,0
BRDA:124,13,0,0
BRDA:124,13,1,0
BRDA:149,14,0,0
BRDA:149,14,1,0
BRDA:150,15,0,0
BRDA:150,15,1,0
BRDA:153,16,0,0
BRDA:153,16,1,0
BRDA:154,17,0,0
BRDA:154,17,1,0
BRDA:174,18,0,0
BRDA:174,18,1,0
BRDA:187,19,0,0
BRDA:187,19,1,0
BRDA:194,20,0,0
BRDA:194,20,1,0
BRDA:208,21,0,0
BRDA:208,21,1,0
BRDA:227,22,0,0
BRDA:227,22,1,0
BRDA:243,23,0,0
BRDA:243,23,1,0
BRDA:253,24,0,0
BRDA:253,24,1,0
BRDA:269,25,0,0
BRDA:269,25,1,0
BRDA:273,26,0,0
BRDA:273,26,1,0
BRDA:273,27,0,0
BRDA:273,27,1,0
BRDA:273,27,2,0
BRDA:279,28,0,0
BRDA:279,28,1,0
BRDA:281,29,0,0
BRDA:281,29,1,0
BRDA:282,30,0,0
BRDA:282,30,1,0
BRDA:284,31,0,0
BRDA:284,31,1,0
BRDA:285,32,0,0
BRDA:285,32,1,0
BRDA:287,33,0,0
BRDA:287,33,1,0
BRDA:288,34,0,0
BRDA:288,34,1,0
BRDA:289,35,0,0
BRDA:289,35,1,0
BRDA:290,36,0,0
BRDA:290,36,1,0
BRF:73
BRH:0
end_of_record
TN:
SF:src/components/admin/UserManagement.jsx
FN:62,(anonymous_0)
FN:66,(anonymous_1)
FN:86,(anonymous_2)
FN:92,(anonymous_3)
FN:94,(anonymous_4)
FN:95,(anonymous_5)
FN:98,(anonymous_6)
FN:99,(anonymous_7)
FN:100,(anonymous_8)
FN:105,(anonymous_9)
FN:119,EnhancedTableHead
FN:121,(anonymous_11)
FN:121,(anonymous_12)
FN:137,(anonymous_13)
FN:171,(anonymous_14)
FN:212,(anonymous_15)
FN:227,(anonymous_16)
FN:229,(anonymous_17)
FN:243,(anonymous_18)
FN:247,(anonymous_19)
FN:253,(anonymous_20)
FN:255,(anonymous_21)
FN:262,(anonymous_22)
FN:281,(anonymous_23)
FN:282,(anonymous_24)
FN:287,(anonymous_25)
FN:292,(anonymous_26)
FN:296,(anonymous_27)
FN:301,(anonymous_28)
FN:306,(anonymous_29)
FN:308,(anonymous_30)
FN:309,(anonymous_31)
FN:310,(anonymous_32)
FN:318,(anonymous_33)
FN:333,(anonymous_34)
FN:345,(anonymous_35)
FN:351,(anonymous_36)
FN:364,(anonymous_37)
FN:383,(anonymous_38)
FN:390,(anonymous_39)
FN:404,(anonymous_40)
FNF:41
FNH:33
FNDA:6,(anonymous_0)
FNDA:300,(anonymous_1)
FNDA:637,(anonymous_2)
FNDA:19,(anonymous_3)
FNDA:49,(anonymous_4)
FNDA:588,(anonymous_5)
FNDA:19,(anonymous_6)
FNDA:650,(anonymous_7)
FNDA:637,(anonymous_8)
FNDA:650,(anonymous_9)
FNDA:13,EnhancedTableHead
FNDA:65,(anonymous_11)
FNDA:1,(anonymous_12)
FNDA:78,(anonymous_13)
FNDA:13,(anonymous_14)
FNDA:19,(anonymous_15)
FNDA:6,(anonymous_16)
FNDA:6,(anonymous_17)
FNDA:6,(anonymous_18)
FNDA:1,(anonymous_19)
FNDA:0,(anonymous_20)
FNDA:0,(anonymous_21)
FNDA:0,(anonymous_22)
FNDA:0,(anonymous_23)
FNDA:1,(anonymous_24)
FNDA:2,(anonymous_25)
FNDA:2,(anonymous_26)
FNDA:1,(anonymous_27)
FNDA:1,(anonymous_28)
FNDA:145,(anonymous_29)
FNDA:145,(anonymous_30)
FNDA:145,(anonymous_31)
FNDA:150,(anonymous_32)
FNDA:145,(anonymous_33)
FNDA:0,(anonymous_34)
FNDA:145,(anonymous_35)
FNDA:0,(anonymous_36)
FNDA:2,(anonymous_37)
FNDA:0,(anonymous_38)
FNDA:0,(anonymous_39)
FNDA:1,(anonymous_40)
DA:48,1
DA:55,1
DA:62,1
DA:63,6
DA:64,6
DA:66,6
DA:67,300
DA:68,300
DA:69,300
DA:70,300
DA:71,300
DA:73,300
DA:86,1
DA:87,637
DA:88,637
DA:89,637
DA:92,1
DA:93,19
DA:94,49
DA:95,588
DA:98,1
DA:99,650
DA:100,19
DA:101,637
DA:102,637
DA:103,637
DA:105,650
DA:108,1
DA:120,13
DA:121,65
DA:122,1
DA:125,13
DA:138,78
DA:162,1
DA:171,1
DA:172,13
DA:174,13
DA:204,1
DA:212,1
DA:213,19
DA:214,19
DA:215,19
DA:216,19
DA:217,19
DA:218,19
DA:219,19
DA:220,19
DA:221,19
DA:222,19
DA:223,19
DA:224,19
DA:225,19
DA:227,19
DA:228,6
DA:229,6
DA:230,6
DA:231,6
DA:232,6
DA:233,6
DA:235,0
DA:236,0
DA:238,6
DA:243,19
DA:244,6
DA:247,19
DA:248,1
DA:249,1
DA:250,1
DA:253,19
DA:254,0
DA:255,0
DA:256,0
DA:257,0
DA:259,0
DA:262,19
DA:263,0
DA:264,0
DA:266,0
DA:267,0
DA:268,0
DA:269,0
DA:270,0
DA:271,0
DA:272,0
DA:273,0
DA:278,0
DA:281,19
DA:282,19
DA:283,1
DA:284,1
DA:287,19
DA:288,2
DA:289,2
DA:292,19
DA:293,2
DA:296,19
DA:297,1
DA:298,1
DA:301,19
DA:302,1
DA:303,1
DA:306,145
DA:308,145
DA:309,145
DA:310,19
DA:311,150
DA:312,150
DA:313,150
DA:315,0
DA:318,145
DA:320,19
DA:325,19
DA:327,19
DA:328,13
DA:330,13
DA:346,145
DA:347,145
DA:348,145
DA:351,0
DA:364,2
DA:383,0
DA:390,0
DA:404,1
LF:123
LH:101
BRDA:62,0,0,0
BRDA:87,1,0,0
BRDA:87,1,1,637
BRDA:88,2,0,0
BRDA:88,2,1,637
BRDA:93,3,0,1
BRDA:93,3,1,18
BRDA:102,4,0,0
BRDA:102,4,1,637
BRDA:131,5,0,13
BRDA:131,5,1,0
BRDA:132,6,0,13
BRDA:132,6,1,13
BRDA:140,7,0,0
BRDA:140,7,1,78
BRDA:141,8,0,13
BRDA:141,8,1,65
BRDA:142,9,0,13
BRDA:142,9,1,65
BRDA:144,10,0,13
BRDA:144,10,1,65
BRDA:149,11,0,13
BRDA:149,11,1,52
BRDA:180,12,0,0
BRDA:180,12,1,13
BRDA:248,13,0,1
BRDA:248,13,1,1
BRDA:249,14,0,1
BRDA:249,14,1,0
BRDA:254,15,0,0
BRDA:254,15,1,0
BRDA:266,16,0,0
BRDA:266,16,1,0
BRDA:268,17,0,0
BRDA:268,17,1,0
BRDA:270,18,0,0
BRDA:270,18,1,0
BRDA:272,19,0,0
BRDA:272,19,1,0
BRDA:308,20,0,145
BRDA:308,20,1,39
BRDA:309,21,0,145
BRDA:309,21,1,44
BRDA:311,22,0,0
BRDA:311,22,1,150
BRDA:325,23,0,0
BRDA:325,23,1,19
BRDA:327,24,0,6
BRDA:327,24,1,13
BRDA:328,25,0,0
BRDA:328,25,1,13
BRDA:335,26,0,0
BRDA:335,26,1,13
BRDA:369,27,0,13
BRDA:369,27,1,0
BRDA:369,28,0,0
BRDA:369,28,1,0
BRDA:393,29,0,13
BRDA:393,29,1,5
BRF:59
BRH:34
end_of_record
TN:
SF:src/components/common/AuthRoute.jsx
FN:10,(anonymous_0)
FNF:1
FNH:1
FNDA:4,(anonymous_0)
DA:10,1
DA:11,4
DA:12,4
DA:15,4
DA:16,1
DA:24,3
DA:25,2
DA:26,2
DA:30,1
DA:33,1
LF:10
LH:10
BRDA:10,0,0,4
BRDA:15,1,0,1
BRDA:15,1,1,3
BRDA:24,2,0,2
BRDA:24,2,1,1
BRDA:25,3,0,2
BRDA:25,3,1,1
BRF:7
BRH:7
end_of_record
TN:
SF:src/components/common/ExportButton.jsx
FN:21,(anonymous_0)
FN:39,(anonymous_1)
FN:43,(anonymous_2)
FN:47,(anonymous_3)
FN:82,(anonymous_4)
FN:86,(anonymous_5)
FN:125,(anonymous_6)
FN:128,(anonymous_7)
FNF:8
FNH:0
FNDA:0,(anonymous_0)
FNDA:0,(anonymous_1)
FNDA:0,(anonymous_2)
FNDA:0,(anonymous_3)
FNDA:0,(anonymous_4)
FNDA:0,(anonymous_5)
FNDA:0,(anonymous_6)
FNDA:0,(anonymous_7)
DA:21,0
DA:31,0
DA:32,0
DA:33,0
DA:39,0
DA:40,0
DA:43,0
DA:44,0
DA:47,0
DA:48,0
DA:49,0
DA:54,0
DA:57,0
DA:58,0
DA:60,0
DA:61,0
DA:62,0
DA:63,0
DA:69,0
DA:70,0
DA:71,0
DA:77,0
DA:78,0
DA:82,0
DA:83,0
DA:84,0
DA:86,0
DA:89,0
DA:95,0
DA:126,0
DA:128,0
LF:31
LH:0
BRDA:22,0,0,0
BRDA:23,1,0,0
BRDA:24,2,0,0
BRDA:25,3,0,0
BRDA:48,4,0,0
BRDA:48,4,1,0
BRDA:48,5,0,0
BRDA:48,5,1,0
BRDA:83,6,0,0
BRDA:83,6,1,0
BRDA:102,7,0,0
BRDA:102,7,1,0
BRDA:104,8,0,0
BRDA:104,8,1,0
BRDA:107,9,0,0
BRDA:107,9,1,0
BRF:16
BRH:0
end_of_record
TN:
SF:src/components/common/ProtectedRoute.jsx
FN:10,(anonymous_0)
FN:34,(anonymous_1)
FNF:2
FNH:2
FNDA:7,(anonymous_0)
FNDA:3,(anonymous_1)
DA:10,1
DA:16,7
DA:17,7
DA:20,7
DA:21,1
DA:29,6
DA:30,2
DA:34,4
DA:36,2
DA:40,2
DA:43,1
LF:11
LH:11
BRDA:12,0,0,4
BRDA:13,1,0,6
BRDA:14,2,0,6
BRDA:20,3,0,1
BRDA:20,3,1,6
BRDA:29,4,0,2
BRDA:29,4,1,4
BRDA:34,5,0,2
BRDA:34,5,1,2
BRDA:34,6,0,4
BRDA:34,6,1,3
BRDA:36,7,0,2
BRDA:36,7,1,0
BRF:13
BRH:12
end_of_record
TN:
SF:src/components/dashboard/DashboardCard.jsx
FN:5,(anonymous_0)
FNF:1
FNH:0
FNDA:0,(anonymous_0)
DA:5,0
DA:13,0
DA:48,0
LF:3
LH:0
BRDA:9,0,0,0
BRDA:10,1,0,0
BRDA:11,2,0,0
BRDA:24,3,0,0
BRDA:24,3,1,0
BRF:5
BRH:0
end_of_record
TN:
SF:src/components/dashboard/DashboardLayout.jsx
FN:6,(anonymous_0)
FN:13,(anonymous_1)
FN:21,(anonymous_2)
FN:32,(anonymous_3)
FNF:4
FNH:0
FNDA:0,(anonymous_0)
FNDA:0,(anonymous_1)
FNDA:0,(anonymous_2)
FNDA:0,(anonymous_3)
DA:6,0
DA:13,0
DA:21,0
DA:28,0
DA:29,0
DA:30,0
DA:32,0
DA:33,0
DA:36,0
DA:65,0
LF:10
LH:0
BRDA:25,0,0,0
BRDA:39,1,0,0
BRDA:39,1,1,0
BRDA:46,2,0,0
BRDA:46,2,1,0
BRF:5
BRH:0
end_of_record
TN:
SF:src/components/dashboard/DataTable.jsx
FN:28,TablePaginationActions
FN:32,(anonymous_1)
FN:36,(anonymous_2)
FN:40,(anonymous_3)
FN:44,(anonymous_4)
FN:90,(anonymous_5)
FN:108,(anonymous_6)
FN:126,(anonymous_7)
FN:132,(anonymous_8)
FN:136,(anonymous_9)
FN:141,(anonymous_10)
FN:144,(anonymous_11)
FN:158,(anonymous_12)
FN:181,(anonymous_13)
FN:192,(anonymous_14)
FN:219,(anonymous_15)
FN:226,(anonymous_16)
FN:232,(anonymous_17)
FNF:18
FNH:0
FNDA:0,TablePaginationActions
FNDA:0,(anonymous_1)
FNDA:0,(anonymous_2)
FNDA:0,(anonymous_3)
FNDA:0,(anonymous_4)
FNDA:0,(anonymous_5)
FNDA:0,(anonymous_6)
FNDA:0,(anonymous_7)
FNDA:0,(anonymous_8)
FNDA:0,(anonymous_9)
FNDA:0,(anonymous_10)
FNDA:0,(anonymous_11)
FNDA:0,(anonymous_12)
FNDA:0,(anonymous_13)
FNDA:0,(anonymous_14)
FNDA:0,(anonymous_15)
FNDA:0,(anonymous_16)
FNDA:0,(anonymous_17)
DA:29,0
DA:30,0
DA:32,0
DA:33,0
DA:36,0
DA:37,0
DA:40,0
DA:41,0
DA:44,0
DA:45,0
DA:48,0
DA:82,0
DA:90,0
DA:108,0
DA:121,0
DA:122,0
DA:123,0
DA:124,0
DA:126,0
DA:127,0
DA:128,0
DA:129,0
DA:132,0
DA:133,0
DA:136,0
DA:137,0
DA:138,0
DA:141,0
DA:142,0
DA:144,0
DA:145,0
DA:146,0
DA:148,0
DA:149,0
DA:151,0
DA:152,0
DA:154,0
DA:158,0
DA:159,0
DA:160,0
DA:161,0
DA:164,0
DA:168,0
DA:182,0
DA:192,0
DA:220,0
DA:226,0
DA:233,0
DA:234,0
DA:272,0
LF:50
LH:0
BRDA:55,0,0,0
BRDA:55,0,1,0
BRDA:62,1,0,0
BRDA:62,1,1,0
BRDA:69,2,0,0
BRDA:69,2,1,0
BRDA:76,3,0,0
BRDA:76,3,1,0
BRDA:113,4,0,0
BRDA:114,5,0,0
BRDA:115,6,0,0
BRDA:116,7,0,0
BRDA:117,8,0,0
BRDA:118,9,0,0
BRDA:123,10,0,0
BRDA:123,10,1,0
BRDA:127,11,0,0
BRDA:127,11,1,0
BRDA:128,12,0,0
BRDA:128,12,1,0
BRDA:142,13,0,0
BRDA:142,13,1,0
BRDA:148,14,0,0
BRDA:148,14,1,0
BRDA:149,15,0,0
BRDA:149,15,1,0
BRDA:151,16,0,0
BRDA:151,16,1,0
BRDA:152,17,0,0
BRDA:152,17,1,0
BRDA:159,18,0,0
BRDA:159,18,1,0
BRDA:164,19,0,0
BRDA:164,19,1,0
BRDA:170,20,0,0
BRDA:170,20,1,0
BRDA:184,21,0,0
BRDA:184,21,1,0
BRDA:185,22,0,0
BRDA:185,22,1,0
BRDA:186,23,0,0
BRDA:186,23,1,0
BRDA:188,24,0,0
BRDA:188,24,1,0
BRDA:191,25,0,0
BRDA:191,25,1,0
BRDA:195,26,0,0
BRDA:195,26,1,0
BRDA:207,27,0,0
BRDA:207,27,1,0
BRDA:225,28,0,0
BRDA:225,28,1,0
BRDA:226,29,0,0
BRDA:226,29,1,0
BRDA:229,30,0,0
BRDA:229,30,1,0
BRDA:235,31,0,0
BRDA:235,31,1,0
BRDA:236,32,0,0
BRDA:236,32,1,0
BRDA:243,33,0,0
BRDA:243,33,1,0
BRDA:251,34,0,0
BRDA:251,34,1,0
BRF:64
BRH:0
end_of_record
TN:
SF:src/components/dashboard/MetricCard.jsx
FN:6,(anonymous_0)
FN:21,(anonymous_1)
FN:31,(anonymous_2)
FN:37,(anonymous_3)
FNF:4
FNH:0
FNDA:0,(anonymous_0)
FNDA:0,(anonymous_1)
FNDA:0,(anonymous_2)
FNDA:0,(anonymous_3)
DA:6,0
DA:21,0
DA:31,0
DA:32,0
DA:33,0
DA:34,0
DA:37,0
DA:38,0
DA:43,0
DA:48,0
DA:52,0
DA:106,0
DA:115,0
LF:13
LH:0
BRDA:25,0,0,0
BRDA:29,1,0,0
BRDA:32,2,0,0
BRDA:32,2,1,0
BRDA:33,3,0,0
BRDA:33,3,1,0
BRDA:38,4,0,0
BRDA:38,4,1,0
BRDA:43,5,0,0
BRDA:43,5,1,0
BRDA:65,6,0,0
BRDA:65,6,1,0
BRDA:85,7,0,0
BRDA:85,7,1,0
BRDA:85,7,2,0
BRDA:86,8,0,0
BRDA:86,8,1,0
BRDA:87,9,0,0
BRDA:87,9,1,0
BRDA:95,10,0,0
BRDA:95,10,1,0
BRDA:96,11,0,0
BRDA:96,11,1,0
BRDA:106,12,0,0
BRDA:106,12,1,0
BRF:25
BRH:0
end_of_record
TN:
SF:src/components/dashboard/ResponsiveChart.jsx
FN:8,(anonymous_0)
FN:52,(anonymous_1)
FN:69,(anonymous_2)
FN:92,(anonymous_3)
FN:98,(anonymous_4)
FN:111,(anonymous_5)
FN:112,(anonymous_6)
FN:180,(anonymous_7)
FN:181,(anonymous_8)
FN:183,(anonymous_9)
FN:187,(anonymous_10)
FN:194,(anonymous_11)
FN:199,(anonymous_12)
FN:200,(anonymous_13)
FN:220,(anonymous_14)
FN:221,(anonymous_15)
FN:226,(anonymous_16)
FN:233,(anonymous_17)
FNF:18
FNH:0
FNDA:0,(anonymous_0)
FNDA:0,(anonymous_1)
FNDA:0,(anonymous_2)
FNDA:0,(anonymous_3)
FNDA:0,(anonymous_4)
FNDA:0,(anonymous_5)
FNDA:0,(anonymous_6)
FNDA:0,(anonymous_7)
FNDA:0,(anonymous_8)
FNDA:0,(anonymous_9)
FNDA:0,(anonymous_10)
FNDA:0,(anonymous_11)
FNDA:0,(anonymous_12)
FNDA:0,(anonymous_13)
FNDA:0,(anonymous_14)
FNDA:0,(anonymous_15)
FNDA:0,(anonymous_16)
FNDA:0,(anonymous_17)
DA:8,0
DA:52,0
DA:64,0
DA:65,0
DA:66,0
DA:67,0
DA:69,0
DA:70,0
DA:73,0
DA:76,0
DA:77,0
DA:80,0
DA:90,0
DA:92,0
DA:96,0
DA:98,0
DA:103,0
DA:111,0
DA:112,0
DA:115,0
DA:116,0
DA:118,0
DA:129,0
DA:132,0
DA:133,0
DA:144,0
DA:145,0
DA:158,0
DA:159,0
DA:172,0
DA:174,0
DA:180,0
DA:181,0
DA:183,0
DA:188,0
DA:194,0
DA:197,0
DA:199,0
DA:200,0
DA:204,0
DA:214,0
DA:220,0
DA:221,0
DA:227,0
DA:233,0
DA:237,0
DA:258,0
LF:47
LH:0
BRDA:59,0,0,0
BRDA:60,1,0,0
BRDA:61,2,0,0
BRDA:70,3,0,0
BRDA:70,3,1,0
BRDA:70,4,0,0
BRDA:70,4,1,0
BRDA:70,4,2,0
BRDA:70,4,3,0
BRDA:132,5,0,0
BRDA:132,5,1,0
BRDA:144,6,0,0
BRDA:144,6,1,0
BRDA:158,7,0,0
BRDA:158,7,1,0
BRDA:172,8,0,0
BRDA:172,8,1,0
BRDA:240,9,0,0
BRDA:240,9,1,0
BRF:19
BRH:0
end_of_record
TN:
SF:src/components/dashboard/index.js
FNF:0
FNH:0
LF:0
LH:0
BRF:0
BRH:0
end_of_record
TN:
SF:src/components/layout/Layout.jsx
FN:6,(anonymous_0)
FN:11,(anonymous_1)
FNF:2
FNH:0
FNDA:0,(anonymous_0)
FNDA:0,(anonymous_1)
DA:6,0
DA:7,0
DA:8,0
DA:9,0
DA:11,0
DA:12,0
DA:13,0
DA:17,0
DA:18,0
DA:21,0
LF:10
LH:0
BRDA:17,0,0,0
BRDA:17,0,1,0
BRDA:17,1,0,0
BRDA:17,1,1,0
BRDA:26,2,0,0
BRDA:26,2,1,0
BRDA:29,3,0,0
BRDA:29,3,1,0
BRDA:32,4,0,0
BRDA:32,4,1,0
BRDA:39,5,0,0
BRDA:39,5,1,0
BRDA:45,6,0,0
BRDA:45,6,1,0
BRDA:51,7,0,0
BRDA:51,7,1,0
BRF:16
BRH:0
end_of_record
TN:
SF:src/components/memory/MemorySettings.jsx
FN:26,(anonymous_0)
FN:46,(anonymous_1)
FN:63,(anonymous_2)
FN:87,(anonymous_3)
FN:108,(anonymous_4)
FN:117,(anonymous_5)
FN:125,(anonymous_6)
FN:126,(anonymous_7)
FNF:8
FNH:0
FNDA:0,(anonymous_0)
FNDA:0,(anonymous_1)
FNDA:0,(anonymous_2)
FNDA:0,(anonymous_3)
FNDA:0,(anonymous_4)
FNDA:0,(anonymous_5)
FNDA:0,(anonymous_6)
FNDA:0,(anonymous_7)
DA:26,0
DA:34,0
DA:36,0
DA:37,0
DA:38,0
DA:39,0
DA:44,0
DA:46,0
DA:47,0
DA:48,0
DA:49,0
DA:50,0
DA:51,0
DA:53,0
DA:56,0
DA:57,0
DA:59,0
DA:63,0
DA:64,0
DA:65,0
DA:67,0
DA:68,0
DA:69,0
DA:70,0
DA:71,0
DA:73,0
DA:76,0
DA:77,0
DA:80,0
DA:81,0
DA:83,0
DA:87,0
DA:88,0
DA:89,0
DA:92,0
DA:93,0
DA:94,0
DA:95,0
DA:96,0
DA:98,0
DA:101,0
DA:102,0
DA:104,0
DA:108,0
DA:109,0
DA:117,0
DA:118,0
DA:125,0
DA:126,0
DA:129,0
DA:130,0
DA:133,0
LF:52
LH:0
BRDA:50,0,0,0
BRDA:50,0,1,0
BRDA:53,1,0,0
BRDA:53,1,1,0
BRDA:57,2,0,0
BRDA:57,2,1,0
BRDA:65,3,0,0
BRDA:65,3,1,0
BRDA:70,4,0,0
BRDA:70,4,1,0
BRDA:73,5,0,0
BRDA:73,5,1,0
BRDA:77,6,0,0
BRDA:77,6,1,0
BRDA:80,7,0,0
BRDA:80,7,1,0
BRDA:88,8,0,0
BRDA:88,8,1,0
BRDA:95,9,0,0
BRDA:95,9,1,0
BRDA:98,10,0,0
BRDA:98,10,1,0
BRDA:102,11,0,0
BRDA:102,11,1,0
BRDA:117,12,0,0
BRDA:129,13,0,0
BRDA:129,13,1,0
BRDA:129,14,0,0
BRDA:129,14,1,0
BRDA:159,15,0,0
BRDA:159,15,1,0
BRDA:168,16,0,0
BRDA:168,16,1,0
BRDA:198,17,0,0
BRDA:198,17,1,0
BRF:35
BRH:0
end_of_record
TN:
SF:src/components/memory/MemoryVisualization.jsx
FN:40,(anonymous_0)
FN:49,(anonymous_1)
FN:55,(anonymous_2)
FN:61,(anonymous_3)
FN:68,(anonymous_4)
FN:71,(anonymous_5)
FN:107,(anonymous_6)
FN:111,(anonymous_7)
FN:119,(anonymous_8)
FN:159,(anonymous_9)
FN:199,(anonymous_10)
FNF:11
FNH:0
FNDA:0,(anonymous_0)
FNDA:0,(anonymous_1)
FNDA:0,(anonymous_2)
FNDA:0,(anonymous_3)
FNDA:0,(anonymous_4)
FNDA:0,(anonymous_5)
FNDA:0,(anonymous_6)
FNDA:0,(anonymous_7)
FNDA:0,(anonymous_8)
FNDA:0,(anonymous_9)
FNDA:0,(anonymous_10)
DA:35,0
DA:40,0
DA:41,0
DA:42,0
DA:44,0
DA:45,0
DA:49,0
DA:50,0
DA:51,0
DA:55,0
DA:56,0
DA:57,0
DA:58,0
DA:61,0
DA:68,0
DA:69,0
DA:71,0
DA:78,0
DA:79,0
DA:81,0
DA:108,0
DA:112,0
DA:119,0
DA:159,0
DA:200,0
LF:25
LH:0
BRDA:44,0,0,0
BRDA:44,0,1,0
BRDA:44,1,0,0
BRDA:44,1,1,0
BRDA:50,2,0,0
BRDA:50,2,1,0
BRDA:56,3,0,0
BRDA:56,3,1,0
BRDA:57,4,0,0
BRDA:57,4,1,0
BRDA:69,5,0,0
BRDA:69,5,1,0
BRDA:71,6,0,0
BRDA:71,6,1,0
BRDA:73,7,0,0
BRDA:73,7,1,0
BRDA:94,8,0,0
BRDA:94,8,1,0
BRDA:143,9,0,0
BRDA:143,9,1,0
BRDA:185,10,0,0
BRDA:185,10,1,0
BRDA:212,11,0,0
BRDA:212,11,1,0
BRF:24
BRH:0
end_of_record
TN:
SF:src/contexts/AppContext.jsx
FN:42,(anonymous_0)
FN:109,(anonymous_1)
FN:123,(anonymous_2)
FN:137,(anonymous_3)
FN:143,(anonymous_4)
FN:187,(anonymous_5)
FN:192,(anonymous_6)
FN:193,(anonymous_7)
FN:247,(anonymous_8)
FN:251,(anonymous_9)
FN:273,(anonymous_10)
FN:276,(anonymous_11)
FN:288,(anonymous_12)
FN:330,(anonymous_13)
FN:338,(anonymous_14)
FN:356,(anonymous_15)
FN:374,(anonymous_16)
FN:387,(anonymous_17)
FN:397,(anonymous_18)
FN:410,(anonymous_19)
FN:415,(anonymous_20)
FN:420,(anonymous_21)
FN:428,(anonymous_22)
FN:456,(anonymous_23)
FNF:24
FNH:11
FNDA:26,(anonymous_0)
FNDA:0,(anonymous_1)
FNDA:0,(anonymous_2)
FNDA:0,(anonymous_3)
FNDA:0,(anonymous_4)
FNDA:33,(anonymous_5)
FNDA:13,(anonymous_6)
FNDA:13,(anonymous_7)
FNDA:4,(anonymous_8)
FNDA:0,(anonymous_9)
FNDA:4,(anonymous_10)
FNDA:1,(anonymous_11)
FNDA:2,(anonymous_12)
FNDA:1,(anonymous_13)
FNDA:0,(anonymous_14)
FNDA:0,(anonymous_15)
FNDA:0,(anonymous_16)
FNDA:0,(anonymous_17)
FNDA:0,(anonymous_18)
FNDA:2,(anonymous_19)
FNDA:0,(anonymous_20)
FNDA:0,(anonymous_21)
FNDA:0,(anonymous_22)
FNDA:38,(anonymous_23)
DA:8,5
DA:22,5
DA:42,5
DA:43,26
DA:45,4
DA:54,1
DA:63,1
DA:70,8
DA:76,6
DA:83,0
DA:89,0
DA:95,4
DA:102,0
DA:109,0
DA:110,0
DA:115,0
DA:123,0
DA:128,0
DA:136,0
DA:137,0
DA:140,0
DA:143,0
DA:151,2
DA:152,2
DA:153,2
DA:155,2
DA:161,0
DA:167,0
DA:173,0
DA:179,0
DA:184,5
DA:187,5
DA:188,33
DA:189,33
DA:192,33
DA:193,13
DA:194,13
DA:196,13
DA:197,13
DA:198,7
DA:200,7
DA:203,7
DA:205,7
DA:206,3
DA:207,3
DA:208,3
DA:209,3
DA:212,3
DA:213,0
DA:219,0
DA:220,0
DA:227,0
DA:228,0
DA:229,0
DA:232,4
DA:235,6
DA:236,6
DA:243,13
DA:247,33
DA:248,4
DA:251,4
DA:252,0
DA:258,0
DA:259,0
DA:267,4
DA:269,4
DA:273,33
DA:274,4
DA:275,4
DA:276,4
DA:278,4
DA:283,0
DA:288,33
DA:289,2
DA:291,2
DA:292,2
DA:294,1
DA:295,1
DA:297,1
DA:303,1
DA:304,0
DA:310,0
DA:311,0
DA:318,1
DA:320,1
DA:325,2
DA:330,33
DA:331,1
DA:332,1
DA:333,1
DA:334,1
DA:338,33
DA:339,0
DA:341,0
DA:342,0
DA:343,0
DA:345,0
DA:349,0
DA:351,0
DA:356,33
DA:357,0
DA:358,0
DA:359,0
DA:363,0
DA:365,0
DA:369,0
DA:374,33
DA:375,0
DA:376,0
DA:377,0
DA:382,0
DA:387,33
DA:388,0
DA:389,0
DA:390,0
DA:392,0
DA:397,33
DA:398,0
DA:399,0
DA:400,0
DA:405,0
DA:410,33
DA:411,2
DA:415,33
DA:416,0
DA:420,33
DA:421,0
DA:428,33
DA:429,0
DA:433,33
DA:448,33
DA:451,5
DA:456,5
DA:457,38
DA:459,38
DA:460,0
DA:463,38
LF:137
LH:79
BRDA:43,0,0,4
BRDA:43,0,1,1
BRDA:43,0,2,1
BRDA:43,0,3,8
BRDA:43,0,4,6
BRDA:43,0,5,0
BRDA:43,0,6,0
BRDA:43,0,7,4
BRDA:43,0,8,0
BRDA:43,0,9,0
BRDA:43,0,10,0
BRDA:43,0,11,0
BRDA:43,0,12,2
BRDA:43,0,13,0
BRDA:43,0,14,0
BRDA:43,0,15,0
BRDA:43,0,16,0
BRDA:98,1,0,4
BRDA:98,1,1,3
BRDA:110,2,0,0
BRDA:110,2,1,0
BRDA:145,3,0,0
BRDA:145,3,1,0
BRDA:151,4,0,1
BRDA:151,4,1,1
BRDA:188,5,0,33
BRDA:188,5,1,33
BRDA:198,6,0,7
BRDA:198,6,1,7
BRDA:198,7,0,0
BRDA:198,7,1,7
BRDA:205,8,0,3
BRDA:205,8,1,4
BRDA:212,9,0,0
BRDA:212,9,1,3
BRDA:212,10,0,3
BRDA:212,10,1,0
BRDA:219,11,0,0
BRDA:219,11,1,0
BRDA:219,12,0,0
BRDA:219,12,1,0
BRDA:258,13,0,0
BRDA:258,13,1,0
BRDA:258,14,0,0
BRDA:258,14,1,0
BRDA:303,15,0,0
BRDA:303,15,1,1
BRDA:303,16,0,1
BRDA:303,16,1,0
BRDA:310,17,0,0
BRDA:310,17,1,0
BRDA:310,18,0,0
BRDA:310,18,1,0
BRDA:322,19,0,1
BRDA:322,19,1,0
BRDA:347,20,0,0
BRDA:347,20,1,0
BRDA:367,21,0,0
BRDA:367,21,1,0
BRDA:459,22,0,0
BRDA:459,22,1,38
BRF:61
BRH:24
end_of_record
TN:
SF:src/contexts/AuthContext.jsx
FN:7,(anonymous_0)
FN:13,(anonymous_1)
FN:14,(anonymous_2)
FN:35,(anonymous_3)
FN:48,(anonymous_4)
FN:69,(anonymous_5)
FNF:6
FNH:0
FNDA:0,(anonymous_0)
FNDA:0,(anonymous_1)
FNDA:0,(anonymous_2)
FNDA:0,(anonymous_3)
FNDA:0,(anonymous_4)
FNDA:0,(anonymous_5)
DA:5,0
DA:7,0
DA:8,0
DA:9,0
DA:10,0
DA:13,0
DA:14,0
DA:15,0
DA:16,0
DA:17,0
DA:19,0
DA:22,0
DA:25,0
DA:26,0
DA:28,0
DA:32,0
DA:35,0
DA:36,0
DA:37,0
DA:38,0
DA:39,0
DA:40,0
DA:41,0
DA:43,0
DA:44,0
DA:48,0
DA:49,0
DA:50,0
DA:51,0
DA:54,0
DA:62,0
DA:69,0
DA:70,0
LF:33
LH:0
BRDA:17,0,0,0
BRDA:17,0,1,0
BRDA:44,1,0,0
BRDA:44,1,1,0
BRDA:64,2,0,0
BRDA:64,2,1,0
BRF:6
BRH:0
end_of_record
TN:
SF:src/contexts/MemoryContext.jsx
FN:7,(anonymous_0)
FN:13,(anonymous_1)
FN:14,(anonymous_2)
FN:32,(anonymous_3)
FN:35,(anonymous_4)
FN:55,(anonymous_5)
FN:66,(anonymous_6)
FN:77,(anonymous_7)
FN:91,(anonymous_8)
FN:126,(anonymous_9)
FNF:10
FNH:0
FNDA:0,(anonymous_0)
FNDA:0,(anonymous_1)
FNDA:0,(anonymous_2)
FNDA:0,(anonymous_3)
FNDA:0,(anonymous_4)
FNDA:0,(anonymous_5)
FNDA:0,(anonymous_6)
FNDA:0,(anonymous_7)
FNDA:0,(anonymous_8)
FNDA:0,(anonymous_9)
DA:5,0
DA:7,0
DA:8,0
DA:9,0
DA:10,0
DA:13,0
DA:14,0
DA:15,0
DA:16,0
DA:17,0
DA:18,0
DA:19,0
DA:21,0
DA:22,0
DA:24,0
DA:28,0
DA:32,0
DA:33,0
DA:34,0
DA:35,0
DA:47,0
DA:49,0
DA:50,0
DA:55,0
DA:56,0
DA:57,0
DA:58,0
DA:60,0
DA:61,0
DA:66,0
DA:67,0
DA:68,0
DA:69,0
DA:71,0
DA:72,0
DA:77,0
DA:78,0
DA:79,0
DA:81,0
DA:82,0
DA:83,0
DA:85,0
DA:86,0
DA:91,0
DA:92,0
DA:93,0
DA:95,0
DA:96,0
DA:97,0
DA:99,0
DA:100,0
DA:104,0
DA:115,0
DA:122,0
DA:126,0
DA:127,0
DA:128,0
DA:129,0
DA:131,0
LF:59
LH:0
BRDA:55,0,0,0
BRDA:128,1,0,0
BRDA:128,1,1,0
BRF:3
BRH:0
end_of_record
TN:
SF:src/hooks/useCompanies.js
FN:32,(anonymous_0)
FN:42,(anonymous_1)
FN:56,(anonymous_2)
FN:57,(anonymous_3)
FN:76,(anonymous_4)
FN:80,(anonymous_5)
FNF:6
FNH:0
FNDA:0,(anonymous_0)
FNDA:0,(anonymous_1)
FNDA:0,(anonymous_2)
FNDA:0,(anonymous_3)
FNDA:0,(anonymous_4)
FNDA:0,(anonymous_5)
DA:5,0
DA:32,0
DA:33,0
DA:34,0
DA:35,0
DA:36,0
DA:42,0
DA:43,0
DA:44,0
DA:45,0
DA:51,0
DA:53,0
DA:56,0
DA:57,0
DA:58,0
DA:59,0
DA:60,0
DA:63,0
DA:69,0
DA:70,0
DA:72,0
DA:76,0
DA:77,0
DA:80,0
DA:81,0
DA:84,0
DA:86,0
DA:88,0
DA:89,0
DA:93,0
LF:30
LH:0
BRF:0
BRH:0
end_of_record
TN:
SF:src/hooks/useCompanyHub.js
FN:32,(anonymous_0)
FN:40,(anonymous_1)
FN:67,(anonymous_2)
FN:71,(anonymous_3)
FN:75,(anonymous_4)
FN:80,(anonymous_5)
FNF:6
FNH:0
FNDA:0,(anonymous_0)
FNDA:0,(anonymous_1)
FNDA:0,(anonymous_2)
FNDA:0,(anonymous_3)
FNDA:0,(anonymous_4)
FNDA:0,(anonymous_5)
DA:5,0
DA:19,0
DA:25,0
DA:32,0
DA:33,0
DA:34,0
DA:35,0
DA:36,0
DA:37,0
DA:38,0
DA:40,0
DA:41,0
DA:42,0
DA:43,0
DA:55,0
DA:56,0
DA:57,0
DA:60,0
DA:61,0
DA:63,0
DA:67,0
DA:68,0
DA:71,0
DA:72,0
DA:73,0
DA:75,0
DA:77,0
DA:78,0
DA:79,0
DA:80,0
DA:82,0
DA:84,0
DA:85,0
DA:87,0
DA:91,0
LF:35
LH:0
BRF:0
BRH:0
end_of_record
TN:
SF:src/hooks/useDashboard.js
FN:46,(anonymous_0)
FN:52,(anonymous_1)
FN:75,(anonymous_2)
FN:79,(anonymous_3)
FN:86,(anonymous_4)
FNF:5
FNH:0
FNDA:0,(anonymous_0)
FNDA:0,(anonymous_1)
FNDA:0,(anonymous_2)
FNDA:0,(anonymous_3)
FNDA:0,(anonymous_4)
DA:4,0
DA:11,0
DA:46,0
DA:47,0
DA:48,0
DA:49,0
DA:50,0
DA:52,0
DA:53,0
DA:54,0
DA:55,0
DA:65,0
DA:66,0
DA:68,0
DA:69,0
DA:71,0
DA:75,0
DA:76,0
DA:79,0
DA:80,0
DA:81,0
DA:82,0
DA:83,0
DA:86,0
DA:87,0
DA:93,0
DA:96,0
LF:27
LH:0
BRDA:81,0,0,0
BRDA:81,0,1,0
BRDA:82,1,0,0
BRDA:82,1,1,0
BRDA:93,2,0,0
BRDA:93,2,1,0
BRF:6
BRH:0
end_of_record
TN:
SF:src/pages/AdminDashboard.jsx
FN:66,TabPanel
FN:86,a11yProps
FN:93,(anonymous_2)
FN:127,(anonymous_3)
FN:128,(anonymous_4)
FN:131,(anonymous_5)
FN:136,(anonymous_6)
FN:141,(anonymous_7)
FN:147,(anonymous_8)
FN:148,(anonymous_9)
FN:148,(anonymous_10)
FN:152,(anonymous_11)
FN:153,(anonymous_12)
FN:153,(anonymous_13)
FN:156,(anonymous_14)
FN:159,(anonymous_15)
FN:165,(anonymous_16)
FN:175,(anonymous_17)
FN:184,(anonymous_18)
FN:194,(anonymous_19)
FN:195,(anonymous_20)
FN:220,(anonymous_21)
FN:224,(anonymous_22)
FN:232,(anonymous_23)
FN:286,(anonymous_24)
FN:290,(anonymous_25)
FN:296,(anonymous_26)
FN:305,(anonymous_27)
FN:314,(anonymous_28)
FN:351,(anonymous_29)
FN:371,(anonymous_30)
FN:384,(anonymous_31)
FN:387,(anonymous_32)
FN:413,(anonymous_33)
FN:420,(anonymous_34)
FN:440,(anonymous_35)
FN:446,(anonymous_36)
FN:462,(anonymous_37)
FN:477,(anonymous_38)
FN:481,(anonymous_39)
FN:512,(anonymous_40)
FN:618,(anonymous_41)
FN:757,(anonymous_42)
FN:765,(anonymous_43)
FN:796,(anonymous_44)
FN:804,(anonymous_45)
FN:812,(anonymous_46)
FNF:47
FNH:0
FNDA:0,TabPanel
FNDA:0,a11yProps
FNDA:0,(anonymous_2)
FNDA:0,(anonymous_3)
FNDA:0,(anonymous_4)
FNDA:0,(anonymous_5)
FNDA:0,(anonymous_6)
FNDA:0,(anonymous_7)
FNDA:0,(anonymous_8)
FNDA:0,(anonymous_9)
FNDA:0,(anonymous_10)
FNDA:0,(anonymous_11)
FNDA:0,(anonymous_12)
FNDA:0,(anonymous_13)
FNDA:0,(anonymous_14)
FNDA:0,(anonymous_15)
FNDA:0,(anonymous_16)
FNDA:0,(anonymous_17)
FNDA:0,(anonymous_18)
FNDA:0,(anonymous_19)
FNDA:0,(anonymous_20)
FNDA:0,(anonymous_21)
FNDA:0,(anonymous_22)
FNDA:0,(anonymous_23)
FNDA:0,(anonymous_24)
FNDA:0,(anonymous_25)
FNDA:0,(anonymous_26)
FNDA:0,(anonymous_27)
FNDA:0,(anonymous_28)
FNDA:0,(anonymous_29)
FNDA:0,(anonymous_30)
FNDA:0,(anonymous_31)
FNDA:0,(anonymous_32)
FNDA:0,(anonymous_33)
FNDA:0,(anonymous_34)
FNDA:0,(anonymous_35)
FNDA:0,(anonymous_36)
FNDA:0,(anonymous_37)
FNDA:0,(anonymous_38)
FNDA:0,(anonymous_39)
FNDA:0,(anonymous_40)
FNDA:0,(anonymous_41)
FNDA:0,(anonymous_42)
FNDA:0,(anonymous_43)
FNDA:0,(anonymous_44)
FNDA:0,(anonymous_45)
FNDA:0,(anonymous_46)
DA:67,0
DA:69,0
DA:87,0
DA:93,0
DA:94,0
DA:95,0
DA:96,0
DA:97,0
DA:98,0
DA:99,0
DA:100,0
DA:101,0
DA:102,0
DA:103,0
DA:104,0
DA:105,0
DA:111,0
DA:118,0
DA:124,0
DA:125,0
DA:127,0
DA:128,0
DA:131,0
DA:132,0
DA:133,0
DA:136,0
DA:137,0
DA:138,0
DA:141,0
DA:142,0
DA:143,0
DA:144,0
DA:147,0
DA:148,0
DA:149,0
DA:152,0
DA:153,0
DA:154,0
DA:156,0
DA:159,0
DA:160,0
DA:161,0
DA:165,0
DA:167,0
DA:175,0
DA:177,0
DA:184,0
DA:186,0
DA:194,0
DA:195,0
DA:196,0
DA:197,0
DA:198,0
DA:204,0
DA:205,0
DA:206,0
DA:208,0
DA:209,0
DA:211,0
DA:215,0
DA:218,0
DA:220,0
DA:224,0
DA:225,0
DA:226,0
DA:227,0
DA:228,0
DA:229,0
DA:232,0
DA:233,0
DA:235,0
DA:236,0
DA:237,0
DA:238,0
DA:239,0
DA:240,0
DA:242,0
DA:243,0
DA:286,0
DA:287,0
DA:288,0
DA:290,0
DA:296,0
DA:297,0
DA:298,0
DA:299,0
DA:300,0
DA:301,0
DA:305,0
DA:306,0
DA:307,0
DA:308,0
DA:309,0
DA:310,0
DA:314,0
DA:315,0
DA:316,0
DA:317,0
DA:324,0
DA:351,0
DA:352,0
DA:372,0
DA:373,0
DA:385,0
DA:387,0
DA:413,0
DA:420,0
DA:421,0
DA:440,0
DA:446,0
DA:462,0
DA:463,0
DA:478,0
DA:481,0
DA:506,0
DA:512,0
DA:619,0
DA:757,0
DA:766,0
DA:796,0
DA:804,0
DA:812,0
LF:122
LH:0
BRDA:77,0,0,0
BRDA:77,0,1,0
BRDA:154,1,0,0
BRDA:154,1,1,0
BRDA:226,2,0,0
BRDA:226,2,1,0
BRDA:227,3,0,0
BRDA:227,3,1,0
BRDA:228,4,0,0
BRDA:228,4,1,0
BRDA:235,5,0,0
BRDA:235,5,1,0
BRDA:235,5,2,0
BRDA:235,5,3,0
BRDA:235,5,4,0
BRDA:242,6,0,0
BRDA:242,6,1,0
BRDA:286,7,0,0
BRDA:287,8,0,0
BRDA:287,8,1,0
BRDA:297,9,0,0
BRDA:297,9,1,0
BRDA:297,9,2,0
BRDA:297,9,3,0
BRDA:306,10,0,0
BRDA:306,10,1,0
BRDA:306,10,2,0
BRDA:306,10,3,0
BRDA:315,11,0,0
BRDA:315,11,1,0
BRDA:379,12,0,0
BRDA:379,12,1,0
BRDA:383,13,0,0
BRDA:383,13,1,0
BRDA:389,14,0,0
BRDA:389,14,1,0
BRDA:394,15,0,0
BRDA:394,15,1,0
BRDA:434,16,0,0
BRDA:434,16,1,0
BRDA:436,17,0,0
BRDA:436,17,1,0
BRDA:472,18,0,0
BRDA:472,18,1,0
BRDA:483,19,0,0
BRDA:483,19,1,0
BRDA:492,20,0,0
BRDA:492,20,1,0
BRDA:496,21,0,0
BRDA:496,21,1,0
BRDA:530,22,0,0
BRDA:530,22,1,0
BRDA:549,23,0,0
BRDA:549,23,1,0
BRDA:569,24,0,0
BRDA:569,24,1,0
BRDA:569,24,2,0
BRDA:581,25,0,0
BRDA:581,25,1,0
BRDA:590,26,0,0
BRDA:590,26,1,0
BRDA:653,27,0,0
BRDA:653,27,1,0
BRDA:665,28,0,0
BRDA:665,28,1,0
BRDA:769,29,0,0
BRDA:769,29,1,0
BRDA:771,30,0,0
BRDA:771,30,1,0
BRF:69
BRH:0
end_of_record
TN:
SF:src/pages/CompanyHub.jsx
FN:8,(anonymous_0)
FN:22,(anonymous_1)
FN:114,(anonymous_2)
FN:121,(anonymous_3)
FN:140,(anonymous_4)
FN:146,(anonymous_5)
FNF:6
FNH:0
FNDA:0,(anonymous_0)
FNDA:0,(anonymous_1)
FNDA:0,(anonymous_2)
FNDA:0,(anonymous_3)
FNDA:0,(anonymous_4)
FNDA:0,(anonymous_5)
DA:8,0
DA:9,0
DA:10,0
DA:20,0
DA:22,0
DA:23,0
DA:24,0
DA:28,0
DA:29,0
DA:37,0
DA:114,0
DA:122,0
DA:140,0
DA:146,0
LF:14
LH:0
BRDA:23,0,0,0
BRDA:23,0,1,0
BRDA:28,1,0,0
BRDA:28,1,1,0
BRDA:28,2,0,0
BRDA:28,2,1,0
BRDA:46,3,0,0
BRDA:46,3,1,0
BRDA:50,4,0,0
BRDA:50,4,1,0
BRDA:58,5,0,0
BRDA:58,5,1,0
BRF:12
BRH:0
end_of_record
TN:
SF:src/pages/Dashboard.jsx
FN:11,(anonymous_0)
FN:16,(anonymous_1)
FN:54,(anonymous_2)
FN:66,(anonymous_3)
FN:73,(anonymous_4)
FNF:5
FNH:0
FNDA:0,(anonymous_0)
FNDA:0,(anonymous_1)
FNDA:0,(anonymous_2)
FNDA:0,(anonymous_3)
FNDA:0,(anonymous_4)
DA:11,0
DA:12,0
DA:13,0
DA:14,0
DA:16,0
DA:17,0
DA:18,0
DA:22,0
DA:23,0
DA:30,0
DA:37,0
DA:54,0
DA:66,0
DA:73,0
LF:14
LH:0
BRDA:17,0,0,0
BRDA:17,0,1,0
BRDA:22,1,0,0
BRDA:22,1,1,0
BRDA:39,2,0,0
BRDA:39,2,1,0
BRDA:41,3,0,0
BRDA:41,3,1,0
BRF:8
BRH:0
end_of_record
TN:
SF:src/pages/DeviceRegistration.jsx
FN:35,(anonymous_0)
FN:50,(anonymous_1)
FN:57,(anonymous_2)
FN:69,(anonymous_3)
FN:91,(anonymous_4)
FN:95,(anonymous_5)
FN:97,(anonymous_6)
FN:112,(anonymous_7)
FN:118,(anonymous_8)
FN:120,(anonymous_9)
FN:130,(anonymous_10)
FN:135,(anonymous_11)
FN:141,(anonymous_12)
FN:156,(anonymous_13)
FN:163,(anonymous_14)
FN:186,(anonymous_15)
FN:204,(anonymous_16)
FN:222,(anonymous_17)
FN:236,(anonymous_18)
FN:330,(anonymous_19)
FN:345,(anonymous_20)
FN:374,(anonymous_21)
FN:386,(anonymous_22)
FNF:23
FNH:0
FNDA:0,(anonymous_0)
FNDA:0,(anonymous_1)
FNDA:0,(anonymous_2)
FNDA:0,(anonymous_3)
FNDA:0,(anonymous_4)
FNDA:0,(anonymous_5)
FNDA:0,(anonymous_6)
FNDA:0,(anonymous_7)
FNDA:0,(anonymous_8)
FNDA:0,(anonymous_9)
FNDA:0,(anonymous_10)
FNDA:0,(anonymous_11)
FNDA:0,(anonymous_12)
FNDA:0,(anonymous_13)
FNDA:0,(anonymous_14)
FNDA:0,(anonymous_15)
FNDA:0,(anonymous_16)
FNDA:0,(anonymous_17)
FNDA:0,(anonymous_18)
FNDA:0,(anonymous_19)
FNDA:0,(anonymous_20)
FNDA:0,(anonymous_21)
FNDA:0,(anonymous_22)
DA:30,0
DA:35,0
DA:36,0
DA:37,0
DA:38,0
DA:39,0
DA:40,0
DA:41,0
DA:42,0
DA:43,0
DA:44,0
DA:45,0
DA:46,0
DA:47,0
DA:50,0
DA:51,0
DA:52,0
DA:54,0
DA:57,0
DA:58,0
DA:59,0
DA:60,0
DA:61,0
DA:64,0
DA:65,0
DA:67,0
DA:69,0
DA:71,0
DA:78,0
DA:79,0
DA:80,0
DA:81,0
DA:82,0
DA:84,0
DA:85,0
DA:87,0
DA:91,0
DA:92,0
DA:93,0
DA:95,0
DA:97,0
DA:98,0
DA:103,0
DA:105,0
DA:106,0
DA:108,0
DA:112,0
DA:113,0
DA:115,0
DA:116,0
DA:118,0
DA:120,0
DA:121,0
DA:123,0
DA:124,0
DA:126,0
DA:130,0
DA:131,0
DA:132,0
DA:135,0
DA:136,0
DA:137,0
DA:141,0
DA:142,0
DA:143,0
DA:147,0
DA:156,0
DA:163,0
DA:186,0
DA:204,0
DA:222,0
DA:236,0
DA:330,0
DA:346,0
DA:374,0
DA:386,0
LF:76
LH:0
BRDA:59,0,0,0
BRDA:59,0,1,0
BRDA:59,1,0,0
BRDA:59,1,1,0
BRDA:98,2,0,0
BRDA:98,2,1,0
BRDA:113,3,0,0
BRDA:113,3,1,0
BRDA:142,4,0,0
BRDA:142,4,1,0
BRDA:155,5,0,0
BRDA:155,5,1,0
BRDA:162,6,0,0
BRDA:162,6,1,0
BRDA:170,7,0,0
BRDA:170,7,1,0
BRDA:216,8,0,0
BRDA:216,8,1,0
BRDA:225,9,0,0
BRDA:225,9,1,0
BRDA:234,10,0,0
BRDA:234,10,1,0
BRDA:260,11,0,0
BRDA:260,11,1,0
BRDA:261,12,0,0
BRDA:261,12,1,0
BRDA:263,13,0,0
BRDA:263,13,1,0
BRDA:269,14,0,0
BRDA:269,14,1,0
BRDA:288,15,0,0
BRDA:288,15,1,0
BRDA:337,16,0,0
BRDA:337,16,1,0
BRDA:355,17,0,0
BRDA:355,17,1,0
BRDA:369,18,0,0
BRDA:369,18,1,0
BRDA:402,19,0,0
BRDA:402,19,1,0
BRDA:409,20,0,0
BRDA:409,20,1,0
BRDA:412,21,0,0
BRDA:412,21,1,0
BRF:44
BRH:0
end_of_record
TN:
SF:src/pages/LicensingSync.jsx
FN:8,(anonymous_0)
FN:40,(anonymous_1)
FN:45,(anonymous_2)
FN:50,(anonymous_3)
FN:52,(anonymous_4)
FN:60,(anonymous_5)
FN:62,(anonymous_6)
FN:68,(anonymous_7)
FN:70,(anonymous_8)
FN:76,(anonymous_9)
FN:97,(anonymous_10)
FN:102,(anonymous_11)
FN:103,(anonymous_12)
FN:104,(anonymous_13)
FN:120,(anonymous_14)
FN:130,(anonymous_15)
FN:131,(anonymous_16)
FN:139,(anonymous_17)
FN:150,(anonymous_18)
FN:171,(anonymous_19)
FN:178,(anonymous_20)
FN:195,(anonymous_21)
FN:202,(anonymous_22)
FN:208,(anonymous_23)
FN:221,(anonymous_24)
FN:239,(anonymous_25)
FN:247,(anonymous_26)
FN:249,(anonymous_27)
FN:255,(anonymous_28)
FN:275,(anonymous_29)
FN:282,(anonymous_30)
FN:292,(anonymous_31)
FN:315,(anonymous_32)
FN:325,(anonymous_33)
FN:371,(anonymous_34)
FN:383,(anonymous_35)
FN:391,(anonymous_36)
FN:414,(anonymous_37)
FN:427,(anonymous_38)
FN:436,(anonymous_39)
FN:489,(anonymous_40)
FN:524,(anonymous_41)
FN:547,(anonymous_42)
FN:553,(anonymous_43)
FN:563,(anonymous_44)
FN:578,(anonymous_45)
FN:584,(anonymous_46)
FN:594,(anonymous_47)
FN:870,(anonymous_48)
FN:886,(anonymous_49)
FN:927,(anonymous_50)
FN:933,(anonymous_51)
FNF:52
FNH:0
FNDA:0,(anonymous_0)
FNDA:0,(anonymous_1)
FNDA:0,(anonymous_2)
FNDA:0,(anonymous_3)
FNDA:0,(anonymous_4)
FNDA:0,(anonymous_5)
FNDA:0,(anonymous_6)
FNDA:0,(anonymous_7)
FNDA:0,(anonymous_8)
FNDA:0,(anonymous_9)
FNDA:0,(anonymous_10)
FNDA:0,(anonymous_11)
FNDA:0,(anonymous_12)
FNDA:0,(anonymous_13)
FNDA:0,(anonymous_14)
FNDA:0,(anonymous_15)
FNDA:0,(anonymous_16)
FNDA:0,(anonymous_17)
FNDA:0,(anonymous_18)
FNDA:0,(anonymous_19)
FNDA:0,(anonymous_20)
FNDA:0,(anonymous_21)
FNDA:0,(anonymous_22)
FNDA:0,(anonymous_23)
FNDA:0,(anonymous_24)
FNDA:0,(anonymous_25)
FNDA:0,(anonymous_26)
FNDA:0,(anonymous_27)
FNDA:0,(anonymous_28)
FNDA:0,(anonymous_29)
FNDA:0,(anonymous_30)
FNDA:0,(anonymous_31)
FNDA:0,(anonymous_32)
FNDA:0,(anonymous_33)
FNDA:0,(anonymous_34)
FNDA:0,(anonymous_35)
FNDA:0,(anonymous_36)
FNDA:0,(anonymous_37)
FNDA:0,(anonymous_38)
FNDA:0,(anonymous_39)
FNDA:0,(anonymous_40)
FNDA:0,(anonymous_41)
FNDA:0,(anonymous_42)
FNDA:0,(anonymous_43)
FNDA:0,(anonymous_44)
FNDA:0,(anonymous_45)
FNDA:0,(anonymous_46)
FNDA:0,(anonymous_47)
FNDA:0,(anonymous_48)
FNDA:0,(anonymous_49)
FNDA:0,(anonymous_50)
FNDA:0,(anonymous_51)
DA:8,0
DA:9,0
DA:10,0
DA:22,0
DA:30,0
DA:40,0
DA:41,0
DA:43,0
DA:45,0
DA:46,0
DA:47,0
DA:50,0
DA:51,0
DA:52,0
DA:60,0
DA:61,0
DA:62,0
DA:68,0
DA:69,0
DA:70,0
DA:76,0
DA:77,0
DA:78,0
DA:81,0
DA:82,0
DA:83,0
DA:86,0
DA:97,0
DA:98,0
DA:102,0
DA:103,0
DA:104,0
DA:111,0
DA:112,0
DA:114,0
DA:115,0
DA:116,0
DA:120,0
DA:127,0
DA:130,0
DA:131,0
DA:138,0
DA:139,0
DA:147,0
DA:148,0
DA:150,0
DA:151,0
DA:152,0
DA:156,0
DA:157,0
DA:163,0
DA:164,0
DA:165,0
DA:166,0
DA:168,0
DA:169,0
DA:171,0
DA:172,0
DA:173,0
DA:174,0
DA:178,0
DA:179,0
DA:187,0
DA:188,0
DA:192,0
DA:195,0
DA:196,0
DA:197,0
DA:198,0
DA:201,0
DA:202,0
DA:205,0
DA:208,0
DA:217,0
DA:218,0
DA:220,0
DA:221,0
DA:224,0
DA:226,0
DA:227,0
DA:229,0
DA:239,0
DA:247,0
DA:248,0
DA:249,0
DA:255,0
DA:256,0
DA:258,0
DA:259,0
DA:260,0
DA:263,0
DA:265,0
DA:272,0
DA:275,0
DA:281,0
DA:282,0
DA:285,0
DA:287,0
DA:288,0
DA:292,0
DA:293,0
DA:295,0
DA:296,0
DA:297,0
DA:300,0
DA:301,0
DA:302,0
DA:305,0
DA:307,0
DA:310,0
DA:312,0
DA:313,0
DA:314,0
DA:315,0
DA:318,0
DA:320,0
DA:321,0
DA:325,0
DA:326,0
DA:328,0
DA:329,0
DA:330,0
DA:332,0
DA:333,0
DA:336,0
DA:337,0
DA:338,0
DA:341,0
DA:343,0
DA:344,0
DA:345,0
DA:346,0
DA:347,0
DA:348,0
DA:349,0
DA:350,0
DA:351,0
DA:352,0
DA:353,0
DA:357,0
DA:366,0
DA:367,0
DA:371,0
DA:372,0
DA:379,0
DA:380,0
DA:383,0
DA:384,0
DA:392,0
DA:393,0
DA:414,0
DA:427,0
DA:437,0
DA:438,0
DA:439,0
DA:490,0
DA:524,0
DA:525,0
DA:526,0
DA:527,0
DA:530,0
DA:531,0
DA:532,0
DA:534,0
DA:540,0
DA:541,0
DA:542,0
DA:546,0
DA:547,0
DA:552,0
DA:553,0
DA:556,0
DA:558,0
DA:559,0
DA:563,0
DA:564,0
DA:565,0
DA:566,0
DA:569,0
DA:570,0
DA:573,0
DA:574,0
DA:577,0
DA:578,0
DA:583,0
DA:584,0
DA:587,0
DA:589,0
DA:590,0
DA:594,0
DA:595,0
DA:871,0
DA:886,0
DA:913,0
DA:927,0
DA:933,0
LF:196
LH:0
BRDA:17,0,0,0
BRDA:17,0,1,0
BRDA:41,1,0,0
BRDA:41,1,1,0
BRDA:56,2,0,0
BRDA:56,2,1,0
BRDA:72,3,0,0
BRDA:72,3,1,0
BRDA:81,4,0,0
BRDA:81,4,1,0
BRDA:111,5,0,0
BRDA:111,5,1,0
BRDA:115,6,0,0
BRDA:115,6,1,0
BRDA:138,7,0,0
BRDA:138,7,1,0
BRDA:172,8,0,0
BRDA:172,8,1,0
BRDA:196,9,0,0
BRDA:196,9,1,0
BRDA:224,10,0,0
BRDA:224,10,1,0
BRDA:227,11,0,0
BRDA:227,11,1,0
BRDA:233,12,0,0
BRDA:233,12,1,0
BRDA:251,13,0,0
BRDA:251,13,1,0
BRDA:258,14,0,0
BRDA:258,14,1,0
BRDA:285,15,0,0
BRDA:285,15,1,0
BRDA:288,16,0,0
BRDA:288,16,1,0
BRDA:295,17,0,0
BRDA:295,17,1,0
BRDA:300,18,0,0
BRDA:300,18,1,0
BRDA:318,19,0,0
BRDA:318,19,1,0
BRDA:321,20,0,0
BRDA:321,20,1,0
BRDA:325,21,0,0
BRDA:326,22,0,0
BRDA:326,22,1,0
BRDA:330,23,0,0
BRDA:330,23,1,0
BRDA:332,24,0,0
BRDA:332,24,1,0
BRDA:341,25,0,0
BRDA:341,25,1,0
BRDA:344,26,0,0
BRDA:344,26,1,0
BRDA:346,27,0,0
BRDA:346,27,1,0
BRDA:347,28,0,0
BRDA:347,28,1,0
BRDA:348,29,0,0
BRDA:348,29,1,0
BRDA:349,30,0,0
BRDA:349,30,1,0
BRDA:350,31,0,0
BRDA:350,31,1,0
BRDA:352,32,0,0
BRDA:352,32,1,0
BRDA:379,33,0,0
BRDA:379,33,1,0
BRDA:393,34,0,0
BRDA:393,34,1,0
BRDA:402,35,0,0
BRDA:402,35,1,0
BRDA:409,36,0,0
BRDA:409,36,1,0
BRDA:419,37,0,0
BRDA:419,37,1,0
BRDA:473,38,0,0
BRDA:473,38,1,0
BRDA:525,39,0,0
BRDA:525,39,1,0
BRDA:532,40,0,0
BRDA:532,40,1,0
BRDA:541,41,0,0
BRDA:541,41,1,0
BRDA:549,42,0,0
BRDA:549,42,1,0
BRDA:556,43,0,0
BRDA:556,43,1,0
BRDA:559,44,0,0
BRDA:559,44,1,0
BRDA:564,45,0,0
BRDA:564,45,1,0
BRDA:569,46,0,0
BRDA:569,46,1,0
BRDA:580,47,0,0
BRDA:580,47,1,0
BRDA:587,48,0,0
BRDA:587,48,1,0
BRDA:590,49,0,0
BRDA:590,49,1,0
BRDA:597,50,0,0
BRDA:597,50,1,0
BRDA:604,51,0,0
BRDA:604,51,1,0
BRDA:616,52,0,0
BRDA:616,52,1,0
BRDA:620,53,0,0
BRDA:620,53,1,0
BRDA:654,54,0,0
BRDA:654,54,1,0
BRDA:676,55,0,0
BRDA:676,55,1,0
BRDA:690,56,0,0
BRDA:690,56,1,0
BRDA:696,57,0,0
BRDA:696,57,1,0
BRDA:698,58,0,0
BRDA:698,58,1,0
BRDA:700,59,0,0
BRDA:700,59,1,0
BRDA:708,60,0,0
BRDA:708,60,1,0
BRDA:710,61,0,0
BRDA:710,61,1,0
BRDA:712,62,0,0
BRDA:712,62,1,0
BRDA:717,63,0,0
BRDA:717,63,1,0
BRDA:728,64,0,0
BRDA:728,64,1,0
BRDA:874,65,0,0
BRDA:874,65,1,0
BRDA:879,66,0,0
BRDA:879,66,1,0
BRDA:881,67,0,0
BRDA:881,67,1,0
BRDA:897,68,0,0
BRDA:897,68,1,0
BRDA:920,69,0,0
BRDA:920,69,1,0
BRDA:921,70,0,0
BRDA:921,70,1,0
BRDA:926,71,0,0
BRDA:926,71,1,0
BRDA:932,72,0,0
BRDA:932,72,1,0
BRDA:940,73,0,0
BRDA:940,73,1,0
BRF:147
BRH:0
end_of_record
TN:
SF:src/pages/Login.jsx
FN:6,(anonymous_0)
FN:14,(anonymous_1)
FN:16,(anonymous_2)
FN:22,(anonymous_3)
FNF:4
FNH:4
FNDA:6,(anonymous_0)
FNDA:2,(anonymous_1)
FNDA:2,(anonymous_2)
FNDA:1,(anonymous_3)
DA:6,1
DA:7,6
DA:11,6
DA:12,6
DA:14,6
DA:15,2
DA:16,2
DA:22,6
DA:23,1
DA:24,1
DA:28,6
LF:11
LH:11
BRDA:36,0,0,6
BRDA:36,0,1,1
BRDA:75,1,0,1
BRDA:75,1,1,5
BRF:4
BRH:4
end_of_record
TN:
SF:src/pages/MemoryManagement.jsx
FN:6,TabPanel
FN:26,a11yProps
FN:33,(anonymous_2)
FN:36,(anonymous_3)
FNF:4
FNH:0
FNDA:0,TabPanel
FNDA:0,a11yProps
FNDA:0,(anonymous_2)
FNDA:0,(anonymous_3)
DA:7,0
DA:9,0
DA:27,0
DA:33,0
DA:34,0
DA:36,0
DA:37,0
DA:40,0
LF:8
LH:0
BRDA:17,0,0,0
BRDA:17,0,1,0
BRF:2
BRH:0
end_of_record
TN:
SF:src/pages/Register.jsx
FN:6,(anonymous_0)
FN:20,(anonymous_1)
FN:22,(anonymous_2)
FN:28,(anonymous_3)
FN:52,(anonymous_4)
FNF:5
FNH:0
FNDA:0,(anonymous_0)
FNDA:0,(anonymous_1)
FNDA:0,(anonymous_2)
FNDA:0,(anonymous_3)
FNDA:0,(anonymous_4)
DA:6,0
DA:7,0
DA:14,0
DA:15,0
DA:16,0
DA:17,0
DA:18,0
DA:20,0
DA:21,0
DA:22,0
DA:28,0
DA:29,0
DA:30,0
DA:31,0
DA:34,0
DA:35,0
DA:36,0
DA:37,0
DA:40,0
DA:42,0
DA:43,0
DA:50,0
DA:51,0
DA:52,0
DA:53,0
DA:56,0
DA:59,0
DA:60,0
DA:62,0
DA:66,0
DA:67,0
DA:79,0
LF:32
LH:0
BRDA:34,0,0,0
BRDA:34,0,1,0
BRDA:50,1,0,0
BRDA:50,1,1,0
BRDA:56,2,0,0
BRDA:56,2,1,0
BRDA:66,3,0,0
BRDA:66,3,1,0
BRDA:87,4,0,0
BRDA:87,4,1,0
BRDA:164,5,0,0
BRDA:164,5,1,0
BRF:12
BRH:0
end_of_record
TN:
SF:src/pages/SuperadminDashboard.jsx
FN:9,(anonymous_0)
FN:14,(anonymous_1)
FN:40,(anonymous_2)
FN:57,(anonymous_3)
FNF:4
FNH:0
FNDA:0,(anonymous_0)
FNDA:0,(anonymous_1)
FNDA:0,(anonymous_2)
FNDA:0,(anonymous_3)
DA:9,0
DA:10,0
DA:11,0
DA:12,0
DA:14,0
DA:15,0
DA:16,0
DA:20,0
DA:21,0
DA:29,0
DA:35,0
DA:40,0
DA:58,0
LF:13
LH:0
BRDA:15,0,0,0
BRDA:15,0,1,0
BRDA:20,1,0,0
BRDA:20,1,1,0
BRDA:49,2,0,0
BRDA:49,2,1,0
BRF:6
BRH:0
end_of_record
TN:
SF:src/services/adminApi.js
FN:4,(anonymous_0)
FN:15,(anonymous_1)
FN:26,(anonymous_2)
FN:37,(anonymous_3)
FN:48,(anonymous_4)
FNF:5
FNH:0
FNDA:0,(anonymous_0)
FNDA:0,(anonymous_1)
FNDA:0,(anonymous_2)
FNDA:0,(anonymous_3)
FNDA:0,(anonymous_4)
DA:4,0
DA:5,0
DA:6,0
DA:7,0
DA:9,0
DA:10,0
DA:15,0
DA:16,0
DA:17,0
DA:18,0
DA:20,0
DA:21,0
DA:26,0
DA:27,0
DA:28,0
DA:29,0
DA:31,0
DA:32,0
DA:37,0
DA:38,0
DA:39,0
DA:40,0
DA:42,0
DA:43,0
DA:48,0
DA:49,0
DA:50,0
DA:51,0
DA:53,0
DA:54,0
LF:30
LH:0
BRF:0
BRH:0
end_of_record
TN:
SF:src/services/analyticsService.js
FN:5,(anonymous_0)
FN:21,(anonymous_1)
FN:28,(anonymous_2)
FN:35,(anonymous_3)
FN:46,(anonymous_4)
FN:49,(anonymous_5)
FNF:6
FNH:0
FNDA:0,(anonymous_0)
FNDA:0,(anonymous_1)
FNDA:0,(anonymous_2)
FNDA:0,(anonymous_3)
FNDA:0,(anonymous_4)
FNDA:0,(anonymous_5)
DA:5,0
DA:6,0
DA:7,0
DA:8,0
DA:9,0
DA:10,0
DA:18,0
DA:21,0
DA:28,0
DA:35,0
DA:45,0
DA:47,0
DA:49,0
DA:51,0
LF:14
LH:0
BRDA:5,0,0,0
BRDA:46,1,0,0
BRF:2
BRH:0
end_of_record
TN:
SF:src/services/api.js
FN:16,(anonymous_0)
FN:17,(anonymous_1)
FN:29,(anonymous_2)
FN:36,(anonymous_3)
FN:43,(anonymous_4)
FN:44,(anonymous_5)
FN:58,(anonymous_6)
FN:61,(anonymous_7)
FN:65,(anonymous_8)
FN:110,(anonymous_9)
FNF:10
FNH:0
FNDA:0,(anonymous_0)
FNDA:0,(anonymous_1)
FNDA:0,(anonymous_2)
FNDA:0,(anonymous_3)
FNDA:0,(anonymous_4)
FNDA:0,(anonymous_5)
FNDA:0,(anonymous_6)
FNDA:0,(anonymous_7)
FNDA:0,(anonymous_8)
FNDA:0,(anonymous_9)
DA:4,4
DA:13,4
DA:14,4
DA:16,4
DA:17,0
DA:18,0
DA:19,0
DA:21,0
DA:24,0
DA:28,4
DA:30,0
DA:31,0
DA:32,0
DA:34,0
DA:37,0
DA:42,4
DA:43,0
DA:45,0
DA:48,0
DA:50,0
DA:51,0
DA:53,0
DA:57,0
DA:58,0
DA:59,0
DA:62,0
DA:63,0
DA:66,0
DA:71,0
DA:72,0
DA:74,0
DA:76,0
DA:80,0
DA:83,0
DA:84,0
DA:85,0
DA:89,0
DA:90,0
DA:93,0
DA:94,0
DA:97,0
DA:100,0
DA:101,0
DA:102,0
DA:104,0
DA:110,4
DA:111,0
DA:113,0
DA:115,0
DA:118,0
DA:119,0
DA:122,0
DA:125,0
DA:126,0
DA:132,4
LF:55
LH:8
BRDA:16,0,0,0
BRDA:18,1,0,0
BRDA:18,1,1,0
BRDA:31,2,0,0
BRDA:31,2,1,0
BRDA:48,3,0,0
BRDA:48,3,1,0
BRDA:48,4,0,0
BRDA:48,4,1,0
BRDA:48,4,2,0
BRDA:50,5,0,0
BRDA:50,5,1,0
BRDA:50,6,0,0
BRDA:50,6,1,0
BRDA:53,7,0,0
BRDA:53,7,1,0
BRDA:57,8,0,0
BRDA:57,8,1,0
BRDA:84,9,0,0
BRDA:84,9,1,0
BRDA:125,10,0,0
BRDA:125,10,1,0
BRF:22
BRH:0
end_of_record
TN:
SF:src/services/auth.js
FN:9,(anonymous_0)
FN:37,(anonymous_1)
FN:63,(anonymous_2)
FN:105,(anonymous_3)
FN:109,(anonymous_4)
FN:120,(anonymous_5)
FN:131,(anonymous_6)
FN:144,(anonymous_7)
FN:154,(anonymous_8)
FN:169,(anonymous_9)
FN:189,(anonymous_10)
FN:194,(anonymous_11)
FN:200,(anonymous_12)
FN:204,(anonymous_13)
FN:208,(anonymous_14)
FN:227,(anonymous_15)
FN:236,(anonymous_16)
FN:250,(anonymous_17)
FN:256,(anonymous_18)
FNF:19
FNH:0
FNDA:0,(anonymous_0)
FNDA:0,(anonymous_1)
FNDA:0,(anonymous_2)
FNDA:0,(anonymous_3)
FNDA:0,(anonymous_4)
FNDA:0,(anonymous_5)
FNDA:0,(anonymous_6)
FNDA:0,(anonymous_7)
FNDA:0,(anonymous_8)
FNDA:0,(anonymous_9)
FNDA:0,(anonymous_10)
FNDA:0,(anonymous_11)
FNDA:0,(anonymous_12)
FNDA:0,(anonymous_13)
FNDA:0,(anonymous_14)
FNDA:0,(anonymous_15)
FNDA:0,(anonymous_16)
FNDA:0,(anonymous_17)
FNDA:0,(anonymous_18)
DA:3,4
DA:4,4
DA:5,4
DA:7,4
DA:10,0
DA:12,0
DA:13,0
DA:14,0
DA:16,0
DA:23,0
DA:29,0
DA:31,0
DA:32,0
DA:38,0
DA:40,0
DA:47,0
DA:50,0
DA:55,0
DA:57,0
DA:58,0
DA:64,0
DA:65,0
DA:66,0
DA:69,0
DA:70,0
DA:71,0
DA:72,0
DA:73,0
DA:80,0
DA:81,0
DA:88,0
DA:92,0
DA:93,0
DA:96,0
DA:98,0
DA:99,0
DA:100,0
DA:106,0
DA:107,0
DA:108,0
DA:109,0
DA:110,0
DA:112,0
DA:114,0
DA:115,0
DA:121,0
DA:122,0
DA:123,0
DA:124,0
DA:126,0
DA:132,0
DA:133,0
DA:137,0
DA:139,0
DA:145,0
DA:146,0
DA:147,0
DA:149,0
DA:155,0
DA:156,0
DA:162,0
DA:164,0
DA:170,0
DA:172,0
DA:173,0
DA:174,0
DA:175,0
DA:177,0
DA:182,0
DA:184,0
DA:190,0
DA:195,0
DA:196,0
DA:201,0
DA:205,0
DA:209,0
DA:210,0
DA:213,0
DA:214,0
DA:218,0
DA:219,0
DA:223,0
DA:228,0
DA:229,0
DA:230,0
DA:231,0
DA:232,0
DA:237,0
DA:238,0
DA:239,0
DA:240,0
DA:241,0
DA:242,0
DA:244,0
DA:245,0
DA:251,0
DA:252,0
DA:257,0
DA:258,0
DA:259,0
DA:262,0
DA:263,0
DA:267,0
DA:272,0
DA:274,0
DA:275,0
LF:106
LH:4
BRDA:44,0,0,0
BRDA:44,0,1,0
BRDA:57,1,0,0
BRDA:57,1,1,0
BRDA:66,2,0,0
BRDA:66,2,1,0
BRDA:70,3,0,0
BRDA:70,3,1,0
BRDA:72,4,0,0
BRDA:72,4,1,0
BRDA:81,5,0,0
BRDA:81,5,1,0
BRDA:81,6,0,0
BRDA:81,6,1,0
BRDA:173,7,0,0
BRDA:173,7,1,0
BRDA:196,8,0,0
BRDA:196,8,1,0
BRDA:209,9,0,0
BRDA:209,9,1,0
BRDA:213,10,0,0
BRDA:213,10,1,0
BRDA:218,11,0,0
BRDA:218,11,1,0
BRDA:236,12,0,0
BRDA:237,13,0,0
BRDA:237,13,1,0
BRDA:258,14,0,0
BRDA:258,14,1,0
BRF:29
BRH:0
end_of_record
TN:
SF:src/services/authService.js
FN:8,(anonymous_0)
FN:13,(anonymous_1)
FN:22,(anonymous_2)
FN:28,(anonymous_3)
FN:43,(anonymous_4)
FN:50,(anonymous_5)
FN:60,(anonymous_6)
FN:71,(anonymous_7)
FN:79,(anonymous_8)
FN:86,(anonymous_9)
FN:87,(anonymous_10)
FNF:11
FNH:0
FNDA:0,(anonymous_0)
FNDA:0,(anonymous_1)
FNDA:0,(anonymous_2)
FNDA:0,(anonymous_3)
FNDA:0,(anonymous_4)
FNDA:0,(anonymous_5)
FNDA:0,(anonymous_6)
FNDA:0,(anonymous_7)
FNDA:0,(anonymous_8)
FNDA:0,(anonymous_9)
FNDA:0,(anonymous_10)
DA:8,0
DA:9,0
DA:13,0
DA:14,0
DA:15,0
DA:17,0
DA:22,0
DA:23,0
DA:24,0
DA:28,0
DA:29,0
DA:30,0
DA:32,0
DA:35,0
DA:37,0
DA:38,0
DA:43,0
DA:44,0
DA:46,0
DA:50,0
DA:51,0
DA:53,0
DA:54,0
DA:56,0
DA:60,0
DA:61,0
DA:70,0
DA:73,0
DA:74,0
DA:75,0
DA:77,0
DA:80,0
DA:85,0
DA:86,0
DA:88,0
DA:90,0
DA:92,0
DA:96,0
LF:38
LH:0
BRDA:14,0,0,0
BRDA:14,0,1,0
BRDA:24,1,0,0
BRDA:24,1,1,0
BRDA:30,2,0,0
BRDA:30,2,1,0
BRDA:51,3,0,0
BRDA:51,3,1,0
BRDA:51,4,0,0
BRDA:51,4,1,0
BRDA:60,5,0,0
BRDA:74,6,0,0
BRDA:74,6,1,0
BRDA:88,7,0,0
BRDA:88,7,1,0
BRDA:88,8,0,0
BRDA:88,8,1,0
BRF:17
BRH:0
end_of_record
TN:
SF:src/services/company.js
FN:5,(anonymous_0)
FN:11,(anonymous_1)
FN:17,(anonymous_2)
FN:23,(anonymous_3)
FN:29,(anonymous_4)
FN:35,(anonymous_5)
FN:41,(anonymous_6)
FN:47,(anonymous_7)
FN:53,(anonymous_8)
FN:59,(anonymous_9)
FN:65,(anonymous_10)
FN:71,(anonymous_11)
FN:77,(anonymous_12)
FN:83,(anonymous_13)
FN:89,(anonymous_14)
FN:95,(anonymous_15)
FN:101,(anonymous_16)
FN:107,(anonymous_17)
FN:121,(anonymous_18)
FN:127,(anonymous_19)
FN:133,(anonymous_20)
FNF:21
FNH:0
FNDA:0,(anonymous_0)
FNDA:0,(anonymous_1)
FNDA:0,(anonymous_2)
FNDA:0,(anonymous_3)
FNDA:0,(anonymous_4)
FNDA:0,(anonymous_5)
FNDA:0,(anonymous_6)
FNDA:0,(anonymous_7)
FNDA:0,(anonymous_8)
FNDA:0,(anonymous_9)
FNDA:0,(anonymous_10)
FNDA:0,(anonymous_11)
FNDA:0,(anonymous_12)
FNDA:0,(anonymous_13)
FNDA:0,(anonymous_14)
FNDA:0,(anonymous_15)
FNDA:0,(anonymous_16)
FNDA:0,(anonymous_17)
FNDA:0,(anonymous_18)
FNDA:0,(anonymous_19)
FNDA:0,(anonymous_20)
DA:3,0
DA:6,0
DA:7,0
DA:12,0
DA:13,0
DA:18,0
DA:19,0
DA:24,0
DA:25,0
DA:30,0
DA:31,0
DA:36,0
DA:37,0
DA:42,0
DA:43,0
DA:48,0
DA:49,0
DA:54,0
DA:55,0
DA:60,0
DA:61,0
DA:66,0
DA:67,0
DA:72,0
DA:73,0
DA:78,0
DA:79,0
DA:84,0
DA:85,0
DA:90,0
DA:91,0
DA:96,0
DA:97,0
DA:102,0
DA:103,0
DA:108,0
DA:109,0
DA:111,0
DA:117,0
DA:122,0
DA:123,0
DA:128,0
DA:129,0
DA:134,0
DA:135,0
LF:45
LH:0
BRDA:41,0,0,0
BRDA:65,1,0,0
BRDA:83,2,0,0
BRDA:95,3,0,0
BRDA:133,4,0,0
BRF:5
BRH:0
end_of_record
TN:
SF:src/services/document.js
FN:5,(anonymous_0)
FN:11,(anonymous_1)
FN:17,(anonymous_2)
FN:48,(anonymous_3)
FN:54,(anonymous_4)
FN:60,(anonymous_5)
FN:68,(anonymous_6)
FN:74,(anonymous_7)
FN:80,(anonymous_8)
FN:86,(anonymous_9)
FN:92,(anonymous_10)
FN:98,(anonymous_11)
FN:104,(anonymous_12)
FN:110,(anonymous_13)
FN:116,(anonymous_14)
FN:122,(anonymous_15)
FN:128,(anonymous_16)
FN:134,(anonymous_17)
FN:140,(anonymous_18)
FN:148,(anonymous_19)
FN:154,(anonymous_20)
FN:159,(anonymous_21)
FN:164,(anonymous_22)
FN:170,(anonymous_23)
FN:176,(anonymous_24)
FN:182,(anonymous_25)
FN:188,(anonymous_26)
FN:194,(anonymous_27)
FNF:28
FNH:0
FNDA:0,(anonymous_0)
FNDA:0,(anonymous_1)
FNDA:0,(anonymous_2)
FNDA:0,(anonymous_3)
FNDA:0,(anonymous_4)
FNDA:0,(anonymous_5)
FNDA:0,(anonymous_6)
FNDA:0,(anonymous_7)
FNDA:0,(anonymous_8)
FNDA:0,(anonymous_9)
FNDA:0,(anonymous_10)
FNDA:0,(anonymous_11)
FNDA:0,(anonymous_12)
FNDA:0,(anonymous_13)
FNDA:0,(anonymous_14)
FNDA:0,(anonymous_15)
FNDA:0,(anonymous_16)
FNDA:0,(anonymous_17)
FNDA:0,(anonymous_18)
FNDA:0,(anonymous_19)
FNDA:0,(anonymous_20)
FNDA:0,(anonymous_21)
FNDA:0,(anonymous_22)
FNDA:0,(anonymous_23)
FNDA:0,(anonymous_24)
FNDA:0,(anonymous_25)
FNDA:0,(anonymous_26)
FNDA:0,(anonymous_27)
DA:3,0
DA:6,0
DA:7,0
DA:12,0
DA:13,0
DA:18,0
DA:21,0
DA:22,0
DA:23,0
DA:24,0
DA:26,0
DA:27,0
DA:30,0
DA:31,0
DA:34,0
DA:35,0
DA:38,0
DA:44,0
DA:49,0
DA:50,0
DA:55,0
DA:56,0
DA:61,0
DA:64,0
DA:69,0
DA:70,0
DA:75,0
DA:76,0
DA:81,0
DA:82,0
DA:87,0
DA:88,0
DA:93,0
DA:94,0
DA:99,0
DA:100,0
DA:105,0
DA:106,0
DA:111,0
DA:112,0
DA:117,0
DA:118,0
DA:123,0
DA:124,0
DA:129,0
DA:130,0
DA:135,0
DA:136,0
DA:141,0
DA:144,0
DA:149,0
DA:150,0
DA:155,0
DA:160,0
DA:165,0
DA:166,0
DA:171,0
DA:172,0
DA:177,0
DA:178,0
DA:183,0
DA:184,0
DA:189,0
DA:190,0
DA:195,0
DA:196,0
LF:66
LH:0
BRDA:5,0,0,0
BRDA:23,1,0,0
BRDA:23,1,1,0
BRDA:24,2,0,0
BRDA:24,2,1,0
BRDA:26,3,0,0
BRDA:26,3,1,0
BRDA:30,4,0,0
BRDA:30,4,1,0
BRDA:34,5,0,0
BRDA:34,5,1,0
BRDA:140,6,0,0
BRDA:148,7,0,0
BRDA:154,8,0,0
BRF:14
BRH:0
end_of_record
TN:
SF:src/services/licensingSyncService.js
FN:7,(anonymous_0)
FN:26,(anonymous_1)
FN:37,(anonymous_2)
FN:53,(anonymous_3)
FN:64,(anonymous_4)
FN:76,(anonymous_5)
FN:89,(anonymous_6)
FN:105,(anonymous_7)
FN:116,(anonymous_8)
FN:129,(anonymous_9)
FN:141,(anonymous_10)
FN:157,(anonymous_11)
FN:169,(anonymous_12)
FN:184,(anonymous_13)
FN:186,(anonymous_14)
FNF:15
FNH:0
FNDA:0,(anonymous_0)
FNDA:0,(anonymous_1)
FNDA:0,(anonymous_2)
FNDA:0,(anonymous_3)
FNDA:0,(anonymous_4)
FNDA:0,(anonymous_5)
FNDA:0,(anonymous_6)
FNDA:0,(anonymous_7)
FNDA:0,(anonymous_8)
FNDA:0,(anonymous_9)
FNDA:0,(anonymous_10)
FNDA:0,(anonymous_11)
FNDA:0,(anonymous_12)
FNDA:0,(anonymous_13)
FNDA:0,(anonymous_14)
DA:4,0
DA:7,0
DA:8,0
DA:11,0
DA:12,0
DA:13,0
DA:15,0
DA:16,0
DA:19,0
DA:20,0
DA:25,0
DA:27,0
DA:28,0
DA:31,0
DA:33,0
DA:38,0
DA:39,0
DA:44,0
DA:46,0
DA:52,0
DA:54,0
DA:55,0
DA:58,0
DA:60,0
DA:65,0
DA:66,0
DA:70,0
DA:72,0
DA:77,0
DA:78,0
DA:83,0
DA:85,0
DA:90,0
DA:91,0
DA:96,0
DA:98,0
DA:104,0
DA:106,0
DA:107,0
DA:110,0
DA:112,0
DA:117,0
DA:118,0
DA:123,0
DA:125,0
DA:130,0
DA:131,0
DA:135,0
DA:137,0
DA:142,0
DA:143,0
DA:148,0
DA:150,0
DA:156,0
DA:158,0
DA:159,0
DA:163,0
DA:165,0
DA:170,0
DA:171,0
DA:174,0
DA:176,0
DA:184,0
DA:185,0
DA:186,0
DA:188,0
DA:192,0
LF:67
LH:0
BRDA:8,0,0,0
BRDA:8,0,1,0
BRDA:12,1,0,0
BRDA:12,1,1,0
BRDA:13,2,0,0
BRDA:13,2,1,0
BRDA:64,3,0,0
BRDA:157,4,0,0
BRDA:184,5,0,0
BRDA:185,6,0,0
BRDA:185,6,1,0
BRF:11
BRH:0
end_of_record
TN:
SF:src/services/memoryService.js
FN:6,(anonymous_0)
FN:15,(anonymous_1)
FN:25,(anonymous_2)
FN:36,(anonymous_3)
FN:47,(anonymous_4)
FN:62,(anonymous_5)
FN:86,(anonymous_6)
FN:105,(anonymous_7)
FNF:8
FNH:0
FNDA:0,(anonymous_0)
FNDA:0,(anonymous_1)
FNDA:0,(anonymous_2)
FNDA:0,(anonymous_3)
FNDA:0,(anonymous_4)
FNDA:0,(anonymous_5)
FNDA:0,(anonymous_6)
FNDA:0,(anonymous_7)
DA:3,0
DA:7,0
DA:15,0
DA:16,0
DA:17,0
DA:18,0
DA:20,0
DA:26,0
DA:27,0
DA:28,0
DA:30,0
DA:31,0
DA:37,0
DA:38,0
DA:39,0
DA:41,0
DA:42,0
DA:48,0
DA:49,0
DA:54,0
DA:56,0
DA:57,0
DA:63,0
DA:64,0
DA:69,0
DA:70,0
DA:71,0
DA:72,0
DA:73,0
DA:74,0
DA:75,0
DA:76,0
DA:78,0
DA:80,0
DA:81,0
DA:87,0
DA:88,0
DA:89,0
DA:91,0
DA:97,0
DA:99,0
DA:100,0
DA:106,0
DA:107,0
DA:108,0
DA:110,0
DA:111,0
LF:47
LH:0
BRDA:17,0,0,0
BRDA:17,0,1,0
BRDA:47,1,0,0
BRF:3
BRH:0
end_of_record
TN:
SF:src/services/notification.js
FN:18,(anonymous_0)
FN:30,(anonymous_1)
FN:39,(anonymous_2)
FN:53,(anonymous_3)
FN:61,(anonymous_4)
FN:67,(anonymous_5)
FN:80,(anonymous_6)
FN:92,(anonymous_7)
FN:97,(anonymous_8)
FN:107,(anonymous_9)
FN:116,(anonymous_10)
FN:126,(anonymous_11)
FN:135,(anonymous_12)
FN:145,(anonymous_13)
FN:154,(anonymous_14)
FN:163,(anonymous_15)
FN:173,(anonymous_16)
FN:183,(anonymous_17)
FN:192,(anonymous_18)
FN:203,(anonymous_19)
FN:217,(anonymous_20)
FN:225,(anonymous_21)
FNF:22
FNH:0
FNDA:0,(anonymous_0)
FNDA:0,(anonymous_1)
FNDA:0,(anonymous_2)
FNDA:0,(anonymous_3)
FNDA:0,(anonymous_4)
FNDA:0,(anonymous_5)
FNDA:0,(anonymous_6)
FNDA:0,(anonymous_7)
FNDA:0,(anonymous_8)
FNDA:0,(anonymous_9)
FNDA:0,(anonymous_10)
FNDA:0,(anonymous_11)
FNDA:0,(anonymous_12)
FNDA:0,(anonymous_13)
FNDA:0,(anonymous_14)
FNDA:0,(anonymous_15)
FNDA:0,(anonymous_16)
FNDA:0,(anonymous_17)
FNDA:0,(anonymous_18)
FNDA:0,(anonymous_19)
FNDA:0,(anonymous_20)
FNDA:0,(anonymous_21)
DA:5,4
DA:8,4
DA:9,4
DA:10,4
DA:11,4
DA:18,4
DA:19,0
DA:20,0
DA:24,0
DA:25,0
DA:27,0
DA:28,0
DA:30,0
DA:31,0
DA:32,0
DA:34,0
DA:35,0
DA:39,0
DA:40,0
DA:41,0
DA:42,0
DA:45,0
DA:46,0
DA:49,0
DA:53,0
DA:54,0
DA:57,0
DA:58,0
DA:59,0
DA:61,0
DA:62,0
DA:67,0
DA:68,0
DA:71,0
DA:75,4
DA:81,0
DA:82,0
DA:93,0
DA:94,0
DA:97,0
DA:98,0
DA:108,0
DA:109,0
DA:117,0
DA:118,0
DA:127,0
DA:128,0
DA:136,0
DA:137,0
DA:146,0
DA:147,0
DA:155,0
DA:156,0
DA:164,0
DA:165,0
DA:174,0
DA:175,0
DA:184,0
DA:185,0
DA:193,0
DA:194,0
DA:204,0
DA:209,0
DA:218,0
DA:219,0
DA:226,0
DA:227,0
DA:228,0
LF:68
LH:7
BRDA:18,0,0,0
BRDA:19,1,0,0
BRDA:19,1,1,0
BRDA:24,2,0,0
BRDA:24,2,1,0
BRDA:25,3,0,0
BRDA:25,3,1,0
BRDA:34,4,0,0
BRDA:34,4,1,0
BRDA:34,5,0,0
BRDA:34,5,1,0
BRDA:45,6,0,0
BRDA:45,6,1,0
BRDA:57,7,0,0
BRDA:57,7,1,0
BRDA:57,8,0,0
BRDA:57,8,1,0
BRDA:81,9,0,0
BRDA:81,9,1,0
BRDA:92,10,0,0
BRDA:93,11,0,0
BRDA:93,11,1,0
BRDA:107,12,0,0
BRDA:118,13,0,0
BRDA:118,13,1,0
BRDA:226,14,0,0
BRDA:226,14,1,0
BRF:27
BRH:0
end_of_record
TN:
SF:src/services/sync.js
FN:8,(anonymous_0)
FN:18,(anonymous_1)
FN:27,(anonymous_2)
FN:37,(anonymous_3)
FN:46,(anonymous_4)
FN:55,(anonymous_5)
FN:66,(anonymous_6)
FN:75,(anonymous_7)
FN:85,(anonymous_8)
FN:94,(anonymous_9)
FN:104,(anonymous_10)
FN:113,(anonymous_11)
FN:123,(anonymous_12)
FN:133,(anonymous_13)
FN:142,(anonymous_14)
FN:151,(anonymous_15)
FN:160,(anonymous_16)
FN:169,(anonymous_17)
FN:178,(anonymous_18)
FN:187,(anonymous_19)
FN:196,(anonymous_20)
FNF:21
FNH:0
FNDA:0,(anonymous_0)
FNDA:0,(anonymous_1)
FNDA:0,(anonymous_2)
FNDA:0,(anonymous_3)
FNDA:0,(anonymous_4)
FNDA:0,(anonymous_5)
FNDA:0,(anonymous_6)
FNDA:0,(anonymous_7)
FNDA:0,(anonymous_8)
FNDA:0,(anonymous_9)
FNDA:0,(anonymous_10)
FNDA:0,(anonymous_11)
FNDA:0,(anonymous_12)
FNDA:0,(anonymous_13)
FNDA:0,(anonymous_14)
FNDA:0,(anonymous_15)
FNDA:0,(anonymous_16)
FNDA:0,(anonymous_17)
FNDA:0,(anonymous_18)
FNDA:0,(anonymous_19)
FNDA:0,(anonymous_20)
DA:3,0
DA:9,0
DA:10,0
DA:19,0
DA:20,0
DA:28,0
DA:29,0
DA:38,0
DA:39,0
DA:47,0
DA:48,0
DA:56,0
DA:57,0
DA:67,0
DA:68,0
DA:76,0
DA:77,0
DA:86,0
DA:87,0
DA:95,0
DA:96,0
DA:105,0
DA:106,0
DA:114,0
DA:115,0
DA:124,0
DA:125,0
DA:134,0
DA:135,0
DA:143,0
DA:144,0
DA:152,0
DA:153,0
DA:161,0
DA:162,0
DA:170,0
DA:171,0
DA:179,0
DA:180,0
DA:188,0
DA:189,0
DA:197,0
DA:198,0
LF:43
LH:0
BRDA:18,0,0,0
BRDA:37,1,0,0
BRDA:133,2,0,0
BRF:3
BRH:0
end_of_record
TN:
SF:src/services/user.js
FN:5,(anonymous_0)
FN:11,(anonymous_1)
FN:17,(anonymous_2)
FN:23,(anonymous_3)
FN:29,(anonymous_4)
FN:35,(anonymous_5)
FN:41,(anonymous_6)
FN:47,(anonymous_7)
FN:53,(anonymous_8)
FN:59,(anonymous_9)
FN:67,(anonymous_10)
FN:81,(anonymous_11)
FN:87,(anonymous_12)
FN:93,(anonymous_13)
FN:99,(anonymous_14)
FN:105,(anonymous_15)
FN:111,(anonymous_16)
FN:117,(anonymous_17)
FN:123,(anonymous_18)
FN:129,(anonymous_19)
FNF:20
FNH:0
FNDA:0,(anonymous_0)
FNDA:0,(anonymous_1)
FNDA:0,(anonymous_2)
FNDA:0,(anonymous_3)
FNDA:0,(anonymous_4)
FNDA:0,(anonymous_5)
FNDA:0,(anonymous_6)
FNDA:0,(anonymous_7)
FNDA:0,(anonymous_8)
FNDA:0,(anonymous_9)
FNDA:0,(anonymous_10)
FNDA:0,(anonymous_11)
FNDA:0,(anonymous_12)
FNDA:0,(anonymous_13)
FNDA:0,(anonymous_14)
FNDA:0,(anonymous_15)
FNDA:0,(anonymous_16)
FNDA:0,(anonymous_17)
FNDA:0,(anonymous_18)
FNDA:0,(anonymous_19)
DA:3,0
DA:6,0
DA:7,0
DA:12,0
DA:13,0
DA:18,0
DA:19,0
DA:24,0
DA:25,0
DA:30,0
DA:31,0
DA:36,0
DA:37,0
DA:42,0
DA:43,0
DA:48,0
DA:49,0
DA:54,0
DA:55,0
DA:60,0
DA:63,0
DA:68,0
DA:69,0
DA:71,0
DA:77,0
DA:82,0
DA:83,0
DA:88,0
DA:89,0
DA:94,0
DA:95,0
DA:100,0
DA:101,0
DA:106,0
DA:107,0
DA:112,0
DA:113,0
DA:118,0
DA:119,0
DA:124,0
DA:125,0
DA:130,0
DA:131,0
LF:43
LH:0
BRDA:5,0,0,0
BRDA:41,1,0,0
BRDA:59,2,0,0
BRDA:105,3,0,0
BRDA:123,4,0,0
BRF:5
BRH:0
end_of_record
TN:
SF:src/services/userService.js
FN:10,(anonymous_0)
FN:25,(anonymous_1)
FN:40,(anonymous_2)
FN:56,(anonymous_3)
FN:71,(anonymous_4)
FN:87,(anonymous_5)
FN:102,(anonymous_6)
FN:119,(anonymous_7)
FN:135,(anonymous_8)
FN:149,(anonymous_9)
FN:163,(anonymous_10)
FNF:11
FNH:0
FNDA:0,(anonymous_0)
FNDA:0,(anonymous_1)
FNDA:0,(anonymous_2)
FNDA:0,(anonymous_3)
FNDA:0,(anonymous_4)
FNDA:0,(anonymous_5)
FNDA:0,(anonymous_6)
FNDA:0,(anonymous_7)
FNDA:0,(anonymous_8)
FNDA:0,(anonymous_9)
FNDA:0,(anonymous_10)
DA:10,0
DA:11,0
DA:12,0
DA:13,0
DA:15,0
DA:16,0
DA:25,0
DA:26,0
DA:27,0
DA:28,0
DA:30,0
DA:31,0
DA:40,0
DA:41,0
DA:42,0
DA:43,0
DA:45,0
DA:46,0
DA:56,0
DA:57,0
DA:58,0
DA:59,0
DA:61,0
DA:62,0
DA:71,0
DA:72,0
DA:73,0
DA:74,0
DA:76,0
DA:77,0
DA:87,0
DA:88,0
DA:89,0
DA:90,0
DA:92,0
DA:93,0
DA:102,0
DA:103,0
DA:104,0
DA:105,0
DA:107,0
DA:108,0
DA:119,0
DA:120,0
DA:121,0
DA:122,0
DA:124,0
DA:125,0
DA:135,0
DA:136,0
DA:137,0
DA:138,0
DA:140,0
DA:141,0
DA:149,0
DA:150,0
DA:151,0
DA:152,0
DA:154,0
DA:155,0
DA:163,0
DA:164,0
DA:165,0
DA:166,0
DA:168,0
DA:169,0
LF:66
LH:0
BRDA:10,0,0,0
BRDA:119,1,0,0
BRDA:135,2,0,0
BRF:3
BRH:0
end_of_record
TN:
SF:src/services/utils.js
FN:11,(anonymous_0)
FN:29,(anonymous_1)
FN:48,(anonymous_2)
FN:78,(anonymous_3)
FN:87,(anonymous_4)
FN:88,(anonymous_5)
FN:100,(anonymous_6)
FN:102,(anonymous_7)
FN:103,(anonymous_8)
FN:105,(anonymous_9)
FN:117,(anonymous_10)
FN:129,(anonymous_11)
FN:131,executedFunction
FN:132,(anonymous_13)
FN:147,(anonymous_14)
FN:149,(anonymous_15)
FN:155,(anonymous_16)
FN:165,(anonymous_17)
FN:175,(anonymous_18)
FN:198,(anonymous_19)
FN:207,(anonymous_20)
FN:216,(anonymous_21)
FN:297,(anonymous_22)
FN:306,(anonymous_23)
FN:308,(anonymous_24)
FN:317,(anonymous_25)
FN:332,(anonymous_26)
FNF:27
FNH:0
FNDA:0,(anonymous_0)
FNDA:0,(anonymous_1)
FNDA:0,(anonymous_2)
FNDA:0,(anonymous_3)
FNDA:0,(anonymous_4)
FNDA:0,(anonymous_5)
FNDA:0,(anonymous_6)
FNDA:0,(anonymous_7)
FNDA:0,(anonymous_8)
FNDA:0,(anonymous_9)
FNDA:0,(anonymous_10)
FNDA:0,(anonymous_11)
FNDA:0,executedFunction
FNDA:0,(anonymous_13)
FNDA:0,(anonymous_14)
FNDA:0,(anonymous_15)
FNDA:0,(anonymous_16)
FNDA:0,(anonymous_17)
FNDA:0,(anonymous_18)
FNDA:0,(anonymous_19)
FNDA:0,(anonymous_20)
FNDA:0,(anonymous_21)
FNDA:0,(anonymous_22)
FNDA:0,(anonymous_23)
FNDA:0,(anonymous_24)
FNDA:0,(anonymous_25)
FNDA:0,(anonymous_26)
DA:11,0
DA:12,0
DA:14,0
DA:15,0
DA:16,0
DA:18,0
DA:20,0
DA:29,0
DA:30,0
DA:32,0
DA:40,0
DA:48,0
DA:49,0
DA:51,0
DA:53,0
DA:54,0
DA:56,0
DA:57,0
DA:59,0
DA:60,0
DA:62,0
DA:63,0
DA:65,0
DA:66,0
DA:68,0
DA:78,0
DA:79,0
DA:80,0
DA:87,0
DA:88,0
DA:89,0
DA:90,0
DA:91,0
DA:100,0
DA:101,0
DA:102,0
DA:104,0
DA:105,0
DA:107,0
DA:117,0
DA:118,0
DA:129,0
DA:131,0
DA:132,0
DA:133,0
DA:134,0
DA:136,0
DA:137,0
DA:147,0
DA:149,0
DA:150,0
DA:151,0
DA:152,0
DA:153,0
DA:154,0
DA:155,0
DA:165,0
DA:166,0
DA:167,0
DA:175,0
DA:176,0
DA:177,0
DA:178,0
DA:179,0
DA:180,0
DA:181,0
DA:183,0
DA:198,0
DA:199,0
DA:207,0
DA:208,0
DA:216,0
DA:217,0
DA:219,0
DA:289,0
DA:297,0
DA:298,0
DA:306,0
DA:307,0
DA:308,0
DA:309,0
DA:317,0
DA:318,0
DA:319,0
DA:320,0
DA:321,0
DA:323,0
DA:332,0
DA:333,0
DA:334,0
DA:335,0
DA:337,0
LF:92
LH:0
BRDA:11,0,0,0
BRDA:12,1,0,0
BRDA:12,1,1,0
BRDA:15,2,0,0
BRDA:15,2,1,0
BRDA:29,3,0,0
BRDA:30,4,0,0
BRDA:30,4,1,0
BRDA:49,5,0,0
BRDA:49,5,1,0
BRDA:54,6,0,0
BRDA:54,6,1,0
BRDA:54,7,0,0
BRDA:54,7,1,0
BRDA:57,8,0,0
BRDA:57,8,1,0
BRDA:57,9,0,0
BRDA:57,9,1,0
BRDA:60,10,0,0
BRDA:60,10,1,0
BRDA:60,11,0,0
BRDA:60,11,1,0
BRDA:63,12,0,0
BRDA:63,12,1,0
BRDA:63,13,0,0
BRDA:63,13,1,0
BRDA:66,14,0,0
BRDA:66,14,1,0
BRDA:66,15,0,0
BRDA:66,15,1,0
BRDA:78,16,0,0
BRDA:78,17,0,0
BRDA:79,18,0,0
BRDA:79,18,1,0
BRDA:79,19,0,0
BRDA:79,19,1,0
BRDA:90,20,0,0
BRDA:90,20,1,0
BRDA:102,21,0,0
BRDA:102,21,1,0
BRDA:102,21,2,0
BRDA:104,22,0,0
BRDA:104,22,1,0
BRDA:152,23,0,0
BRDA:152,23,1,0
BRDA:184,24,0,0
BRDA:184,24,1,0
BRDA:184,24,2,0
BRDA:184,24,3,0
BRDA:184,24,4,0
BRDA:289,25,0,0
BRDA:289,25,1,0
BRDA:307,26,0,0
BRDA:307,26,1,0
BRDA:332,27,0,0
BRF:55
BRH:0
end_of_record
TN:
SF:src/utils/date.js
FN:1,(anonymous_0)
FN:6,(anonymous_1)
FN:23,(anonymous_2)
FNF:3
FNH:0
FNDA:0,(anonymous_0)
FNDA:0,(anonymous_1)
FNDA:0,(anonymous_2)
DA:1,0
DA:2,0
DA:3,0
DA:6,0
DA:7,0
DA:8,0
DA:9,0
DA:10,0
DA:11,0
DA:12,0
DA:13,0
DA:14,0
DA:15,0
DA:16,0
DA:17,0
DA:18,0
DA:19,0
DA:20,0
DA:23,0
DA:24,0
DA:25,0
DA:26,0
DA:27,0
DA:28,0
DA:29,0
DA:30,0
DA:31,0
DA:33,0
LF:28
LH:0
BRDA:2,0,0,0
BRDA:2,0,1,0
BRDA:7,1,0,0
BRDA:7,1,1,0
BRDA:11,2,0,0
BRDA:11,2,1,0
BRDA:11,3,0,0
BRDA:11,3,1,0
BRDA:13,4,0,0
BRDA:13,4,1,0
BRDA:13,5,0,0
BRDA:13,5,1,0
BRDA:15,6,0,0
BRDA:15,6,1,0
BRDA:15,7,0,0
BRDA:15,7,1,0
BRDA:17,8,0,0
BRDA:17,8,1,0
BRDA:17,9,0,0
BRDA:17,9,1,0
BRDA:19,10,0,0
BRDA:19,10,1,0
BRDA:19,11,0,0
BRDA:19,11,1,0
BRDA:24,12,0,0
BRDA:24,12,1,0
BRDA:27,13,0,0
BRDA:27,13,1,0
BRDA:30,14,0,0
BRDA:30,14,1,0
BRF:30
BRH:0
end_of_record
TN:
SF:src/utils/exportUtils.js
FN:7,(anonymous_0)
FN:16,(anonymous_1)
FN:17,(anonymous_2)
FN:19,(anonymous_3)
FN:35,(anonymous_4)
FN:52,(anonymous_5)
FN:59,(anonymous_6)
FN:60,(anonymous_7)
FN:62,(anonymous_8)
FN:82,(anonymous_9)
FN:108,(anonymous_10)
FN:109,(anonymous_11)
FN:125,(anonymous_12)
FNF:13
FNH:0
FNDA:0,(anonymous_0)
FNDA:0,(anonymous_1)
FNDA:0,(anonymous_2)
FNDA:0,(anonymous_3)
FNDA:0,(anonymous_4)
FNDA:0,(anonymous_5)
FNDA:0,(anonymous_6)
FNDA:0,(anonymous_7)
FNDA:0,(anonymous_8)
FNDA:0,(anonymous_9)
FNDA:0,(anonymous_10)
FNDA:0,(anonymous_11)
FNDA:0,(anonymous_12)
DA:7,0
DA:8,0
DA:11,0
DA:14,0
DA:17,0
DA:19,0
DA:20,0
DA:23,0
DA:24,0
DA:30,0
DA:31,0
DA:35,0
DA:36,0
DA:39,0
DA:42,0
DA:43,0
DA:46,0
DA:47,0
DA:48,0
DA:52,0
DA:53,0
DA:56,0
DA:59,0
DA:60,0
DA:62,0
DA:63,0
DA:64,0
DA:69,0
DA:72,0
DA:73,0
DA:74,0
DA:75,0
DA:78,0
DA:81,0
DA:82,0
DA:104,0
DA:108,0
DA:109,0
DA:125,0
DA:126,0
DA:127,0
DA:129,0
DA:131,0
DA:134,0
DA:136,0
DA:138,0
LF:46
LH:0
BRDA:7,0,0,0
BRDA:8,1,0,0
BRDA:8,1,1,0
BRDA:8,2,0,0
BRDA:8,2,1,0
BRDA:20,3,0,0
BRDA:20,3,1,0
BRDA:20,4,0,0
BRDA:20,4,1,0
BRDA:23,5,0,0
BRDA:23,5,1,0
BRDA:35,6,0,0
BRDA:36,7,0,0
BRDA:36,7,1,0
BRDA:36,8,0,0
BRDA:36,8,1,0
BRDA:52,9,0,0
BRDA:52,10,0,0
BRDA:53,11,0,0
BRDA:53,11,1,0
BRDA:53,12,0,0
BRDA:53,12,1,0
BRDA:63,13,0,0
BRDA:63,13,1,0
BRDA:63,14,0,0
BRDA:63,14,1,0
BRDA:64,15,0,0
BRDA:64,15,1,0
BRDA:110,16,0,0
BRDA:110,16,1,0
BRDA:111,17,0,0
BRDA:111,17,1,0
BRDA:111,18,0,0
BRDA:111,18,1,0
BRDA:112,19,0,0
BRDA:112,19,1,0
BRDA:113,20,0,0
BRDA:113,20,1,0
BRDA:113,20,2,0
BRDA:114,21,0,0
BRDA:114,21,1,0
BRDA:115,22,0,0
BRDA:115,22,1,0
BRDA:116,23,0,0
BRDA:116,23,1,0
BRDA:117,24,0,0
BRDA:117,24,1,0
BRDA:118,25,0,0
BRDA:118,25,1,0
BRDA:119,26,0,0
BRDA:119,26,1,0
BRDA:120,27,0,0
BRDA:120,27,1,0
BRDA:125,28,0,0
BRDA:126,29,0,0
BRDA:126,30,0,0
BRDA:129,31,0,0
BRDA:129,31,1,0
BRDA:129,31,2,0
BRDA:129,31,3,0
BRDA:129,31,4,0
BRF:61
BRH:0
end_of_record
