{"/Users/ssentongoivan/CascadeProjects/trosyn-ai/src/frontend/src/App.jsx": {"path":"/Users/ssentongoivan/CascadeProjects/trosyn-ai/src/frontend/src/App.jsx","statementMap":{"0":{"start":{"line":18,"column":23},"end":{"line":36,"column":1}},"1":{"start":{"line":19,"column":45},"end":{"line":19,"column":54}},"2":{"start":{"line":21,"column":2},"end":{"line":24,"column":3}},"3":{"start":{"line":23,"column":4},"end":{"line":23,"column":33}},"4":{"start":{"line":26,"column":2},"end":{"line":28,"column":3}},"5":{"start":{"line":27,"column":4},"end":{"line":27,"column":44}},"6":{"start":{"line":30,"column":2},"end":{"line":33,"column":3}},"7":{"start":{"line":32,"column":4},"end":{"line":32,"column":51}},"8":{"start":{"line":35,"column":2},"end":{"line":35,"column":18}},"9":{"start":{"line":39,"column":25},"end":{"line":53,"column":1}},"10":{"start":{"line":40,"column":26},"end":{"line":40,"column":35}},"11":{"start":{"line":42,"column":2},"end":{"line":44,"column":3}},"12":{"start":{"line":43,"column":4},"end":{"line":43,"column":20}},"13":{"start":{"line":46,"column":2},"end":{"line":52,"column":4}},"14":{"start":{"line":56,"column":2},"end":{"line":103,"column":4}}},"fnMap":{"0":{"name":"(anonymous_0)","decl":{"start":{"line":18,"column":23},"end":{"line":18,"column":24}},"loc":{"start":{"line":18,"column":62},"end":{"line":36,"column":1}},"line":18},"1":{"name":"(anonymous_1)","decl":{"start":{"line":39,"column":25},"end":{"line":39,"column":26}},"loc":{"start":{"line":39,"column":43},"end":{"line":53,"column":1}},"line":39},"2":{"name":"App","decl":{"start":{"line":55,"column":9},"end":{"line":55,"column":12}},"loc":{"start":{"line":55,"column":15},"end":{"line":104,"column":1}},"line":55}},"branchMap":{"0":{"loc":{"start":{"line":18,"column":36},"end":{"line":18,"column":55}},"type":"default-arg","locations":[{"start":{"line":18,"column":51},"end":{"line":18,"column":55}}],"line":18},"1":{"loc":{"start":{"line":21,"column":2},"end":{"line":24,"column":3}},"type":"if","locations":[{"start":{"line":21,"column":2},"end":{"line":24,"column":3}},{"start":{},"end":{}}],"line":21},"2":{"loc":{"start":{"line":26,"column":2},"end":{"line":28,"column":3}},"type":"if","locations":[{"start":{"line":26,"column":2},"end":{"line":28,"column":3}},{"start":{},"end":{}}],"line":26},"3":{"loc":{"start":{"line":30,"column":2},"end":{"line":33,"column":3}},"type":"if","locations":[{"start":{"line":30,"column":2},"end":{"line":33,"column":3}},{"start":{},"end":{}}],"line":30},"4":{"loc":{"start":{"line":30,"column":6},"end":{"line":30,"column":47}},"type":"binary-expr","locations":[{"start":{"line":30,"column":6},"end":{"line":30,"column":18}},{"start":{"line":30,"column":22},"end":{"line":30,"column":47}}],"line":30},"5":{"loc":{"start":{"line":42,"column":2},"end":{"line":44,"column":3}},"type":"if","locations":[{"start":{"line":42,"column":2},"end":{"line":44,"column":3}},{"start":{},"end":{}}],"line":42}},"s":{"0":0,"1":0,"2":0,"3":0,"4":0,"5":0,"6":0,"7":0,"8":0,"9":0,"10":0,"11":0,"12":0,"13":0,"14":0},"f":{"0":0,"1":0,"2":0},"b":{"0":[0],"1":[0,0],"2":[0,0],"3":[0,0],"4":[0,0],"5":[0,0]}}
,"/Users/ssentongoivan/CascadeProjects/trosyn-ai/src/frontend/src/index.js": {"path":"/Users/ssentongoivan/CascadeProjects/trosyn-ai/src/frontend/src/index.js","statementMap":{"0":{"start":{"line":7,"column":18},"end":{"line":7,"column":49}},"1":{"start":{"line":8,"column":13},"end":{"line":8,"column":34}},"2":{"start":{"line":10,"column":0},"end":{"line":16,"column":2}}},"fnMap":{},"branchMap":{},"s":{"0":0,"1":0,"2":0},"f":{},"b":{}}
,"/Users/ssentongoivan/CascadeProjects/trosyn-ai/src/frontend/src/test-utils.js": {"path":"/Users/ssentongoivan/CascadeProjects/trosyn-ai/src/frontend/src/test-utils.js","statementMap":{"0":{"start":{"line":7,"column":0},"end":{"line":19,"column":4}},"1":{"start":{"line":7,"column":35},"end":{"line":19,"column":1}},"2":{"start":{"line":22,"column":0},"end":{"line":34,"column":3}},"3":{"start":{"line":23,"column":25},"end":{"line":23,"column":70}},"4":{"start":{"line":24,"column":2},"end":{"line":33,"column":4}},"5":{"start":{"line":28,"column":37},"end":{"line":28,"column":45}},"6":{"start":{"line":37,"column":21},"end":{"line":118,"column":1}},"7":{"start":{"line":57,"column":2},"end":{"line":69,"column":5}},"8":{"start":{"line":59,"column":50},"end":{"line":68,"column":5}},"9":{"start":{"line":72,"column":2},"end":{"line":78,"column":5}},"10":{"start":{"line":81,"column":27},"end":{"line":95,"column":6}},"11":{"start":{"line":82,"column":16},"end":{"line":82,"column":18}},"12":{"start":{"line":83,"column":4},"end":{"line":94,"column":6}},"13":{"start":{"line":84,"column":32},"end":{"line":84,"column":50}},"14":{"start":{"line":86,"column":8},"end":{"line":86,"column":38}},"15":{"start":{"line":89,"column":8},"end":{"line":89,"column":26}},"16":{"start":{"line":92,"column":8},"end":{"line":92,"column":19}},"17":{"start":{"line":97,"column":2},"end":{"line":99,"column":5}},"18":{"start":{"line":102,"column":18},"end":{"line":108,"column":3}},"19":{"start":{"line":103,"column":4},"end":{"line":107,"column":18}},"20":{"start":{"line":111,"column":2},"end":{"line":111,"column":51}},"21":{"start":{"line":114,"column":2},"end":{"line":117,"column":4}},"22":{"start":{"line":127,"column":24},"end":{"line":136,"column":1}},"23":{"start":{"line":138,"column":27},"end":{"line":146,"column":1}},"24":{"start":{"line":148,"column":32},"end":{"line":155,"column":1}},"25":{"start":{"line":158,"column":28},"end":{"line":158,"column":80}},"26":{"start":{"line":158,"column":34},"end":{"line":158,"column":80}},"27":{"start":{"line":158,"column":57},"end":{"line":158,"column":79}}},"fnMap":{"0":{"name":"(anonymous_0)","decl":{"start":{"line":7,"column":28},"end":{"line":7,"column":29}},"loc":{"start":{"line":7,"column":35},"end":{"line":19,"column":1}},"line":7},"1":{"name":"(anonymous_1)","decl":{"start":{"line":22,"column":37},"end":{"line":22,"column":38}},"loc":{"start":{"line":22,"column":43},"end":{"line":34,"column":1}},"line":22},"2":{"name":"(anonymous_2)","decl":{"start":{"line":28,"column":23},"end":{"line":28,"column":24}},"loc":{"start":{"line":28,"column":37},"end":{"line":28,"column":45}},"line":28},"3":{"name":"(anonymous_3)","decl":{"start":{"line":28,"column":37},"end":{"line":28,"column":38}},"loc":{"start":{"line":28,"column":43},"end":{"line":28,"column":45}},"line":28},"4":{"name":"(anonymous_4)","decl":{"start":{"line":37,"column":21},"end":{"line":37,"column":22}},"loc":{"start":{"line":55,"column":5},"end":{"line":118,"column":1}},"line":55},"5":{"name":"(anonymous_5)","decl":{"start":{"line":59,"column":40},"end":{"line":59,"column":41}},"loc":{"start":{"line":59,"column":50},"end":{"line":68,"column":5}},"line":59},"6":{"name":"(anonymous_6)","decl":{"start":{"line":81,"column":28},"end":{"line":81,"column":29}},"loc":{"start":{"line":81,"column":34},"end":{"line":95,"column":3}},"line":81},"7":{"name":"(anonymous_7)","decl":{"start":{"line":84,"column":23},"end":{"line":84,"column":24}},"loc":{"start":{"line":84,"column":32},"end":{"line":84,"column":50}},"line":84},"8":{"name":"(anonymous_8)","decl":{"start":{"line":85,"column":23},"end":{"line":85,"column":24}},"loc":{"start":{"line":85,"column":39},"end":{"line":87,"column":7}},"line":85},"9":{"name":"(anonymous_9)","decl":{"start":{"line":88,"column":26},"end":{"line":88,"column":27}},"loc":{"start":{"line":88,"column":35},"end":{"line":90,"column":7}},"line":88},"10":{"name":"(anonymous_10)","decl":{"start":{"line":91,"column":21},"end":{"line":91,"column":22}},"loc":{"start":{"line":91,"column":27},"end":{"line":93,"column":7}},"line":91},"11":{"name":"(anonymous_11)","decl":{"start":{"line":102,"column":18},"end":{"line":102,"column":19}},"loc":{"start":{"line":103,"column":4},"end":{"line":107,"column":18}},"line":103},"12":{"name":"(anonymous_12)","decl":{"start":{"line":158,"column":28},"end":{"line":158,"column":29}},"loc":{"start":{"line":158,"column":34},"end":{"line":158,"column":80}},"line":158},"13":{"name":"(anonymous_13)","decl":{"start":{"line":158,"column":46},"end":{"line":158,"column":47}},"loc":{"start":{"line":158,"column":57},"end":{"line":158,"column":79}},"line":158}},"branchMap":{"0":{"loc":{"start":{"line":39,"column":2},"end":{"line":54,"column":8}},"type":"default-arg","locations":[{"start":{"line":54,"column":6},"end":{"line":54,"column":8}}],"line":39},"1":{"loc":{"start":{"line":40,"column":4},"end":{"line":51,"column":5}},"type":"default-arg","locations":[{"start":{"line":40,"column":19},"end":{"line":51,"column":5}}],"line":40},"2":{"loc":{"start":{"line":52,"column":4},"end":{"line":52,"column":15}},"type":"default-arg","locations":[{"start":{"line":52,"column":12},"end":{"line":52,"column":15}}],"line":52},"3":{"loc":{"start":{"line":84,"column":32},"end":{"line":84,"column":50}},"type":"binary-expr","locations":[{"start":{"line":84,"column":32},"end":{"line":84,"column":42}},{"start":{"line":84,"column":46},"end":{"line":84,"column":50}}],"line":84}},"s":{"0":0,"1":0,"2":0,"3":0,"4":0,"5":0,"6":0,"7":0,"8":0,"9":0,"10":0,"11":0,"12":0,"13":0,"14":0,"15":0,"16":0,"17":0,"18":0,"19":0,"20":0,"21":0,"22":0,"23":0,"24":0,"25":0,"26":0,"27":0},"f":{"0":0,"1":0,"2":0,"3":0,"4":0,"5":0,"6":0,"7":0,"8":0,"9":0,"10":0,"11":0,"12":0,"13":0},"b":{"0":[0],"1":[0],"2":[0],"3":[0,0]}}
,"/Users/ssentongoivan/CascadeProjects/trosyn-ai/src/frontend/src/components/ActivityFeed.jsx": {"path":"/Users/ssentongoivan/CascadeProjects/trosyn-ai/src/frontend/src/components/ActivityFeed.jsx","statementMap":{"0":{"start":{"line":5,"column":21},"end":{"line":39,"column":1}},"1":{"start":{"line":6,"column":2},"end":{"line":13,"column":3}},"2":{"start":{"line":7,"column":4},"end":{"line":12,"column":6}},"3":{"start":{"line":15,"column":2},"end":{"line":38,"column":4}},"4":{"start":{"line":18,"column":8},"end":{"line":35,"column":14}},"5":{"start":{"line":41,"column":0},"end":{"line":54,"column":2}}},"fnMap":{"0":{"name":"(anonymous_0)","decl":{"start":{"line":5,"column":21},"end":{"line":5,"column":22}},"loc":{"start":{"line":5,"column":58},"end":{"line":39,"column":1}},"line":5},"1":{"name":"(anonymous_1)","decl":{"start":{"line":17,"column":22},"end":{"line":17,"column":23}},"loc":{"start":{"line":18,"column":8},"end":{"line":35,"column":14}},"line":18}},"branchMap":{"0":{"loc":{"start":{"line":6,"column":2},"end":{"line":13,"column":3}},"type":"if","locations":[{"start":{"line":6,"column":2},"end":{"line":13,"column":3}},{"start":{},"end":{}}],"line":6},"1":{"loc":{"start":{"line":6,"column":6},"end":{"line":6,"column":44}},"type":"binary-expr","locations":[{"start":{"line":6,"column":6},"end":{"line":6,"column":17}},{"start":{"line":6,"column":21},"end":{"line":6,"column":44}}],"line":6},"2":{"loc":{"start":{"line":27,"column":15},"end":{"line":29,"column":15}},"type":"binary-expr","locations":[{"start":{"line":27,"column":15},"end":{"line":27,"column":31}},{"start":{"line":28,"column":16},"end":{"line":28,"column":76}}],"line":27}},"s":{"0":0,"1":0,"2":0,"3":0,"4":0,"5":0},"f":{"0":0,"1":0},"b":{"0":[0,0],"1":[0,0],"2":[0,0]}}
,"/Users/ssentongoivan/CascadeProjects/trosyn-ai/src/frontend/src/components/CompaniesTable.jsx": {"path":"/Users/ssentongoivan/CascadeProjects/trosyn-ai/src/frontend/src/components/CompaniesTable.jsx","statementMap":{"0":{"start":{"line":6,"column":23},"end":{"line":14,"column":1}},"1":{"start":{"line":7,"column":20},"end":{"line":11,"column":3}},"2":{"start":{"line":12,"column":21},"end":{"line":12,"column":83}},"3":{"start":{"line":13,"column":2},"end":{"line":13,"column":87}},"4":{"start":{"line":16,"column":23},"end":{"line":85,"column":1}},"5":{"start":{"line":17,"column":19},"end":{"line":17,"column":32}},"6":{"start":{"line":19,"column":2},"end":{"line":21,"column":3}},"7":{"start":{"line":20,"column":4},"end":{"line":20,"column":38}},"8":{"start":{"line":23,"column":2},"end":{"line":84,"column":4}},"9":{"start":{"line":38,"column":12},"end":{"line":79,"column":17}},"10":{"start":{"line":58,"column":35},"end":{"line":58,"column":53}},"11":{"start":{"line":65,"column":35},"end":{"line":65,"column":69}},"12":{"start":{"line":72,"column":35},"end":{"line":72,"column":74}},"13":{"start":{"line":87,"column":0},"end":{"line":99,"column":2}}},"fnMap":{"0":{"name":"(anonymous_0)","decl":{"start":{"line":6,"column":23},"end":{"line":6,"column":24}},"loc":{"start":{"line":6,"column":35},"end":{"line":14,"column":1}},"line":6},"1":{"name":"(anonymous_1)","decl":{"start":{"line":16,"column":23},"end":{"line":16,"column":24}},"loc":{"start":{"line":16,"column":50},"end":{"line":85,"column":1}},"line":16},"2":{"name":"(anonymous_2)","decl":{"start":{"line":37,"column":25},"end":{"line":37,"column":26}},"loc":{"start":{"line":38,"column":12},"end":{"line":79,"column":17}},"line":38},"3":{"name":"(anonymous_3)","decl":{"start":{"line":58,"column":29},"end":{"line":58,"column":30}},"loc":{"start":{"line":58,"column":35},"end":{"line":58,"column":53}},"line":58},"4":{"name":"(anonymous_4)","decl":{"start":{"line":65,"column":29},"end":{"line":65,"column":30}},"loc":{"start":{"line":65,"column":35},"end":{"line":65,"column":69}},"line":65},"5":{"name":"(anonymous_5)","decl":{"start":{"line":72,"column":29},"end":{"line":72,"column":30}},"loc":{"start":{"line":72,"column":35},"end":{"line":72,"column":74}},"line":72}},"branchMap":{"0":{"loc":{"start":{"line":12,"column":21},"end":{"line":12,"column":83}},"type":"binary-expr","locations":[{"start":{"line":12,"column":21},"end":{"line":12,"column":38}},{"start":{"line":12,"column":42},"end":{"line":12,"column":83}}],"line":12},"1":{"loc":{"start":{"line":19,"column":2},"end":{"line":21,"column":3}},"type":"if","locations":[{"start":{"line":19,"column":2},"end":{"line":21,"column":3}},{"start":{},"end":{}}],"line":19},"2":{"loc":{"start":{"line":19,"column":6},"end":{"line":19,"column":42}},"type":"binary-expr","locations":[{"start":{"line":19,"column":6},"end":{"line":19,"column":16}},{"start":{"line":19,"column":20},"end":{"line":19,"column":42}}],"line":19},"3":{"loc":{"start":{"line":49,"column":17},"end":{"line":51,"column":17}},"type":"binary-expr","locations":[{"start":{"line":49,"column":17},"end":{"line":49,"column":62}},{"start":{"line":50,"column":18},"end":{"line":50,"column":64}}],"line":49}},"s":{"0":0,"1":0,"2":0,"3":0,"4":0,"5":0,"6":0,"7":0,"8":0,"9":0,"10":0,"11":0,"12":0,"13":0},"f":{"0":0,"1":0,"2":0,"3":0,"4":0,"5":0},"b":{"0":[0,0],"1":[0,0],"2":[0,0],"3":[0,0]}}
,"/Users/ssentongoivan/CascadeProjects/trosyn-ai/src/frontend/src/components/DashboardHeader.jsx": {"path":"/Users/ssentongoivan/CascadeProjects/trosyn-ai/src/frontend/src/components/DashboardHeader.jsx","statementMap":{"0":{"start":{"line":4,"column":24},"end":{"line":13,"column":1}},"1":{"start":{"line":5,"column":2},"end":{"line":12,"column":4}},"2":{"start":{"line":15,"column":0},"end":{"line":18,"column":2}}},"fnMap":{"0":{"name":"(anonymous_0)","decl":{"start":{"line":4,"column":24},"end":{"line":4,"column":25}},"loc":{"start":{"line":4,"column":52},"end":{"line":13,"column":1}},"line":4}},"branchMap":{},"s":{"0":0,"1":0,"2":0},"f":{"0":0},"b":{}}
,"/Users/ssentongoivan/CascadeProjects/trosyn-ai/src/frontend/src/components/QuickActions.jsx": {"path":"/Users/ssentongoivan/CascadeProjects/trosyn-ai/src/frontend/src/components/QuickActions.jsx","statementMap":{"0":{"start":{"line":5,"column":21},"end":{"line":61,"column":1}},"1":{"start":{"line":6,"column":19},"end":{"line":6,"column":32}},"2":{"start":{"line":8,"column":24},"end":{"line":13,"column":3}},"3":{"start":{"line":15,"column":23},"end":{"line":18,"column":3}},"4":{"start":{"line":20,"column":21},"end":{"line":24,"column":3}},"5":{"start":{"line":26,"column":2},"end":{"line":60,"column":4}},"6":{"start":{"line":34,"column":10},"end":{"line":37,"column":19}},"7":{"start":{"line":34,"column":74},"end":{"line":34,"column":92}},"8":{"start":{"line":40,"column":10},"end":{"line":43,"column":19}},"9":{"start":{"line":40,"column":74},"end":{"line":40,"column":92}},"10":{"start":{"line":51,"column":12},"end":{"line":55,"column":17}},"11":{"start":{"line":63,"column":0},"end":{"line":65,"column":2}},"12":{"start":{"line":67,"column":0},"end":{"line":69,"column":2}}},"fnMap":{"0":{"name":"(anonymous_0)","decl":{"start":{"line":5,"column":21},"end":{"line":5,"column":22}},"loc":{"start":{"line":5,"column":43},"end":{"line":61,"column":1}},"line":5},"1":{"name":"(anonymous_1)","decl":{"start":{"line":33,"column":27},"end":{"line":33,"column":28}},"loc":{"start":{"line":34,"column":10},"end":{"line":37,"column":19}},"line":34},"2":{"name":"(anonymous_2)","decl":{"start":{"line":34,"column":68},"end":{"line":34,"column":69}},"loc":{"start":{"line":34,"column":74},"end":{"line":34,"column":92}},"line":34},"3":{"name":"(anonymous_3)","decl":{"start":{"line":39,"column":42},"end":{"line":39,"column":43}},"loc":{"start":{"line":40,"column":10},"end":{"line":43,"column":19}},"line":40},"4":{"name":"(anonymous_4)","decl":{"start":{"line":40,"column":68},"end":{"line":40,"column":69}},"loc":{"start":{"line":40,"column":74},"end":{"line":40,"column":92}},"line":40},"5":{"name":"(anonymous_5)","decl":{"start":{"line":50,"column":26},"end":{"line":50,"column":27}},"loc":{"start":{"line":51,"column":12},"end":{"line":55,"column":17}},"line":51}},"branchMap":{"0":{"loc":{"start":{"line":39,"column":9},"end":{"line":44,"column":10}},"type":"binary-expr","locations":[{"start":{"line":39,"column":9},"end":{"line":39,"column":21}},{"start":{"line":39,"column":25},"end":{"line":44,"column":10}}],"line":39}},"s":{"0":0,"1":0,"2":0,"3":0,"4":0,"5":0,"6":0,"7":0,"8":0,"9":0,"10":0,"11":0,"12":0},"f":{"0":0,"1":0,"2":0,"3":0,"4":0,"5":0},"b":{"0":[0,0]}}
,"/Users/ssentongoivan/CascadeProjects/trosyn-ai/src/frontend/src/components/StatCard.jsx": {"path":"/Users/ssentongoivan/CascadeProjects/trosyn-ai/src/frontend/src/components/StatCard.jsx","statementMap":{"0":{"start":{"line":4,"column":17},"end":{"line":14,"column":1}},"1":{"start":{"line":5,"column":2},"end":{"line":13,"column":4}},"2":{"start":{"line":16,"column":0},"end":{"line":20,"column":2}}},"fnMap":{"0":{"name":"(anonymous_0)","decl":{"start":{"line":4,"column":17},"end":{"line":4,"column":18}},"loc":{"start":{"line":4,"column":45},"end":{"line":14,"column":1}},"line":4}},"branchMap":{},"s":{"0":0,"1":0,"2":0},"f":{"0":0},"b":{}}
,"/Users/ssentongoivan/CascadeProjects/trosyn-ai/src/frontend/src/components/StatsGrid.jsx": {"path":"/Users/ssentongoivan/CascadeProjects/trosyn-ai/src/frontend/src/components/StatsGrid.jsx","statementMap":{"0":{"start":{"line":5,"column":18},"end":{"line":18,"column":1}},"1":{"start":{"line":6,"column":2},"end":{"line":17,"column":4}},"2":{"start":{"line":9,"column":8},"end":{"line":14,"column":10}},"3":{"start":{"line":20,"column":0},"end":{"line":28,"column":2}}},"fnMap":{"0":{"name":"(anonymous_0)","decl":{"start":{"line":5,"column":18},"end":{"line":5,"column":19}},"loc":{"start":{"line":5,"column":33},"end":{"line":18,"column":1}},"line":5},"1":{"name":"(anonymous_1)","decl":{"start":{"line":8,"column":17},"end":{"line":8,"column":18}},"loc":{"start":{"line":9,"column":8},"end":{"line":14,"column":10}},"line":9}},"branchMap":{},"s":{"0":0,"1":0,"2":0,"3":0},"f":{"0":0,"1":0},"b":{}}
,"/Users/ssentongoivan/CascadeProjects/trosyn-ai/src/frontend/src/components/common/AuthRoute.jsx": {"path":"/Users/ssentongoivan/CascadeProjects/trosyn-ai/src/frontend/src/components/common/AuthRoute.jsx","statementMap":{"0":{"start":{"line":10,"column":18},"end":{"line":31,"column":1}},"1":{"start":{"line":11,"column":39},"end":{"line":11,"column":47}},"2":{"start":{"line":12,"column":19},"end":{"line":12,"column":32}},"3":{"start":{"line":15,"column":2},"end":{"line":21,"column":3}},"4":{"start":{"line":16,"column":4},"end":{"line":20,"column":6}},"5":{"start":{"line":24,"column":2},"end":{"line":27,"column":3}},"6":{"start":{"line":25,"column":17},"end":{"line":25,"column":61}},"7":{"start":{"line":26,"column":4},"end":{"line":26,"column":42}},"8":{"start":{"line":30,"column":2},"end":{"line":30,"column":18}},"9":{"start":{"line":33,"column":0},"end":{"line":39,"column":2}}},"fnMap":{"0":{"name":"(anonymous_0)","decl":{"start":{"line":10,"column":18},"end":{"line":10,"column":19}},"loc":{"start":{"line":10,"column":54},"end":{"line":31,"column":1}},"line":10}},"branchMap":{"0":{"loc":{"start":{"line":10,"column":31},"end":{"line":10,"column":47}},"type":"default-arg","locations":[{"start":{"line":10,"column":44},"end":{"line":10,"column":47}}],"line":10},"1":{"loc":{"start":{"line":15,"column":2},"end":{"line":21,"column":3}},"type":"if","locations":[{"start":{"line":15,"column":2},"end":{"line":21,"column":3}},{"start":{},"end":{}}],"line":15},"2":{"loc":{"start":{"line":24,"column":2},"end":{"line":27,"column":3}},"type":"if","locations":[{"start":{"line":24,"column":2},"end":{"line":27,"column":3}},{"start":{},"end":{}}],"line":24},"3":{"loc":{"start":{"line":25,"column":17},"end":{"line":25,"column":61}},"type":"binary-expr","locations":[{"start":{"line":25,"column":17},"end":{"line":25,"column":47}},{"start":{"line":25,"column":51},"end":{"line":25,"column":61}}],"line":25}},"s":{"0":0,"1":0,"2":0,"3":0,"4":0,"5":0,"6":0,"7":0,"8":0,"9":0},"f":{"0":0},"b":{"0":[0],"1":[0,0],"2":[0,0],"3":[0,0]}}
,"/Users/ssentongoivan/CascadeProjects/trosyn-ai/src/frontend/src/components/common/ProtectedRoute.jsx": {"path":"/Users/ssentongoivan/CascadeProjects/trosyn-ai/src/frontend/src/components/common/ProtectedRoute.jsx","statementMap":{"0":{"start":{"line":10,"column":23},"end":{"line":41,"column":1}},"1":{"start":{"line":16,"column":45},"end":{"line":16,"column":53}},"2":{"start":{"line":17,"column":19},"end":{"line":17,"column":32}},"3":{"start":{"line":20,"column":2},"end":{"line":26,"column":3}},"4":{"start":{"line":21,"column":4},"end":{"line":25,"column":6}},"5":{"start":{"line":29,"column":2},"end":{"line":31,"column":3}},"6":{"start":{"line":30,"column":4},"end":{"line":30,"column":75}},"7":{"start":{"line":34,"column":2},"end":{"line":37,"column":3}},"8":{"start":{"line":34,"column":46},"end":{"line":34,"column":72}},"9":{"start":{"line":36,"column":4},"end":{"line":36,"column":94}},"10":{"start":{"line":40,"column":2},"end":{"line":40,"column":18}},"11":{"start":{"line":43,"column":0},"end":{"line":55,"column":2}}},"fnMap":{"0":{"name":"(anonymous_0)","decl":{"start":{"line":10,"column":23},"end":{"line":10,"column":24}},"loc":{"start":{"line":15,"column":6},"end":{"line":41,"column":1}},"line":15},"1":{"name":"(anonymous_1)","decl":{"start":{"line":34,"column":38},"end":{"line":34,"column":39}},"loc":{"start":{"line":34,"column":46},"end":{"line":34,"column":72}},"line":34}},"branchMap":{"0":{"loc":{"start":{"line":12,"column":2},"end":{"line":12,"column":12}},"type":"default-arg","locations":[{"start":{"line":12,"column":10},"end":{"line":12,"column":12}}],"line":12},"1":{"loc":{"start":{"line":13,"column":2},"end":{"line":13,"column":23}},"type":"default-arg","locations":[{"start":{"line":13,"column":15},"end":{"line":13,"column":23}}],"line":13},"2":{"loc":{"start":{"line":14,"column":2},"end":{"line":14,"column":42}},"type":"default-arg","locations":[{"start":{"line":14,"column":27},"end":{"line":14,"column":42}}],"line":14},"3":{"loc":{"start":{"line":20,"column":2},"end":{"line":26,"column":3}},"type":"if","locations":[{"start":{"line":20,"column":2},"end":{"line":26,"column":3}},{"start":{},"end":{}}],"line":20},"4":{"loc":{"start":{"line":29,"column":2},"end":{"line":31,"column":3}},"type":"if","locations":[{"start":{"line":29,"column":2},"end":{"line":31,"column":3}},{"start":{},"end":{}}],"line":29},"5":{"loc":{"start":{"line":34,"column":2},"end":{"line":37,"column":3}},"type":"if","locations":[{"start":{"line":34,"column":2},"end":{"line":37,"column":3}},{"start":{},"end":{}}],"line":34},"6":{"loc":{"start":{"line":34,"column":6},"end":{"line":34,"column":73}},"type":"binary-expr","locations":[{"start":{"line":34,"column":6},"end":{"line":34,"column":22}},{"start":{"line":34,"column":26},"end":{"line":34,"column":73}}],"line":34},"7":{"loc":{"start":{"line":36,"column":25},"end":{"line":36,"column":54}},"type":"binary-expr","locations":[{"start":{"line":36,"column":25},"end":{"line":36,"column":47}},{"start":{"line":36,"column":51},"end":{"line":36,"column":54}}],"line":36}},"s":{"0":0,"1":0,"2":0,"3":0,"4":0,"5":0,"6":0,"7":0,"8":0,"9":0,"10":0,"11":0},"f":{"0":0,"1":0},"b":{"0":[0],"1":[0],"2":[0],"3":[0,0],"4":[0,0],"5":[0,0],"6":[0,0],"7":[0,0]}}
,"/Users/ssentongoivan/CascadeProjects/trosyn-ai/src/frontend/src/components/dashboard/DashboardCard.jsx": {"path":"/Users/ssentongoivan/CascadeProjects/trosyn-ai/src/frontend/src/components/dashboard/DashboardCard.jsx","statementMap":{"0":{"start":{"line":5,"column":22},"end":{"line":46,"column":1}},"1":{"start":{"line":13,"column":2},"end":{"line":45,"column":4}},"2":{"start":{"line":48,"column":0},"end":{"line":55,"column":2}}},"fnMap":{"0":{"name":"(anonymous_0)","decl":{"start":{"line":5,"column":22},"end":{"line":5,"column":23}},"loc":{"start":{"line":12,"column":6},"end":{"line":46,"column":1}},"line":12}},"branchMap":{"0":{"loc":{"start":{"line":9,"column":2},"end":{"line":9,"column":23}},"type":"default-arg","locations":[{"start":{"line":9,"column":12},"end":{"line":9,"column":23}}],"line":9},"1":{"loc":{"start":{"line":10,"column":2},"end":{"line":10,"column":15}},"type":"default-arg","locations":[{"start":{"line":10,"column":14},"end":{"line":10,"column":15}}],"line":10},"2":{"loc":{"start":{"line":11,"column":2},"end":{"line":11,"column":9}},"type":"default-arg","locations":[{"start":{"line":11,"column":7},"end":{"line":11,"column":9}}],"line":11},"3":{"loc":{"start":{"line":24,"column":7},"end":{"line":40,"column":7}},"type":"binary-expr","locations":[{"start":{"line":24,"column":7},"end":{"line":24,"column":12}},{"start":{"line":25,"column":8},"end":{"line":39,"column":10}}],"line":24}},"s":{"0":0,"1":0,"2":0},"f":{"0":0},"b":{"0":[0],"1":[0],"2":[0],"3":[0,0]}}
,"/Users/ssentongoivan/CascadeProjects/trosyn-ai/src/frontend/src/components/dashboard/DashboardLayout.jsx": {"path":"/Users/ssentongoivan/CascadeProjects/trosyn-ai/src/frontend/src/components/dashboard/DashboardLayout.jsx","statementMap":{"0":{"start":{"line":6,"column":30},"end":{"line":11,"column":3}},"1":{"start":{"line":6,"column":58},"end":{"line":11,"column":1}},"2":{"start":{"line":13,"column":20},"end":{"line":19,"column":3}},"3":{"start":{"line":13,"column":48},"end":{"line":19,"column":1}},"4":{"start":{"line":21,"column":24},"end":{"line":63,"column":1}},"5":{"start":{"line":28,"column":16},"end":{"line":28,"column":26}},"6":{"start":{"line":29,"column":19},"end":{"line":29,"column":62}},"7":{"start":{"line":30,"column":38},"end":{"line":30,"column":59}},"8":{"start":{"line":32,"column":29},"end":{"line":34,"column":3}},"9":{"start":{"line":33,"column":4},"end":{"line":33,"column":31}},"10":{"start":{"line":36,"column":2},"end":{"line":62,"column":4}},"11":{"start":{"line":65,"column":0},"end":{"line":70,"column":2}}},"fnMap":{"0":{"name":"(anonymous_0)","decl":{"start":{"line":6,"column":42},"end":{"line":6,"column":43}},"loc":{"start":{"line":6,"column":58},"end":{"line":11,"column":1}},"line":6},"1":{"name":"(anonymous_1)","decl":{"start":{"line":13,"column":32},"end":{"line":13,"column":33}},"loc":{"start":{"line":13,"column":48},"end":{"line":19,"column":1}},"line":13},"2":{"name":"(anonymous_2)","decl":{"start":{"line":21,"column":24},"end":{"line":21,"column":25}},"loc":{"start":{"line":27,"column":6},"end":{"line":63,"column":1}},"line":27},"3":{"name":"(anonymous_3)","decl":{"start":{"line":32,"column":29},"end":{"line":32,"column":30}},"loc":{"start":{"line":32,"column":35},"end":{"line":34,"column":3}},"line":32}},"branchMap":{"0":{"loc":{"start":{"line":25,"column":2},"end":{"line":25,"column":17}},"type":"default-arg","locations":[{"start":{"line":25,"column":13},"end":{"line":25,"column":17}}],"line":25},"1":{"loc":{"start":{"line":39,"column":7},"end":{"line":42,"column":8}},"type":"binary-expr","locations":[{"start":{"line":39,"column":7},"end":{"line":39,"column":13}},{"start":{"line":39,"column":17},"end":{"line":42,"column":8}}],"line":39},"2":{"loc":{"start":{"line":46,"column":9},"end":{"line":50,"column":10}},"type":"binary-expr","locations":[{"start":{"line":46,"column":9},"end":{"line":46,"column":16}},{"start":{"line":46,"column":20},"end":{"line":50,"column":10}}],"line":46}},"s":{"0":0,"1":0,"2":0,"3":0,"4":0,"5":0,"6":0,"7":0,"8":0,"9":0,"10":0,"11":0},"f":{"0":0,"1":0,"2":0,"3":0},"b":{"0":[0],"1":[0,0],"2":[0,0]}}
,"/Users/ssentongoivan/CascadeProjects/trosyn-ai/src/frontend/src/components/dashboard/DataTable.jsx": {"path":"/Users/ssentongoivan/CascadeProjects/trosyn-ai/src/frontend/src/components/dashboard/DataTable.jsx","statementMap":{"0":{"start":{"line":29,"column":16},"end":{"line":29,"column":26}},"1":{"start":{"line":30,"column":21},"end":{"line":30,"column":55}},"2":{"start":{"line":32,"column":37},"end":{"line":34,"column":3}},"3":{"start":{"line":33,"column":4},"end":{"line":33,"column":27}},"4":{"start":{"line":36,"column":32},"end":{"line":38,"column":3}},"5":{"start":{"line":37,"column":4},"end":{"line":37,"column":34}},"6":{"start":{"line":40,"column":32},"end":{"line":42,"column":3}},"7":{"start":{"line":41,"column":4},"end":{"line":41,"column":34}},"8":{"start":{"line":44,"column":36},"end":{"line":46,"column":3}},"9":{"start":{"line":45,"column":4},"end":{"line":45,"column":36}},"10":{"start":{"line":48,"column":2},"end":{"line":79,"column":4}},"11":{"start":{"line":82,"column":0},"end":{"line":87,"column":2}},"12":{"start":{"line":90,"column":29},"end":{"line":106,"column":3}},"13":{"start":{"line":90,"column":68},"end":{"line":106,"column":1}},"14":{"start":{"line":108,"column":18},"end":{"line":270,"column":1}},"15":{"start":{"line":121,"column":26},"end":{"line":121,"column":37}},"16":{"start":{"line":122,"column":40},"end":{"line":122,"column":68}},"17":{"start":{"line":123,"column":32},"end":{"line":123,"column":62}},"18":{"start":{"line":124,"column":28},"end":{"line":124,"column":43}},"19":{"start":{"line":126,"column":28},"end":{"line":130,"column":3}},"20":{"start":{"line":127,"column":18},"end":{"line":127,"column":57}},"21":{"start":{"line":128,"column":4},"end":{"line":128,"column":37}},"22":{"start":{"line":129,"column":4},"end":{"line":129,"column":25}},"23":{"start":{"line":132,"column":27},"end":{"line":134,"column":3}},"24":{"start":{"line":133,"column":4},"end":{"line":133,"column":21}},"25":{"start":{"line":136,"column":34},"end":{"line":139,"column":3}},"26":{"start":{"line":137,"column":4},"end":{"line":137,"column":53}},"27":{"start":{"line":138,"column":4},"end":{"line":138,"column":15}},"28":{"start":{"line":141,"column":21},"end":{"line":156,"column":38}},"29":{"start":{"line":142,"column":4},"end":{"line":142,"column":31}},"30":{"start":{"line":142,"column":19},"end":{"line":142,"column":31}},"31":{"start":{"line":144,"column":4},"end":{"line":155,"column":7}},"32":{"start":{"line":145,"column":21},"end":{"line":145,"column":31}},"33":{"start":{"line":146,"column":21},"end":{"line":146,"column":31}},"34":{"start":{"line":148,"column":6},"end":{"line":150,"column":7}},"35":{"start":{"line":149,"column":8},"end":{"line":149,"column":40}},"36":{"start":{"line":151,"column":6},"end":{"line":153,"column":7}},"37":{"start":{"line":152,"column":8},"end":{"line":152,"column":40}},"38":{"start":{"line":154,"column":6},"end":{"line":154,"column":15}},"39":{"start":{"line":158,"column":24},"end":{"line":162,"column":49}},"40":{"start":{"line":159,"column":4},"end":{"line":159,"column":39}},"41":{"start":{"line":159,"column":21},"end":{"line":159,"column":39}},"42":{"start":{"line":160,"column":23},"end":{"line":160,"column":41}},"43":{"start":{"line":161,"column":4},"end":{"line":161,"column":66}},"44":{"start":{"line":164,"column":20},"end":{"line":166,"column":7}},"45":{"start":{"line":168,"column":2},"end":{"line":269,"column":4}},"46":{"start":{"line":182,"column":16},"end":{"line":214,"column":28}},"47":{"start":{"line":192,"column":37},"end":{"line":192,"column":65}},"48":{"start":{"line":220,"column":14},"end":{"line":241,"column":16}},"49":{"start":{"line":226,"column":33},"end":{"line":226,"column":62}},"50":{"start":{"line":233,"column":34},"end":{"line":233,"column":48}},"51":{"start":{"line":234,"column":20},"end":{"line":238,"column":22}},"52":{"start":{"line":272,"column":0},"end":{"line":291,"column":2}}},"fnMap":{"0":{"name":"TablePaginationActions","decl":{"start":{"line":28,"column":9},"end":{"line":28,"column":31}},"loc":{"start":{"line":28,"column":76},"end":{"line":80,"column":1}},"line":28},"1":{"name":"(anonymous_1)","decl":{"start":{"line":32,"column":37},"end":{"line":32,"column":38}},"loc":{"start":{"line":32,"column":48},"end":{"line":34,"column":3}},"line":32},"2":{"name":"(anonymous_2)","decl":{"start":{"line":36,"column":32},"end":{"line":36,"column":33}},"loc":{"start":{"line":36,"column":43},"end":{"line":38,"column":3}},"line":36},"3":{"name":"(anonymous_3)","decl":{"start":{"line":40,"column":32},"end":{"line":40,"column":33}},"loc":{"start":{"line":40,"column":43},"end":{"line":42,"column":3}},"line":40},"4":{"name":"(anonymous_4)","decl":{"start":{"line":44,"column":36},"end":{"line":44,"column":37}},"loc":{"start":{"line":44,"column":47},"end":{"line":46,"column":3}},"line":44},"5":{"name":"(anonymous_5)","decl":{"start":{"line":90,"column":52},"end":{"line":90,"column":53}},"loc":{"start":{"line":90,"column":68},"end":{"line":106,"column":1}},"line":90},"6":{"name":"(anonymous_6)","decl":{"start":{"line":108,"column":18},"end":{"line":108,"column":19}},"loc":{"start":{"line":120,"column":6},"end":{"line":270,"column":1}},"line":120},"7":{"name":"(anonymous_7)","decl":{"start":{"line":126,"column":28},"end":{"line":126,"column":29}},"loc":{"start":{"line":126,"column":42},"end":{"line":130,"column":3}},"line":126},"8":{"name":"(anonymous_8)","decl":{"start":{"line":132,"column":27},"end":{"line":132,"column":28}},"loc":{"start":{"line":132,"column":47},"end":{"line":134,"column":3}},"line":132},"9":{"name":"(anonymous_9)","decl":{"start":{"line":136,"column":34},"end":{"line":136,"column":35}},"loc":{"start":{"line":136,"column":45},"end":{"line":139,"column":3}},"line":136},"10":{"name":"(anonymous_10)","decl":{"start":{"line":141,"column":29},"end":{"line":141,"column":30}},"loc":{"start":{"line":141,"column":35},"end":{"line":156,"column":3}},"line":141},"11":{"name":"(anonymous_11)","decl":{"start":{"line":144,"column":26},"end":{"line":144,"column":27}},"loc":{"start":{"line":144,"column":36},"end":{"line":155,"column":5}},"line":144},"12":{"name":"(anonymous_12)","decl":{"start":{"line":158,"column":32},"end":{"line":158,"column":33}},"loc":{"start":{"line":158,"column":38},"end":{"line":162,"column":3}},"line":158},"13":{"name":"(anonymous_13)","decl":{"start":{"line":181,"column":27},"end":{"line":181,"column":28}},"loc":{"start":{"line":182,"column":16},"end":{"line":214,"column":28}},"line":182},"14":{"name":"(anonymous_14)","decl":{"start":{"line":192,"column":31},"end":{"line":192,"column":32}},"loc":{"start":{"line":192,"column":37},"end":{"line":192,"column":65}},"line":192},"15":{"name":"(anonymous_15)","decl":{"start":{"line":219,"column":31},"end":{"line":219,"column":32}},"loc":{"start":{"line":219,"column":47},"end":{"line":242,"column":13}},"line":219},"16":{"name":"(anonymous_16)","decl":{"start":{"line":226,"column":27},"end":{"line":226,"column":28}},"loc":{"start":{"line":226,"column":33},"end":{"line":226,"column":62}},"line":226},"17":{"name":"(anonymous_17)","decl":{"start":{"line":232,"column":31},"end":{"line":232,"column":32}},"loc":{"start":{"line":232,"column":43},"end":{"line":239,"column":19}},"line":232}},"branchMap":{"0":{"loc":{"start":{"line":55,"column":9},"end":{"line":55,"column":73}},"type":"cond-expr","locations":[{"start":{"line":55,"column":37},"end":{"line":55,"column":53}},{"start":{"line":55,"column":56},"end":{"line":55,"column":73}}],"line":55},"1":{"loc":{"start":{"line":62,"column":9},"end":{"line":62,"column":83}},"type":"cond-expr","locations":[{"start":{"line":62,"column":37},"end":{"line":62,"column":59}},{"start":{"line":62,"column":62},"end":{"line":62,"column":83}}],"line":62},"2":{"loc":{"start":{"line":69,"column":9},"end":{"line":69,"column":83}},"type":"cond-expr","locations":[{"start":{"line":69,"column":37},"end":{"line":69,"column":58}},{"start":{"line":69,"column":61},"end":{"line":69,"column":83}}],"line":69},"3":{"loc":{"start":{"line":76,"column":9},"end":{"line":76,"column":73}},"type":"cond-expr","locations":[{"start":{"line":76,"column":37},"end":{"line":76,"column":54}},{"start":{"line":76,"column":57},"end":{"line":76,"column":73}}],"line":76},"4":{"loc":{"start":{"line":113,"column":2},"end":{"line":113,"column":19}},"type":"default-arg","locations":[{"start":{"line":113,"column":15},"end":{"line":113,"column":19}}],"line":113},"5":{"loc":{"start":{"line":114,"column":2},"end":{"line":114,"column":34}},"type":"default-arg","locations":[{"start":{"line":114,"column":23},"end":{"line":114,"column":34}}],"line":114},"6":{"loc":{"start":{"line":115,"column":2},"end":{"line":115,"column":25}},"type":"default-arg","locations":[{"start":{"line":115,"column":23},"end":{"line":115,"column":25}}],"line":115},"7":{"loc":{"start":{"line":116,"column":2},"end":{"line":116,"column":17}},"type":"default-arg","locations":[{"start":{"line":116,"column":13},"end":{"line":116,"column":17}}],"line":116},"8":{"loc":{"start":{"line":117,"column":2},"end":{"line":117,"column":21}},"type":"default-arg","locations":[{"start":{"line":117,"column":17},"end":{"line":117,"column":21}}],"line":117},"9":{"loc":{"start":{"line":118,"column":2},"end":{"line":118,"column":17}},"type":"default-arg","locations":[{"start":{"line":118,"column":11},"end":{"line":118,"column":17}}],"line":118},"10":{"loc":{"start":{"line":123,"column":41},"end":{"line":123,"column":61}},"type":"binary-expr","locations":[{"start":{"line":123,"column":41},"end":{"line":123,"column":55}},{"start":{"line":123,"column":59},"end":{"line":123,"column":61}}],"line":123},"11":{"loc":{"start":{"line":127,"column":18},"end":{"line":127,"column":57}},"type":"binary-expr","locations":[{"start":{"line":127,"column":18},"end":{"line":127,"column":38}},{"start":{"line":127,"column":42},"end":{"line":127,"column":57}}],"line":127},"12":{"loc":{"start":{"line":128,"column":13},"end":{"line":128,"column":35}},"type":"cond-expr","locations":[{"start":{"line":128,"column":21},"end":{"line":128,"column":27}},{"start":{"line":128,"column":30},"end":{"line":128,"column":35}}],"line":128},"13":{"loc":{"start":{"line":142,"column":4},"end":{"line":142,"column":31}},"type":"if","locations":[{"start":{"line":142,"column":4},"end":{"line":142,"column":31}},{"start":{},"end":{}}],"line":142},"14":{"loc":{"start":{"line":148,"column":6},"end":{"line":150,"column":7}},"type":"if","locations":[{"start":{"line":148,"column":6},"end":{"line":150,"column":7}},{"start":{},"end":{}}],"line":148},"15":{"loc":{"start":{"line":149,"column":15},"end":{"line":149,"column":39}},"type":"cond-expr","locations":[{"start":{"line":149,"column":33},"end":{"line":149,"column":35}},{"start":{"line":149,"column":38},"end":{"line":149,"column":39}}],"line":149},"16":{"loc":{"start":{"line":151,"column":6},"end":{"line":153,"column":7}},"type":"if","locations":[{"start":{"line":151,"column":6},"end":{"line":153,"column":7}},{"start":{},"end":{}}],"line":151},"17":{"loc":{"start":{"line":152,"column":15},"end":{"line":152,"column":39}},"type":"cond-expr","locations":[{"start":{"line":152,"column":33},"end":{"line":152,"column":34}},{"start":{"line":152,"column":37},"end":{"line":152,"column":39}}],"line":152},"18":{"loc":{"start":{"line":159,"column":4},"end":{"line":159,"column":39}},"type":"if","locations":[{"start":{"line":159,"column":4},"end":{"line":159,"column":39}},{"start":{},"end":{}}],"line":159},"19":{"loc":{"start":{"line":164,"column":20},"end":{"line":166,"column":7}},"type":"cond-expr","locations":[{"start":{"line":165,"column":6},"end":{"line":165,"column":75}},{"start":{"line":166,"column":6},"end":{"line":166,"column":7}}],"line":164},"20":{"loc":{"start":{"line":170,"column":7},"end":{"line":176,"column":7}},"type":"binary-expr","locations":[{"start":{"line":170,"column":7},"end":{"line":170,"column":12}},{"start":{"line":171,"column":8},"end":{"line":175,"column":14}}],"line":170},"21":{"loc":{"start":{"line":184,"column":25},"end":{"line":184,"column":58}},"type":"cond-expr","locations":[{"start":{"line":184,"column":42},"end":{"line":184,"column":49}},{"start":{"line":184,"column":52},"end":{"line":184,"column":58}}],"line":184},"22":{"loc":{"start":{"line":185,"column":27},"end":{"line":185,"column":68}},"type":"cond-expr","locations":[{"start":{"line":185,"column":51},"end":{"line":185,"column":57}},{"start":{"line":185,"column":60},"end":{"line":185,"column":68}}],"line":185},"23":{"loc":{"start":{"line":186,"column":33},"end":{"line":186,"column":70}},"type":"cond-expr","locations":[{"start":{"line":186,"column":57},"end":{"line":186,"column":62}},{"start":{"line":186,"column":65},"end":{"line":186,"column":70}}],"line":186},"24":{"loc":{"start":{"line":188,"column":19},"end":{"line":213,"column":19}},"type":"cond-expr","locations":[{"start":{"line":189,"column":20},"end":{"line":210,"column":37}},{"start":{"line":212,"column":20},"end":{"line":212,"column":32}}],"line":188},"25":{"loc":{"start":{"line":191,"column":33},"end":{"line":191,"column":70}},"type":"cond-expr","locations":[{"start":{"line":191,"column":57},"end":{"line":191,"column":62}},{"start":{"line":191,"column":65},"end":{"line":191,"column":70}}],"line":191},"26":{"loc":{"start":{"line":195,"column":23},"end":{"line":209,"column":30}},"type":"cond-expr","locations":[{"start":{"line":196,"column":24},"end":{"line":208,"column":30}},{"start":{"line":209,"column":26},"end":{"line":209,"column":30}}],"line":195},"27":{"loc":{"start":{"line":207,"column":27},"end":{"line":207,"column":86}},"type":"cond-expr","locations":[{"start":{"line":207,"column":46},"end":{"line":207,"column":65}},{"start":{"line":207,"column":68},"end":{"line":207,"column":86}}],"line":207},"28":{"loc":{"start":{"line":225,"column":23},"end":{"line":225,"column":38}},"type":"binary-expr","locations":[{"start":{"line":225,"column":23},"end":{"line":225,"column":29}},{"start":{"line":225,"column":33},"end":{"line":225,"column":38}}],"line":225},"29":{"loc":{"start":{"line":226,"column":33},"end":{"line":226,"column":62}},"type":"binary-expr","locations":[{"start":{"line":226,"column":33},"end":{"line":226,"column":43}},{"start":{"line":226,"column":47},"end":{"line":226,"column":62}}],"line":226},"30":{"loc":{"start":{"line":229,"column":24},"end":{"line":229,"column":59}},"type":"binary-expr","locations":[{"start":{"line":229,"column":24},"end":{"line":229,"column":34}},{"start":{"line":229,"column":38},"end":{"line":229,"column":59}}],"line":229},"31":{"loc":{"start":{"line":235,"column":56},"end":{"line":235,"column":89}},"type":"cond-expr","locations":[{"start":{"line":235,"column":73},"end":{"line":235,"column":80}},{"start":{"line":235,"column":83},"end":{"line":235,"column":89}}],"line":235},"32":{"loc":{"start":{"line":236,"column":25},"end":{"line":236,"column":74}},"type":"cond-expr","locations":[{"start":{"line":236,"column":41},"end":{"line":236,"column":66}},{"start":{"line":236,"column":69},"end":{"line":236,"column":74}}],"line":236},"33":{"loc":{"start":{"line":243,"column":13},"end":{"line":247,"column":13}},"type":"binary-expr","locations":[{"start":{"line":243,"column":13},"end":{"line":243,"column":26}},{"start":{"line":244,"column":14},"end":{"line":246,"column":25}}],"line":243},"34":{"loc":{"start":{"line":251,"column":7},"end":{"line":267,"column":7}},"type":"binary-expr","locations":[{"start":{"line":251,"column":7},"end":{"line":251,"column":17}},{"start":{"line":252,"column":8},"end":{"line":266,"column":10}}],"line":251}},"s":{"0":0,"1":0,"2":0,"3":0,"4":0,"5":0,"6":0,"7":0,"8":0,"9":0,"10":0,"11":0,"12":0,"13":0,"14":0,"15":0,"16":0,"17":0,"18":0,"19":0,"20":0,"21":0,"22":0,"23":0,"24":0,"25":0,"26":0,"27":0,"28":0,"29":0,"30":0,"31":0,"32":0,"33":0,"34":0,"35":0,"36":0,"37":0,"38":0,"39":0,"40":0,"41":0,"42":0,"43":0,"44":0,"45":0,"46":0,"47":0,"48":0,"49":0,"50":0,"51":0,"52":0},"f":{"0":0,"1":0,"2":0,"3":0,"4":0,"5":0,"6":0,"7":0,"8":0,"9":0,"10":0,"11":0,"12":0,"13":0,"14":0,"15":0,"16":0,"17":0},"b":{"0":[0,0],"1":[0,0],"2":[0,0],"3":[0,0],"4":[0],"5":[0],"6":[0],"7":[0],"8":[0],"9":[0],"10":[0,0],"11":[0,0],"12":[0,0],"13":[0,0],"14":[0,0],"15":[0,0],"16":[0,0],"17":[0,0],"18":[0,0],"19":[0,0],"20":[0,0],"21":[0,0],"22":[0,0],"23":[0,0],"24":[0,0],"25":[0,0],"26":[0,0],"27":[0,0],"28":[0,0],"29":[0,0],"30":[0,0],"31":[0,0],"32":[0,0],"33":[0,0],"34":[0,0]}}
,"/Users/ssentongoivan/CascadeProjects/trosyn-ai/src/frontend/src/components/dashboard/MetricCard.jsx": {"path":"/Users/ssentongoivan/CascadeProjects/trosyn-ai/src/frontend/src/components/dashboard/MetricCard.jsx","statementMap":{"0":{"start":{"line":6,"column":25},"end":{"line":19,"column":3}},"1":{"start":{"line":6,"column":53},"end":{"line":19,"column":1}},"2":{"start":{"line":21,"column":19},"end":{"line":113,"column":1}},"3":{"start":{"line":31,"column":24},"end":{"line":35,"column":3}},"4":{"start":{"line":32,"column":4},"end":{"line":32,"column":48}},"5":{"start":{"line":32,"column":26},"end":{"line":32,"column":48}},"6":{"start":{"line":33,"column":4},"end":{"line":33,"column":46}},"7":{"start":{"line":33,"column":26},"end":{"line":33,"column":46}},"8":{"start":{"line":34,"column":4},"end":{"line":34,"column":28}},"9":{"start":{"line":37,"column":23},"end":{"line":49,"column":3}},"10":{"start":{"line":38,"column":4},"end":{"line":42,"column":6}},"11":{"start":{"line":38,"column":26},"end":{"line":42,"column":6}},"12":{"start":{"line":43,"column":4},"end":{"line":47,"column":6}},"13":{"start":{"line":43,"column":26},"end":{"line":47,"column":6}},"14":{"start":{"line":48,"column":4},"end":{"line":48,"column":16}},"15":{"start":{"line":52,"column":4},"end":{"line":103,"column":23}},"16":{"start":{"line":106,"column":2},"end":{"line":112,"column":4}},"17":{"start":{"line":115,"column":0},"end":{"line":127,"column":2}}},"fnMap":{"0":{"name":"(anonymous_0)","decl":{"start":{"line":6,"column":37},"end":{"line":6,"column":38}},"loc":{"start":{"line":6,"column":53},"end":{"line":19,"column":1}},"line":6},"1":{"name":"(anonymous_1)","decl":{"start":{"line":21,"column":19},"end":{"line":21,"column":20}},"loc":{"start":{"line":30,"column":6},"end":{"line":113,"column":1}},"line":30},"2":{"name":"(anonymous_2)","decl":{"start":{"line":31,"column":24},"end":{"line":31,"column":25}},"loc":{"start":{"line":31,"column":30},"end":{"line":35,"column":3}},"line":31},"3":{"name":"(anonymous_3)","decl":{"start":{"line":37,"column":23},"end":{"line":37,"column":24}},"loc":{"start":{"line":37,"column":29},"end":{"line":49,"column":3}},"line":37}},"branchMap":{"0":{"loc":{"start":{"line":25,"column":2},"end":{"line":25,"column":19}},"type":"default-arg","locations":[{"start":{"line":25,"column":10},"end":{"line":25,"column":19}}],"line":25},"1":{"loc":{"start":{"line":29,"column":2},"end":{"line":29,"column":9}},"type":"default-arg","locations":[{"start":{"line":29,"column":7},"end":{"line":29,"column":9}}],"line":29},"2":{"loc":{"start":{"line":32,"column":4},"end":{"line":32,"column":48}},"type":"if","locations":[{"start":{"line":32,"column":4},"end":{"line":32,"column":48}},{"start":{},"end":{}}],"line":32},"3":{"loc":{"start":{"line":33,"column":4},"end":{"line":33,"column":46}},"type":"if","locations":[{"start":{"line":33,"column":4},"end":{"line":33,"column":46}},{"start":{},"end":{}}],"line":33},"4":{"loc":{"start":{"line":38,"column":4},"end":{"line":42,"column":6}},"type":"if","locations":[{"start":{"line":38,"column":4},"end":{"line":42,"column":6}},{"start":{},"end":{}}],"line":38},"5":{"loc":{"start":{"line":43,"column":4},"end":{"line":47,"column":6}},"type":"if","locations":[{"start":{"line":43,"column":4},"end":{"line":47,"column":6}},{"start":{},"end":{}}],"line":43},"6":{"loc":{"start":{"line":65,"column":9},"end":{"line":79,"column":9}},"type":"binary-expr","locations":[{"start":{"line":65,"column":9},"end":{"line":65,"column":13}},{"start":{"line":66,"column":10},"end":{"line":78,"column":16}}],"line":65},"7":{"loc":{"start":{"line":85,"column":9},"end":{"line":101,"column":9}},"type":"binary-expr","locations":[{"start":{"line":85,"column":10},"end":{"line":85,"column":15}},{"start":{"line":85,"column":19},"end":{"line":85,"column":26}},{"start":{"line":86,"column":10},"end":{"line":100,"column":16}}],"line":85},"8":{"loc":{"start":{"line":86,"column":64},"end":{"line":86,"column":106}},"type":"cond-expr","locations":[{"start":{"line":86,"column":72},"end":{"line":86,"column":87}},{"start":{"line":86,"column":90},"end":{"line":86,"column":106}}],"line":86},"9":{"loc":{"start":{"line":87,"column":13},"end":{"line":94,"column":13}},"type":"binary-expr","locations":[{"start":{"line":87,"column":13},"end":{"line":87,"column":18}},{"start":{"line":88,"column":14},"end":{"line":93,"column":17}}],"line":87},"10":{"loc":{"start":{"line":95,"column":13},"end":{"line":99,"column":13}},"type":"binary-expr","locations":[{"start":{"line":95,"column":13},"end":{"line":95,"column":20}},{"start":{"line":96,"column":14},"end":{"line":98,"column":27}}],"line":95},"11":{"loc":{"start":{"line":96,"column":54},"end":{"line":96,"column":67}},"type":"cond-expr","locations":[{"start":{"line":96,"column":62},"end":{"line":96,"column":63}},{"start":{"line":96,"column":66},"end":{"line":96,"column":67}}],"line":96},"12":{"loc":{"start":{"line":106,"column":9},"end":{"line":112,"column":3}},"type":"cond-expr","locations":[{"start":{"line":107,"column":4},"end":{"line":109,"column":14}},{"start":{"line":111,"column":4},"end":{"line":111,"column":11}}],"line":106}},"s":{"0":0,"1":0,"2":0,"3":0,"4":0,"5":0,"6":0,"7":0,"8":0,"9":0,"10":0,"11":0,"12":0,"13":0,"14":0,"15":0,"16":0,"17":0},"f":{"0":0,"1":0,"2":0,"3":0},"b":{"0":[0],"1":[0],"2":[0,0],"3":[0,0],"4":[0,0],"5":[0,0],"6":[0,0],"7":[0,0,0],"8":[0,0],"9":[0,0],"10":[0,0],"11":[0,0],"12":[0,0]}}
,"/Users/ssentongoivan/CascadeProjects/trosyn-ai/src/frontend/src/components/dashboard/ResponsiveChart.jsx": {"path":"/Users/ssentongoivan/CascadeProjects/trosyn-ai/src/frontend/src/components/dashboard/ResponsiveChart.jsx","statementMap":{"0":{"start":{"line":8,"column":23},"end":{"line":50,"column":3}},"1":{"start":{"line":8,"column":51},"end":{"line":50,"column":1}},"2":{"start":{"line":52,"column":24},"end":{"line":256,"column":1}},"3":{"start":{"line":64,"column":16},"end":{"line":64,"column":26}},"4":{"start":{"line":65,"column":19},"end":{"line":65,"column":31}},"5":{"start":{"line":66,"column":32},"end":{"line":66,"column":46}},"6":{"start":{"line":67,"column":33},"end":{"line":67,"column":52}},"7":{"start":{"line":69,"column":2},"end":{"line":235,"column":101}},"8":{"start":{"line":70,"column":4},"end":{"line":70,"column":64}},"9":{"start":{"line":70,"column":57},"end":{"line":70,"column":64}},"10":{"start":{"line":73,"column":4},"end":{"line":73,"column":56}},"11":{"start":{"line":76,"column":23},"end":{"line":76,"column":57}},"12":{"start":{"line":77,"column":24},"end":{"line":77,"column":59}},"13":{"start":{"line":80,"column":16},"end":{"line":87,"column":67}},"14":{"start":{"line":90,"column":19},"end":{"line":94,"column":19}},"15":{"start":{"line":92,"column":30},"end":{"line":92,"column":42}},"16":{"start":{"line":96,"column":19},"end":{"line":100,"column":30}},"17":{"start":{"line":98,"column":38},"end":{"line":98,"column":50}},"18":{"start":{"line":103,"column":4},"end":{"line":112,"column":36}},"19":{"start":{"line":111,"column":25},"end":{"line":111,"column":34}},"20":{"start":{"line":112,"column":25},"end":{"line":112,"column":34}},"21":{"start":{"line":115,"column":18},"end":{"line":115,"column":39}},"22":{"start":{"line":116,"column":18},"end":{"line":116,"column":37}},"23":{"start":{"line":118,"column":4},"end":{"line":127,"column":40}},"24":{"start":{"line":129,"column":4},"end":{"line":129,"column":61}},"25":{"start":{"line":132,"column":4},"end":{"line":142,"column":5}},"26":{"start":{"line":133,"column":6},"end":{"line":141,"column":22}},"27":{"start":{"line":144,"column":4},"end":{"line":155,"column":5}},"28":{"start":{"line":145,"column":6},"end":{"line":154,"column":22}},"29":{"start":{"line":158,"column":4},"end":{"line":169,"column":5}},"30":{"start":{"line":159,"column":6},"end":{"line":168,"column":21}},"31":{"start":{"line":172,"column":4},"end":{"line":234,"column":5}},"32":{"start":{"line":174,"column":6},"end":{"line":194,"column":48}},"33":{"start":{"line":180,"column":26},"end":{"line":180,"column":46}},"34":{"start":{"line":181,"column":26},"end":{"line":181,"column":46}},"35":{"start":{"line":183,"column":31},"end":{"line":183,"column":65}},"36":{"start":{"line":188,"column":10},"end":{"line":192,"column":13}},"37":{"start":{"line":194,"column":30},"end":{"line":194,"column":46}},"38":{"start":{"line":197,"column":19},"end":{"line":201,"column":33}},"39":{"start":{"line":199,"column":18},"end":{"line":199,"column":63}},"40":{"start":{"line":200,"column":18},"end":{"line":200,"column":38}},"41":{"start":{"line":204,"column":6},"end":{"line":211,"column":33}},"42":{"start":{"line":214,"column":6},"end":{"line":233,"column":48}},"43":{"start":{"line":220,"column":27},"end":{"line":220,"column":72}},"44":{"start":{"line":221,"column":27},"end":{"line":221,"column":47}},"45":{"start":{"line":227,"column":10},"end":{"line":231,"column":13}},"46":{"start":{"line":233,"column":30},"end":{"line":233,"column":46}},"47":{"start":{"line":237,"column":2},"end":{"line":255,"column":4}},"48":{"start":{"line":258,"column":0},"end":{"line":273,"column":2}}},"fnMap":{"0":{"name":"(anonymous_0)","decl":{"start":{"line":8,"column":35},"end":{"line":8,"column":36}},"loc":{"start":{"line":8,"column":51},"end":{"line":50,"column":1}},"line":8},"1":{"name":"(anonymous_1)","decl":{"start":{"line":52,"column":24},"end":{"line":52,"column":25}},"loc":{"start":{"line":63,"column":6},"end":{"line":256,"column":1}},"line":63},"2":{"name":"(anonymous_2)","decl":{"start":{"line":69,"column":12},"end":{"line":69,"column":13}},"loc":{"start":{"line":69,"column":18},"end":{"line":235,"column":3}},"line":69},"3":{"name":"(anonymous_3)","decl":{"start":{"line":92,"column":23},"end":{"line":92,"column":24}},"loc":{"start":{"line":92,"column":30},"end":{"line":92,"column":42}},"line":92},"4":{"name":"(anonymous_4)","decl":{"start":{"line":98,"column":31},"end":{"line":98,"column":32}},"loc":{"start":{"line":98,"column":38},"end":{"line":98,"column":50}},"line":98},"5":{"name":"(anonymous_5)","decl":{"start":{"line":111,"column":18},"end":{"line":111,"column":19}},"loc":{"start":{"line":111,"column":25},"end":{"line":111,"column":34}},"line":111},"6":{"name":"(anonymous_6)","decl":{"start":{"line":112,"column":18},"end":{"line":112,"column":19}},"loc":{"start":{"line":112,"column":25},"end":{"line":112,"column":34}},"line":112},"7":{"name":"(anonymous_7)","decl":{"start":{"line":180,"column":19},"end":{"line":180,"column":20}},"loc":{"start":{"line":180,"column":26},"end":{"line":180,"column":46}},"line":180},"8":{"name":"(anonymous_8)","decl":{"start":{"line":181,"column":19},"end":{"line":181,"column":20}},"loc":{"start":{"line":181,"column":26},"end":{"line":181,"column":46}},"line":181},"9":{"name":"(anonymous_9)","decl":{"start":{"line":183,"column":24},"end":{"line":183,"column":25}},"loc":{"start":{"line":183,"column":31},"end":{"line":183,"column":65}},"line":183},"10":{"name":"(anonymous_10)","decl":{"start":{"line":187,"column":25},"end":{"line":187,"column":26}},"loc":{"start":{"line":187,"column":39},"end":{"line":193,"column":9}},"line":187},"11":{"name":"(anonymous_11)","decl":{"start":{"line":194,"column":24},"end":{"line":194,"column":25}},"loc":{"start":{"line":194,"column":30},"end":{"line":194,"column":46}},"line":194},"12":{"name":"(anonymous_12)","decl":{"start":{"line":199,"column":11},"end":{"line":199,"column":12}},"loc":{"start":{"line":199,"column":18},"end":{"line":199,"column":63}},"line":199},"13":{"name":"(anonymous_13)","decl":{"start":{"line":200,"column":11},"end":{"line":200,"column":12}},"loc":{"start":{"line":200,"column":18},"end":{"line":200,"column":38}},"line":200},"14":{"name":"(anonymous_14)","decl":{"start":{"line":220,"column":20},"end":{"line":220,"column":21}},"loc":{"start":{"line":220,"column":27},"end":{"line":220,"column":72}},"line":220},"15":{"name":"(anonymous_15)","decl":{"start":{"line":221,"column":20},"end":{"line":221,"column":21}},"loc":{"start":{"line":221,"column":27},"end":{"line":221,"column":47}},"line":221},"16":{"name":"(anonymous_16)","decl":{"start":{"line":226,"column":25},"end":{"line":226,"column":26}},"loc":{"start":{"line":226,"column":39},"end":{"line":232,"column":9}},"line":226},"17":{"name":"(anonymous_17)","decl":{"start":{"line":233,"column":24},"end":{"line":233,"column":25}},"loc":{"start":{"line":233,"column":30},"end":{"line":233,"column":46}},"line":233}},"branchMap":{"0":{"loc":{"start":{"line":59,"column":2},"end":{"line":59,"column":15}},"type":"default-arg","locations":[{"start":{"line":59,"column":9},"end":{"line":59,"column":15}}],"line":59},"1":{"loc":{"start":{"line":60,"column":2},"end":{"line":60,"column":19}},"type":"default-arg","locations":[{"start":{"line":60,"column":10},"end":{"line":60,"column":19}}],"line":60},"2":{"loc":{"start":{"line":61,"column":2},"end":{"line":61,"column":55}},"type":"default-arg","locations":[{"start":{"line":61,"column":11},"end":{"line":61,"column":55}}],"line":61},"3":{"loc":{"start":{"line":70,"column":4},"end":{"line":70,"column":64}},"type":"if","locations":[{"start":{"line":70,"column":4},"end":{"line":70,"column":64}},{"start":{},"end":{}}],"line":70},"4":{"loc":{"start":{"line":70,"column":8},"end":{"line":70,"column":55}},"type":"binary-expr","locations":[{"start":{"line":70,"column":8},"end":{"line":70,"column":14}},{"start":{"line":70,"column":18},"end":{"line":70,"column":25}},{"start":{"line":70,"column":29},"end":{"line":70,"column":34}},{"start":{"line":70,"column":38},"end":{"line":70,"column":55}}],"line":70},"5":{"loc":{"start":{"line":132,"column":4},"end":{"line":142,"column":5}},"type":"if","locations":[{"start":{"line":132,"column":4},"end":{"line":142,"column":5}},{"start":{},"end":{}}],"line":132},"6":{"loc":{"start":{"line":144,"column":4},"end":{"line":155,"column":5}},"type":"if","locations":[{"start":{"line":144,"column":4},"end":{"line":155,"column":5}},{"start":{},"end":{}}],"line":144},"7":{"loc":{"start":{"line":158,"column":4},"end":{"line":169,"column":5}},"type":"if","locations":[{"start":{"line":158,"column":4},"end":{"line":169,"column":5}},{"start":{},"end":{}}],"line":158},"8":{"loc":{"start":{"line":172,"column":4},"end":{"line":234,"column":5}},"type":"if","locations":[{"start":{"line":172,"column":4},"end":{"line":234,"column":5}},{"start":{"line":195,"column":11},"end":{"line":234,"column":5}}],"line":172},"9":{"loc":{"start":{"line":240,"column":7},"end":{"line":253,"column":7}},"type":"binary-expr","locations":[{"start":{"line":240,"column":7},"end":{"line":240,"column":14}},{"start":{"line":241,"column":8},"end":{"line":252,"column":14}}],"line":240}},"s":{"0":0,"1":0,"2":0,"3":0,"4":0,"5":0,"6":0,"7":0,"8":0,"9":0,"10":0,"11":0,"12":0,"13":0,"14":0,"15":0,"16":0,"17":0,"18":0,"19":0,"20":0,"21":0,"22":0,"23":0,"24":0,"25":0,"26":0,"27":0,"28":0,"29":0,"30":0,"31":0,"32":0,"33":0,"34":0,"35":0,"36":0,"37":0,"38":0,"39":0,"40":0,"41":0,"42":0,"43":0,"44":0,"45":0,"46":0,"47":0,"48":0},"f":{"0":0,"1":0,"2":0,"3":0,"4":0,"5":0,"6":0,"7":0,"8":0,"9":0,"10":0,"11":0,"12":0,"13":0,"14":0,"15":0,"16":0,"17":0},"b":{"0":[0],"1":[0],"2":[0],"3":[0,0],"4":[0,0,0,0],"5":[0,0],"6":[0,0],"7":[0,0],"8":[0,0],"9":[0,0]}}
,"/Users/ssentongoivan/CascadeProjects/trosyn-ai/src/frontend/src/components/dashboard/index.js": {"path":"/Users/ssentongoivan/CascadeProjects/trosyn-ai/src/frontend/src/components/dashboard/index.js","statementMap":{},"fnMap":{},"branchMap":{},"s":{},"f":{},"b":{}}
,"/Users/ssentongoivan/CascadeProjects/trosyn-ai/src/frontend/src/components/lan-sync/DeviceList.jsx": {"path":"/Users/ssentongoivan/CascadeProjects/trosyn-ai/src/frontend/src/components/lan-sync/DeviceList.jsx","statementMap":{"0":{"start":{"line":50,"column":20},"end":{"line":55,"column":3}},"1":{"start":{"line":50,"column":50},"end":{"line":55,"column":1}},"2":{"start":{"line":57,"column":26},"end":{"line":76,"column":3}},"3":{"start":{"line":57,"column":63},"end":{"line":76,"column":1}},"4":{"start":{"line":78,"column":19},"end":{"line":603,"column":1}},"5":{"start":{"line":88,"column":16},"end":{"line":88,"column":26}},"6":{"start":{"line":89,"column":42},"end":{"line":89,"column":56}},"7":{"start":{"line":90,"column":44},"end":{"line":90,"column":58}},"8":{"start":{"line":91,"column":38},"end":{"line":91,"column":53}},"9":{"start":{"line":102,"column":6},"end":{"line":102,"column":26}},"10":{"start":{"line":98,"column":34},"end":{"line":98,"column":38}},"11":{"start":{"line":99,"column":32},"end":{"line":99,"column":36}},"12":{"start":{"line":100,"column":28},"end":{"line":100,"column":32}},"13":{"start":{"line":101,"column":31},"end":{"line":101,"column":35}},"14":{"start":{"line":105,"column":21},"end":{"line":107,"column":15}},"15":{"start":{"line":106,"column":4},"end":{"line":106,"column":45}},"16":{"start":{"line":110,"column":26},"end":{"line":112,"column":19}},"17":{"start":{"line":111,"column":4},"end":{"line":111,"column":64}},"18":{"start":{"line":111,"column":36},"end":{"line":111,"column":62}},"19":{"start":{"line":115,"column":26},"end":{"line":117,"column":29}},"20":{"start":{"line":116,"column":4},"end":{"line":116,"column":48}},"21":{"start":{"line":120,"column":24},"end":{"line":122,"column":27}},"22":{"start":{"line":121,"column":4},"end":{"line":121,"column":51}},"23":{"start":{"line":125,"column":22},"end":{"line":127,"column":23}},"24":{"start":{"line":126,"column":4},"end":{"line":126,"column":37}},"25":{"start":{"line":130,"column":23},"end":{"line":132,"column":26}},"26":{"start":{"line":131,"column":4},"end":{"line":131,"column":40}},"27":{"start":{"line":135,"column":25},"end":{"line":140,"column":3}},"28":{"start":{"line":136,"column":4},"end":{"line":136,"column":28}},"29":{"start":{"line":137,"column":4},"end":{"line":137,"column":29}},"30":{"start":{"line":138,"column":4},"end":{"line":138,"column":41}},"31":{"start":{"line":139,"column":4},"end":{"line":139,"column":24}},"32":{"start":{"line":143,"column":26},"end":{"line":147,"column":3}},"33":{"start":{"line":144,"column":4},"end":{"line":144,"column":25}},"34":{"start":{"line":145,"column":4},"end":{"line":145,"column":26}},"35":{"start":{"line":146,"column":4},"end":{"line":146,"column":27}},"36":{"start":{"line":150,"column":24},"end":{"line":169,"column":3}},"37":{"start":{"line":151,"column":4},"end":{"line":151,"column":28}},"38":{"start":{"line":151,"column":21},"end":{"line":151,"column":28}},"39":{"start":{"line":153,"column":4},"end":{"line":168,"column":5}},"40":{"start":{"line":154,"column":6},"end":{"line":158,"column":7}},"41":{"start":{"line":155,"column":8},"end":{"line":155,"column":32}},"42":{"start":{"line":156,"column":13},"end":{"line":158,"column":7}},"43":{"start":{"line":157,"column":8},"end":{"line":157,"column":35}},"44":{"start":{"line":162,"column":6},"end":{"line":162,"column":66}},"45":{"start":{"line":164,"column":6},"end":{"line":164,"column":52}},"46":{"start":{"line":167,"column":6},"end":{"line":167,"column":24}},"47":{"start":{"line":172,"column":27},"end":{"line":186,"column":3}},"48":{"start":{"line":173,"column":4},"end":{"line":173,"column":35}},"49":{"start":{"line":173,"column":28},"end":{"line":173,"column":35}},"50":{"start":{"line":175,"column":4},"end":{"line":185,"column":5}},"51":{"start":{"line":176,"column":6},"end":{"line":180,"column":7}},"52":{"start":{"line":177,"column":8},"end":{"line":177,"column":42}},"53":{"start":{"line":178,"column":13},"end":{"line":180,"column":7}},"54":{"start":{"line":179,"column":8},"end":{"line":179,"column":53}},"55":{"start":{"line":182,"column":6},"end":{"line":182,"column":59}},"56":{"start":{"line":184,"column":6},"end":{"line":184,"column":24}},"57":{"start":{"line":189,"column":28},"end":{"line":193,"column":3}},"58":{"start":{"line":190,"column":4},"end":{"line":192,"column":5}},"59":{"start":{"line":191,"column":6},"end":{"line":191,"column":28}},"60":{"start":{"line":196,"column":28},"end":{"line":200,"column":3}},"61":{"start":{"line":197,"column":4},"end":{"line":199,"column":5}},"62":{"start":{"line":198,"column":6},"end":{"line":198,"column":29}},"63":{"start":{"line":203,"column":25},"end":{"line":215,"column":3}},"64":{"start":{"line":204,"column":21},"end":{"line":204,"column":46}},"65":{"start":{"line":205,"column":4},"end":{"line":205,"column":34}},"66":{"start":{"line":205,"column":19},"end":{"line":205,"column":34}},"67":{"start":{"line":207,"column":16},"end":{"line":207,"column":26}},"68":{"start":{"line":208,"column":25},"end":{"line":208,"column":43}},"69":{"start":{"line":209,"column":26},"end":{"line":209,"column":65}},"70":{"start":{"line":211,"column":4},"end":{"line":211,"column":46}},"71":{"start":{"line":211,"column":28},"end":{"line":211,"column":46}},"72":{"start":{"line":212,"column":4},"end":{"line":212,"column":78}},"73":{"start":{"line":212,"column":30},"end":{"line":212,"column":78}},"74":{"start":{"line":213,"column":4},"end":{"line":213,"column":81}},"75":{"start":{"line":213,"column":31},"end":{"line":213,"column":81}},"76":{"start":{"line":214,"column":4},"end":{"line":214,"column":45}},"77":{"start":{"line":218,"column":28},"end":{"line":265,"column":3}},"78":{"start":{"line":219,"column":19},"end":{"line":219,"column":55}},"79":{"start":{"line":220,"column":21},"end":{"line":220,"column":59}},"80":{"start":{"line":221,"column":18},"end":{"line":221,"column":53}},"81":{"start":{"line":223,"column":4},"end":{"line":230,"column":5}},"82":{"start":{"line":224,"column":6},"end":{"line":229,"column":8}},"83":{"start":{"line":232,"column":4},"end":{"line":239,"column":5}},"84":{"start":{"line":233,"column":6},"end":{"line":238,"column":8}},"85":{"start":{"line":241,"column":4},"end":{"line":248,"column":5}},"86":{"start":{"line":242,"column":6},"end":{"line":247,"column":8}},"87":{"start":{"line":250,"column":4},"end":{"line":257,"column":5}},"88":{"start":{"line":251,"column":6},"end":{"line":256,"column":8}},"89":{"start":{"line":259,"column":4},"end":{"line":264,"column":6}},"90":{"start":{"line":268,"column":30},"end":{"line":287,"column":3}},"91":{"start":{"line":269,"column":4},"end":{"line":274,"column":5}},"92":{"start":{"line":270,"column":6},"end":{"line":273,"column":8}},"93":{"start":{"line":276,"column":4},"end":{"line":281,"column":5}},"94":{"start":{"line":277,"column":6},"end":{"line":280,"column":8}},"95":{"start":{"line":283,"column":4},"end":{"line":286,"column":6}},"96":{"start":{"line":290,"column":26},"end":{"line":296,"column":3}},"97":{"start":{"line":291,"column":4},"end":{"line":295,"column":5}},"98":{"start":{"line":292,"column":6},"end":{"line":292,"column":22}},"99":{"start":{"line":294,"column":6},"end":{"line":294,"column":23}},"100":{"start":{"line":299,"column":24},"end":{"line":303,"column":3}},"101":{"start":{"line":300,"column":4},"end":{"line":300,"column":22}},"102":{"start":{"line":302,"column":4},"end":{"line":302,"column":45}},"103":{"start":{"line":302,"column":21},"end":{"line":302,"column":38}},"104":{"start":{"line":305,"column":2},"end":{"line":602,"column":4}},"105":{"start":{"line":412,"column":31},"end":{"line":412,"column":59}},"106":{"start":{"line":413,"column":41},"end":{"line":413,"column":66}},"107":{"start":{"line":414,"column":31},"end":{"line":414,"column":56}},"108":{"start":{"line":415,"column":31},"end":{"line":415,"column":52}},"109":{"start":{"line":416,"column":32},"end":{"line":416,"column":54}},"110":{"start":{"line":417,"column":33},"end":{"line":417,"column":62}},"111":{"start":{"line":418,"column":29},"end":{"line":418,"column":55}},"112":{"start":{"line":420,"column":14},"end":{"line":514,"column":16}},"113":{"start":{"line":424,"column":35},"end":{"line":424,"column":60}},"114":{"start":{"line":443,"column":42},"end":{"line":443,"column":67}},"115":{"start":{"line":533,"column":24},"end":{"line":533,"column":43}},"116":{"start":{"line":545,"column":25},"end":{"line":545,"column":53}},"117":{"start":{"line":558,"column":25},"end":{"line":558,"column":57}},"118":{"start":{"line":605,"column":0},"end":{"line":626,"column":2}},"119":{"start":{"line":628,"column":0},"end":{"line":631,"column":2}}},"fnMap":{"0":{"name":"(anonymous_0)","decl":{"start":{"line":50,"column":34},"end":{"line":50,"column":35}},"loc":{"start":{"line":50,"column":50},"end":{"line":55,"column":1}},"line":50},"1":{"name":"(anonymous_1)","decl":{"start":{"line":57,"column":39},"end":{"line":57,"column":40}},"loc":{"start":{"line":57,"column":63},"end":{"line":76,"column":1}},"line":57},"2":{"name":"(anonymous_2)","decl":{"start":{"line":78,"column":19},"end":{"line":78,"column":20}},"loc":{"start":{"line":87,"column":6},"end":{"line":603,"column":1}},"line":87},"3":{"name":"(anonymous_3)","decl":{"start":{"line":98,"column":28},"end":{"line":98,"column":29}},"loc":{"start":{"line":98,"column":34},"end":{"line":98,"column":38}},"line":98},"4":{"name":"(anonymous_4)","decl":{"start":{"line":99,"column":26},"end":{"line":99,"column":27}},"loc":{"start":{"line":99,"column":32},"end":{"line":99,"column":36}},"line":99},"5":{"name":"(anonymous_5)","decl":{"start":{"line":100,"column":22},"end":{"line":100,"column":23}},"loc":{"start":{"line":100,"column":28},"end":{"line":100,"column":32}},"line":100},"6":{"name":"(anonymous_6)","decl":{"start":{"line":101,"column":25},"end":{"line":101,"column":26}},"loc":{"start":{"line":101,"column":31},"end":{"line":101,"column":35}},"line":101},"7":{"name":"(anonymous_7)","decl":{"start":{"line":105,"column":29},"end":{"line":105,"column":30}},"loc":{"start":{"line":105,"column":35},"end":{"line":107,"column":3}},"line":105},"8":{"name":"(anonymous_8)","decl":{"start":{"line":110,"column":38},"end":{"line":110,"column":39}},"loc":{"start":{"line":110,"column":52},"end":{"line":112,"column":3}},"line":110},"9":{"name":"(anonymous_9)","decl":{"start":{"line":111,"column":28},"end":{"line":111,"column":29}},"loc":{"start":{"line":111,"column":36},"end":{"line":111,"column":62}},"line":111},"10":{"name":"(anonymous_10)","decl":{"start":{"line":115,"column":38},"end":{"line":115,"column":39}},"loc":{"start":{"line":115,"column":52},"end":{"line":117,"column":3}},"line":115},"11":{"name":"(anonymous_11)","decl":{"start":{"line":120,"column":36},"end":{"line":120,"column":37}},"loc":{"start":{"line":120,"column":50},"end":{"line":122,"column":3}},"line":120},"12":{"name":"(anonymous_12)","decl":{"start":{"line":125,"column":34},"end":{"line":125,"column":35}},"loc":{"start":{"line":125,"column":48},"end":{"line":127,"column":3}},"line":125},"13":{"name":"(anonymous_13)","decl":{"start":{"line":130,"column":35},"end":{"line":130,"column":36}},"loc":{"start":{"line":130,"column":49},"end":{"line":132,"column":3}},"line":130},"14":{"name":"(anonymous_14)","decl":{"start":{"line":135,"column":25},"end":{"line":135,"column":26}},"loc":{"start":{"line":135,"column":44},"end":{"line":140,"column":3}},"line":135},"15":{"name":"(anonymous_15)","decl":{"start":{"line":143,"column":26},"end":{"line":143,"column":27}},"loc":{"start":{"line":143,"column":32},"end":{"line":147,"column":3}},"line":143},"16":{"name":"(anonymous_16)","decl":{"start":{"line":150,"column":24},"end":{"line":150,"column":25}},"loc":{"start":{"line":150,"column":42},"end":{"line":169,"column":3}},"line":150},"17":{"name":"(anonymous_17)","decl":{"start":{"line":172,"column":27},"end":{"line":172,"column":28}},"loc":{"start":{"line":172,"column":39},"end":{"line":186,"column":3}},"line":172},"18":{"name":"(anonymous_18)","decl":{"start":{"line":189,"column":28},"end":{"line":189,"column":29}},"loc":{"start":{"line":189,"column":40},"end":{"line":193,"column":3}},"line":189},"19":{"name":"(anonymous_19)","decl":{"start":{"line":196,"column":28},"end":{"line":196,"column":29}},"loc":{"start":{"line":196,"column":40},"end":{"line":200,"column":3}},"line":196},"20":{"name":"(anonymous_20)","decl":{"start":{"line":203,"column":25},"end":{"line":203,"column":26}},"loc":{"start":{"line":203,"column":39},"end":{"line":215,"column":3}},"line":203},"21":{"name":"(anonymous_21)","decl":{"start":{"line":218,"column":28},"end":{"line":218,"column":29}},"loc":{"start":{"line":218,"column":40},"end":{"line":265,"column":3}},"line":218},"22":{"name":"(anonymous_22)","decl":{"start":{"line":268,"column":30},"end":{"line":268,"column":31}},"loc":{"start":{"line":268,"column":42},"end":{"line":287,"column":3}},"line":268},"23":{"name":"(anonymous_23)","decl":{"start":{"line":290,"column":26},"end":{"line":290,"column":27}},"loc":{"start":{"line":290,"column":32},"end":{"line":296,"column":3}},"line":290},"24":{"name":"(anonymous_24)","decl":{"start":{"line":299,"column":24},"end":{"line":299,"column":25}},"loc":{"start":{"line":299,"column":30},"end":{"line":303,"column":3}},"line":299},"25":{"name":"(anonymous_25)","decl":{"start":{"line":302,"column":15},"end":{"line":302,"column":16}},"loc":{"start":{"line":302,"column":21},"end":{"line":302,"column":38}},"line":302},"26":{"name":"(anonymous_26)","decl":{"start":{"line":411,"column":28},"end":{"line":411,"column":29}},"loc":{"start":{"line":411,"column":47},"end":{"line":515,"column":13}},"line":411},"27":{"name":"(anonymous_27)","decl":{"start":{"line":424,"column":29},"end":{"line":424,"column":30}},"loc":{"start":{"line":424,"column":35},"end":{"line":424,"column":60}},"line":424},"28":{"name":"(anonymous_28)","decl":{"start":{"line":443,"column":35},"end":{"line":443,"column":36}},"loc":{"start":{"line":443,"column":42},"end":{"line":443,"column":67}},"line":443},"29":{"name":"(anonymous_29)","decl":{"start":{"line":533,"column":17},"end":{"line":533,"column":18}},"loc":{"start":{"line":533,"column":24},"end":{"line":533,"column":43}},"line":533},"30":{"name":"(anonymous_30)","decl":{"start":{"line":545,"column":19},"end":{"line":545,"column":20}},"loc":{"start":{"line":545,"column":25},"end":{"line":545,"column":53}},"line":545},"31":{"name":"(anonymous_31)","decl":{"start":{"line":558,"column":19},"end":{"line":558,"column":20}},"loc":{"start":{"line":558,"column":25},"end":{"line":558,"column":57}},"line":558}},"branchMap":{"0":{"loc":{"start":{"line":67,"column":6},"end":{"line":69,"column":3}},"type":"binary-expr","locations":[{"start":{"line":67,"column":6},"end":{"line":67,"column":25}},{"start":{"line":67,"column":29},"end":{"line":69,"column":3}}],"line":67},"1":{"loc":{"start":{"line":70,"column":6},"end":{"line":72,"column":3}},"type":"binary-expr","locations":[{"start":{"line":70,"column":6},"end":{"line":70,"column":26}},{"start":{"line":70,"column":30},"end":{"line":72,"column":3}}],"line":70},"2":{"loc":{"start":{"line":73,"column":6},"end":{"line":75,"column":3}},"type":"binary-expr","locations":[{"start":{"line":73,"column":6},"end":{"line":73,"column":26}},{"start":{"line":73,"column":30},"end":{"line":75,"column":3}}],"line":73},"3":{"loc":{"start":{"line":83,"column":2},"end":{"line":83,"column":14}},"type":"default-arg","locations":[{"start":{"line":83,"column":12},"end":{"line":83,"column":14}}],"line":83},"4":{"loc":{"start":{"line":85,"column":2},"end":{"line":85,"column":19}},"type":"default-arg","locations":[{"start":{"line":85,"column":14},"end":{"line":85,"column":19}}],"line":85},"5":{"loc":{"start":{"line":94,"column":4},"end":{"line":94,"column":20}},"type":"default-arg","locations":[{"start":{"line":94,"column":18},"end":{"line":94,"column":20}}],"line":94},"6":{"loc":{"start":{"line":95,"column":4},"end":{"line":95,"column":25}},"type":"default-arg","locations":[{"start":{"line":95,"column":20},"end":{"line":95,"column":25}}],"line":95},"7":{"loc":{"start":{"line":98,"column":4},"end":{"line":98,"column":38}},"type":"default-arg","locations":[{"start":{"line":98,"column":28},"end":{"line":98,"column":38}}],"line":98},"8":{"loc":{"start":{"line":99,"column":4},"end":{"line":99,"column":36}},"type":"default-arg","locations":[{"start":{"line":99,"column":26},"end":{"line":99,"column":36}}],"line":99},"9":{"loc":{"start":{"line":100,"column":4},"end":{"line":100,"column":32}},"type":"default-arg","locations":[{"start":{"line":100,"column":22},"end":{"line":100,"column":32}}],"line":100},"10":{"loc":{"start":{"line":101,"column":4},"end":{"line":101,"column":35}},"type":"default-arg","locations":[{"start":{"line":101,"column":25},"end":{"line":101,"column":35}}],"line":101},"11":{"loc":{"start":{"line":102,"column":6},"end":{"line":102,"column":26}},"type":"binary-expr","locations":[{"start":{"line":102,"column":6},"end":{"line":102,"column":20}},{"start":{"line":102,"column":24},"end":{"line":102,"column":26}}],"line":102},"12":{"loc":{"start":{"line":106,"column":11},"end":{"line":106,"column":44}},"type":"cond-expr","locations":[{"start":{"line":106,"column":32},"end":{"line":106,"column":39}},{"start":{"line":106,"column":42},"end":{"line":106,"column":44}}],"line":106},"13":{"loc":{"start":{"line":116,"column":11},"end":{"line":116,"column":47}},"type":"binary-expr","locations":[{"start":{"line":116,"column":11},"end":{"line":116,"column":42}},{"start":{"line":116,"column":46},"end":{"line":116,"column":47}}],"line":116},"14":{"loc":{"start":{"line":121,"column":11},"end":{"line":121,"column":50}},"type":"binary-expr","locations":[{"start":{"line":121,"column":11},"end":{"line":121,"column":40}},{"start":{"line":121,"column":44},"end":{"line":121,"column":50}}],"line":121},"15":{"loc":{"start":{"line":151,"column":4},"end":{"line":151,"column":28}},"type":"if","locations":[{"start":{"line":151,"column":4},"end":{"line":151,"column":28}},{"start":{},"end":{}}],"line":151},"16":{"loc":{"start":{"line":154,"column":6},"end":{"line":158,"column":7}},"type":"if","locations":[{"start":{"line":154,"column":6},"end":{"line":158,"column":7}},{"start":{"line":156,"column":13},"end":{"line":158,"column":7}}],"line":154},"17":{"loc":{"start":{"line":156,"column":13},"end":{"line":158,"column":7}},"type":"if","locations":[{"start":{"line":156,"column":13},"end":{"line":158,"column":7}},{"start":{},"end":{}}],"line":156},"18":{"loc":{"start":{"line":162,"column":39},"end":{"line":162,"column":62}},"type":"binary-expr","locations":[{"start":{"line":162,"column":39},"end":{"line":162,"column":50}},{"start":{"line":162,"column":54},"end":{"line":162,"column":62}}],"line":162},"19":{"loc":{"start":{"line":173,"column":4},"end":{"line":173,"column":35}},"type":"if","locations":[{"start":{"line":173,"column":4},"end":{"line":173,"column":35}},{"start":{},"end":{}}],"line":173},"20":{"loc":{"start":{"line":176,"column":6},"end":{"line":180,"column":7}},"type":"if","locations":[{"start":{"line":176,"column":6},"end":{"line":180,"column":7}},{"start":{"line":178,"column":13},"end":{"line":180,"column":7}}],"line":176},"21":{"loc":{"start":{"line":176,"column":10},"end":{"line":176,"column":60}},"type":"binary-expr","locations":[{"start":{"line":176,"column":10},"end":{"line":176,"column":22}},{"start":{"line":176,"column":26},"end":{"line":176,"column":60}}],"line":176},"22":{"loc":{"start":{"line":178,"column":13},"end":{"line":180,"col
[...]
,"column":3}},"97":{"start":{"line":320,"column":15},"end":{"line":320,"column":16}},"98":{"start":{"line":321,"column":4},"end":{"line":321,"column":53}},"99":{"start":{"line":323,"column":2},"end":{"line":323,"column":15}},"100":{"start":{"line":332,"column":25},"end":{"line":338,"column":1}},"101":{"start":{"line":333,"column":12},"end":{"line":333,"column":41}},"102":{"start":{"line":334,"column":12},"end":{"line":334,"column":41}},"103":{"start":{"line":335,"column":12},"end":{"line":335,"column":41}},"104":{"start":{"line":337,"column":2},"end":{"line":337,"column":44}}},"fnMap":{"0":{"name":"(anonymous_0)","decl":{"start":{"line":11,"column":30},"end":{"line":11,"column":31}},"loc":{"start":{"line":11,"column":55},"end":{"line":21,"column":1}},"line":11},"1":{"name":"(anonymous_1)","decl":{"start":{"line":29,"column":26},"end":{"line":29,"column":27}},"loc":{"start":{"line":29,"column":54},"end":{"line":41,"column":1}},"line":29},"2":{"name":"(anonymous_2)","decl":{"start":{"line":48,"column":23},"end":{"line":48,"column":24}},"loc":{"start":{"line":48,"column":33},"end":{"line":69,"column":1}},"line":48},"3":{"name":"(anonymous_3)","decl":{"start":{"line":78,"column":28},"end":{"line":78,"column":29}},"loc":{"start":{"line":78,"column":70},"end":{"line":81,"column":1}},"line":78},"4":{"name":"(anonymous_4)","decl":{"start":{"line":87,"column":26},"end":{"line":87,"column":27}},"loc":{"start":{"line":87,"column":32},"end":{"line":93,"column":1}},"line":87},"5":{"name":"(anonymous_5)","decl":{"start":{"line":88,"column":65},"end":{"line":88,"column":66}},"loc":{"start":{"line":88,"column":72},"end":{"line":92,"column":3}},"line":88},"6":{"name":"(anonymous_6)","decl":{"start":{"line":100,"column":29},"end":{"line":100,"column":30}},"loc":{"start":{"line":100,"column":41},"end":{"line":110,"column":1}},"line":100},"7":{"name":"(anonymous_7)","decl":{"start":{"line":102,"column":12},"end":{"line":102,"column":13}},"loc":{"start":{"line":102,"column":28},"end":{"line":102,"column":81}},"line":102},"8":{"name":"(anonymous_8)","decl":{"start":{"line":103,"column":9},"end":{"line":103,"column":10}},"loc":{"start":{"line":103,"column":27},"end":{"line":108,"column":5}},"line":103},"9":{"name":"(anonymous_9)","decl":{"start":{"line":105,"column":25},"end":{"line":105,"column":26}},"loc":{"start":{"line":105,"column":30},"end":{"line":105,"column":83}},"line":105},"10":{"name":"(anonymous_10)","decl":{"start":{"line":117,"column":32},"end":{"line":117,"column":33}},"loc":{"start":{"line":117,"column":49},"end":{"line":121,"column":1}},"line":117},"11":{"name":"(anonymous_11)","decl":{"start":{"line":129,"column":24},"end":{"line":129,"column":25}},"loc":{"start":{"line":129,"column":40},"end":{"line":139,"column":1}},"line":129},"12":{"name":"executedFunction","decl":{"start":{"line":131,"column":18},"end":{"line":131,"column":34}},"loc":{"start":{"line":131,"column":44},"end":{"line":138,"column":3}},"line":131},"13":{"name":"(anonymous_13)","decl":{"start":{"line":132,"column":18},"end":{"line":132,"column":19}},"loc":{"start":{"line":132,"column":24},"end":{"line":135,"column":5}},"line":132},"14":{"name":"(anonymous_14)","decl":{"start":{"line":147,"column":24},"end":{"line":147,"column":25}},"loc":{"start":{"line":147,"column":41},"end":{"line":158,"column":1}},"line":147},"15":{"name":"(anonymous_15)","decl":{"start":{"line":149,"column":9},"end":{"line":149,"column":10}},"loc":{"start":{"line":149,"column":20},"end":{"line":157,"column":3}},"line":149},"16":{"name":"(anonymous_16)","decl":{"start":{"line":155,"column":17},"end":{"line":155,"column":18}},"loc":{"start":{"line":155,"column":23},"end":{"line":155,"column":41}},"line":155},"17":{"name":"(anonymous_17)","decl":{"start":{"line":165,"column":28},"end":{"line":165,"column":29}},"loc":{"start":{"line":165,"column":39},"end":{"line":168,"column":1}},"line":165},"18":{"name":"(anonymous_18)","decl":{"start":{"line":175,"column":32},"end":{"line":175,"column":33}},"loc":{"start":{"line":175,"column":46},"end":{"line":191,"column":1}},"line":175},"19":{"name":"(anonymous_19)","decl":{"start":{"line":198,"column":25},"end":{"line":198,"column":26}},"loc":{"start":{"line":198,"column":34},"end":{"line":200,"column":1}},"line":198},"20":{"name":"(anonymous_20)","decl":{"start":{"line":207,"column":32},"end":{"line":207,"column":33}},"loc":{"start":{"line":207,"column":46},"end":{"line":209,"column":1}},"line":207},"21":{"name":"(anonymous_21)","decl":{"start":{"line":216,"column":27},"end":{"line":216,"column":28}},"loc":{"start":{"line":216,"column":41},"end":{"line":290,"column":1}},"line":216},"22":{"name":"(anonymous_22)","decl":{"start":{"line":297,"column":28},"end":{"line":297,"column":29}},"loc":{"start":{"line":297,"column":40},"end":{"line":299,"column":1}},"line":297},"23":{"name":"(anonymous_23)","decl":{"start":{"line":306,"column":27},"end":{"line":306,"column":28}},"loc":{"start":{"line":306,"column":36},"end":{"line":311,"column":1}},"line":306},"24":{"name":"(anonymous_24)","decl":{"start":{"line":308,"column":31},"end":{"line":308,"column":32}},"loc":{"start":{"line":308,"column":40},"end":{"line":310,"column":3}},"line":308},"25":{"name":"(anonymous_25)","decl":{"start":{"line":317,"column":30},"end":{"line":317,"column":31}},"loc":{"start":{"line":317,"column":36},"end":{"line":324,"column":1}},"line":317},"26":{"name":"(anonymous_26)","decl":{"start":{"line":332,"column":25},"end":{"line":332,"column":26}},"loc":{"start":{"line":332,"column":45},"end":{"line":338,"column":1}},"line":332}},"branchMap":{"0":{"loc":{"start":{"line":11,"column":38},"end":{"line":11,"column":50}},"type":"default-arg","locations":[{"start":{"line":11,"column":49},"end":{"line":11,"column":50}}],"line":11},"1":{"loc":{"start":{"line":12,"column":2},"end":{"line":12,"column":36}},"type":"if","locations":[{"start":{"line":12,"column":2},"end":{"line":12,"column":36}},{"start":{},"end":{}}],"line":12},"2":{"loc":{"start":{"line":15,"column":13},"end":{"line":15,"column":40}},"type":"cond-expr","locations":[{"start":{"line":15,"column":28},"end":{"line":15,"column":29}},{"start":{"line":15,"column":32},"end":{"line":15,"column":40}}],"line":15},"3":{"loc":{"start":{"line":29,"column":33},"end":{"line":29,"column":49}},"type":"default-arg","locations":[{"start":{"line":29,"column":42},"end":{"line":29,"column":49}}],"line":29},"4":{"loc":{"start":{"line":30,"column":2},"end":{"line":30,"column":26}},"type":"if","locations":[{"start":{"line":30,"column":2},"end":{"line":30,"column":26}},{"start":{},"end":{}}],"line":30},"5":{"loc":{"start":{"line":49,"column":2},"end":{"line":49,"column":26}},"type":"if","locations":[{"start":{"line":49,"column":2},"end":{"line":49,"column":26}},{"start":{},"end":{}}],"line":49},"6":{"loc":{"start":{"line":54,"column":2},"end":{"line":54,"column":79}},"type":"if","locations":[{"start":{"line":54,"column":2},"end":{"line":54,"column":79}},{"start":{},"end":{}}],"line":54},"7":{"loc":{"start":{"line":54,"column":47},"end":{"line":54,"column":72}},"type":"cond-expr","locations":[{"start":{"line":54,"column":64},"end":{"line":54,"column":66}},{"start":{"line":54,"column":69},"end":{"line":54,"column":72}}],"line":54},"8":{"loc":{"start":{"line":57,"column":2},"end":{"line":57,"column":80}},"type":"if","locations":[{"start":{"line":57,"column":2},"end":{"line":57,"column":80}},{"start":{},"end":{}}],"line":57},"9":{"loc":{"start":{"line":57,"column":48},"end":{"line":57,"column":73}},"type":"cond-expr","locations":[{"start":{"line":57,"column":65},"end":{"line":57,"column":67}},{"start":{"line":57,"column":70},"end":{"line":57,"column":73}}],"line":57},"10":{"loc":{"start":{"line":60,"column":2},"end":{"line":60,"column":78}},"type":"if","locations":[{"start":{"line":60,"column":2},"end":{"line":60,"column":78}},{"start":{},"end":{}}],"line":60},"11":{"loc":{"start":{"line":60,"column":46},"end":{"line":60,"column":71}},"type":"cond-expr","locations":[{"start":{"line":60,"column":63},"end":{"line":60,"column":65}},{"start":{"line":60,"column":68},"end":{"line":60,"column":71}}],"line":60},"12":{"loc":{"start":{"line":63,"column":2},"end":{"line":63,"column":79}},"type":"if","locations":[{"start":{"line":63,"column":2},"end":{"line":63,"column":79}},{"start":{},"end":{}}],"line":63},"13":{"loc":{"start":{"line":63,"column":47},"end":{"line":63,"column":72}},"type":"cond-expr","locations":[{"start":{"line":63,"column":64},"end":{"line":63,"column":66}},{"start":{"line":63,"column":69},"end":{"line":63,"column":72}}],"line":63},"14":{"loc":{"start":{"line":66,"column":2},"end":{"line":66,"column":81}},"type":"if","locations":[{"start":{"line":66,"column":2},"end":{"line":66,"column":81}},{"start":{},"end":{}}],"line":66},"15":{"loc":{"start":{"line":66,"column":49},"end":{"line":66,"column":74}},"type":"cond-expr","locations":[{"start":{"line":66,"column":66},"end":{"line":66,"column":68}},{"start":{"line":66,"column":71},"end":{"line":66,"column":74}}],"line":66},"16":{"loc":{"start":{"line":78,"column":35},"end":{"line":78,"column":47}},"type":"default-arg","locations":[{"start":{"line":78,"column":44},"end":{"line":78,"column":47}}],"line":78},"17":{"loc":{"start":{"line":78,"column":49},"end":{"line":78,"column":65}},"type":"default-arg","locations":[{"start":{"line":78,"column":60},"end":{"line":78,"column":65}}],"line":78},"18":{"loc":{"start":{"line":79,"column":2},"end":{"line":79,"column":50}},"type":"if","locations":[{"start":{"line":79,"column":2},"end":{"line":79,"column":50}},{"start":{},"end":{}}],"line":79},"19":{"loc":{"start":{"line":79,"column":6},"end":{"line":79,"column":36}},"type":"binary-expr","locations":[{"start":{"line":79,"column":6},"end":{"line":79,"column":11}},{"start":{"line":79,"column":15},"end":{"line":79,"column":36}}],"line":79},"20":{"loc":{"start":{"line":90,"column":14},"end":{"line":90,"column":45}},"type":"cond-expr","locations":[{"start":{"line":90,"column":26},"end":{"line":90,"column":27}},{"start":{"line":90,"column":31},"end":{"line":90,"column":44}}],"line":90},"21":{"loc":{"start":{"line":102,"column":28},"end":{"line":102,"column":81}},"type":"binary-expr","locations":[{"start":{"line":102,"column":28},"end":{"line":102,"column":47}},{"start":{"line":102,"column":51},"end":{"line":102,"column":65}},{"start":{"line":102,"column":69},"end":{"line":102,"column":81}}],"line":102},"22":{"loc":{"start":{"line":104,"column":6},"end":{"line":106,"column":7}},"type":"if","locations":[{"start":{"line":104,"column":6},"end":{"line":106,"column":7}},{"start":{},"end":{}}],"line":104},"23":{"loc":{"start":{"line":152,"column":4},"end":{"line":156,"column":5}},"type":"if","locations":[{"start":{"line":152,"column":4},"end":{"line":156,"column":5}},{"start":{},"end":{}}],"line":152},"24":{"loc":{"start":{"line":184,"column":13},"end":{"line":184,"column":89}},"type":"binary-expr","locations":[{"start":{"line":184,"column":13},"end":{"line":184,"column":25}},{"start":{"line":184,"column":29},"end":{"line":184,"column":41}},{"start":{"line":184,"column":45},"end":{"line":184,"column":55}},{"start":{"line":184,"column":59},"end":{"line":184,"column":73}},{"start":{"line":184,"column":77},"end":{"line":184,"column":89}}],"line":184},"25":{"loc":{"start":{"line":289,"column":15},"end":{"line":289,"column":43}},"type":"binary-expr","locations":[{"start":{"line":289,"column":15},"end":{"line":289,"column":33}},{"start":{"line":289,"column":37},"end":{"line":289,"column":43}}],"line":289},"26":{"loc":{"start":{"line":307,"column":2},"end":{"line":307,"column":22}},"type":"if","locations":[{"start":{"line":307,"column":2},"end":{"line":307,"column":22}},{"start":{},"end":{}}],"line":307},"27":{"loc":{"start":{"line":332,"column":31},"end":{"line":332,"column":40}},"type":"default-arg","locations":[{"start":{"line":332,"column":39},"end":{"line":332,"column":40}}],"line":332}},"s":{"0":0,"1":0,"2":0,"3":0,"4":0,"5":0,"6":0,"7":0,"8":0,"9":0,"10":0,"11":0,"12":0,"13":0,"14":0,"15":0,"16":0,"17":0,"18":0,"19":0,"20":0,"21":0,"22":0,"23":0,"24":0,"25":0,"26":0,"27":0,"28":0,"29":0,"30":0,"31":0,"32":0,"33":0,"34":0,"35":0,"36":0,"37":0,"38":0,"39":0,"40":0,"41":0,"42":0,"43":0,"44":0,"45":0,"46":0,"47":0,"48":0,"49":0,"50":0,"51":0,"52":0,"53":0,"54":0,"55":0,"56":0,"57":0,"58":0,"59":0,"60":0,"61":0,"62":0,"63":0,"64":0,"65":0,"66":0,"67":0,"68":0,"69":0,"70":0,"71":0,"72":0,"73":0,"74":0,"75":0,"76":0,"77":0,"78":0,"79":0,"80":0,"81":0,"82":0,"83":0,"84":0,"85":0,"86":0,"87":0,"88":0,"89":0,"90":0,"91":0,"92":0,"93":0,"94":0,"95":0,"96":0,"97":0,"98":0,"99":0,"100":0,"101":0,"102":0,"103":0,"104":0},"f":{"0":0,"1":0,"2":0,"3":0,"4":0,"5":0,"6":0,"7":0,"8":0,"9":0,"10":0,"11":0,"12":0,"13":0,"14":0,"15":0,"16":0,"17":0,"18":0,"19":0,"20":0,"21":0,"22":0,"23":0,"24":0,"25":0,"26":0},"b":{"0":[0],"1":[0,0],"2":[0,0],"3":[0],"4":[0,0],"5":[0,0],"6":[0,0],"7":[0,0],"8":[0,0],"9":[0,0],"10":[0,0],"11":[0,0],"12":[0,0],"13":[0,0],"14":[0,0],"15":[0,0],"16":[0],"17":[0],"18":[0,0],"19":[0,0],"20":[0,0],"21":[0,0,0],"22":[0,0],"23":[0,0],"24":[0,0,0,0,0],"25":[0,0],"26":[0,0],"27":[0]}}
,"/Users/ssentongoivan/CascadeProjects/trosyn-ai/src/frontend/src/utils/date.js": {"path":"/Users/ssentongoivan/CascadeProjects/trosyn-ai/src/frontend/src/utils/date.js","statementMap":{"0":{"start":{"line":1,"column":26},"end":{"line":4,"column":1}},"1":{"start":{"line":2,"column":2},"end":{"line":2,"column":34}},"2":{"start":{"line":2,"column":19},"end":{"line":2,"column":34}},"3":{"start":{"line":3,"column":2},"end":{"line":3,"column":47}},"4":{"start":{"line":6,"column":29},"end":{"line":21,"column":1}},"5":{"start":{"line":7,"column":2},"end":{"line":7,"column":34}},"6":{"start":{"line":7,"column":19},"end":{"line":7,"column":34}},"7":{"start":{"line":8,"column":15},"end":{"line":8,"column":35}},"8":{"start":{"line":9,"column":18},"end":{"line":9,"column":56}},"9":{"start":{"line":10,"column":17},"end":{"line":10,"column":47}},"10":{"start":{"line":11,"column":2},"end":{"line":11,"column":79}},"11":{"start":{"line":11,"column":21},"end":{"line":11,"column":79}},"12":{"start":{"line":12,"column":2},"end":{"line":12,"column":43}},"13":{"start":{"line":13,"column":2},"end":{"line":13,"column":80}},"14":{"start":{"line":13,"column":21},"end":{"line":13,"column":80}},"15":{"start":{"line":14,"column":2},"end":{"line":14,"column":41}},"16":{"start":{"line":15,"column":2},"end":{"line":15,"column":78}},"17":{"start":{"line":15,"column":21},"end":{"line":15,"column":78}},"18":{"start":{"line":16,"column":2},"end":{"line":16,"column":40}},"19":{"start":{"line":17,"column":2},"end":{"line":17,"column":79}},"20":{"start":{"line":17,"column":21},"end":{"line":17,"column":79}},"21":{"start":{"line":18,"column":2},"end":{"line":18,"column":38}},"22":{"start":{"line":19,"column":2},"end":{"line":19,"column":81}},"23":{"start":{"line":19,"column":21},"end":{"line":19,"column":81}},"24":{"start":{"line":20,"column":2},"end":{"line":20,"column":20}},"25":{"start":{"line":23,"column":31},"end":{"line":34,"column":1}},"26":{"start":{"line":24,"column":2},"end":{"line":24,"column":32}},"27":{"start":{"line":24,"column":19},"end":{"line":24,"column":32}},"28":{"start":{"line":25,"column":15},"end":{"line":25,"column":35}},"29":{"start":{"line":26,"column":18},"end":{"line":26,"column":56}},"30":{"start":{"line":27,"column":2},"end":{"line":27,"column":33}},"31":{"start":{"line":27,"column":20},"end":{"line":27,"column":33}},"32":{"start":{"line":28,"column":16},"end":{"line":28,"column":42}},"33":{"start":{"line":29,"column":18},"end":{"line":29,"column":51}},"34":{"start":{"line":30,"column":2},"end":{"line":32,"column":3}},"35":{"start":{"line":31,"column":4},"end":{"line":31,"column":38}},"36":{"start":{"line":33,"column":2},"end":{"line":33,"column":33}}},"fnMap":{"0":{"name":"(anonymous_0)","decl":{"start":{"line":1,"column":26},"end":{"line":1,"column":27}},"loc":{"start":{"line":1,"column":42},"end":{"line":4,"column":1}},"line":1},"1":{"name":"(anonymous_1)","decl":{"start":{"line":6,"column":29},"end":{"line":6,"column":30}},"loc":{"start":{"line":6,"column":45},"end":{"line":21,"column":1}},"line":6},"2":{"name":"(anonymous_2)","decl":{"start":{"line":23,"column":31},"end":{"line":23,"column":32}},"loc":{"start":{"line":23,"column":47},"end":{"line":34,"column":1}},"line":23}},"branchMap":{"0":{"loc":{"start":{"line":2,"column":2},"end":{"line":2,"column":34}},"type":"if","locations":[{"start":{"line":2,"column":2},"end":{"line":2,"column":34}},{"start":{},"end":{}}],"line":2},"1":{"loc":{"start":{"line":7,"column":2},"end":{"line":7,"column":34}},"type":"if","locations":[{"start":{"line":7,"column":2},"end":{"line":7,"column":34}},{"start":{},"end":{}}],"line":7},"2":{"loc":{"start":{"line":11,"column":2},"end":{"line":11,"column":79}},"type":"if","locations":[{"start":{"line":11,"column":2},"end":{"line":11,"column":79}},{"start":{},"end":{}}],"line":11},"3":{"loc":{"start":{"line":11,"column":47},"end":{"line":11,"column":72}},"type":"cond-expr","locations":[{"start":{"line":11,"column":64},"end":{"line":11,"column":66}},{"start":{"line":11,"column":69},"end":{"line":11,"column":72}}],"line":11},"4":{"loc":{"start":{"line":13,"column":2},"end":{"line":13,"column":80}},"type":"if","locations":[{"start":{"line":13,"column":2},"end":{"line":13,"column":80}},{"start":{},"end":{}}],"line":13},"5":{"loc":{"start":{"line":13,"column":48},"end":{"line":13,"column":73}},"type":"cond-expr","locations":[{"start":{"line":13,"column":65},"end":{"line":13,"column":67}},{"start":{"line":13,"column":70},"end":{"line":13,"column":73}}],"line":13},"6":{"loc":{"start":{"line":15,"column":2},"end":{"line":15,"column":78}},"type":"if","locations":[{"start":{"line":15,"column":2},"end":{"line":15,"column":78}},{"start":{},"end":{}}],"line":15},"7":{"loc":{"start":{"line":15,"column":46},"end":{"line":15,"column":71}},"type":"cond-expr","locations":[{"start":{"line":15,"column":63},"end":{"line":15,"column":65}},{"start":{"line":15,"column":68},"end":{"line":15,"column":71}}],"line":15},"8":{"loc":{"start":{"line":17,"column":2},"end":{"line":17,"column":79}},"type":"if","locations":[{"start":{"line":17,"column":2},"end":{"line":17,"column":79}},{"start":{},"end":{}}],"line":17},"9":{"loc":{"start":{"line":17,"column":47},"end":{"line":17,"column":72}},"type":"cond-expr","locations":[{"start":{"line":17,"column":64},"end":{"line":17,"column":66}},{"start":{"line":17,"column":69},"end":{"line":17,"column":72}}],"line":17},"10":{"loc":{"start":{"line":19,"column":2},"end":{"line":19,"column":81}},"type":"if","locations":[{"start":{"line":19,"column":2},"end":{"line":19,"column":81}},{"start":{},"end":{}}],"line":19},"11":{"loc":{"start":{"line":19,"column":49},"end":{"line":19,"column":74}},"type":"cond-expr","locations":[{"start":{"line":19,"column":66},"end":{"line":19,"column":68}},{"start":{"line":19,"column":71},"end":{"line":19,"column":74}}],"line":19},"12":{"loc":{"start":{"line":24,"column":2},"end":{"line":24,"column":32}},"type":"if","locations":[{"start":{"line":24,"column":2},"end":{"line":24,"column":32}},{"start":{},"end":{}}],"line":24},"13":{"loc":{"start":{"line":27,"column":2},"end":{"line":27,"column":33}},"type":"if","locations":[{"start":{"line":27,"column":2},"end":{"line":27,"column":33}},{"start":{},"end":{}}],"line":27},"14":{"loc":{"start":{"line":30,"column":2},"end":{"line":32,"column":3}},"type":"if","locations":[{"start":{"line":30,"column":2},"end":{"line":32,"column":3}},{"start":{},"end":{}}],"line":30}},"s":{"0":0,"1":0,"2":0,"3":0,"4":0,"5":0,"6":0,"7":0,"8":0,"9":0,"10":0,"11":0,"12":0,"13":0,"14":0,"15":0,"16":0,"17":0,"18":0,"19":0,"20":0,"21":0,"22":0,"23":0,"24":0,"25":0,"26":0,"27":0,"28":0,"29":0,"30":0,"31":0,"32":0,"33":0,"34":0,"35":0,"36":0},"f":{"0":0,"1":0,"2":0},"b":{"0":[0,0],"1":[0,0],"2":[0,0],"3":[0,0],"4":[0,0],"5":[0,0],"6":[0,0],"7":[0,0],"8":[0,0],"9":[0,0],"10":[0,0],"11":[0,0],"12":[0,0],"13":[0,0],"14":[0,0]}}
}
