TN:
SF:src/App.jsx
FN:18,(anonymous_0)
FN:39,(anonymous_1)
FN:55,App
FNF:3
FNH:0
FNDA:0,(anonymous_0)
FNDA:0,(anonymous_1)
FNDA:0,App
DA:18,0
DA:19,0
DA:21,0
DA:23,0
DA:26,0
DA:27,0
DA:30,0
DA:32,0
DA:35,0
DA:39,0
DA:40,0
DA:42,0
DA:43,0
DA:46,0
DA:56,0
LF:15
LH:0
BRDA:18,0,0,0
BRDA:21,1,0,0
BRDA:21,1,1,0
BRDA:26,2,0,0
BRDA:26,2,1,0
BRDA:30,3,0,0
BRDA:30,3,1,0
BRDA:30,4,0,0
BRDA:30,4,1,0
BRDA:42,5,0,0
BRDA:42,5,1,0
BRF:11
BRH:0
end_of_record
TN:
SF:src/index.js
FNF:0
FNH:0
DA:7,0
DA:8,0
DA:10,0
LF:3
LH:0
BRF:0
BRH:0
end_of_record
TN:
SF:src/test-utils.js
FN:7,(anonymous_0)
FN:22,(anonymous_1)
FN:28,(anonymous_2)
FN:28,(anonymous_3)
FN:37,(anonymous_4)
FN:59,(anonymous_5)
FN:81,(anonymous_6)
FN:84,(anonymous_7)
FN:85,(anonymous_8)
FN:88,(anonymous_9)
FN:91,(anonymous_10)
FN:102,(anonymous_11)
FN:158,(anonymous_12)
FN:158,(anonymous_13)
FNF:14
FNH:0
FNDA:0,(anonymous_0)
FNDA:0,(anonymous_1)
FNDA:0,(anonymous_2)
FNDA:0,(anonymous_3)
FNDA:0,(anonymous_4)
FNDA:0,(anonymous_5)
FNDA:0,(anonymous_6)
FNDA:0,(anonymous_7)
FNDA:0,(anonymous_8)
FNDA:0,(anonymous_9)
FNDA:0,(anonymous_10)
FNDA:0,(anonymous_11)
FNDA:0,(anonymous_12)
FNDA:0,(anonymous_13)
DA:7,0
DA:22,0
DA:23,0
DA:24,0
DA:28,0
DA:37,0
DA:57,0
DA:59,0
DA:72,0
DA:81,0
DA:82,0
DA:83,0
DA:84,0
DA:86,0
DA:89,0
DA:92,0
DA:97,0
DA:102,0
DA:103,0
DA:111,0
DA:114,0
DA:127,0
DA:138,0
DA:148,0
DA:158,0
LF:25
LH:0
BRDA:39,0,0,0
BRDA:40,1,0,0
BRDA:52,2,0,0
BRDA:84,3,0,0
BRDA:84,3,1,0
BRF:5
BRH:0
end_of_record
TN:
SF:src/components/ActivityFeed.jsx
FN:5,(anonymous_0)
FN:17,(anonymous_1)
FNF:2
FNH:0
FNDA:0,(anonymous_0)
FNDA:0,(anonymous_1)
DA:5,0
DA:6,0
DA:7,0
DA:15,0
DA:18,0
DA:41,0
LF:6
LH:0
BRDA:6,0,0,0
BRDA:6,0,1,0
BRDA:6,1,0,0
BRDA:6,1,1,0
BRDA:27,2,0,0
BRDA:27,2,1,0
BRF:6
BRH:0
end_of_record
TN:
SF:src/components/CompaniesTable.jsx
FN:6,(anonymous_0)
FN:16,(anonymous_1)
FN:37,(anonymous_2)
FN:58,(anonymous_3)
FN:65,(anonymous_4)
FN:72,(anonymous_5)
FNF:6
FNH:0
FNDA:0,(anonymous_0)
FNDA:0,(anonymous_1)
FNDA:0,(anonymous_2)
FNDA:0,(anonymous_3)
FNDA:0,(anonymous_4)
FNDA:0,(anonymous_5)
DA:6,0
DA:7,0
DA:12,0
DA:13,0
DA:16,0
DA:17,0
DA:19,0
DA:20,0
DA:23,0
DA:38,0
DA:58,0
DA:65,0
DA:72,0
DA:87,0
LF:14
LH:0
BRDA:12,0,0,0
BRDA:12,0,1,0
BRDA:19,1,0,0
BRDA:19,1,1,0
BRDA:19,2,0,0
BRDA:19,2,1,0
BRDA:49,3,0,0
BRDA:49,3,1,0
BRF:8
BRH:0
end_of_record
TN:
SF:src/components/DashboardHeader.jsx
FN:4,(anonymous_0)
FNF:1
FNH:0
FNDA:0,(anonymous_0)
DA:4,0
DA:5,0
DA:15,0
LF:3
LH:0
BRF:0
BRH:0
end_of_record
TN:
SF:src/components/QuickActions.jsx
FN:5,(anonymous_0)
FN:33,(anonymous_1)
FN:34,(anonymous_2)
FN:39,(anonymous_3)
FN:40,(anonymous_4)
FN:50,(anonymous_5)
FNF:6
FNH:0
FNDA:0,(anonymous_0)
FNDA:0,(anonymous_1)
FNDA:0,(anonymous_2)
FNDA:0,(anonymous_3)
FNDA:0,(anonymous_4)
FNDA:0,(anonymous_5)
DA:5,0
DA:6,0
DA:8,0
DA:15,0
DA:20,0
DA:26,0
DA:34,0
DA:40,0
DA:51,0
DA:63,0
DA:67,0
LF:11
LH:0
BRDA:39,0,0,0
BRDA:39,0,1,0
BRF:2
BRH:0
end_of_record
TN:
SF:src/components/StatCard.jsx
FN:4,(anonymous_0)
FNF:1
FNH:0
FNDA:0,(anonymous_0)
DA:4,0
DA:5,0
DA:16,0
LF:3
LH:0
BRF:0
BRH:0
end_of_record
TN:
SF:src/components/StatsGrid.jsx
FN:5,(anonymous_0)
FN:8,(anonymous_1)
FNF:2
FNH:0
FNDA:0,(anonymous_0)
FNDA:0,(anonymous_1)
DA:5,0
DA:6,0
DA:9,0
DA:20,0
LF:4
LH:0
BRF:0
BRH:0
end_of_record
TN:
SF:src/components/common/AuthRoute.jsx
FN:10,(anonymous_0)
FNF:1
FNH:0
FNDA:0,(anonymous_0)
DA:10,0
DA:11,0
DA:12,0
DA:15,0
DA:16,0
DA:24,0
DA:25,0
DA:26,0
DA:30,0
DA:33,0
LF:10
LH:0
BRDA:10,0,0,0
BRDA:15,1,0,0
BRDA:15,1,1,0
BRDA:24,2,0,0
BRDA:24,2,1,0
BRDA:25,3,0,0
BRDA:25,3,1,0
BRF:7
BRH:0
end_of_record
TN:
SF:src/components/common/ProtectedRoute.jsx
FN:10,(anonymous_0)
FN:34,(anonymous_1)
FNF:2
FNH:0
FNDA:0,(anonymous_0)
FNDA:0,(anonymous_1)
DA:10,0
DA:16,0
DA:17,0
DA:20,0
DA:21,0
DA:29,0
DA:30,0
DA:34,0
DA:36,0
DA:40,0
DA:43,0
LF:11
LH:0
BRDA:12,0,0,0
BRDA:13,1,0,0
BRDA:14,2,0,0
BRDA:20,3,0,0
BRDA:20,3,1,0
BRDA:29,4,0,0
BRDA:29,4,1,0
BRDA:34,5,0,0
BRDA:34,5,1,0
BRDA:34,6,0,0
BRDA:34,6,1,0
BRDA:36,7,0,0
BRDA:36,7,1,0
BRF:13
BRH:0
end_of_record
TN:
SF:src/components/dashboard/DashboardCard.jsx
FN:5,(anonymous_0)
FNF:1
FNH:0
FNDA:0,(anonymous_0)
DA:5,0
DA:13,0
DA:48,0
LF:3
LH:0
BRDA:9,0,0,0
BRDA:10,1,0,0
BRDA:11,2,0,0
BRDA:24,3,0,0
BRDA:24,3,1,0
BRF:5
BRH:0
end_of_record
TN:
SF:src/components/dashboard/DashboardLayout.jsx
FN:6,(anonymous_0)
FN:13,(anonymous_1)
FN:21,(anonymous_2)
FN:32,(anonymous_3)
FNF:4
FNH:0
FNDA:0,(anonymous_0)
FNDA:0,(anonymous_1)
FNDA:0,(anonymous_2)
FNDA:0,(anonymous_3)
DA:6,0
DA:13,0
DA:21,0
DA:28,0
DA:29,0
DA:30,0
DA:32,0
DA:33,0
DA:36,0
DA:65,0
LF:10
LH:0
BRDA:25,0,0,0
BRDA:39,1,0,0
BRDA:39,1,1,0
BRDA:46,2,0,0
BRDA:46,2,1,0
BRF:5
BRH:0
end_of_record
TN:
SF:src/components/dashboard/DataTable.jsx
FN:28,TablePaginationActions
FN:32,(anonymous_1)
FN:36,(anonymous_2)
FN:40,(anonymous_3)
FN:44,(anonymous_4)
FN:90,(anonymous_5)
FN:108,(anonymous_6)
FN:126,(anonymous_7)
FN:132,(anonymous_8)
FN:136,(anonymous_9)
FN:141,(anonymous_10)
FN:144,(anonymous_11)
FN:158,(anonymous_12)
FN:181,(anonymous_13)
FN:192,(anonymous_14)
FN:219,(anonymous_15)
FN:226,(anonymous_16)
FN:232,(anonymous_17)
FNF:18
FNH:0
FNDA:0,TablePaginationActions
FNDA:0,(anonymous_1)
FNDA:0,(anonymous_2)
FNDA:0,(anonymous_3)
FNDA:0,(anonymous_4)
FNDA:0,(anonymous_5)
FNDA:0,(anonymous_6)
FNDA:0,(anonymous_7)
FNDA:0,(anonymous_8)
FNDA:0,(anonymous_9)
FNDA:0,(anonymous_10)
FNDA:0,(anonymous_11)
FNDA:0,(anonymous_12)
FNDA:0,(anonymous_13)
FNDA:0,(anonymous_14)
FNDA:0,(anonymous_15)
FNDA:0,(anonymous_16)
FNDA:0,(anonymous_17)
DA:29,0
DA:30,0
DA:32,0
DA:33,0
DA:36,0
DA:37,0
DA:40,0
DA:41,0
DA:44,0
DA:45,0
DA:48,0
DA:82,0
DA:90,0
DA:108,0
DA:121,0
DA:122,0
DA:123,0
DA:124,0
DA:126,0
DA:127,0
DA:128,0
DA:129,0
DA:132,0
DA:133,0
DA:136,0
DA:137,0
DA:138,0
DA:141,0
DA:142,0
DA:144,0
DA:145,0
DA:146,0
DA:148,0
DA:149,0
DA:151,0
DA:152,0
DA:154,0
DA:158,0
DA:159,0
DA:160,0
DA:161,0
DA:164,0
DA:168,0
DA:182,0
DA:192,0
DA:220,0
DA:226,0
DA:233,0
DA:234,0
DA:272,0
LF:50
LH:0
BRDA:55,0,0,0
BRDA:55,0,1,0
BRDA:62,1,0,0
BRDA:62,1,1,0
BRDA:69,2,0,0
BRDA:69,2,1,0
BRDA:76,3,0,0
BRDA:76,3,1,0
BRDA:113,4,0,0
BRDA:114,5,0,0
BRDA:115,6,0,0
BRDA:116,7,0,0
BRDA:117,8,0,0
BRDA:118,9,0,0
BRDA:123,10,0,0
BRDA:123,10,1,0
BRDA:127,11,0,0
BRDA:127,11,1,0
BRDA:128,12,0,0
BRDA:128,12,1,0
BRDA:142,13,0,0
BRDA:142,13,1,0
BRDA:148,14,0,0
BRDA:148,14,1,0
BRDA:149,15,0,0
BRDA:149,15,1,0
BRDA:151,16,0,0
BRDA:151,16,1,0
BRDA:152,17,0,0
BRDA:152,17,1,0
BRDA:159,18,0,0
BRDA:159,18,1,0
BRDA:164,19,0,0
BRDA:164,19,1,0
BRDA:170,20,0,0
BRDA:170,20,1,0
BRDA:184,21,0,0
BRDA:184,21,1,0
BRDA:185,22,0,0
BRDA:185,22,1,0
BRDA:186,23,0,0
BRDA:186,23,1,0
BRDA:188,24,0,0
BRDA:188,24,1,0
BRDA:191,25,0,0
BRDA:191,25,1,0
BRDA:195,26,0,0
BRDA:195,26,1,0
BRDA:207,27,0,0
BRDA:207,27,1,0
BRDA:225,28,0,0
BRDA:225,28,1,0
BRDA:226,29,0,0
BRDA:226,29,1,0
BRDA:229,30,0,0
BRDA:229,30,1,0
BRDA:235,31,0,0
BRDA:235,31,1,0
BRDA:236,32,0,0
BRDA:236,32,1,0
BRDA:243,33,0,0
BRDA:243,33,1,0
BRDA:251,34,0,0
BRDA:251,34,1,0
BRF:64
BRH:0
end_of_record
TN:
SF:src/components/dashboard/MetricCard.jsx
FN:6,(anonymous_0)
FN:21,(anonymous_1)
FN:31,(anonymous_2)
FN:37,(anonymous_3)
FNF:4
FNH:0
FNDA:0,(anonymous_0)
FNDA:0,(anonymous_1)
FNDA:0,(anonymous_2)
FNDA:0,(anonymous_3)
DA:6,0
DA:21,0
DA:31,0
DA:32,0
DA:33,0
DA:34,0
DA:37,0
DA:38,0
DA:43,0
DA:48,0
DA:52,0
DA:106,0
DA:115,0
LF:13
LH:0
BRDA:25,0,0,0
BRDA:29,1,0,0
BRDA:32,2,0,0
BRDA:32,2,1,0
BRDA:33,3,0,0
BRDA:33,3,1,0
BRDA:38,4,0,0
BRDA:38,4,1,0
BRDA:43,5,0,0
BRDA:43,5,1,0
BRDA:65,6,0,0
BRDA:65,6,1,0
BRDA:85,7,0,0
BRDA:85,7,1,0
BRDA:85,7,2,0
BRDA:86,8,0,0
BRDA:86,8,1,0
BRDA:87,9,0,0
BRDA:87,9,1,0
BRDA:95,10,0,0
BRDA:95,10,1,0
BRDA:96,11,0,0
BRDA:96,11,1,0
BRDA:106,12,0,0
BRDA:106,12,1,0
BRF:25
BRH:0
end_of_record
TN:
SF:src/components/dashboard/ResponsiveChart.jsx
FN:8,(anonymous_0)
FN:52,(anonymous_1)
FN:69,(anonymous_2)
FN:92,(anonymous_3)
FN:98,(anonymous_4)
FN:111,(anonymous_5)
FN:112,(anonymous_6)
FN:180,(anonymous_7)
FN:181,(anonymous_8)
FN:183,(anonymous_9)
FN:187,(anonymous_10)
FN:194,(anonymous_11)
FN:199,(anonymous_12)
FN:200,(anonymous_13)
FN:220,(anonymous_14)
FN:221,(anonymous_15)
FN:226,(anonymous_16)
FN:233,(anonymous_17)
FNF:18
FNH:0
FNDA:0,(anonymous_0)
FNDA:0,(anonymous_1)
FNDA:0,(anonymous_2)
FNDA:0,(anonymous_3)
FNDA:0,(anonymous_4)
FNDA:0,(anonymous_5)
FNDA:0,(anonymous_6)
FNDA:0,(anonymous_7)
FNDA:0,(anonymous_8)
FNDA:0,(anonymous_9)
FNDA:0,(anonymous_10)
FNDA:0,(anonymous_11)
FNDA:0,(anonymous_12)
FNDA:0,(anonymous_13)
FNDA:0,(anonymous_14)
FNDA:0,(anonymous_15)
FNDA:0,(anonymous_16)
FNDA:0,(anonymous_17)
DA:8,0
DA:52,0
DA:64,0
DA:65,0
DA:66,0
DA:67,0
DA:69,0
DA:70,0
DA:73,0
DA:76,0
DA:77,0
DA:80,0
DA:90,0
DA:92,0
DA:96,0
DA:98,0
DA:103,0
DA:111,0
DA:112,0
DA:115,0
DA:116,0
DA:118,0
DA:129,0
DA:132,0
DA:133,0
DA:144,0
DA:145,0
DA:158,0
DA:159,0
DA:172,0
DA:174,0
DA:180,0
DA:181,0
DA:183,0
DA:188,0
DA:194,0
DA:197,0
DA:199,0
DA:200,0
DA:204,0
DA:214,0
DA:220,0
DA:221,0
DA:227,0
DA:233,0
DA:237,0
DA:258,0
LF:47
LH:0
BRDA:59,0,0,0
BRDA:60,1,0,0
BRDA:61,2,0,0
BRDA:70,3,0,0
BRDA:70,3,1,0
BRDA:70,4,0,0
BRDA:70,4,1,0
BRDA:70,4,2,0
BRDA:70,4,3,0
BRDA:132,5,0,0
BRDA:132,5,1,0
BRDA:144,6,0,0
BRDA:144,6,1,0
BRDA:158,7,0,0
BRDA:158,7,1,0
BRDA:172,8,0,0
BRDA:172,8,1,0
BRDA:240,9,0,0
BRDA:240,9,1,0
BRF:19
BRH:0
end_of_record
TN:
SF:src/components/dashboard/index.js
FNF:0
FNH:0
LF:0
LH:0
BRF:0
BRH:0
end_of_record
TN:
SF:src/components/lan-sync/DeviceList.jsx
FN:50,(anonymous_0)
FN:57,(anonymous_1)
FN:78,(anonymous_2)
FN:98,(anonymous_3)
FN:99,(anonymous_4)
FN:100,(anonymous_5)
FN:101,(anonymous_6)
FN:105,(anonymous_7)
FN:110,(anonymous_8)
FN:111,(anonymous_9)
FN:115,(anonymous_10)
FN:120,(anonymous_11)
FN:125,(anonymous_12)
FN:130,(anonymous_13)
FN:135,(anonymous_14)
FN:143,(anonymous_15)
FN:150,(anonymous_16)
FN:172,(anonymous_17)
FN:189,(anonymous_18)
FN:196,(anonymous_19)
FN:203,(anonymous_20)
FN:218,(anonymous_21)
FN:268,(anonymous_22)
FN:290,(anonymous_23)
FN:299,(anonymous_24)
FN:302,(anonymous_25)
FN:411,(anonymous_26)
FN:424,(anonymous_27)
FN:443,(anonymous_28)
FN:533,(anonymous_29)
FN:545,(anonymous_30)
FN:558,(anonymous_31)
FNF:32
FNH:0
FNDA:0,(anonymous_0)
FNDA:0,(anonymous_1)
FNDA:0,(anonymous_2)
FNDA:0,(anonymous_3)
FNDA:0,(anonymous_4)
FNDA:0,(anonymous_5)
FNDA:0,(anonymous_6)
FNDA:0,(anonymous_7)
FNDA:0,(anonymous_8)
FNDA:0,(anonymous_9)
FNDA:0,(anonymous_10)
FNDA:0,(anonymous_11)
FNDA:0,(anonymous_12)
FNDA:0,(anonymous_13)
FNDA:0,(anonymous_14)
FNDA:0,(anonymous_15)
FNDA:0,(anonymous_16)
FNDA:0,(anonymous_17)
FNDA:0,(anonymous_18)
FNDA:0,(anonymous_19)
FNDA:0,(anonymous_20)
FNDA:0,(anonymous_21)
FNDA:0,(anonymous_22)
FNDA:0,(anonymous_23)
FNDA:0,(anonymous_24)
FNDA:0,(anonymous_25)
FNDA:0,(anonymous_26)
FNDA:0,(anonymous_27)
FNDA:0,(anonymous_28)
FNDA:0,(anonymous_29)
FNDA:0,(anonymous_30)
FNDA:0,(anonymous_31)
DA:50,0
DA:57,0
DA:78,0
DA:88,0
DA:89,0
DA:90,0
DA:91,0
DA:98,0
DA:99,0
DA:100,0
DA:101,0
DA:102,0
DA:105,0
DA:106,0
DA:110,0
DA:111,0
DA:115,0
DA:116,0
DA:120,0
DA:121,0
DA:125,0
DA:126,0
DA:130,0
DA:131,0
DA:135,0
DA:136,0
DA:137,0
DA:138,0
DA:139,0
DA:143,0
DA:144,0
DA:145,0
DA:146,0
DA:150,0
DA:151,0
DA:153,0
DA:154,0
DA:155,0
DA:156,0
DA:157,0
DA:162,0
DA:164,0
DA:167,0
DA:172,0
DA:173,0
DA:175,0
DA:176,0
DA:177,0
DA:178,0
DA:179,0
DA:182,0
DA:184,0
DA:189,0
DA:190,0
DA:191,0
DA:196,0
DA:197,0
DA:198,0
DA:203,0
DA:204,0
DA:205,0
DA:207,0
DA:208,0
DA:209,0
DA:211,0
DA:212,0
DA:213,0
DA:214,0
DA:218,0
DA:219,0
DA:220,0
DA:221,0
DA:223,0
DA:224,0
DA:232,0
DA:233,0
DA:241,0
DA:242,0
DA:250,0
DA:251,0
DA:259,0
DA:268,0
DA:269,0
DA:270,0
DA:276,0
DA:277,0
DA:283,0
DA:290,0
DA:291,0
DA:292,0
DA:294,0
DA:299,0
DA:300,0
DA:302,0
DA:305,0
DA:412,0
DA:413,0
DA:414,0
DA:415,0
DA:416,0
DA:417,0
DA:418,0
DA:420,0
DA:424,0
DA:443,0
DA:533,0
DA:545,0
DA:558,0
DA:605,0
DA:628,0
LF:110
LH:0
BRDA:67,0,0,0
BRDA:67,0,1,0
BRDA:70,1,0,0
BRDA:70,1,1,0
BRDA:73,2,0,0
BRDA:73,2,1,0
BRDA:83,3,0,0
BRDA:85,4,0,0
BRDA:94,5,0,0
BRDA:95,6,0,0
BRDA:98,7,0,0
BRDA:99,8,0,0
BRDA:100,9,0,0
BRDA:101,10,0,0
BRDA:102,11,0,0
BRDA:102,11,1,0
BRDA:106,12,0,0
BRDA:106,12,1,0
BRDA:116,13,0,0
BRDA:116,13,1,0
BRDA:121,14,0,0
BRDA:121,14,1,0
BRDA:151,15,0,0
BRDA:151,15,1,0
BRDA:154,16,0,0
BRDA:154,16,1,0
BRDA:156,17,0,0
BRDA:156,17,1,0
BRDA:162,18,0,0
BRDA:162,18,1,0
BRDA:173,19,0,0
BRDA:173,19,1,0
BRDA:176,20,0,0
BRDA:176,20,1,0
BRDA:176,21,0,0
BRDA:176,21,1,0
BRDA:178,22,0,0
BRDA:178,22,1,0
BRDA:178,23,0,0
BRDA:178,23,1,0
BRDA:190,24,0,0
BRDA:190,24,1,0
BRDA:190,25,0,0
BRDA:190,25,1,0
BRDA:197,26,0,0
BRDA:197,26,1,0
BRDA:197,27,0,0
BRDA:197,27,1,0
BRDA:205,28,0,0
BRDA:205,28,1,0
BRDA:211,29,0,0
BRDA:211,29,1,0
BRDA:212,30,0,0
BRDA:212,30,1,0
BRDA:213,31,0,0
BRDA:213,31,1,0
BRDA:223,32,0,0
BRDA:223,32,1,0
BRDA:232,33,0,0
BRDA:232,33,1,0
BRDA:237,34,0,0
BRDA:237,34,1,0
BRDA:241,35,0,0
BRDA:241,35,1,0
BRDA:250,36,0,0
BRDA:250,36,1,0
BRDA:255,37,0,0
BRDA:255,37,1,0
BRDA:269,38,0,0
BRDA:269,38,1,0
BRDA:276,39,0,0
BRDA:276,39,1,0
BRDA:291,40,0,0
BRDA:291,40,1,0
BRDA:314,41,0,0
BRDA:314,41,1,0
BRDA:348,42,0,0
BRDA:348,42,1,0
BRDA:361,43,0,0
BRDA:361,43,1,0
BRDA:364,44,0,0
BRDA:364,44,1,0
BRDA:365,45,0,0
BRDA:365,45,1,0
BRDA:368,46,0,0
BRDA:368,46,1,0
BRDA:379,47,0,0
BRDA:379,47,1,0
BRDA:401,48,0,0
BRDA:401,48,1,0
BRDA:403,49,0,0
BRDA:403,49,1,0
BRDA:406,50,0,0
BRDA:406,50,1,0
BRDA:412,51,0,0
BRDA:412,51,1,0
BRDA:418,52,0,0
BRDA:418,52,1,0
BRDA:460,53,0,0
BRDA:460,53,1,0
BRDA:478,54,0,0
BRDA:478,54,1,0
BRDA:501,55,0,0
BRDA:501,55,1,0
BRDA:512,56,0,0
BRDA:512,56,1,0
BRDA:546,57,0,0
BRDA:546,57,1,0
BRDA:549,58,0,0
BRDA:549,58,1,0
BRDA:552,59,0,0
BRDA:552,59,1,0
BRDA:582,60,0,0
BRDA:582,60,1,0
BRDA:586,61,0,0
BRDA:586,61,1,0
BRF:116
BRH:0
end_of_record
TN:
SF:src/components/lan-sync/LanSyncStatus.jsx
FN:37,(anonymous_0)
FN:70,(anonymous_1)
FN:76,(anonymous_2)
FN:80,(anonymous_3)
FN:84,(anonymous_4)
FN:94,(anonymous_5)
FN:101,(anonymous_6)
FN:108,(anonymous_7)
FN:118,(anonymous_8)
FN:162,(anonymous_9)
FNF:10
FNH:0
FNDA:0,(anonymous_0)
FNDA:0,(anonymous_1)
FNDA:0,(anonymous_2)
FNDA:0,(anonymous_3)
FNDA:0,(anonymous_4)
FNDA:0,(anonymous_5)
FNDA:0,(anonymous_6)
FNDA:0,(anonymous_7)
FNDA:0,(anonymous_8)
FNDA:0,(anonymous_9)
DA:37,0
DA:45,0
DA:46,0
DA:47,0
DA:60,0
DA:70,0
DA:71,0
DA:72,0
DA:76,0
DA:77,0
DA:80,0
DA:81,0
DA:84,0
DA:85,0
DA:86,0
DA:89,0
DA:91,0
DA:94,0
DA:95,0
DA:96,0
DA:98,0
DA:101,0
DA:102,0
DA:103,0
DA:105,0
DA:108,0
DA:109,0
DA:110,0
DA:112,0
DA:114,0
DA:118,0
DA:119,0
DA:120,0
DA:127,0
DA:128,0
DA:135,0
DA:136,0
DA:143,0
DA:144,0
DA:151,0
DA:158,0
DA:159,0
DA:162,0
DA:163,0
DA:165,0
DA:166,0
DA:168,0
DA:169,0
DA:170,0
DA:171,0
DA:174,0
DA:315,0
LF:52
LH:0
BRDA:38,0,0,0
BRDA:39,1,0,0
BRDA:71,2,0,0
BRDA:71,2,1,0
BRDA:71,3,0,0
BRDA:71,3,1,0
BRDA:85,4,0,0
BRDA:85,4,1,0
BRDA:95,5,0,0
BRDA:95,5,1,0
BRDA:102,6,0,0
BRDA:102,6,1,0
BRDA:109,7,0,0
BRDA:109,7,1,0
BRDA:119,8,0,0
BRDA:119,8,1,0
BRDA:127,9,0,0
BRDA:127,9,1,0
BRDA:135,10,0,0
BRDA:135,10,1,0
BRDA:143,11,0,0
BRDA:143,11,1,0
BRDA:163,12,0,0
BRDA:163,12,1,0
BRDA:168,13,0,0
BRDA:168,13,1,0
BRDA:169,14,0,0
BRDA:169,14,1,0
BRDA:170,15,0,0
BRDA:170,15,1,0
BRDA:199,16,0,0
BRDA:199,16,1,0
BRDA:227,17,0,0
BRDA:227,17,1,0
BRDA:232,18,0,0
BRDA:232,18,1,0
BRDA:242,19,0,0
BRDA:242,19,1,0
BRDA:251,20,0,0
BRDA:251,20,1,0
BRDA:279,21,0,0
BRDA:279,21,1,0
BRDA:282,22,0,0
BRDA:282,22,1,0
BRF:44
BRH:0
end_of_record
TN:
SF:src/components/lan-sync/SyncActivity.jsx
FN:38,(anonymous_0)
FN:58,(anonymous_1)
FN:59,(anonymous_2)
FN:63,(anonymous_3)
FN:68,(anonymous_4)
FN:73,(anonymous_5)
FN:74,(anonymous_6)
FN:78,(anonymous_7)
FN:83,(anonymous_8)
FN:86,(anonymous_9)
FN:91,(anonymous_10)
FN:100,(anonymous_11)
FN:107,(anonymous_12)
FN:128,(anonymous_13)
FN:183,(anonymous_14)
FN:265,(anonymous_15)
FN:291,(anonymous_16)
FN:352,(anonymous_17)
FNF:18
FNH:0
FNDA:0,(anonymous_0)
FNDA:0,(anonymous_1)
FNDA:0,(anonymous_2)
FNDA:0,(anonymous_3)
FNDA:0,(anonymous_4)
FNDA:0,(anonymous_5)
FNDA:0,(anonymous_6)
FNDA:0,(anonymous_7)
FNDA:0,(anonymous_8)
FNDA:0,(anonymous_9)
FNDA:0,(anonymous_10)
FNDA:0,(anonymous_11)
FNDA:0,(anonymous_12)
FNDA:0,(anonymous_13)
FNDA:0,(anonymous_14)
FNDA:0,(anonymous_15)
FNDA:0,(anonymous_16)
FNDA:0,(anonymous_17)
DA:38,0
DA:43,0
DA:44,0
DA:45,0
DA:55,0
DA:58,0
DA:59,0
DA:63,0
DA:64,0
DA:68,0
DA:69,0
DA:73,0
DA:74,0
DA:78,0
DA:79,0
DA:83,0
DA:84,0
DA:86,0
DA:87,0
DA:91,0
DA:92,0
DA:93,0
DA:95,0
DA:100,0
DA:101,0
DA:102,0
DA:103,0
DA:107,0
DA:108,0
DA:110,0
DA:111,0
DA:112,0
DA:114,0
DA:115,0
DA:116,0
DA:118,0
DA:119,0
DA:120,0
DA:121,0
DA:123,0
DA:128,0
DA:129,0
DA:131,0
DA:141,0
DA:151,0
DA:161,0
DA:171,0
DA:183,0
DA:184,0
DA:265,0
DA:266,0
DA:292,0
DA:352,0
DA:353,0
DA:354,0
DA:355,0
DA:356,0
DA:357,0
DA:358,0
DA:361,0
DA:362,0
DA:383,0
DA:458,0
LF:63
LH:0
BRDA:69,0,0,0
BRDA:69,0,1,0
BRDA:92,1,0,0
BRDA:92,1,1,0
BRDA:101,2,0,0
BRDA:101,2,1,0
BRDA:108,3,0,0
BRDA:108,3,1,0
BRDA:108,4,0,0
BRDA:108,4,1,0
BRDA:118,5,0,0
BRDA:118,5,1,0
BRDA:120,6,0,0
BRDA:120,6,1,0
BRDA:129,7,0,0
BRDA:129,7,1,0
BRDA:129,7,2,0
BRDA:129,7,3,0
BRDA:129,7,4,0
BRDA:194,8,0,0
BRDA:194,8,1,0
BRDA:203,9,0,0
BRDA:203,9,1,0
BRDA:212,10,0,0
BRDA:212,10,1,0
BRDA:221,11,0,0
BRDA:221,11,1,0
BRDA:230,12,0,0
BRDA:230,12,1,0
BRDA:238,13,0,0
BRDA:238,13,1,0
BRDA:248,14,0,0
BRDA:248,14,1,0
BRDA:256,15,0,0
BRDA:256,15,1,0
BRDA:271,16,0,0
BRDA:271,16,1,0
BRDA:279,17,0,0
BRDA:279,17,1,0
BRDA:300,18,0,0
BRDA:300,18,1,0
BRDA:302,19,0,0
BRDA:302,19,1,0
BRDA:304,20,0,0
BRDA:304,20,1,0
BRDA:328,21,0,0
BRDA:328,21,1,0
BRDA:334,22,0,0
BRDA:334,22,1,0
BRDA:343,23,0,0
BRDA:343,23,1,0
BRDA:352,24,0,0
BRDA:353,25,0,0
BRDA:353,25,1,0
BRDA:355,26,0,0
BRDA:355,26,1,0
BRDA:361,27,0,0
BRDA:361,27,1,0
BRDA:394,28,0,0
BRDA:394,28,1,0
BRDA:397,29,0,0
BRDA:397,29,1,0
BRDA:399,30,0,0
BRDA:399,30,1,0
BRDA:409,31,0,0
BRDA:409,31,1,0
BRDA:410,32,0,0
BRDA:410,32,1,0
BRDA:412,33,0,0
BRDA:412,33,1,0
BRDA:415,34,0,0
BRDA:415,34,1,0
BRDA:422,35,0,0
BRDA:422,35,1,0
BRDA:441,36,0,0
BRDA:441,36,1,0
BRF:76
BRH:0
end_of_record
TN:
SF:src/components/layout/Layout.jsx
FN:7,(anonymous_0)
FN:12,(anonymous_1)
FNF:2
FNH:0
FNDA:0,(anonymous_0)
FNDA:0,(anonymous_1)
DA:7,0
DA:8,0
DA:9,0
DA:10,0
DA:12,0
DA:13,0
DA:14,0
DA:18,0
DA:19,0
DA:22,0
LF:10
LH:0
BRDA:18,0,0,0
BRDA:18,0,1,0
BRDA:18,1,0,0
BRDA:18,1,1,0
BRDA:27,2,0,0
BRDA:27,2,1,0
BRDA:30,3,0,0
BRDA:30,3,1,0
BRDA:33,4,0,0
BRDA:33,4,1,0
BRDA:40,5,0,0
BRDA:40,5,1,0
BRDA:46,6,0,0
BRDA:46,6,1,0
BRDA:52,7,0,0
BRDA:52,7,1,0
BRDA:59,8,0,0
BRDA:59,8,1,0
BRF:18
BRH:0
end_of_record
TN:
SF:src/components/memory/MemorySettings.jsx
FN:26,(anonymous_0)
FN:46,(anonymous_1)
FN:63,(anonymous_2)
FN:87,(anonymous_3)
FN:108,(anonymous_4)
FN:117,(anonymous_5)
FN:125,(anonymous_6)
FN:126,(anonymous_7)
FNF:8
FNH:0
FNDA:0,(anonymous_0)
FNDA:0,(anonymous_1)
FNDA:0,(anonymous_2)
FNDA:0,(anonymous_3)
FNDA:0,(anonymous_4)
FNDA:0,(anonymous_5)
FNDA:0,(anonymous_6)
FNDA:0,(anonymous_7)
DA:26,0
DA:34,0
DA:36,0
DA:37,0
DA:38,0
DA:39,0
DA:44,0
DA:46,0
DA:47,0
DA:48,0
DA:49,0
DA:50,0
DA:51,0
DA:53,0
DA:56,0
DA:57,0
DA:59,0
DA:63,0
DA:64,0
DA:65,0
DA:67,0
DA:68,0
DA:69,0
DA:70,0
DA:71,0
DA:73,0
DA:76,0
DA:77,0
DA:80,0
DA:81,0
DA:83,0
DA:87,0
DA:88,0
DA:89,0
DA:92,0
DA:93,0
DA:94,0
DA:95,0
DA:96,0
DA:98,0
DA:101,0
DA:102,0
DA:104,0
DA:108,0
DA:109,0
DA:117,0
DA:118,0
DA:125,0
DA:126,0
DA:129,0
DA:130,0
DA:133,0
LF:52
LH:0
BRDA:50,0,0,0
BRDA:50,0,1,0
BRDA:53,1,0,0
BRDA:53,1,1,0
BRDA:57,2,0,0
BRDA:57,2,1,0
BRDA:65,3,0,0
BRDA:65,3,1,0
BRDA:70,4,0,0
BRDA:70,4,1,0
BRDA:73,5,0,0
BRDA:73,5,1,0
BRDA:77,6,0,0
BRDA:77,6,1,0
BRDA:80,7,0,0
BRDA:80,7,1,0
BRDA:88,8,0,0
BRDA:88,8,1,0
BRDA:95,9,0,0
BRDA:95,9,1,0
BRDA:98,10,0,0
BRDA:98,10,1,0
BRDA:102,11,0,0
BRDA:102,11,1,0
BRDA:117,12,0,0
BRDA:129,13,0,0
BRDA:129,13,1,0
BRDA:129,14,0,0
BRDA:129,14,1,0
BRDA:159,15,0,0
BRDA:159,15,1,0
BRDA:168,16,0,0
BRDA:168,16,1,0
BRDA:198,17,0,0
BRDA:198,17,1,0
BRF:35
BRH:0
end_of_record
TN:
SF:src/components/memory/MemoryVisualization.jsx
FN:39,(anonymous_0)
FN:48,(anonymous_1)
FN:54,(anonymous_2)
FN:60,(anonymous_3)
FN:67,(anonymous_4)
FN:70,(anonymous_5)
FN:106,(anonymous_6)
FN:110,(anonymous_7)
FN:118,(anonymous_8)
FN:158,(anonymous_9)
FN:198,(anonymous_10)
FNF:11
FNH:0
FNDA:0,(anonymous_0)
FNDA:0,(anonymous_1)
FNDA:0,(anonymous_2)
FNDA:0,(anonymous_3)
FNDA:0,(anonymous_4)
FNDA:0,(anonymous_5)
FNDA:0,(anonymous_6)
FNDA:0,(anonymous_7)
FNDA:0,(anonymous_8)
FNDA:0,(anonymous_9)
FNDA:0,(anonymous_10)
DA:34,0
DA:39,0
DA:40,0
DA:41,0
DA:43,0
DA:44,0
DA:48,0
DA:49,0
DA:50,0
DA:54,0
DA:55,0
DA:56,0
DA:57,0
DA:60,0
DA:67,0
DA:68,0
DA:70,0
DA:77,0
DA:78,0
DA:80,0
DA:107,0
DA:111,0
DA:118,0
DA:158,0
DA:199,0
LF:25
LH:0
BRDA:43,0,0,0
BRDA:43,0,1,0
BRDA:43,1,0,0
BRDA:43,1,1,0
BRDA:49,2,0,0
BRDA:49,2,1,0
BRDA:55,3,0,0
BRDA:55,3,1,0
BRDA:56,4,0,0
BRDA:56,4,1,0
BRDA:68,5,0,0
BRDA:68,5,1,0
BRDA:70,6,0,0
BRDA:70,6,1,0
BRDA:72,7,0,0
BRDA:72,7,1,0
BRDA:93,8,0,0
BRDA:93,8,1,0
BRDA:142,9,0,0
BRDA:142,9,1,0
BRDA:184,10,0,0
BRDA:184,10,1,0
BRDA:211,11,0,0
BRDA:211,11,1,0
BRF:24
BRH:0
end_of_record
TN:
SF:src/contexts/AppContext.jsx
FN:42,(anonymous_0)
FN:109,(anonymous_1)
FN:123,(anonymous_2)
FN:137,(anonymous_3)
FN:143,(anonymous_4)
FN:187,(anonymous_5)
FN:192,(anonymous_6)
FN:193,(anonymous_7)
FN:247,(anonymous_8)
FN:251,(anonymous_9)
FN:273,(anonymous_10)
FN:276,(anonymous_11)
FN:288,(anonymous_12)
FN:331,(anonymous_13)
FN:339,(anonymous_14)
FN:357,(anonymous_15)
FN:375,(anonymous_16)
FN:388,(anonymous_17)
FN:398,(anonymous_18)
FN:411,(anonymous_19)
FN:416,(anonymous_20)
FN:421,(anonymous_21)
FN:429,(anonymous_22)
FN:457,(anonymous_23)
FNF:24
FNH:0
FNDA:0,(anonymous_0)
FNDA:0,(anonymous_1)
FNDA:0,(anonymous_2)
FNDA:0,(anonymous_3)
FNDA:0,(anonymous_4)
FNDA:0,(anonymous_5)
FNDA:0,(anonymous_6)
FNDA:0,(anonymous_7)
FNDA:0,(anonymous_8)
FNDA:0,(anonymous_9)
FNDA:0,(anonymous_10)
FNDA:0,(anonymous_11)
FNDA:0,(anonymous_12)
FNDA:0,(anonymous_13)
FNDA:0,(anonymous_14)
FNDA:0,(anonymous_15)
FNDA:0,(anonymous_16)
FNDA:0,(anonymous_17)
FNDA:0,(anonymous_18)
FNDA:0,(anonymous_19)
FNDA:0,(anonymous_20)
FNDA:0,(anonymous_21)
FNDA:0,(anonymous_22)
FNDA:0,(anonymous_23)
DA:8,0
DA:22,0
DA:42,0
DA:43,0
DA:45,0
DA:54,0
DA:63,0
DA:70,0
DA:76,0
DA:83,0
DA:89,0
DA:95,0
DA:102,0
DA:109,0
DA:110,0
DA:115,0
DA:123,0
DA:128,0
DA:136,0
DA:137,0
DA:140,0
DA:143,0
DA:151,0
DA:152,0
DA:153,0
DA:155,0
DA:161,0
DA:167,0
DA:173,0
DA:179,0
DA:184,0
DA:187,0
DA:188,0
DA:189,0
DA:192,0
DA:193,0
DA:194,0
DA:196,0
DA:197,0
DA:198,0
DA:200,0
DA:203,0
DA:205,0
DA:206,0
DA:207,0
DA:208,0
DA:209,0
DA:212,0
DA:213,0
DA:219,0
DA:220,0
DA:227,0
DA:228,0
DA:229,0
DA:232,0
DA:235,0
DA:236,0
DA:243,0
DA:247,0
DA:248,0
DA:251,0
DA:252,0
DA:258,0
DA:259,0
DA:267,0
DA:269,0
DA:273,0
DA:274,0
DA:275,0
DA:276,0
DA:278,0
DA:283,0
DA:288,0
DA:289,0
DA:291,0
DA:292,0
DA:294,0
DA:295,0
DA:297,0
DA:303,0
DA:304,0
DA:310,0
DA:311,0
DA:318,0
DA:320,0
DA:324,0
DA:326,0
DA:331,0
DA:332,0
DA:333,0
DA:334,0
DA:335,0
DA:339,0
DA:340,0
DA:342,0
DA:343,0
DA:344,0
DA:346,0
DA:350,0
DA:352,0
DA:357,0
DA:358,0
DA:359,0
DA:360,0
DA:364,0
DA:366,0
DA:370,0
DA:375,0
DA:376,0
DA:377,0
DA:378,0
DA:383,0
DA:388,0
DA:389,0
DA:390,0
DA:391,0
DA:393,0
DA:398,0
DA:399,0
DA:400,0
DA:401,0
DA:406,0
DA:411,0
DA:412,0
DA:416,0
DA:417,0
DA:421,0
DA:422,0
DA:429,0
DA:430,0
DA:434,0
DA:449,0
DA:452,0
DA:457,0
DA:458,0
DA:460,0
DA:461,0
DA:464,0
LF:138
LH:0
BRDA:43,0,0,0
BRDA:43,0,1,0
BRDA:43,0,2,0
BRDA:43,0,3,0
BRDA:43,0,4,0
BRDA:43,0,5,0
BRDA:43,0,6,0
BRDA:43,0,7,0
BRDA:43,0,8,0
BRDA:43,0,9,0
BRDA:43,0,10,0
BRDA:43,0,11,0
BRDA:43,0,12,0
BRDA:43,0,13,0
BRDA:43,0,14,0
BRDA:43,0,15,0
BRDA:43,0,16,0
BRDA:98,1,0,0
BRDA:98,1,1,0
BRDA:110,2,0,0
BRDA:110,2,1,0
BRDA:145,3,0,0
BRDA:145,3,1,0
BRDA:151,4,0,0
BRDA:151,4,1,0
BRDA:198,5,0,0
BRDA:198,5,1,0
BRDA:198,6,0,0
BRDA:198,6,1,0
BRDA:205,7,0,0
BRDA:205,7,1,0
BRDA:212,8,0,0
BRDA:212,8,1,0
BRDA:212,9,0,0
BRDA:212,9,1,0
BRDA:219,10,0,0
BRDA:219,10,1,0
BRDA:219,11,0,0
BRDA:219,11,1,0
BRDA:258,12,0,0
BRDA:258,12,1,0
BRDA:258,13,0,0
BRDA:258,13,1,0
BRDA:303,14,0,0
BRDA:303,14,1,0
BRDA:303,15,0,0
BRDA:303,15,1,0
BRDA:310,16,0,0
BRDA:310,16,1,0
BRDA:310,17,0,0
BRDA:310,17,1,0
BRDA:322,18,0,0
BRDA:322,18,1,0
BRDA:348,19,0,0
BRDA:348,19,1,0
BRDA:368,20,0,0
BRDA:368,20,1,0
BRDA:460,21,0,0
BRDA:460,21,1,0
BRF:59
BRH:0
end_of_record
TN:
SF:src/contexts/AuthContext.jsx
FN:8,AuthProvider
FN:15,(anonymous_1)
FN:16,(anonymous_2)
FN:19,(anonymous_3)
FN:51,(anonymous_4)
FN:77,(anonymous_5)
FN:103,(anonymous_6)
FN:119,(anonymous_7)
FN:122,(anonymous_8)
FN:127,(anonymous_9)
FN:133,(anonymous_10)
FN:153,(anonymous_11)
FNF:12
FNH:0
FNDA:0,AuthProvider
FNDA:0,(anonymous_1)
FNDA:0,(anonymous_2)
FNDA:0,(anonymous_3)
FNDA:0,(anonymous_4)
FNDA:0,(anonymous_5)
FNDA:0,(anonymous_6)
FNDA:0,(anonymous_7)
FNDA:0,(anonymous_8)
FNDA:0,(anonymous_9)
FNDA:0,(anonymous_10)
FNDA:0,(anonymous_11)
DA:6,0
DA:9,0
DA:10,0
DA:11,0
DA:12,0
DA:15,0
DA:16,0
DA:17,0
DA:19,0
DA:20,0
DA:21,0
DA:24,0
DA:26,0
DA:27,0
DA:28,0
DA:29,0
DA:31,0
DA:32,0
DA:35,0
DA:36,0
DA:40,0
DA:41,0
DA:43,0
DA:47,0
DA:51,0
DA:52,0
DA:53,0
DA:54,0
DA:57,0
DA:59,0
DA:61,0
DA:62,0
DA:65,0
DA:67,0
DA:68,0
DA:69,0
DA:70,0
DA:72,0
DA:77,0
DA:78,0
DA:79,0
DA:80,0
DA:83,0
DA:85,0
DA:87,0
DA:88,0
DA:91,0
DA:93,0
DA:94,0
DA:95,0
DA:96,0
DA:98,0
DA:103,0
DA:104,0
DA:105,0
DA:107,0
DA:110,0
DA:111,0
DA:114,0
DA:119,0
DA:122,0
DA:123,0
DA:124,0
DA:126,0
DA:127,0
DA:129,0
DA:133,0
DA:146,0
DA:153,0
DA:154,0
DA:155,0
DA:156,0
DA:158,0
LF:73
LH:0
BRDA:21,0,0,0
BRDA:21,0,1,0
BRDA:24,1,0,0
BRDA:24,1,1,0
BRDA:28,2,0,0
BRDA:28,2,1,0
BRDA:59,3,0,0
BRDA:59,3,1,0
BRDA:68,4,0,0
BRDA:68,4,1,0
BRDA:85,5,0,0
BRDA:85,5,1,0
BRDA:85,6,0,0
BRDA:85,6,1,0
BRDA:94,7,0,0
BRDA:94,7,1,0
BRDA:123,8,0,0
BRDA:123,8,1,0
BRDA:124,9,0,0
BRDA:124,9,1,0
BRDA:126,10,0,0
BRDA:126,10,1,0
BRDA:143,11,0,0
BRDA:143,11,1,0
BRDA:148,12,0,0
BRDA:148,12,1,0
BRDA:155,13,0,0
BRDA:155,13,1,0
BRF:28
BRH:0
end_of_record
TN:
SF:src/contexts/LanSyncContext.jsx
FN:17,(anonymous_0)
FN:51,(anonymous_1)
FN:52,(anonymous_2)
FN:53,(anonymous_3)
FN:54,(anonymous_4)
FN:55,(anonymous_5)
FN:56,(anonymous_6)
FN:57,(anonymous_7)
FN:58,(anonymous_8)
FN:61,(anonymous_9)
FN:65,(anonymous_10)
FN:80,(anonymous_11)
FN:91,(anonymous_12)
FN:102,(anonymous_13)
FN:115,(anonymous_14)
FN:127,(anonymous_15)
FN:140,(anonymous_16)
FN:153,(anonymous_17)
FN:164,(anonymous_18)
FN:167,(anonymous_19)
FN:168,(anonymous_20)
FN:174,(anonymous_21)
FN:175,(anonymous_22)
FN:177,(anonymous_23)
FN:181,(anonymous_24)
FN:182,(anonymous_25)
FN:184,(anonymous_26)
FN:190,(anonymous_27)
FN:191,(anonymous_28)
FN:193,(anonymous_29)
FN:199,(anonymous_30)
FN:213,(anonymous_31)
FN:254,(anonymous_32)
FNF:33
FNH:0
FNDA:0,(anonymous_0)
FNDA:0,(anonymous_1)
FNDA:0,(anonymous_2)
FNDA:0,(anonymous_3)
FNDA:0,(anonymous_4)
FNDA:0,(anonymous_5)
FNDA:0,(anonymous_6)
FNDA:0,(anonymous_7)
FNDA:0,(anonymous_8)
FNDA:0,(anonymous_9)
FNDA:0,(anonymous_10)
FNDA:0,(anonymous_11)
FNDA:0,(anonymous_12)
FNDA:0,(anonymous_13)
FNDA:0,(anonymous_14)
FNDA:0,(anonymous_15)
FNDA:0,(anonymous_16)
FNDA:0,(anonymous_17)
FNDA:0,(anonymous_18)
FNDA:0,(anonymous_19)
FNDA:0,(anonymous_20)
FNDA:0,(anonymous_21)
FNDA:0,(anonymous_22)
FNDA:0,(anonymous_23)
FNDA:0,(anonymous_24)
FNDA:0,(anonymous_25)
FNDA:0,(anonymous_26)
FNDA:0,(anonymous_27)
FNDA:0,(anonymous_28)
FNDA:0,(anonymous_29)
FNDA:0,(anonymous_30)
FNDA:0,(anonymous_31)
FNDA:0,(anonymous_32)
DA:7,0
DA:17,0
DA:18,0
DA:20,0
DA:23,0
DA:26,0
DA:29,0
DA:32,0
DA:35,0
DA:38,0
DA:41,0
DA:44,0
DA:49,0
DA:61,0
DA:62,0
DA:65,0
DA:66,0
DA:68,0
DA:70,0
DA:71,0
DA:72,0
DA:74,0
DA:75,0
DA:80,0
DA:81,0
DA:82,0
DA:83,0
DA:85,0
DA:86,0
DA:91,0
DA:92,0
DA:93,0
DA:94,0
DA:96,0
DA:97,0
DA:102,0
DA:103,0
DA:104,0
DA:106,0
DA:108,0
DA:109,0
DA:110,0
DA:115,0
DA:116,0
DA:117,0
DA:120,0
DA:121,0
DA:122,0
DA:127,0
DA:128,0
DA:129,0
DA:131,0
DA:133,0
DA:134,0
DA:135,0
DA:140,0
DA:141,0
DA:142,0
DA:144,0
DA:146,0
DA:147,0
DA:148,0
DA:153,0
DA:154,0
DA:155,0
DA:156,0
DA:158,0
DA:159,0
DA:164,0
DA:165,0
DA:167,0
DA:168,0
DA:174,0
DA:175,0
DA:177,0
DA:181,0
DA:182,0
DA:185,0
DA:190,0
DA:191,0
DA:194,0
DA:199,0
DA:201,0
DA:206,0
DA:207,0
DA:208,0
DA:209,0
DA:210,0
DA:213,0
DA:214,0
DA:215,0
DA:216,0
DA:217,0
DA:218,0
DA:221,0
DA:226,0
DA:238,0
DA:245,0
DA:254,0
DA:255,0
DA:256,0
DA:257,0
DA:259,0
DA:263,0
LF:104
LH:0
BRDA:18,0,0,0
BRDA:18,0,1,0
BRDA:18,0,2,0
BRDA:18,0,3,0
BRDA:18,0,4,0
BRDA:18,0,5,0
BRDA:18,0,6,0
BRDA:18,0,7,0
BRDA:18,0,8,0
BRDA:65,1,0,0
BRDA:66,2,0,0
BRDA:66,2,1,0
BRDA:102,3,0,0
BRDA:127,4,0,0
BRDA:165,5,0,0
BRDA:165,5,1,0
BRDA:185,6,0,0
BRDA:185,6,1,0
BRDA:194,7,0,0
BRDA:194,7,1,0
BRDA:256,8,0,0
BRDA:256,8,1,0
BRF:22
BRH:0
end_of_record
TN:
SF:src/contexts/MemoryContext.jsx
FN:7,(anonymous_0)
FN:13,(anonymous_1)
FN:14,(anonymous_2)
FN:32,(anonymous_3)
FN:35,(anonymous_4)
FN:55,(anonymous_5)
FN:66,(anonymous_6)
FN:77,(anonymous_7)
FN:91,(anonymous_8)
FN:126,(anonymous_9)
FNF:10
FNH:0
FNDA:0,(anonymous_0)
FNDA:0,(anonymous_1)
FNDA:0,(anonymous_2)
FNDA:0,(anonymous_3)
FNDA:0,(anonymous_4)
FNDA:0,(anonymous_5)
FNDA:0,(anonymous_6)
FNDA:0,(anonymous_7)
FNDA:0,(anonymous_8)
FNDA:0,(anonymous_9)
DA:5,0
DA:7,0
DA:8,0
DA:9,0
DA:10,0
DA:13,0
DA:14,0
DA:15,0
DA:16,0
DA:17,0
DA:18,0
DA:19,0
DA:21,0
DA:22,0
DA:24,0
DA:28,0
DA:32,0
DA:33,0
DA:34,0
DA:35,0
DA:47,0
DA:49,0
DA:50,0
DA:55,0
DA:56,0
DA:57,0
DA:58,0
DA:60,0
DA:61,0
DA:66,0
DA:67,0
DA:68,0
DA:69,0
DA:71,0
DA:72,0
DA:77,0
DA:78,0
DA:79,0
DA:81,0
DA:82,0
DA:83,0
DA:85,0
DA:86,0
DA:91,0
DA:92,0
DA:93,0
DA:95,0
DA:96,0
DA:97,0
DA:99,0
DA:100,0
DA:104,0
DA:115,0
DA:122,0
DA:126,0
DA:127,0
DA:128,0
DA:129,0
DA:131,0
LF:59
LH:0
BRDA:55,0,0,0
BRDA:128,1,0,0
BRDA:128,1,1,0
BRF:3
BRH:0
end_of_record
TN:
SF:src/hooks/useCompanies.js
FN:32,(anonymous_0)
FN:42,(anonymous_1)
FN:56,(anonymous_2)
FN:57,(anonymous_3)
FN:76,(anonymous_4)
FN:80,(anonymous_5)
FNF:6
FNH:0
FNDA:0,(anonymous_0)
FNDA:0,(anonymous_1)
FNDA:0,(anonymous_2)
FNDA:0,(anonymous_3)
FNDA:0,(anonymous_4)
FNDA:0,(anonymous_5)
DA:5,0
DA:32,0
DA:33,0
DA:34,0
DA:35,0
DA:36,0
DA:42,0
DA:43,0
DA:44,0
DA:45,0
DA:51,0
DA:53,0
DA:56,0
DA:57,0
DA:58,0
DA:59,0
DA:60,0
DA:63,0
DA:69,0
DA:70,0
DA:72,0
DA:76,0
DA:77,0
DA:80,0
DA:81,0
DA:84,0
DA:86,0
DA:88,0
DA:89,0
DA:93,0
LF:30
LH:0
BRF:0
BRH:0
end_of_record
TN:
SF:src/hooks/useCompanyHub.js
FN:32,(anonymous_0)
FN:40,(anonymous_1)
FN:67,(anonymous_2)
FN:71,(anonymous_3)
FN:75,(anonymous_4)
FN:80,(anonymous_5)
FNF:6
FNH:0
FNDA:0,(anonymous_0)
FNDA:0,(anonymous_1)
FNDA:0,(anonymous_2)
FNDA:0,(anonymous_3)
FNDA:0,(anonymous_4)
FNDA:0,(anonymous_5)
DA:5,0
DA:19,0
DA:25,0
DA:32,0
DA:33,0
DA:34,0
DA:35,0
DA:36,0
DA:37,0
DA:38,0
DA:40,0
DA:41,0
DA:42,0
DA:43,0
DA:55,0
DA:56,0
DA:57,0
DA:60,0
DA:61,0
DA:63,0
DA:67,0
DA:68,0
DA:71,0
DA:72,0
DA:73,0
DA:75,0
DA:77,0
DA:78,0
DA:79,0
DA:80,0
DA:82,0
DA:84,0
DA:85,0
DA:87,0
DA:91,0
LF:35
LH:0
BRF:0
BRH:0
end_of_record
TN:
SF:src/hooks/useDashboard.js
FN:46,(anonymous_0)
FN:52,(anonymous_1)
FN:75,(anonymous_2)
FN:79,(anonymous_3)
FN:86,(anonymous_4)
FNF:5
FNH:0
FNDA:0,(anonymous_0)
FNDA:0,(anonymous_1)
FNDA:0,(anonymous_2)
FNDA:0,(anonymous_3)
FNDA:0,(anonymous_4)
DA:4,0
DA:11,0
DA:46,0
DA:47,0
DA:48,0
DA:49,0
DA:50,0
DA:52,0
DA:53,0
DA:54,0
DA:55,0
DA:65,0
DA:66,0
DA:68,0
DA:69,0
DA:71,0
DA:75,0
DA:76,0
DA:79,0
DA:80,0
DA:81,0
DA:82,0
DA:83,0
DA:86,0
DA:87,0
DA:93,0
DA:96,0
LF:27
LH:0
BRDA:81,0,0,0
BRDA:81,0,1,0
BRDA:82,1,0,0
BRDA:82,1,1,0
BRDA:93,2,0,0
BRDA:93,2,1,0
BRF:6
BRH:0
end_of_record
TN:
SF:src/hooks/useLanSync.js
FN:22,(anonymous_0)
FN:33,(anonymous_1)
FN:86,(anonymous_2)
FN:89,(anonymous_3)
FN:94,(anonymous_4)
FN:101,(anonymous_5)
FN:104,(anonymous_6)
FN:112,(anonymous_7)
FN:115,(anonymous_8)
FN:123,(anonymous_9)
FN:126,(anonymous_10)
FN:134,(anonymous_11)
FN:135,(anonymous_12)
FN:141,(anonymous_13)
FN:142,(anonymous_14)
FN:148,(anonymous_15)
FN:149,(anonymous_16)
FN:154,(anonymous_17)
FN:155,(anonymous_18)
FN:159,(anonymous_19)
FN:161,(anonymous_20)
FN:166,(anonymous_21)
FN:168,(anonymous_22)
FN:169,(anonymous_23)
FN:175,(anonymous_24)
FN:176,(anonymous_25)
FN:180,(anonymous_26)
FN:182,(anonymous_27)
FN:197,(anonymous_28)
FN:199,(anonymous_29)
FN:200,(anonymous_30)
FN:204,(anonymous_31)
FN:206,(anonymous_32)
FN:207,(anonymous_33)
FN:213,(anonymous_34)
FN:218,(anonymous_35)
FNF:36
FNH:0
FNDA:0,(anonymous_0)
FNDA:0,(anonymous_1)
FNDA:0,(anonymous_2)
FNDA:0,(anonymous_3)
FNDA:0,(anonymous_4)
FNDA:0,(anonymous_5)
FNDA:0,(anonymous_6)
FNDA:0,(anonymous_7)
FNDA:0,(anonymous_8)
FNDA:0,(anonymous_9)
FNDA:0,(anonymous_10)
FNDA:0,(anonymous_11)
FNDA:0,(anonymous_12)
FNDA:0,(anonymous_13)
FNDA:0,(anonymous_14)
FNDA:0,(anonymous_15)
FNDA:0,(anonymous_16)
FNDA:0,(anonymous_17)
FNDA:0,(anonymous_18)
FNDA:0,(anonymous_19)
FNDA:0,(anonymous_20)
FNDA:0,(anonymous_21)
FNDA:0,(anonymous_22)
FNDA:0,(anonymous_23)
FNDA:0,(anonymous_24)
FNDA:0,(anonymous_25)
FNDA:0,(anonymous_26)
FNDA:0,(anonymous_27)
FNDA:0,(anonymous_28)
FNDA:0,(anonymous_29)
FNDA:0,(anonymous_30)
FNDA:0,(anonymous_31)
FNDA:0,(anonymous_32)
FNDA:0,(anonymous_33)
FNDA:0,(anonymous_34)
FNDA:0,(anonymous_35)
DA:6,0
DA:22,0
DA:27,0
DA:28,0
DA:29,0
DA:30,0
DA:33,0
DA:34,0
DA:35,0
DA:36,0
DA:38,0
DA:39,0
DA:40,0
DA:45,0
DA:47,0
DA:48,0
DA:53,0
DA:59,0
DA:61,0
DA:62,0
DA:83,0
DA:86,0
DA:87,0
DA:89,0
DA:94,0
DA:95,0
DA:96,0
DA:101,0
DA:102,0
DA:104,0
DA:112,0
DA:113,0
DA:115,0
DA:123,0
DA:124,0
DA:126,0
DA:134,0
DA:135,0
DA:136,0
DA:141,0
DA:142,0
DA:143,0
DA:148,0
DA:149,0
DA:150,0
DA:154,0
DA:155,0
DA:159,0
DA:160,0
DA:161,0
DA:162,0
DA:166,0
DA:167,0
DA:168,0
DA:169,0
DA:171,0
DA:175,0
DA:176,0
DA:178,0
DA:180,0
DA:181,0
DA:182,0
DA:183,0
DA:186,0
DA:197,0
DA:198,0
DA:199,0
DA:200,0
DA:204,0
DA:205,0
DA:206,0
DA:207,0
DA:209,0
DA:213,0
DA:214,0
DA:218,0
DA:219,0
DA:222,0
LF:78
LH:0
BRDA:22,0,0,0
BRDA:23,1,0,0
BRDA:24,2,0,0
BRDA:86,3,0,0
BRDA:95,4,0,0
BRDA:95,4,1,0
BRDA:95,5,0,0
BRDA:95,5,1,0
BRDA:101,6,0,0
BRDA:112,7,0,0
BRDA:123,8,0,0
BRDA:150,9,0,0
BRDA:150,9,1,0
BRDA:162,10,0,0
BRDA:162,10,1,0
BRDA:171,11,0,0
BRDA:171,11,1,0
BRDA:178,12,0,0
BRDA:178,12,1,0
BRDA:183,13,0,0
BRDA:183,13,1,0
BRDA:192,14,0,0
BRDA:192,14,1,0
BRDA:206,15,0,0
BRDA:206,15,1,0
BRDA:209,16,0,0
BRDA:209,16,1,0
BRDA:214,17,0,0
BRDA:214,17,1,0
BRDA:230,18,0,0
BRDA:230,18,1,0
BRF:31
BRH:0
end_of_record
TN:
SF:src/pages/CompanyHub.jsx
FN:8,(anonymous_0)
FN:22,(anonymous_1)
FN:114,(anonymous_2)
FN:121,(anonymous_3)
FN:140,(anonymous_4)
FN:146,(anonymous_5)
FNF:6
FNH:0
FNDA:0,(anonymous_0)
FNDA:0,(anonymous_1)
FNDA:0,(anonymous_2)
FNDA:0,(anonymous_3)
FNDA:0,(anonymous_4)
FNDA:0,(anonymous_5)
DA:8,0
DA:9,0
DA:10,0
DA:20,0
DA:22,0
DA:23,0
DA:24,0
DA:28,0
DA:29,0
DA:37,0
DA:114,0
DA:122,0
DA:140,0
DA:146,0
LF:14
LH:0
BRDA:23,0,0,0
BRDA:23,0,1,0
BRDA:28,1,0,0
BRDA:28,1,1,0
BRDA:28,2,0,0
BRDA:28,2,1,0
BRDA:46,3,0,0
BRDA:46,3,1,0
BRDA:50,4,0,0
BRDA:50,4,1,0
BRDA:58,5,0,0
BRDA:58,5,1,0
BRF:12
BRH:0
end_of_record
TN:
SF:src/pages/Dashboard.jsx
FN:11,(anonymous_0)
FN:16,(anonymous_1)
FN:54,(anonymous_2)
FN:66,(anonymous_3)
FN:73,(anonymous_4)
FNF:5
FNH:0
FNDA:0,(anonymous_0)
FNDA:0,(anonymous_1)
FNDA:0,(anonymous_2)
FNDA:0,(anonymous_3)
FNDA:0,(anonymous_4)
DA:11,0
DA:12,0
DA:13,0
DA:14,0
DA:16,0
DA:17,0
DA:18,0
DA:22,0
DA:23,0
DA:30,0
DA:37,0
DA:54,0
DA:66,0
DA:73,0
LF:14
LH:0
BRDA:17,0,0,0
BRDA:17,0,1,0
BRDA:22,1,0,0
BRDA:22,1,1,0
BRDA:39,2,0,0
BRDA:39,2,1,0
BRDA:41,3,0,0
BRDA:41,3,1,0
BRF:8
BRH:0
end_of_record
TN:
SF:src/pages/LanSync.jsx
FN:61,(anonymous_0)
FN:70,(anonymous_1)
FN:82,(anonymous_2)
FN:105,(anonymous_3)
FN:122,(anonymous_4)
FN:167,(anonymous_5)
FN:172,(anonymous_6)
FN:173,(anonymous_7)
FN:202,(anonymous_8)
FN:209,(anonymous_9)
FN:214,(anonymous_10)
FN:219,(anonymous_11)
FN:224,(anonymous_12)
FN:240,(anonymous_13)
FN:243,(anonymous_14)
FN:256,(anonymous_15)
FN:268,(anonymous_16)
FN:300,(anonymous_17)
FN:349,(anonymous_18)
FN:358,(anonymous_19)
FN:446,(anonymous_20)
FN:463,(anonymous_21)
FN:464,(anonymous_22)
FN:467,(anonymous_23)
FN:475,(anonymous_24)
FN:488,(anonymous_25)
FN:505,(anonymous_26)
FN:524,(anonymous_27)
FN:525,(anonymous_28)
FN:535,(anonymous_29)
FN:542,(anonymous_30)
FN:614,(anonymous_31)
FNF:32
FNH:0
FNDA:0,(anonymous_0)
FNDA:0,(anonymous_1)
FNDA:0,(anonymous_2)
FNDA:0,(anonymous_3)
FNDA:0,(anonymous_4)
FNDA:0,(anonymous_5)
FNDA:0,(anonymous_6)
FNDA:0,(anonymous_7)
FNDA:0,(anonymous_8)
FNDA:0,(anonymous_9)
FNDA:0,(anonymous_10)
FNDA:0,(anonymous_11)
FNDA:0,(anonymous_12)
FNDA:0,(anonymous_13)
FNDA:0,(anonymous_14)
FNDA:0,(anonymous_15)
FNDA:0,(anonymous_16)
FNDA:0,(anonymous_17)
FNDA:0,(anonymous_18)
FNDA:0,(anonymous_19)
FNDA:0,(anonymous_20)
FNDA:0,(anonymous_21)
FNDA:0,(anonymous_22)
FNDA:0,(anonymous_23)
FNDA:0,(anonymous_24)
FNDA:0,(anonymous_25)
FNDA:0,(anonymous_26)
FNDA:0,(anonymous_27)
FNDA:0,(anonymous_28)
FNDA:0,(anonymous_29)
FNDA:0,(anonymous_30)
FNDA:0,(anonymous_31)
DA:61,0
DA:70,0
DA:82,0
DA:105,0
DA:106,0
DA:107,0
DA:108,0
DA:111,0
DA:112,0
DA:113,0
DA:114,0
DA:115,0
DA:122,0
DA:167,0
DA:168,0
DA:172,0
DA:173,0
DA:194,0
DA:199,0
DA:202,0
DA:203,0
DA:204,0
DA:209,0
DA:210,0
DA:214,0
DA:215,0
DA:219,0
DA:220,0
DA:224,0
DA:225,0
DA:226,0
DA:227,0
DA:228,0
DA:230,0
DA:231,0
DA:234,0
DA:235,0
DA:240,0
DA:241,0
DA:243,0
DA:244,0
DA:245,0
DA:248,0
DA:251,0
DA:256,0
DA:257,0
DA:258,0
DA:259,0
DA:260,0
DA:263,0
DA:268,0
DA:269,0
DA:273,0
DA:274,0
DA:287,0
DA:288,0
DA:300,0
DA:310,0
DA:349,0
DA:358,0
DA:446,0
DA:463,0
DA:464,0
DA:467,0
DA:488,0
DA:524,0
DA:525,0
DA:535,0
DA:542,0
DA:614,0
LF:70
LH:0
BRDA:91,0,0,0
BRDA:91,0,1,0
BRDA:95,1,0,0
BRDA:95,1,1,0
BRDA:99,2,0,0
BRDA:99,2,1,0
BRDA:140,3,0,0
BRDA:140,3,1,0
BRDA:151,4,0,0
BRDA:151,4,1,0
BRDA:151,5,0,0
BRDA:151,5,1,0
BRDA:152,6,0,0
BRDA:152,6,1,0
BRDA:167,7,0,0
BRDA:180,8,0,0
BRDA:181,9,0,0
BRDA:199,10,0,0
BRDA:199,10,1,0
BRDA:203,11,0,0
BRDA:203,11,1,0
BRDA:204,12,0,0
BRDA:204,12,1,0
BRDA:226,13,0,0
BRDA:226,13,1,0
BRDA:235,14,0,0
BRDA:235,14,1,0
BRDA:244,15,0,0
BRDA:244,15,1,0
BRDA:259,16,0,0
BRDA:259,16,1,0
BRDA:259,17,0,0
BRDA:259,17,1,0
BRDA:273,18,0,0
BRDA:273,18,1,0
BRDA:287,19,0,0
BRDA:287,19,1,0
BRDA:295,20,0,0
BRDA:295,20,1,0
BRDA:317,21,0,0
BRDA:317,21,1,0
BRDA:318,22,0,0
BRDA:318,22,1,0
BRDA:327,23,0,0
BRDA:327,23,1,0
BRDA:342,24,0,0
BRDA:342,24,1,0
BRDA:374,25,0,0
BRDA:374,25,1,0
BRDA:376,26,0,0
BRDA:376,26,1,0
BRDA:393,27,0,0
BRDA:393,27,1,0
BRDA:406,28,0,0
BRDA:406,28,1,0
BRDA:424,29,0,0
BRDA:424,29,1,0
BRDA:428,30,0,0
BRDA:428,30,1,0
BRDA:436,31,0,0
BRDA:436,31,1,0
BRDA:467,32,0,0
BRDA:467,32,1,0
BRDA:621,33,0,0
BRDA:621,33,1,0
BRDA:621,33,2,0
BRDA:642,34,0,0
BRDA:642,34,1,0
BRF:68
BRH:0
end_of_record
TN:
SF:src/pages/LanSyncSettings.jsx
FN:55,(anonymous_0)
FN:89,(anonymous_1)
FN:90,(anonymous_2)
FN:94,(anonymous_3)
FN:135,(anonymous_4)
FN:135,(anonymous_5)
FN:137,(anonymous_6)
FN:140,(anonymous_7)
FN:140,(anonymous_8)
FN:141,(anonymous_9)
FN:144,(anonymous_10)
FN:145,(anonymous_11)
FN:148,(anonymous_12)
FN:154,(anonymous_13)
FN:161,(anonymous_14)
FN:165,(anonymous_15)
FN:184,(anonymous_16)
FN:197,(anonymous_17)
FN:199,(anonymous_18)
FN:203,(anonymous_19)
FN:237,(anonymous_20)
FN:243,(anonymous_21)
FN:245,(anonymous_22)
FN:266,(anonymous_23)
FN:277,(anonymous_24)
FN:282,(anonymous_25)
FN:294,(anonymous_26)
FN:295,(anonymous_27)
FN:298,(anonymous_28)
FN:313,(anonymous_29)
FN:495,(anonymous_30)
FN:510,(anonymous_31)
FN:517,(anonymous_32)
FN:552,(anonymous_33)
FN:561,(anonymous_34)
FNF:35
FNH:0
FNDA:0,(anonymous_0)
FNDA:0,(anonymous_1)
FNDA:0,(anonymous_2)
FNDA:0,(anonymous_3)
FNDA:0,(anonymous_4)
FNDA:0,(anonymous_5)
FNDA:0,(anonymous_6)
FNDA:0,(anonymous_7)
FNDA:0,(anonymous_8)
FNDA:0,(anonymous_9)
FNDA:0,(anonymous_10)
FNDA:0,(anonymous_11)
FNDA:0,(anonymous_12)
FNDA:0,(anonymous_13)
FNDA:0,(anonymous_14)
FNDA:0,(anonymous_15)
FNDA:0,(anonymous_16)
FNDA:0,(anonymous_17)
FNDA:0,(anonymous_18)
FNDA:0,(anonymous_19)
FNDA:0,(anonymous_20)
FNDA:0,(anonymous_21)
FNDA:0,(anonymous_22)
FNDA:0,(anonymous_23)
FNDA:0,(anonymous_24)
FNDA:0,(anonymous_25)
FNDA:0,(anonymous_26)
FNDA:0,(anonymous_27)
FNDA:0,(anonymous_28)
FNDA:0,(anonymous_29)
FNDA:0,(anonymous_30)
FNDA:0,(anonymous_31)
FNDA:0,(anonymous_32)
FNDA:0,(anonymous_33)
FNDA:0,(anonymous_34)
DA:55,0
DA:56,0
DA:70,0
DA:71,0
DA:72,0
DA:73,0
DA:74,0
DA:75,0
DA:76,0
DA:82,0
DA:89,0
DA:90,0
DA:91,0
DA:92,0
DA:94,0
DA:95,0
DA:109,0
DA:119,0
DA:122,0
DA:123,0
DA:128,0
DA:132,0
DA:135,0
DA:136,0
DA:137,0
DA:140,0
DA:141,0
DA:144,0
DA:145,0
DA:148,0
DA:149,0
DA:151,0
DA:154,0
DA:161,0
DA:162,0
DA:163,0
DA:165,0
DA:167,0
DA:173,0
DA:174,0
DA:180,0
DA:184,0
DA:185,0
DA:186,0
DA:191,0
DA:194,0
DA:195,0
DA:197,0
DA:199,0
DA:202,0
DA:203,0
DA:204,0
DA:207,0
DA:214,0
DA:217,0
DA:218,0
DA:220,0
DA:226,0
DA:227,0
DA:233,0
DA:237,0
DA:238,0
DA:240,0
DA:241,0
DA:243,0
DA:245,0
DA:246,0
DA:247,0
DA:249,0
DA:255,0
DA:256,0
DA:262,0
DA:266,0
DA:267,0
DA:274,0
DA:277,0
DA:278,0
DA:279,0
DA:282,0
DA:283,0
DA:284,0
DA:285,0
DA:286,0
DA:294,0
DA:295,0
DA:298,0
DA:299,0
DA:300,0
DA:301,0
DA:302,0
DA:303,0
DA:304,0
DA:305,0
DA:307,0
DA:308,0
DA:309,0
DA:310,0
DA:313,0
DA:314,0
DA:315,0
DA:316,0
DA:317,0
DA:318,0
DA:319,0
DA:323,0
DA:495,0
DA:510,0
DA:518,0
DA:552,0
DA:561,0
LF:110
LH:0
BRDA:136,0,0,0
BRDA:136,0,1,0
BRDA:185,1,0,0
BRDA:185,1,1,0
BRDA:185,2,0,0
BRDA:185,2,1,0
BRDA:202,3,0,0
BRDA:202,3,1,0
BRDA:204,4,0,0
BRDA:204,4,1,0
BRDA:222,5,0,0
BRDA:222,5,1,0
BRDA:238,6,0,0
BRDA:238,6,1,0
BRDA:271,7,0,0
BRDA:271,7,1,0
BRDA:299,8,0,0
BRDA:299,8,1,0
BRDA:307,9,0,0
BRDA:307,9,1,0
BRDA:308,10,0,0
BRDA:308,10,1,0
BRDA:309,11,0,0
BRDA:309,11,1,0
BRDA:314,12,0,0
BRDA:314,12,1,0
BRDA:314,12,2,0
BRDA:314,12,3,0
BRDA:314,12,4,0
BRDA:335,13,0,0
BRDA:335,13,1,0
BRDA:343,14,0,0
BRDA:343,14,1,0
BRDA:489,15,0,0
BRDA:489,15,1,0
BRDA:502,16,0,0
BRDA:502,16,1,0
BRDA:543,17,0,0
BRDA:543,17,1,0
BRDA:585,18,0,0
BRDA:585,18,1,0
BRDA:619,19,0,0
BRDA:619,19,1,0
BRDA:631,20,0,0
BRDA:631,20,1,0
BRDA:650,21,0,0
BRDA:650,21,1,0
BRDA:650,21,2,0
BRDA:650,21,3,0
BRDA:651,22,0,0
BRDA:651,22,1,0
BRDA:653,23,0,0
BRDA:653,23,1,0
BRDA:680,24,0,0
BRDA:680,24,1,0
BRDA:682,25,0,0
BRDA:682,25,1,0
BRF:57
BRH:0
end_of_record
TN:
SF:src/pages/LicensingSync.jsx
FN:7,(anonymous_0)
FN:51,(anonymous_1)
FN:58,(anonymous_2)
FN:75,(anonymous_3)
FN:77,(anonymous_4)
FN:83,(anonymous_5)
FN:89,(anonymous_6)
FN:106,(anonymous_7)
FN:111,(anonymous_8)
FN:127,(anonymous_9)
FN:129,(anonymous_10)
FN:135,(anonymous_11)
FN:143,(anonymous_12)
FN:153,(anonymous_13)
FN:161,(anonymous_14)
FN:174,(anonymous_15)
FN:177,(anonymous_16)
FN:187,(anonymous_17)
FN:195,(anonymous_18)
FN:201,(anonymous_19)
FN:213,(anonymous_20)
FN:221,(anonymous_21)
FN:237,(anonymous_22)
FN:246,(anonymous_23)
FN:299,(anonymous_24)
FN:334,(anonymous_25)
FN:459,(anonymous_26)
FN:475,(anonymous_27)
FN:516,(anonymous_28)
FN:522,(anonymous_29)
FNF:30
FNH:0
FNDA:0,(anonymous_0)
FNDA:0,(anonymous_1)
FNDA:0,(anonymous_2)
FNDA:0,(anonymous_3)
FNDA:0,(anonymous_4)
FNDA:0,(anonymous_5)
FNDA:0,(anonymous_6)
FNDA:0,(anonymous_7)
FNDA:0,(anonymous_8)
FNDA:0,(anonymous_9)
FNDA:0,(anonymous_10)
FNDA:0,(anonymous_11)
FNDA:0,(anonymous_12)
FNDA:0,(anonymous_13)
FNDA:0,(anonymous_14)
FNDA:0,(anonymous_15)
FNDA:0,(anonymous_16)
FNDA:0,(anonymous_17)
FNDA:0,(anonymous_18)
FNDA:0,(anonymous_19)
FNDA:0,(anonymous_20)
FNDA:0,(anonymous_21)
FNDA:0,(anonymous_22)
FNDA:0,(anonymous_23)
FNDA:0,(anonymous_24)
FNDA:0,(anonymous_25)
FNDA:0,(anonymous_26)
FNDA:0,(anonymous_27)
FNDA:0,(anonymous_28)
FNDA:0,(anonymous_29)
DA:7,0
DA:8,0
DA:24,0
DA:36,0
DA:37,0
DA:43,0
DA:44,0
DA:45,0
DA:46,0
DA:48,0
DA:49,0
DA:51,0
DA:52,0
DA:53,0
DA:54,0
DA:58,0
DA:59,0
DA:67,0
DA:68,0
DA:72,0
DA:75,0
DA:76,0
DA:77,0
DA:83,0
DA:86,0
DA:87,0
DA:89,0
DA:105,0
DA:106,0
DA:109,0
DA:110,0
DA:111,0
DA:127,0
DA:128,0
DA:129,0
DA:135,0
DA:136,0
DA:138,0
DA:143,0
DA:152,0
DA:153,0
DA:156,0
DA:157,0
DA:161,0
DA:162,0
DA:164,0
DA:165,0
DA:166,0
DA:169,0
DA:174,0
DA:177,0
DA:184,0
DA:185,0
DA:186,0
DA:187,0
DA:190,0
DA:191,0
DA:195,0
DA:196,0
DA:197,0
DA:198,0
DA:201,0
DA:202,0
DA:209,0
DA:210,0
DA:213,0
DA:214,0
DA:221,0
DA:237,0
DA:247,0
DA:248,0
DA:249,0
DA:300,0
DA:334,0
DA:335,0
DA:460,0
DA:475,0
DA:502,0
DA:516,0
DA:522,0
LF:80
LH:0
BRDA:52,0,0,0
BRDA:52,0,1,0
BRDA:119,1,0,0
BRDA:119,1,1,0
BRDA:131,2,0,0
BRDA:131,2,1,0
BRDA:164,3,0,0
BRDA:164,3,1,0
BRDA:196,4,0,0
BRDA:196,4,1,0
BRDA:209,5,0,0
BRDA:209,5,1,0
BRDA:218,6,0,0
BRDA:218,6,1,0
BRDA:229,7,0,0
BRDA:229,7,1,0
BRDA:283,8,0,0
BRDA:283,8,1,0
BRDA:340,9,0,0
BRDA:340,9,1,0
BRDA:344,10,0,0
BRDA:344,10,1,0
BRDA:378,11,0,0
BRDA:378,11,1,0
BRDA:412,12,0,0
BRDA:412,12,1,0
BRDA:420,13,0,0
BRDA:420,13,1,0
BRDA:422,14,0,0
BRDA:422,14,1,0
BRDA:463,15,0,0
BRDA:463,15,1,0
BRDA:468,16,0,0
BRDA:468,16,1,0
BRDA:470,17,0,0
BRDA:470,17,1,0
BRDA:486,18,0,0
BRDA:486,18,1,0
BRDA:509,19,0,0
BRDA:509,19,1,0
BRDA:510,20,0,0
BRDA:510,20,1,0
BRDA:515,21,0,0
BRDA:515,21,1,0
BRDA:521,22,0,0
BRDA:521,22,1,0
BRDA:529,23,0,0
BRDA:529,23,1,0
BRF:48
BRH:0
end_of_record
TN:
SF:src/pages/Login.jsx
FN:6,(anonymous_0)
FN:16,(anonymous_1)
FN:18,(anonymous_2)
FN:24,(anonymous_3)
FNF:4
FNH:0
FNDA:0,(anonymous_0)
FNDA:0,(anonymous_1)
FNDA:0,(anonymous_2)
FNDA:0,(anonymous_3)
DA:6,0
DA:7,0
DA:11,0
DA:12,0
DA:13,0
DA:14,0
DA:16,0
DA:17,0
DA:18,0
DA:24,0
DA:25,0
DA:26,0
DA:27,0
DA:28,0
DA:30,0
DA:31,0
DA:32,0
DA:33,0
DA:35,0
DA:36,0
DA:37,0
DA:39,0
DA:40,0
DA:43,0
DA:44,0
DA:45,0
DA:47,0
DA:48,0
DA:52,0
LF:29
LH:0
BRDA:35,0,0,0
BRDA:35,0,1,0
BRDA:40,1,0,0
BRDA:40,1,1,0
BRDA:60,2,0,0
BRDA:60,2,1,0
BRDA:99,3,0,0
BRDA:99,3,1,0
BRF:8
BRH:0
end_of_record
TN:
SF:src/pages/MemoryManagement.jsx
FN:6,TabPanel
FN:26,a11yProps
FN:33,(anonymous_2)
FN:36,(anonymous_3)
FNF:4
FNH:0
FNDA:0,TabPanel
FNDA:0,a11yProps
FNDA:0,(anonymous_2)
FNDA:0,(anonymous_3)
DA:7,0
DA:9,0
DA:27,0
DA:33,0
DA:34,0
DA:36,0
DA:37,0
DA:40,0
LF:8
LH:0
BRDA:17,0,0,0
BRDA:17,0,1,0
BRF:2
BRH:0
end_of_record
TN:
SF:src/pages/Register.jsx
FN:6,(anonymous_0)
FN:20,(anonymous_1)
FN:22,(anonymous_2)
FN:28,(anonymous_3)
FN:52,(anonymous_4)
FNF:5
FNH:0
FNDA:0,(anonymous_0)
FNDA:0,(anonymous_1)
FNDA:0,(anonymous_2)
FNDA:0,(anonymous_3)
FNDA:0,(anonymous_4)
DA:6,0
DA:7,0
DA:14,0
DA:15,0
DA:16,0
DA:17,0
DA:18,0
DA:20,0
DA:21,0
DA:22,0
DA:28,0
DA:29,0
DA:30,0
DA:31,0
DA:34,0
DA:35,0
DA:36,0
DA:37,0
DA:40,0
DA:42,0
DA:43,0
DA:50,0
DA:51,0
DA:52,0
DA:53,0
DA:56,0
DA:59,0
DA:60,0
DA:62,0
DA:66,0
DA:67,0
DA:79,0
LF:32
LH:0
BRDA:34,0,0,0
BRDA:34,0,1,0
BRDA:50,1,0,0
BRDA:50,1,1,0
BRDA:56,2,0,0
BRDA:56,2,1,0
BRDA:66,3,0,0
BRDA:66,3,1,0
BRDA:87,4,0,0
BRDA:87,4,1,0
BRDA:164,5,0,0
BRDA:164,5,1,0
BRF:12
BRH:0
end_of_record
TN:
SF:src/pages/SuperadminDashboard.jsx
FN:9,(anonymous_0)
FN:14,(anonymous_1)
FN:40,(anonymous_2)
FN:57,(anonymous_3)
FNF:4
FNH:0
FNDA:0,(anonymous_0)
FNDA:0,(anonymous_1)
FNDA:0,(anonymous_2)
FNDA:0,(anonymous_3)
DA:9,0
DA:10,0
DA:11,0
DA:12,0
DA:14,0
DA:15,0
DA:16,0
DA:20,0
DA:21,0
DA:29,0
DA:35,0
DA:40,0
DA:58,0
LF:13
LH:0
BRDA:15,0,0,0
BRDA:15,0,1,0
BRDA:20,1,0,0
BRDA:20,1,1,0
BRDA:49,2,0,0
BRDA:49,2,1,0
BRF:6
BRH:0
end_of_record
TN:
SF:src/services/api.js
FN:16,(anonymous_0)
FN:17,(anonymous_1)
FN:29,(anonymous_2)
FN:36,(anonymous_3)
FN:43,(anonymous_4)
FN:44,(anonymous_5)
FN:58,(anonymous_6)
FN:61,(anonymous_7)
FN:65,(anonymous_8)
FN:110,(anonymous_9)
FNF:10
FNH:0
FNDA:0,(anonymous_0)
FNDA:0,(anonymous_1)
FNDA:0,(anonymous_2)
FNDA:0,(anonymous_3)
FNDA:0,(anonymous_4)
FNDA:0,(anonymous_5)
FNDA:0,(anonymous_6)
FNDA:0,(anonymous_7)
FNDA:0,(anonymous_8)
FNDA:0,(anonymous_9)
DA:4,0
DA:13,0
DA:14,0
DA:16,0
DA:17,0
DA:18,0
DA:19,0
DA:21,0
DA:24,0
DA:28,0
DA:30,0
DA:31,0
DA:32,0
DA:34,0
DA:37,0
DA:42,0
DA:43,0
DA:45,0
DA:48,0
DA:50,0
DA:51,0
DA:53,0
DA:57,0
DA:58,0
DA:59,0
DA:62,0
DA:63,0
DA:66,0
DA:71,0
DA:72,0
DA:74,0
DA:76,0
DA:80,0
DA:83,0
DA:84,0
DA:85,0
DA:89,0
DA:90,0
DA:93,0
DA:94,0
DA:97,0
DA:100,0
DA:101,0
DA:102,0
DA:104,0
DA:110,0
DA:111,0
DA:113,0
DA:115,0
DA:118,0
DA:119,0
DA:122,0
DA:125,0
DA:126,0
DA:132,0
LF:55
LH:0
BRDA:16,0,0,0
BRDA:18,1,0,0
BRDA:18,1,1,0
BRDA:31,2,0,0
BRDA:31,2,1,0
BRDA:48,3,0,0
BRDA:48,3,1,0
BRDA:48,4,0,0
BRDA:48,4,1,0
BRDA:48,4,2,0
BRDA:50,5,0,0
BRDA:50,5,1,0
BRDA:50,6,0,0
BRDA:50,6,1,0
BRDA:53,7,0,0
BRDA:53,7,1,0
BRDA:57,8,0,0
BRDA:57,8,1,0
BRDA:84,9,0,0
BRDA:84,9,1,0
BRDA:125,10,0,0
BRDA:125,10,1,0
BRF:22
BRH:0
end_of_record
TN:
SF:src/services/auth.js
FN:9,(anonymous_0)
FN:37,(anonymous_1)
FN:63,(anonymous_2)
FN:105,(anonymous_3)
FN:109,(anonymous_4)
FN:120,(anonymous_5)
FN:131,(anonymous_6)
FN:144,(anonymous_7)
FN:154,(anonymous_8)
FN:169,(anonymous_9)
FN:189,(anonymous_10)
FN:194,(anonymous_11)
FN:200,(anonymous_12)
FN:204,(anonymous_13)
FN:208,(anonymous_14)
FN:227,(anonymous_15)
FN:236,(anonymous_16)
FN:250,(anonymous_17)
FN:256,(anonymous_18)
FNF:19
FNH:0
FNDA:0,(anonymous_0)
FNDA:0,(anonymous_1)
FNDA:0,(anonymous_2)
FNDA:0,(anonymous_3)
FNDA:0,(anonymous_4)
FNDA:0,(anonymous_5)
FNDA:0,(anonymous_6)
FNDA:0,(anonymous_7)
FNDA:0,(anonymous_8)
FNDA:0,(anonymous_9)
FNDA:0,(anonymous_10)
FNDA:0,(anonymous_11)
FNDA:0,(anonymous_12)
FNDA:0,(anonymous_13)
FNDA:0,(anonymous_14)
FNDA:0,(anonymous_15)
FNDA:0,(anonymous_16)
FNDA:0,(anonymous_17)
FNDA:0,(anonymous_18)
DA:3,0
DA:4,0
DA:5,0
DA:7,0
DA:10,0
DA:12,0
DA:13,0
DA:14,0
DA:16,0
DA:23,0
DA:29,0
DA:31,0
DA:32,0
DA:38,0
DA:40,0
DA:47,0
DA:50,0
DA:55,0
DA:57,0
DA:58,0
DA:64,0
DA:65,0
DA:66,0
DA:69,0
DA:70,0
DA:71,0
DA:72,0
DA:73,0
DA:80,0
DA:81,0
DA:88,0
DA:92,0
DA:93,0
DA:96,0
DA:98,0
DA:99,0
DA:100,0
DA:106,0
DA:107,0
DA:108,0
DA:109,0
DA:110,0
DA:112,0
DA:114,0
DA:115,0
DA:121,0
DA:122,0
DA:123,0
DA:124,0
DA:126,0
DA:132,0
DA:133,0
DA:137,0
DA:139,0
DA:145,0
DA:146,0
DA:147,0
DA:149,0
DA:155,0
DA:156,0
DA:162,0
DA:164,0
DA:170,0
DA:172,0
DA:173,0
DA:174,0
DA:175,0
DA:177,0
DA:182,0
DA:184,0
DA:190,0
DA:195,0
DA:196,0
DA:201,0
DA:205,0
DA:209,0
DA:210,0
DA:213,0
DA:214,0
DA:218,0
DA:219,0
DA:223,0
DA:228,0
DA:229,0
DA:230,0
DA:231,0
DA:232,0
DA:237,0
DA:238,0
DA:239,0
DA:240,0
DA:241,0
DA:242,0
DA:244,0
DA:245,0
DA:251,0
DA:252,0
DA:257,0
DA:258,0
DA:259,0
DA:262,0
DA:263,0
DA:267,0
DA:272,0
DA:274,0
DA:275,0
LF:106
LH:0
BRDA:44,0,0,0
BRDA:44,0,1,0
BRDA:57,1,0,0
BRDA:57,1,1,0
BRDA:66,2,0,0
BRDA:66,2,1,0
BRDA:70,3,0,0
BRDA:70,3,1,0
BRDA:72,4,0,0
BRDA:72,4,1,0
BRDA:81,5,0,0
BRDA:81,5,1,0
BRDA:81,6,0,0
BRDA:81,6,1,0
BRDA:173,7,0,0
BRDA:173,7,1,0
BRDA:196,8,0,0
BRDA:196,8,1,0
BRDA:209,9,0,0
BRDA:209,9,1,0
BRDA:213,10,0,0
BRDA:213,10,1,0
BRDA:218,11,0,0
BRDA:218,11,1,0
BRDA:236,12,0,0
BRDA:237,13,0,0
BRDA:237,13,1,0
BRDA:258,14,0,0
BRDA:258,14,1,0
BRF:29
BRH:0
end_of_record
TN:
SF:src/services/company.js
FN:5,(anonymous_0)
FN:11,(anonymous_1)
FN:17,(anonymous_2)
FN:23,(anonymous_3)
FN:29,(anonymous_4)
FN:35,(anonymous_5)
FN:41,(anonymous_6)
FN:47,(anonymous_7)
FN:53,(anonymous_8)
FN:59,(anonymous_9)
FN:65,(anonymous_10)
FN:71,(anonymous_11)
FN:77,(anonymous_12)
FN:83,(anonymous_13)
FN:89,(anonymous_14)
FN:95,(anonymous_15)
FN:101,(anonymous_16)
FN:107,(anonymous_17)
FN:121,(anonymous_18)
FN:127,(anonymous_19)
FN:133,(anonymous_20)
FNF:21
FNH:0
FNDA:0,(anonymous_0)
FNDA:0,(anonymous_1)
FNDA:0,(anonymous_2)
FNDA:0,(anonymous_3)
FNDA:0,(anonymous_4)
FNDA:0,(anonymous_5)
FNDA:0,(anonymous_6)
FNDA:0,(anonymous_7)
FNDA:0,(anonymous_8)
FNDA:0,(anonymous_9)
FNDA:0,(anonymous_10)
FNDA:0,(anonymous_11)
FNDA:0,(anonymous_12)
FNDA:0,(anonymous_13)
FNDA:0,(anonymous_14)
FNDA:0,(anonymous_15)
FNDA:0,(anonymous_16)
FNDA:0,(anonymous_17)
FNDA:0,(anonymous_18)
FNDA:0,(anonymous_19)
FNDA:0,(anonymous_20)
DA:3,0
DA:6,0
DA:7,0
DA:12,0
DA:13,0
DA:18,0
DA:19,0
DA:24,0
DA:25,0
DA:30,0
DA:31,0
DA:36,0
DA:37,0
DA:42,0
DA:43,0
DA:48,0
DA:49,0
DA:54,0
DA:55,0
DA:60,0
DA:61,0
DA:66,0
DA:67,0
DA:72,0
DA:73,0
DA:78,0
DA:79,0
DA:84,0
DA:85,0
DA:90,0
DA:91,0
DA:96,0
DA:97,0
DA:102,0
DA:103,0
DA:108,0
DA:109,0
DA:111,0
DA:117,0
DA:122,0
DA:123,0
DA:128,0
DA:129,0
DA:134,0
DA:135,0
LF:45
LH:0
BRDA:41,0,0,0
BRDA:65,1,0,0
BRDA:83,2,0,0
BRDA:95,3,0,0
BRDA:133,4,0,0
BRF:5
BRH:0
end_of_record
TN:
SF:src/services/document.js
FN:5,(anonymous_0)
FN:11,(anonymous_1)
FN:17,(anonymous_2)
FN:48,(anonymous_3)
FN:54,(anonymous_4)
FN:60,(anonymous_5)
FN:68,(anonymous_6)
FN:74,(anonymous_7)
FN:80,(anonymous_8)
FN:86,(anonymous_9)
FN:92,(anonymous_10)
FN:98,(anonymous_11)
FN:104,(anonymous_12)
FN:110,(anonymous_13)
FN:116,(anonymous_14)
FN:122,(anonymous_15)
FN:128,(anonymous_16)
FN:134,(anonymous_17)
FN:140,(anonymous_18)
FN:148,(anonymous_19)
FN:154,(anonymous_20)
FN:159,(anonymous_21)
FN:164,(anonymous_22)
FN:170,(anonymous_23)
FN:176,(anonymous_24)
FN:182,(anonymous_25)
FN:188,(anonymous_26)
FN:194,(anonymous_27)
FNF:28
FNH:0
FNDA:0,(anonymous_0)
FNDA:0,(anonymous_1)
FNDA:0,(anonymous_2)
FNDA:0,(anonymous_3)
FNDA:0,(anonymous_4)
FNDA:0,(anonymous_5)
FNDA:0,(anonymous_6)
FNDA:0,(anonymous_7)
FNDA:0,(anonymous_8)
FNDA:0,(anonymous_9)
FNDA:0,(anonymous_10)
FNDA:0,(anonymous_11)
FNDA:0,(anonymous_12)
FNDA:0,(anonymous_13)
FNDA:0,(anonymous_14)
FNDA:0,(anonymous_15)
FNDA:0,(anonymous_16)
FNDA:0,(anonymous_17)
FNDA:0,(anonymous_18)
FNDA:0,(anonymous_19)
FNDA:0,(anonymous_20)
FNDA:0,(anonymous_21)
FNDA:0,(anonymous_22)
FNDA:0,(anonymous_23)
FNDA:0,(anonymous_24)
FNDA:0,(anonymous_25)
FNDA:0,(anonymous_26)
FNDA:0,(anonymous_27)
DA:3,0
DA:6,0
DA:7,0
DA:12,0
DA:13,0
DA:18,0
DA:21,0
DA:22,0
DA:23,0
DA:24,0
DA:26,0
DA:27,0
DA:30,0
DA:31,0
DA:34,0
DA:35,0
DA:38,0
DA:44,0
DA:49,0
DA:50,0
DA:55,0
DA:56,0
DA:61,0
DA:64,0
DA:69,0
DA:70,0
DA:75,0
DA:76,0
DA:81,0
DA:82,0
DA:87,0
DA:88,0
DA:93,0
DA:94,0
DA:99,0
DA:100,0
DA:105,0
DA:106,0
DA:111,0
DA:112,0
DA:117,0
DA:118,0
DA:123,0
DA:124,0
DA:129,0
DA:130,0
DA:135,0
DA:136,0
DA:141,0
DA:144,0
DA:149,0
DA:150,0
DA:155,0
DA:160,0
DA:165,0
DA:166,0
DA:171,0
DA:172,0
DA:177,0
DA:178,0
DA:183,0
DA:184,0
DA:189,0
DA:190,0
DA:195,0
DA:196,0
LF:66
LH:0
BRDA:5,0,0,0
BRDA:23,1,0,0
BRDA:23,1,1,0
BRDA:24,2,0,0
BRDA:24,2,1,0
BRDA:26,3,0,0
BRDA:26,3,1,0
BRDA:30,4,0,0
BRDA:30,4,1,0
BRDA:34,5,0,0
BRDA:34,5,1,0
BRDA:140,6,0,0
BRDA:148,7,0,0
BRDA:154,8,0,0
BRF:14
BRH:0
end_of_record
TN:
SF:src/services/lanSync.js
FN:26,(anonymous_0)
FN:44,(anonymous_1)
FN:67,(anonymous_2)
FN:95,(anonymous_3)
FN:115,(anonymous_4)
FN:148,(anonymous_5)
FN:168,(anonymous_6)
FN:209,(anonymous_7)
FN:236,(anonymous_8)
FN:245,(anonymous_9)
FN:247,(anonymous_10)
FN:254,(anonymous_11)
FN:255,(anonymous_12)
FN:266,(anonymous_13)
FN:272,(anonymous_14)
FN:275,(anonymous_15)
FN:278,(anonymous_16)
FN:284,(anonymous_17)
FN:294,(anonymous_18)
FN:311,(anonymous_19)
FN:341,(anonymous_20)
FN:361,(anonymous_21)
FN:368,(anonymous_22)
FN:374,(anonymous_23)
FN:378,(anonymous_24)
FNF:25
FNH:0
FNDA:0,(anonymous_0)
FNDA:0,(anonymous_1)
FNDA:0,(anonymous_2)
FNDA:0,(anonymous_3)
FNDA:0,(anonymous_4)
FNDA:0,(anonymous_5)
FNDA:0,(anonymous_6)
FNDA:0,(anonymous_7)
FNDA:0,(anonymous_8)
FNDA:0,(anonymous_9)
FNDA:0,(anonymous_10)
FNDA:0,(anonymous_11)
FNDA:0,(anonymous_12)
FNDA:0,(anonymous_13)
FNDA:0,(anonymous_14)
FNDA:0,(anonymous_15)
FNDA:0,(anonymous_16)
FNDA:0,(anonymous_17)
FNDA:0,(anonymous_18)
FNDA:0,(anonymous_19)
FNDA:0,(anonymous_20)
FNDA:0,(anonymous_21)
FNDA:0,(anonymous_22)
FNDA:0,(anonymous_23)
FNDA:0,(anonymous_24)
DA:13,0
DA:27,0
DA:28,0
DA:29,0
DA:30,0
DA:31,0
DA:32,0
DA:45,0
DA:46,0
DA:47,0
DA:51,0
DA:53,0
DA:55,0
DA:56,0
DA:57,0
DA:59,0
DA:60,0
DA:68,0
DA:69,0
DA:72,0
DA:73,0
DA:74,0
DA:77,0
DA:78,0
DA:83,0
DA:84,0
DA:85,0
DA:87,0
DA:88,0
DA:96,0
DA:97,0
DA:100,0
DA:101,0
DA:102,0
DA:103,0
DA:105,0
DA:106,0
DA:116,0
DA:117,0
DA:118,0
DA:121,0
DA:122,0
DA:123,0
DA:126,0
DA:132,0
DA:137,0
DA:139,0
DA:140,0
DA:149,0
DA:150,0
DA:153,0
DA:154,0
DA:155,0
DA:156,0
DA:158,0
DA:159,0
DA:169,0
DA:170,0
DA:173,0
DA:175,0
DA:176,0
DA:181,0
DA:190,0
DA:191,0
DA:193,0
DA:195,0
DA:196,0
DA:201,0
DA:210,0
DA:211,0
DA:214,0
DA:215,0
DA:216,0
DA:217,0
DA:218,0
DA:220,0
DA:225,0
DA:227,0
DA:228,0
DA:238,0
DA:246,0
DA:247,0
DA:255,0
DA:256,0
DA:257,0
DA:263,0
DA:265,0
DA:268,0
DA:271,0
DA:272,0
DA:276,0
DA:279,0
DA:284,0
DA:285,0
DA:286,0
DA:287,0
DA:289,0
DA:294,0
DA:295,0
DA:296,0
DA:300,0
DA:301,0
DA:312,0
DA:314,0
DA:316,0
DA:317,0
DA:320,0
DA:321,0
DA:324,0
DA:325,0
DA:328,0
DA:329,0
DA:332,0
DA:342,0
DA:343,0
DA:345,0
DA:346,0
DA:347,0
DA:349,0
DA:350,0
DA:351,0
DA:353,0
DA:362,0
DA:363,0
DA:366,0
DA:368,0
DA:372,0
DA:375,0
DA:376,0
DA:378,0
DA:382,0
DA:383,0
DA:386,0
DA:387,0
DA:389,0
DA:390,0
DA:396,0
LF:137
LH:0
BRDA:44,0,0,0
BRDA:45,1,0,0
BRDA:45,1,1,0
BRDA:68,2,0,0
BRDA:68,2,1,0
BRDA:72,3,0,0
BRDA:72,3,1,0
BRDA:96,4,0,0
BRDA:96,4,1,0
BRDA:115,5,0,0
BRDA:116,6,0,0
BRDA:116,6,1,0
BRDA:149,7,0,0
BRDA:149,7,1,0
BRDA:168,8,0,0
BRDA:169,9,0,0
BRDA:169,9,1,0
BRDA:210,10,0,0
BRDA:210,10,1,0
BRDA:271,11,0,0
BRDA:271,11,1,0
BRDA:286,12,0,0
BRDA:286,12,1,0
BRDA:314,13,0,0
BRDA:314,13,1,0
BRDA:314,13,2,0
BRDA:314,13,3,0
BRDA:314,13,4,0
BRDA:345,14,0,0
BRDA:345,14,1,0
BRDA:347,15,0,0
BRDA:347,15,1,0
BRDA:349,16,0,0
BRDA:349,16,1,0
BRDA:349,17,0,0
BRDA:349,17,1,0
BRDA:382,18,0,0
BRDA:382,18,1,0
BRF:38
BRH:0
end_of_record
TN:
SF:src/services/memoryService.js
FN:6,(anonymous_0)
FN:15,(anonymous_1)
FN:25,(anonymous_2)
FN:36,(anonymous_3)
FN:47,(anonymous_4)
FN:62,(anonymous_5)
FN:86,(anonymous_6)
FN:105,(anonymous_7)
FNF:8
FNH:0
FNDA:0,(anonymous_0)
FNDA:0,(anonymous_1)
FNDA:0,(anonymous_2)
FNDA:0,(anonymous_3)
FNDA:0,(anonymous_4)
FNDA:0,(anonymous_5)
FNDA:0,(anonymous_6)
FNDA:0,(anonymous_7)
DA:3,0
DA:7,0
DA:15,0
DA:16,0
DA:17,0
DA:18,0
DA:20,0
DA:26,0
DA:27,0
DA:28,0
DA:30,0
DA:31,0
DA:37,0
DA:38,0
DA:39,0
DA:41,0
DA:42,0
DA:48,0
DA:49,0
DA:54,0
DA:56,0
DA:57,0
DA:63,0
DA:64,0
DA:69,0
DA:70,0
DA:71,0
DA:72,0
DA:73,0
DA:74,0
DA:75,0
DA:76,0
DA:78,0
DA:80,0
DA:81,0
DA:87,0
DA:88,0
DA:89,0
DA:91,0
DA:97,0
DA:99,0
DA:100,0
DA:106,0
DA:107,0
DA:108,0
DA:110,0
DA:111,0
LF:47
LH:0
BRDA:17,0,0,0
BRDA:17,0,1,0
BRDA:47,1,0,0
BRF:3
BRH:0
end_of_record
TN:
SF:src/services/notification.js
FN:18,(anonymous_0)
FN:30,(anonymous_1)
FN:39,(anonymous_2)
FN:53,(anonymous_3)
FN:61,(anonymous_4)
FN:67,(anonymous_5)
FN:80,(anonymous_6)
FN:92,(anonymous_7)
FN:97,(anonymous_8)
FN:107,(anonymous_9)
FN:116,(anonymous_10)
FN:126,(anonymous_11)
FN:135,(anonymous_12)
FN:145,(anonymous_13)
FN:154,(anonymous_14)
FN:163,(anonymous_15)
FN:173,(anonymous_16)
FN:183,(anonymous_17)
FN:192,(anonymous_18)
FN:203,(anonymous_19)
FN:217,(anonymous_20)
FN:225,(anonymous_21)
FNF:22
FNH:0
FNDA:0,(anonymous_0)
FNDA:0,(anonymous_1)
FNDA:0,(anonymous_2)
FNDA:0,(anonymous_3)
FNDA:0,(anonymous_4)
FNDA:0,(anonymous_5)
FNDA:0,(anonymous_6)
FNDA:0,(anonymous_7)
FNDA:0,(anonymous_8)
FNDA:0,(anonymous_9)
FNDA:0,(anonymous_10)
FNDA:0,(anonymous_11)
FNDA:0,(anonymous_12)
FNDA:0,(anonymous_13)
FNDA:0,(anonymous_14)
FNDA:0,(anonymous_15)
FNDA:0,(anonymous_16)
FNDA:0,(anonymous_17)
FNDA:0,(anonymous_18)
FNDA:0,(anonymous_19)
FNDA:0,(anonymous_20)
FNDA:0,(anonymous_21)
DA:5,0
DA:8,0
DA:9,0
DA:10,0
DA:11,0
DA:18,0
DA:19,0
DA:20,0
DA:24,0
DA:25,0
DA:27,0
DA:28,0
DA:30,0
DA:31,0
DA:32,0
DA:34,0
DA:35,0
DA:39,0
DA:40,0
DA:41,0
DA:42,0
DA:45,0
DA:46,0
DA:49,0
DA:53,0
DA:54,0
DA:57,0
DA:58,0
DA:59,0
DA:61,0
DA:62,0
DA:67,0
DA:68,0
DA:71,0
DA:75,0
DA:81,0
DA:82,0
DA:93,0
DA:94,0
DA:97,0
DA:98,0
DA:108,0
DA:109,0
DA:117,0
DA:118,0
DA:127,0
DA:128,0
DA:136,0
DA:137,0
DA:146,0
DA:147,0
DA:155,0
DA:156,0
DA:164,0
DA:165,0
DA:174,0
DA:175,0
DA:184,0
DA:185,0
DA:193,0
DA:194,0
DA:204,0
DA:209,0
DA:218,0
DA:219,0
DA:226,0
DA:227,0
DA:228,0
LF:68
LH:0
BRDA:18,0,0,0
BRDA:19,1,0,0
BRDA:19,1,1,0
BRDA:24,2,0,0
BRDA:24,2,1,0
BRDA:25,3,0,0
BRDA:25,3,1,0
BRDA:34,4,0,0
BRDA:34,4,1,0
BRDA:34,5,0,0
BRDA:34,5,1,0
BRDA:45,6,0,0
BRDA:45,6,1,0
BRDA:57,7,0,0
BRDA:57,7,1,0
BRDA:57,8,0,0
BRDA:57,8,1,0
BRDA:81,9,0,0
BRDA:81,9,1,0
BRDA:92,10,0,0
BRDA:93,11,0,0
BRDA:93,11,1,0
BRDA:107,12,0,0
BRDA:118,13,0,0
BRDA:118,13,1,0
BRDA:226,14,0,0
BRDA:226,14,1,0
BRF:27
BRH:0
end_of_record
TN:
SF:src/services/sync.js
FN:8,(anonymous_0)
FN:18,(anonymous_1)
FN:27,(anonymous_2)
FN:37,(anonymous_3)
FN:46,(anonymous_4)
FN:55,(anonymous_5)
FN:66,(anonymous_6)
FN:75,(anonymous_7)
FN:85,(anonymous_8)
FN:94,(anonymous_9)
FN:104,(anonymous_10)
FN:113,(anonymous_11)
FN:123,(anonymous_12)
FN:133,(anonymous_13)
FN:142,(anonymous_14)
FN:151,(anonymous_15)
FN:160,(anonymous_16)
FN:169,(anonymous_17)
FN:178,(anonymous_18)
FN:187,(anonymous_19)
FN:196,(anonymous_20)
FNF:21
FNH:0
FNDA:0,(anonymous_0)
FNDA:0,(anonymous_1)
FNDA:0,(anonymous_2)
FNDA:0,(anonymous_3)
FNDA:0,(anonymous_4)
FNDA:0,(anonymous_5)
FNDA:0,(anonymous_6)
FNDA:0,(anonymous_7)
FNDA:0,(anonymous_8)
FNDA:0,(anonymous_9)
FNDA:0,(anonymous_10)
FNDA:0,(anonymous_11)
FNDA:0,(anonymous_12)
FNDA:0,(anonymous_13)
FNDA:0,(anonymous_14)
FNDA:0,(anonymous_15)
FNDA:0,(anonymous_16)
FNDA:0,(anonymous_17)
FNDA:0,(anonymous_18)
FNDA:0,(anonymous_19)
FNDA:0,(anonymous_20)
DA:3,0
DA:9,0
DA:10,0
DA:19,0
DA:20,0
DA:28,0
DA:29,0
DA:38,0
DA:39,0
DA:47,0
DA:48,0
DA:56,0
DA:57,0
DA:67,0
DA:68,0
DA:76,0
DA:77,0
DA:86,0
DA:87,0
DA:95,0
DA:96,0
DA:105,0
DA:106,0
DA:114,0
DA:115,0
DA:124,0
DA:125,0
DA:134,0
DA:135,0
DA:143,0
DA:144,0
DA:152,0
DA:153,0
DA:161,0
DA:162,0
DA:170,0
DA:171,0
DA:179,0
DA:180,0
DA:188,0
DA:189,0
DA:197,0
DA:198,0
LF:43
LH:0
BRDA:18,0,0,0
BRDA:37,1,0,0
BRDA:133,2,0,0
BRF:3
BRH:0
end_of_record
TN:
SF:src/services/user.js
FN:5,(anonymous_0)
FN:11,(anonymous_1)
FN:17,(anonymous_2)
FN:23,(anonymous_3)
FN:29,(anonymous_4)
FN:35,(anonymous_5)
FN:41,(anonymous_6)
FN:47,(anonymous_7)
FN:53,(anonymous_8)
FN:59,(anonymous_9)
FN:67,(anonymous_10)
FN:81,(anonymous_11)
FN:87,(anonymous_12)
FN:93,(anonymous_13)
FN:99,(anonymous_14)
FN:105,(anonymous_15)
FN:111,(anonymous_16)
FN:117,(anonymous_17)
FN:123,(anonymous_18)
FN:129,(anonymous_19)
FNF:20
FNH:0
FNDA:0,(anonymous_0)
FNDA:0,(anonymous_1)
FNDA:0,(anonymous_2)
FNDA:0,(anonymous_3)
FNDA:0,(anonymous_4)
FNDA:0,(anonymous_5)
FNDA:0,(anonymous_6)
FNDA:0,(anonymous_7)
FNDA:0,(anonymous_8)
FNDA:0,(anonymous_9)
FNDA:0,(anonymous_10)
FNDA:0,(anonymous_11)
FNDA:0,(anonymous_12)
FNDA:0,(anonymous_13)
FNDA:0,(anonymous_14)
FNDA:0,(anonymous_15)
FNDA:0,(anonymous_16)
FNDA:0,(anonymous_17)
FNDA:0,(anonymous_18)
FNDA:0,(anonymous_19)
DA:3,0
DA:6,0
DA:7,0
DA:12,0
DA:13,0
DA:18,0
DA:19,0
DA:24,0
DA:25,0
DA:30,0
DA:31,0
DA:36,0
DA:37,0
DA:42,0
DA:43,0
DA:48,0
DA:49,0
DA:54,0
DA:55,0
DA:60,0
DA:63,0
DA:68,0
DA:69,0
DA:71,0
DA:77,0
DA:82,0
DA:83,0
DA:88,0
DA:89,0
DA:94,0
DA:95,0
DA:100,0
DA:101,0
DA:106,0
DA:107,0
DA:112,0
DA:113,0
DA:118,0
DA:119,0
DA:124,0
DA:125,0
DA:130,0
DA:131,0
LF:43
LH:0
BRDA:5,0,0,0
BRDA:41,1,0,0
BRDA:59,2,0,0
BRDA:105,3,0,0
BRDA:123,4,0,0
BRF:5
BRH:0
end_of_record
TN:
SF:src/services/utils.js
FN:11,(anonymous_0)
FN:29,(anonymous_1)
FN:48,(anonymous_2)
FN:78,(anonymous_3)
FN:87,(anonymous_4)
FN:88,(anonymous_5)
FN:100,(anonymous_6)
FN:102,(anonymous_7)
FN:103,(anonymous_8)
FN:105,(anonymous_9)
FN:117,(anonymous_10)
FN:129,(anonymous_11)
FN:131,executedFunction
FN:132,(anonymous_13)
FN:147,(anonymous_14)
FN:149,(anonymous_15)
FN:155,(anonymous_16)
FN:165,(anonymous_17)
FN:175,(anonymous_18)
FN:198,(anonymous_19)
FN:207,(anonymous_20)
FN:216,(anonymous_21)
FN:297,(anonymous_22)
FN:306,(anonymous_23)
FN:308,(anonymous_24)
FN:317,(anonymous_25)
FN:332,(anonymous_26)
FNF:27
FNH:0
FNDA:0,(anonymous_0)
FNDA:0,(anonymous_1)
FNDA:0,(anonymous_2)
FNDA:0,(anonymous_3)
FNDA:0,(anonymous_4)
FNDA:0,(anonymous_5)
FNDA:0,(anonymous_6)
FNDA:0,(anonymous_7)
FNDA:0,(anonymous_8)
FNDA:0,(anonymous_9)
FNDA:0,(anonymous_10)
FNDA:0,(anonymous_11)
FNDA:0,executedFunction
FNDA:0,(anonymous_13)
FNDA:0,(anonymous_14)
FNDA:0,(anonymous_15)
FNDA:0,(anonymous_16)
FNDA:0,(anonymous_17)
FNDA:0,(anonymous_18)
FNDA:0,(anonymous_19)
FNDA:0,(anonymous_20)
FNDA:0,(anonymous_21)
FNDA:0,(anonymous_22)
FNDA:0,(anonymous_23)
FNDA:0,(anonymous_24)
FNDA:0,(anonymous_25)
FNDA:0,(anonymous_26)
DA:11,0
DA:12,0
DA:14,0
DA:15,0
DA:16,0
DA:18,0
DA:20,0
DA:29,0
DA:30,0
DA:32,0
DA:40,0
DA:48,0
DA:49,0
DA:51,0
DA:53,0
DA:54,0
DA:56,0
DA:57,0
DA:59,0
DA:60,0
DA:62,0
DA:63,0
DA:65,0
DA:66,0
DA:68,0
DA:78,0
DA:79,0
DA:80,0
DA:87,0
DA:88,0
DA:89,0
DA:90,0
DA:91,0
DA:100,0
DA:101,0
DA:102,0
DA:104,0
DA:105,0
DA:107,0
DA:117,0
DA:118,0
DA:129,0
DA:131,0
DA:132,0
DA:133,0
DA:134,0
DA:136,0
DA:137,0
DA:147,0
DA:149,0
DA:150,0
DA:151,0
DA:152,0
DA:153,0
DA:154,0
DA:155,0
DA:165,0
DA:166,0
DA:167,0
DA:175,0
DA:176,0
DA:177,0
DA:178,0
DA:179,0
DA:180,0
DA:181,0
DA:183,0
DA:198,0
DA:199,0
DA:207,0
DA:208,0
DA:216,0
DA:217,0
DA:219,0
DA:289,0
DA:297,0
DA:298,0
DA:306,0
DA:307,0
DA:308,0
DA:309,0
DA:317,0
DA:318,0
DA:319,0
DA:320,0
DA:321,0
DA:323,0
DA:332,0
DA:333,0
DA:334,0
DA:335,0
DA:337,0
LF:92
LH:0
BRDA:11,0,0,0
BRDA:12,1,0,0
BRDA:12,1,1,0
BRDA:15,2,0,0
BRDA:15,2,1,0
BRDA:29,3,0,0
BRDA:30,4,0,0
BRDA:30,4,1,0
BRDA:49,5,0,0
BRDA:49,5,1,0
BRDA:54,6,0,0
BRDA:54,6,1,0
BRDA:54,7,0,0
BRDA:54,7,1,0
BRDA:57,8,0,0
BRDA:57,8,1,0
BRDA:57,9,0,0
BRDA:57,9,1,0
BRDA:60,10,0,0
BRDA:60,10,1,0
BRDA:60,11,0,0
BRDA:60,11,1,0
BRDA:63,12,0,0
BRDA:63,12,1,0
BRDA:63,13,0,0
BRDA:63,13,1,0
BRDA:66,14,0,0
BRDA:66,14,1,0
BRDA:66,15,0,0
BRDA:66,15,1,0
BRDA:78,16,0,0
BRDA:78,17,0,0
BRDA:79,18,0,0
BRDA:79,18,1,0
BRDA:79,19,0,0
BRDA:79,19,1,0
BRDA:90,20,0,0
BRDA:90,20,1,0
BRDA:102,21,0,0
BRDA:102,21,1,0
BRDA:102,21,2,0
BRDA:104,22,0,0
BRDA:104,22,1,0
BRDA:152,23,0,0
BRDA:152,23,1,0
BRDA:184,24,0,0
BRDA:184,24,1,0
BRDA:184,24,2,0
BRDA:184,24,3,0
BRDA:184,24,4,0
BRDA:289,25,0,0
BRDA:289,25,1,0
BRDA:307,26,0,0
BRDA:307,26,1,0
BRDA:332,27,0,0
BRF:55
BRH:0
end_of_record
TN:
SF:src/utils/date.js
FN:1,(anonymous_0)
FN:6,(anonymous_1)
FN:23,(anonymous_2)
FNF:3
FNH:0
FNDA:0,(anonymous_0)
FNDA:0,(anonymous_1)
FNDA:0,(anonymous_2)
DA:1,0
DA:2,0
DA:3,0
DA:6,0
DA:7,0
DA:8,0
DA:9,0
DA:10,0
DA:11,0
DA:12,0
DA:13,0
DA:14,0
DA:15,0
DA:16,0
DA:17,0
DA:18,0
DA:19,0
DA:20,0
DA:23,0
DA:24,0
DA:25,0
DA:26,0
DA:27,0
DA:28,0
DA:29,0
DA:30,0
DA:31,0
DA:33,0
LF:28
LH:0
BRDA:2,0,0,0
BRDA:2,0,1,0
BRDA:7,1,0,0
BRDA:7,1,1,0
BRDA:11,2,0,0
BRDA:11,2,1,0
BRDA:11,3,0,0
BRDA:11,3,1,0
BRDA:13,4,0,0
BRDA:13,4,1,0
BRDA:13,5,0,0
BRDA:13,5,1,0
BRDA:15,6,0,0
BRDA:15,6,1,0
BRDA:15,7,0,0
BRDA:15,7,1,0
BRDA:17,8,0,0
BRDA:17,8,1,0
BRDA:17,9,0,0
BRDA:17,9,1,0
BRDA:19,10,0,0
BRDA:19,10,1,0
BRDA:19,11,0,0
BRDA:19,11,1,0
BRDA:24,12,0,0
BRDA:24,12,1,0
BRDA:27,13,0,0
BRDA:27,13,1,0
BRDA:30,14,0,0
BRDA:30,14,1,0
BRF:30
BRH:0
end_of_record
